"C:/Users/TTV14SLassiK/Documents/Unreal Projects/MayhemPunch/MayhemPunch.uproject" 1
"../../../Engine/Plugins/2D/Paper2D/Paper2D.uplugin" 2
"../../../Engine/Plugins/Developer/BlankPlugin/BlankPlugin.uplugin" 3
"../../../Engine/Plugins/Developer/GitSourceControl/GitSourceControl.uplugin" 4
"../../../Engine/Plugins/Developer/KDevelopSourceCodeAccess/KDevelopSourceCodeAccess.uplugin" 5
"../../../Engine/Plugins/Developer/NullSourceCodeAccess/NullSourceCodeAccess.uplugin" 6
"../../../Engine/Plugins/Developer/PerforceSourceControl/PerforceSourceControl.uplugin" 7
"../../../Engine/Plugins/Developer/SubversionSourceControl/SubversionSourceControl.uplugin" 8
"../../../Engine/Plugins/Developer/UObjectPlugin/UObjectPlugin.uplugin" 9
"../../../Engine/Plugins/Developer/VisualStudioSourceCodeAccess/VisualStudioSourceCodeAccess.uplugin" 10
"../../../Engine/Plugins/Developer/XCodeSourceCodeAccess/XCodeSourceCodeAccess.uplugin" 11
"../../../Engine/Plugins/Editor/EpicSurvey/EpicSurvey.uplugin" 12
"../../../Engine/Plugins/Editor/MacGraphicsSwitching/MacGraphicsSwitching.uplugin" 13
"../../../Engine/Plugins/Editor/PluginBrowser/PluginBrowser.uplugin" 14
"../../../Engine/Plugins/Editor/PluginCreator/PluginCreator.uplugin" 15
"../../../Engine/Plugins/Editor/SpeedTreeImporter/SpeedTreeImporter.uplugin" 16
"../../../Engine/Plugins/Experimental/BlueprintStats/BlueprintStats.uplugin" 17
"../../../Engine/Plugins/Experimental/CharacterAI/CharacterAI.uplugin" 18
"../../../Engine/Plugins/Experimental/CodeEditor/CodeEditor.uplugin" 19
"../../../Engine/Plugins/Experimental/CodeView/CodeView.uplugin" 20
"../../../Engine/Plugins/Experimental/HTML5Networking/HTML5Networking.uplugin" 21
"../../../Engine/Plugins/Experimental/LiveEditor/LiveEditor.uplugin" 22
"../../../Engine/Plugins/Experimental/Phya/Phya.uplugin" 23
"../../../Engine/Plugins/Experimental/SimpleHMD/SimpleHMD.uplugin" 24
"../../../Engine/Plugins/Experimental/StructBox/StructBox.uplugin" 25
"../../../Engine/Plugins/Media/AndroidMedia/AndroidMedia.uplugin" 26
"../../../Engine/Plugins/Media/AvfMedia/AvfMedia.uplugin" 27
"../../../Engine/Plugins/Media/MediaPlayerEditor/MediaPlayerEditor.uplugin" 28
"../../../Engine/Plugins/Media/WmfMedia/WmfMedia.uplugin" 29
"../../../Engine/Plugins/Messaging/MessagingDebugger/MessagingDebugger.uplugin" 30
"../../../Engine/Plugins/Messaging/UdpMessaging/UdpMessaging.uplugin" 31
"../../../Engine/Plugins/NetcodeUnitTest/NetcodeUnitTest/NetcodeUnitTest.uplugin" 32
"../../../Engine/Plugins/NetcodeUnitTest/NUTUnrealEngine4/NUTUnrealEngine4.uplugin" 33
"../../../Engine/Plugins/Runtime/Advertising/IOSTapJoy/IOSTapJoy.uplugin" 34
"../../../Engine/Plugins/Runtime/Analytics/AnalyticsBlueprintLibrary/AnalyticsBlueprintLibrary.uplugin" 35
"../../../Engine/Plugins/Runtime/Analytics/AnalyticsMulticast/AnalyticsMulticast.uplugin" 36
"../../../Engine/Plugins/Runtime/Analytics/Apsalar/IOSApsalar/IOSApsalar.uplugin" 37
"../../../Engine/Plugins/Runtime/Analytics/FileLogging/FileLogging.uplugin" 38
"../../../Engine/Plugins/Runtime/Analytics/Flurry/IOSFlurry/IOSFlurry.uplugin" 39
"../../../Engine/Plugins/Runtime/AndroidDeviceProfileSelector/AndroidDeviceProfileSelector.uplugin" 40
"../../../Engine/Plugins/Runtime/AndroidMoviePlayer/AndroidMoviePlayer.uplugin" 41
"../../../Engine/Plugins/Runtime/AppleMoviePlayer/AppleMoviePlayer.uplugin" 42
"../../../Engine/Plugins/Runtime/CableComponent/CableComponent.uplugin" 43
"../../../Engine/Plugins/Runtime/CustomMeshComponent/CustomMeshComponent.uplugin" 44
"../../../Engine/Plugins/Runtime/ExampleDeviceProfileSelector/ExampleDeviceProfileSelector.uplugin" 45
"../../../Engine/Plugins/Runtime/GearVR/GearVR.uplugin" 46
"../../../Engine/Plugins/Runtime/IOSDeviceProfileSelector/IOSDeviceProfileSelector.uplugin" 47
"../../../Engine/Plugins/Runtime/LeapMotionController/LeapMotionController.uplugin" 48
"../../../Engine/Plugins/Runtime/LiveEditorListenServer/LiveEditorListenServer.uplugin" 49
"../../../Engine/Plugins/Runtime/OculusAudio/OculusAudio.uplugin" 50
"../../../Engine/Plugins/Runtime/OculusRift/OculusRift.uplugin" 51
"../../../Engine/Plugins/Runtime/ProceduralMeshComponent/ProceduralMeshComponent.uplugin" 52
"../../../Engine/Plugins/Runtime/SoundMod/SoundMod.uplugin" 53
"../../../Engine/Plugins/Runtime/SoundVisualizations/SoundVisualizations.uplugin" 54
"../../../Engine/Plugins/Runtime/Steam/SteamController/SteamController.uplugin" 55
"../../../Engine/Plugins/Runtime/Steam/SteamVR/SteamVR.uplugin" 56
"../../../Engine/Plugins/Runtime/WebBrowserWidget/WebBrowserWidget.uplugin" 57
"../../../Engine/Plugins/Runtime/WindowsDeviceProfileSelector/WindowsDeviceProfileSelector.uplugin" 58
"../../../Engine/Plugins/Runtime/WindowsMoviePlayer/WindowsMoviePlayer.uplugin" 59
"../../../Engine/Plugins/ScriptGeneratorPlugin/ScriptGeneratorPlugin.uplugin" 60
"../../../Engine/Plugins/ScriptPlugin/ScriptPlugin.uplugin" 61
"../../../Engine/Plugins/Slate/SlateRemote/SlateRemote.uplugin" 62
"..\..\..\Engine\Content\Internationalization\icudt53l\cnvalias.icu" 63
"..\..\..\Engine\Content\Internationalization\icudt53l\en_US_POSIX.res" 64
"..\..\..\Engine\Content\Internationalization\icudt53l\pool.res" 65
"..\..\..\Engine\Content\Internationalization\icudt53l\en_US.res" 66
"..\..\..\Engine\Content\Internationalization\icudt53l\en.res" 67
"..\..\..\Engine\Content\Internationalization\icudt53l\root.res" 68
"C:/Users/TTV14SLassiK/AppData/Local/UnrealEngine/4.8/Saved/Config/Windows/Manifest.ini" 69
"../../../Engine/Config/Base.ini" 70
"../../../Engine/Config/BaseEngine.ini" 71
"C:/Users/TTV14SLassiK/Documents/Unreal Projects/MayhemPunch/Config/DefaultEngine.ini" 72
"../../../Engine/Config/Windows/WindowsEngine.ini" 73
"C:/Users/TTV14SLassiK/Documents/Unreal Projects/MayhemPunch/Saved/Config/Windows/Engine.ini" 74
"../../../../../../Users/TTV14SLassiK/Documents/Unreal Projects/MayhemPunch/Intermediate/Config/CoalescedSourceConfigs/Engine.ini" 75
"../../../Engine/Config/BaseGame.ini" 76
"C:/Users/TTV14SLassiK/Documents/Unreal Projects/MayhemPunch/Config/DefaultGame.ini" 77
"C:/Users/TTV14SLassiK/Documents/Unreal Projects/MayhemPunch/Saved/Config/Windows/Game.ini" 78
"../../../../../../Users/TTV14SLassiK/Documents/Unreal Projects/MayhemPunch/Intermediate/Config/CoalescedSourceConfigs/Game.ini" 79
"../../../Engine/Config/BaseInput.ini" 80
"C:/Users/TTV14SLassiK/Documents/Unreal Projects/MayhemPunch/Config/DefaultInput.ini" 81
"C:/Users/TTV14SLassiK/Documents/Unreal Projects/MayhemPunch/Saved/Config/Windows/Input.ini" 82
"../../../../../../Users/TTV14SLassiK/Documents/Unreal Projects/MayhemPunch/Intermediate/Config/CoalescedSourceConfigs/Input.ini" 83
"../../../Engine/Config/BaseEditor.ini" 84
"C:/Users/TTV14SLassiK/Documents/Unreal Projects/MayhemPunch/Config/DefaultEditor.ini" 85
"C:/Users/TTV14SLassiK/Documents/Unreal Projects/MayhemPunch/Saved/Config/Windows/Editor.ini" 86
"../../../../../../Users/TTV14SLassiK/Documents/Unreal Projects/MayhemPunch/Intermediate/Config/CoalescedSourceConfigs/Editor.ini" 87
"../../../Engine/Config/BaseEditorPerProjectUserSettings.ini" 88
"C:/Users/TTV14SLassiK/Documents/Unreal Projects/MayhemPunch/Config/DefaultEditorPerProjectUserSettings.ini" 89
"C:/Users/TTV14SLassiK/Documents/Unreal Projects/MayhemPunch/Saved/Config/Windows/EditorPerProjectUserSettings.ini" 90
"../../../../../../Users/TTV14SLassiK/Documents/Unreal Projects/MayhemPunch/Intermediate/Config/CoalescedSourceConfigs/EditorPerProjectUserSettings.ini" 91
"../../../Engine/Config/BaseEditorSettings.ini" 92
"C:/Users/TTV14SLassiK/AppData/Local/UnrealEngine/4.8/Saved/Config/Windows/EditorSettings.ini" 93
"../../../../../../Users/TTV14SLassiK/Documents/Unreal Projects/MayhemPunch/Intermediate/Config/CoalescedSourceConfigs/EditorSettings.ini" 94
"../../../Engine/Config/BaseEditorLayout.ini" 95
"C:/Users/TTV14SLassiK/AppData/Local/UnrealEngine/4.8/Saved/Config/Windows/EditorLayout.ini" 96
"../../../../../../Users/TTV14SLassiK/Documents/Unreal Projects/MayhemPunch/Intermediate/Config/CoalescedSourceConfigs/EditorLayout.ini" 97
"../../../Engine/Config/BaseEditorKeyBindings.ini" 98
"C:/Users/TTV14SLassiK/AppData/Local/UnrealEngine/4.8/Saved/Config/Windows/EditorKeyBindings.ini" 99
"../../../../../../Users/TTV14SLassiK/Documents/Unreal Projects/MayhemPunch/Intermediate/Config/CoalescedSourceConfigs/EditorKeyBindings.ini" 100
"../../../Engine/Config/BaseCompat.ini" 101
"C:/Users/TTV14SLassiK/Documents/Unreal Projects/MayhemPunch/Saved/Config/Windows/Compat.ini" 102
"../../../../../../Users/TTV14SLassiK/Documents/Unreal Projects/MayhemPunch/Intermediate/Config/CoalescedSourceConfigs/Compat.ini" 103
"../../../Engine/Config/BaseLightmass.ini" 104
"C:/Users/TTV14SLassiK/Documents/Unreal Projects/MayhemPunch/Saved/Config/Windows/Lightmass.ini" 105
"../../../../../../Users/TTV14SLassiK/Documents/Unreal Projects/MayhemPunch/Intermediate/Config/CoalescedSourceConfigs/Lightmass.ini" 106
"../../../Engine/Config/BaseScalability.ini" 107
"C:/Users/TTV14SLassiK/Documents/Unreal Projects/MayhemPunch/Saved/Config/Windows/Scalability.ini" 108
"../../../../../../Users/TTV14SLassiK/Documents/Unreal Projects/MayhemPunch/Intermediate/Config/CoalescedSourceConfigs/Scalability.ini" 109
"C:/Users/TTV14SLassiK/Documents/Unreal Projects/MayhemPunch/Saved/Config/Windows/GameUserSettings.ini" 110
"../../../../../../Users/TTV14SLassiK/Documents/Unreal Projects/MayhemPunch/Intermediate/Config/CoalescedSourceConfigs/GameUserSettings.ini" 111
"../../../Engine/Config/BaseDeviceProfiles.ini" 112
"C:/Users/TTV14SLassiK/Documents/Unreal Projects/MayhemPunch/Saved/Config/Windows/DeviceProfiles.ini" 113
"../../../../../../Users/TTV14SLassiK/Documents/Unreal Projects/MayhemPunch/Intermediate/Config/CoalescedSourceConfigs/DeviceProfiles.ini" 114
"../../../Engine/Config/ConsoleVariables.ini" 115
"..\..\..\Engine\Content\Internationalization\icudt53l\es.res" 116
"..\..\..\Engine\Content\Internationalization\icudt53l\ja.res" 117
"..\..\..\Engine\Content\Internationalization\icudt53l\ko.res" 118
"..\..\..\Engine\Content\Internationalization\icudt53l\pt_BR.res" 119
"..\..\..\Engine\Content\Internationalization\icudt53l\pt.res" 120
"..\..\..\Engine\Content\Internationalization\icudt53l\zh_CN.res" 121
"..\..\..\Engine\Content\Internationalization\icudt53l\zh_Hans_CN.res" 122
"..\..\..\Engine\Content\Internationalization\icudt53l\zh_Hans.res" 123
"..\..\..\Engine\Content\Internationalization\icudt53l\zh.res" 124
"C:/Program Files/Unreal Engine/4.8/Engine/Content/Localization/Engine/en/Engine.locres" 125
"C:/Program Files/Unreal Engine/4.8/Engine/Content/Localization/Editor/en/Editor.locres" 126
"C:/Program Files/Unreal Engine/4.8/Engine/Content/Localization/EditorTutorials/en/EditorTutorials.locres" 127
"C:/Program Files/Unreal Engine/4.8/Engine/Content/Localization/Keywords/en/Keywords.locres" 128
"C:/Program Files/Unreal Engine/4.8/Engine/Content/Localization/ToolTips/en/ToolTips.locres" 129
"C:/Program Files/Unreal Engine/4.8/Engine/Content/Localization/PropertyNames/en/PropertyNames.locres" 130
"../../../Engine/Content/Slate/Fonts/Roboto-Regular.ttf" 131
"../../../Engine/Content/Slate/Fonts/DroidSansMono.ttf" 132
"../../../Engine/Content/Slate/Fonts/Roboto-Bold.ttf" 133
"../../../Engine/Content/Slate/Fonts/Roboto-Light.ttf" 134
"C:/Program Files/Unreal Engine/4.8/Engine/Binaries/Win64/../../../Engine/Shaders/ParticleSpriteVertexFactory.usf" 135
"C:/Program Files/Unreal Engine/4.8/Engine/Binaries/Win64/../../../Engine/Shaders/VertexFactoryCommon.usf" 136
"C:/Program Files/Unreal Engine/4.8/Engine/Binaries/Win64/../../../Engine/Shaders/Common.usf" 137
"C:/Program Files/Unreal Engine/4.8/Engine/Binaries/Win64/../../../Engine/Shaders/MetalCommon.usf" 138
"C:/Program Files/Unreal Engine/4.8/Engine/Binaries/Win64/../../../Engine/Shaders/ShaderVersion.usf" 139
"C:/Program Files/Unreal Engine/4.8/Engine/Binaries/Win64/../../../Engine/Shaders/Definitions.usf" 140
"C:/Program Files/Unreal Engine/4.8/Engine/Binaries/Win64/../../../Engine/Shaders/Random.usf" 141
"C:/Program Files/Unreal Engine/4.8/Engine/Binaries/Win64/../../../Engine/Shaders/ParticleVertexFactoryCommon.usf" 142
"C:/Program Files/Unreal Engine/4.8/Engine/Binaries/Win64/../../../Engine/Shaders/ParticleGPUSpriteVertexFactory.usf" 143
"C:/Program Files/Unreal Engine/4.8/Engine/Binaries/Win64/../../../Engine/Shaders/ParticleBeamTrailVertexFactory.usf" 144
"C:/Program Files/Unreal Engine/4.8/Engine/Binaries/Win64/../../../Engine/Shaders/LocalVertexFactory.usf" 145
"C:/Program Files/Unreal Engine/4.8/Engine/Binaries/Win64/../../../Engine/Shaders/LocalVertexFactoryCommon.usf" 146
"C:/Program Files/Unreal Engine/4.8/Engine/Binaries/Win64/../../../Engine/Shaders/VectorFieldVisualizationVertexFactory.usf" 147
"C:/Program Files/Unreal Engine/4.8/Engine/Binaries/Win64/../../../Engine/Shaders/MeshParticleVertexFactory.usf" 148
"C:/Program Files/Unreal Engine/4.8/Engine/Binaries/Win64/../../../Engine/Shaders/GpuSkinVertexFactory.usf" 149
"C:/Program Files/Unreal Engine/4.8/Engine/Binaries/Win64/../../../Engine/Shaders/GpuSkinCacheCommon.usf" 150
"C:/Program Files/Unreal Engine/4.8/Engine/Binaries/Win64/../../../Engine/Shaders/LandscapeVertexFactory.usf" 151
"C:/Program Files/Unreal Engine/4.8/Engine/Binaries/Win64/../../../Engine/Shaders/SlateElementPixelShader.usf" 152
"C:/Program Files/Unreal Engine/4.8/Engine/Binaries/Win64/../../../Engine/Shaders/GammaCorrectionCommon.usf" 153
"C:/Program Files/Unreal Engine/4.8/Engine/Binaries/Win64/../../../Engine/Shaders/MaterialTemplate.usf" 154
"C:/Program Files/Unreal Engine/4.8/Engine/Binaries/Win64/../../../Engine/Shaders/DepthOfFieldCommon.usf" 155
"C:/Program Files/Unreal Engine/4.8/Engine/Binaries/Win64/../../../Engine/Shaders/SpeedTreeCommon.usf" 156
"C:/Program Files/Unreal Engine/4.8/Engine/Binaries/Win64/../../../Engine/Shaders/AtmosphereCommon.usf" 157
"C:/Program Files/Unreal Engine/4.8/Engine/Binaries/Win64/../../../Engine/Shaders/EyeAdaptationCommon.usf" 158
"C:/Program Files/Unreal Engine/4.8/Engine/Binaries/Win64/../../../Engine/Shaders/PostProcessCommon.usf" 159
"C:/Program Files/Unreal Engine/4.8/Engine/Binaries/Win64/../../../Engine/Shaders/DeferredShadingCommon.usf" 160
"C:/Program Files/Unreal Engine/4.8/Engine/Binaries/Win64/../../../Engine/Shaders/LightAccumulator.usf" 161
"C:/Program Files/Unreal Engine/4.8/Engine/Binaries/Win64/../../../Engine/Shaders/SlateVertexShader.usf" 162
"C:/Program Files/Unreal Engine/4.8/Engine/Binaries/Win64/../../../Engine/Shaders/ParticleSortKeyGen.usf" 163
"C:/Program Files/Unreal Engine/4.8/Engine/Binaries/Win64/../../../Engine/Shaders/ParticleBoundsShader.usf" 164
"C:/Program Files/Unreal Engine/4.8/Engine/Binaries/Win64/../../../Engine/Shaders/ParticleSimVisualizeShader.usf" 165
"C:/Program Files/Unreal Engine/4.8/Engine/Binaries/Win64/../../../Engine/Shaders/ParticleInjectionShader.usf" 166
"C:/Program Files/Unreal Engine/4.8/Engine/Binaries/Win64/../../../Engine/Shaders/ParticleSimulationShader.usf" 167
"C:/Program Files/Unreal Engine/4.8/Engine/Binaries/Win64/../../../Engine/Shaders/ParticleCurveInjectionShader.usf" 168
"C:/Program Files/Unreal Engine/4.8/Engine/Binaries/Win64/../../../Engine/Shaders/VectorFieldCompositeShaders.usf" 169
"C:/Program Files/Unreal Engine/4.8/Engine/Binaries/Win64/../../../Engine/Shaders/UpdateTextureShaders.usf" 170
"C:/Program Files/Unreal Engine/4.8/Engine/Binaries/Win64/../../../Engine/Shaders/SimpleElementColorChannelMaskPixelShader.usf" 171
"C:/Program Files/Unreal Engine/4.8/Engine/Binaries/Win64/../../../Engine/Shaders/SimpleElementHitProxyPixelShader.usf" 172
"C:/Program Files/Unreal Engine/4.8/Engine/Binaries/Win64/../../../Engine/Shaders/SimpleElementPixelShader.usf" 173
"C:/Program Files/Unreal Engine/4.8/Engine/Binaries/Win64/../../../Engine/Shaders/ColorUtils.usf" 174
"C:/Program Files/Unreal Engine/4.8/Engine/Binaries/Win64/../../../Engine/Shaders/IESLightProfilesCommon.usf" 175
"C:/Program Files/Unreal Engine/4.8/Engine/Binaries/Win64/../../../Engine/Shaders/SimpleElementVertexShader.usf" 176
"C:/Program Files/Unreal Engine/4.8/Engine/Binaries/Win64/../../../Engine/Shaders/ScreenVertexShader.usf" 177
"C:/Program Files/Unreal Engine/4.8/Engine/Binaries/Win64/../../../Engine/Shaders/ScreenPixelShader.usf" 178
"C:/Program Files/Unreal Engine/4.8/Engine/Binaries/Win64/../../../Engine/Shaders/RadixSortShaders.usf" 179
"C:/Program Files/Unreal Engine/4.8/Engine/Binaries/Win64/../../../Engine/Shaders/GpuSkinCacheComputeShader.usf" 180
"C:/Program Files/Unreal Engine/4.8/Engine/Binaries/Win64/../../../Engine/Shaders/NullPixelShader.usf" 181
"C:/Program Files/Unreal Engine/4.8/Engine/Binaries/Win64/../../../Engine/Shaders/LandscapeGrassWeight.usf" 182
"C:/Program Files/Unreal Engine/4.8/Engine/Binaries/Win64/../../../Engine/Shaders/SimpleElementTexture2DPreviewPixelShader.usf" 183
"C:/Program Files/Unreal Engine/4.8/Engine/Binaries/Win64/../../../Engine/Shaders/SimpleElementNormalMapPixelShader.usf" 184
"C:/Program Files/Unreal Engine/4.8/Engine/Binaries/Win64/../../../Engine/Shaders/meshpaintdilatepixelshader.usf" 185
"C:/Program Files/Unreal Engine/4.8/Engine/Binaries/Win64/../../../Engine/Shaders/meshpaintdilatevertexshader.usf" 186
"C:/Program Files/Unreal Engine/4.8/Engine/Binaries/Win64/../../../Engine/Shaders/MeshPaintPixelShader.usf" 187
"C:/Program Files/Unreal Engine/4.8/Engine/Binaries/Win64/../../../Engine/Shaders/MeshPaintVertexShader.usf" 188
"C:/Program Files/Unreal Engine/4.8/Engine/Binaries/Win64/../../../Engine/Shaders/VisualizeTexture.usf" 189
"C:/Program Files/Unreal Engine/4.8/Engine/Binaries/Win64/../../../Engine/Shaders/ScreenSpaceReflections.usf" 190
"C:/Program Files/Unreal Engine/4.8/Engine/Binaries/Win64/../../../Engine/Shaders/BRDF.usf" 191
"C:/Program Files/Unreal Engine/4.8/Engine/Binaries/Win64/../../../Engine/Shaders/MonteCarlo.usf" 192
"C:/Program Files/Unreal Engine/4.8/Engine/Binaries/Win64/../../../Engine/Shaders/ScreenSpaceRayCast.usf" 193
"C:/Program Files/Unreal Engine/4.8/Engine/Binaries/Win64/../../../Engine/Shaders/FilterVertexShader.usf" 194
"C:/Program Files/Unreal Engine/4.8/Engine/Binaries/Win64/../../../Engine/Shaders/FilterPixelShader.usf" 195
"C:/Program Files/Unreal Engine/4.8/Engine/Binaries/Win64/../../../Engine/Shaders/PostProcessVisualizeHDR.usf" 196
"C:/Program Files/Unreal Engine/4.8/Engine/Binaries/Win64/../../../Engine/Shaders/PostProcessHistogramCommon.usf" 197
"C:/Program Files/Unreal Engine/4.8/Engine/Binaries/Win64/../../../Engine/Shaders/TonemapCommon.usf" 198
"C:/Program Files/Unreal Engine/4.8/Engine/Binaries/Win64/../../../Engine/Shaders/ACES.usf" 199
"C:/Program Files/Unreal Engine/4.8/Engine/Binaries/Win64/../../../Engine/Shaders/MiniFontCommon.usf" 200
"C:/Program Files/Unreal Engine/4.8/Engine/Binaries/Win64/../../../Engine/Shaders/PostProcessVisualizeBuffer.usf" 201
"C:/Program Files/Unreal Engine/4.8/Engine/Binaries/Win64/../../../Engine/Shaders/PostProcessUpscale.usf" 202
"C:/Program Files/Unreal Engine/4.8/Engine/Binaries/Win64/../../../Engine/Shaders/PostProcessTonemap.usf" 203
"C:/Program Files/Unreal Engine/4.8/Engine/Binaries/Win64/../../../Engine/Shaders/PostProcessTestImage.usf" 204
"C:/Program Files/Unreal Engine/4.8/Engine/Binaries/Win64/../../../Engine/Shaders/PostProcessTemporalAA.usf" 205
"C:/Program Files/Unreal Engine/4.8/Engine/Binaries/Win64/../../../Engine/Shaders/PostProcessTemporalCommon.usf" 206
"C:/Program Files/Unreal Engine/4.8/Engine/Binaries/Win64/../../../Engine/Shaders/PostProcessSubsurface.usf" 207
"C:/Program Files/Unreal Engine/4.8/Engine/Binaries/Win64/../../../Engine/Shaders/SeparableSSS.usf" 208
"C:/Program Files/Unreal Engine/4.8/Engine/Binaries/Win64/../../../Engine/Shaders/PostProcessSelectionOutline.usf" 209
"C:/Program Files/Unreal Engine/4.8/Engine/Binaries/Win64/../../../Engine/Shaders/PostProcessSceneColorFringe.usf" 210
"C:/Program Files/Unreal Engine/4.8/Engine/Binaries/Win64/../../../Engine/Shaders/PostProcessNoiseBlur.usf" 211
"C:/Program Files/Unreal Engine/4.8/Engine/Binaries/Win64/../../../Engine/Shaders/PostProcessMotionBlur.usf" 212
"C:/Program Files/Unreal Engine/4.8/Engine/Binaries/Win64/../../../Engine/Shaders/PostProcessVelocityFlatten.usf" 213
"C:/Program Files/Unreal Engine/4.8/Engine/Binaries/Win64/../../../Engine/Shaders/MorpheusInclude.usf" 214
"C:/Program Files/Unreal Engine/4.8/Engine/Binaries/Win64/../../../Engine/Shaders/PostProcessMobile.usf" 215
"C:/Program Files/Unreal Engine/4.8/Engine/Binaries/Win64/../../../Engine/Shaders/PostProcessMaterialShaders.usf" 216
"C:/Program Files/Unreal Engine/4.8/Engine/Binaries/Win64/../../../Engine/Shaders/PostProcessLensFlares.usf" 217
"C:/Program Files/Unreal Engine/4.8/Engine/Binaries/Win64/../../../Engine/Shaders/PostProcessLensBlur.usf" 218
"C:/Program Files/Unreal Engine/4.8/Engine/Binaries/Win64/../../../Engine/Shaders/PostProcessBloom.usf" 219
"C:/Program Files/Unreal Engine/4.8/Engine/Binaries/Win64/../../../Engine/Shaders/PostProcessHMD.usf" 220
"C:/Program Files/Unreal Engine/4.8/Engine/Binaries/Win64/../../../Engine/Shaders/PostProcessHistogramReduce.usf" 221
"C:/Program Files/Unreal Engine/4.8/Engine/Binaries/Win64/../../../Engine/Shaders/PostProcessHistogram.usf" 222
"C:/Program Files/Unreal Engine/4.8/Engine/Binaries/Win64/../../../Engine/Shaders/PostProcessGBufferHints.usf" 223
"C:/Program Files/Unreal Engine/4.8/Engine/Binaries/Win64/../../../Engine/Shaders/PostProcessEyeAdaptation.usf" 224
"C:/Program Files/Unreal Engine/4.8/Engine/Binaries/Win64/../../../Engine/Shaders/PostProcessDownsample.usf" 225
"C:/Program Files/Unreal Engine/4.8/Engine/Binaries/Win64/../../../Engine/Shaders/PostProcessDOF.usf" 226
"C:/Program Files/Unreal Engine/4.8/Engine/Binaries/Win64/../../../Engine/Shaders/PostProcessCompositeEditorPrimitives.usf" 227
"C:/Program Files/Unreal Engine/4.8/Engine/Binaries/Win64/../../../Engine/Shaders/PostProcessCombineLUTs.usf" 228
"C:/Program Files/Unreal Engine/4.8/Engine/Binaries/Win64/../../../Engine/Shaders/PostProcessBusyWait.usf" 229
"C:/Program Files/Unreal Engine/4.8/Engine/Binaries/Win64/../../../Engine/Shaders/PostProcessBokehDOF.usf" 230
"C:/Program Files/Unreal Engine/4.8/Engine/Binaries/Win64/../../../Engine/Shaders/FXAAShader.usf" 231
"C:/Program Files/Unreal Engine/4.8/Engine/Binaries/Win64/../../../Engine/Shaders/Fxaa3_11.usf" 232
"C:/Program Files/Unreal Engine/4.8/Engine/Binaries/Win64/../../../Engine/Shaders/PostProcessPassThrough.usf" 233
"C:/Program Files/Unreal Engine/4.8/Engine/Binaries/Win64/../../../Engine/Shaders/PostProcessLpvIndirect.usf" 234
"C:/Program Files/Unreal Engine/4.8/Engine/Binaries/Win64/../../../Engine/Shaders/DeferredLightingCommon.usf" 235
"C:/Program Files/Unreal Engine/4.8/Engine/Binaries/Win64/../../../Engine/Shaders/DynamicLightingCommon.usf" 236
"C:/Program Files/Unreal Engine/4.8/Engine/Binaries/Win64/../../../Engine/Shaders/LPVFinalPass.usf" 237
"C:/Program Files/Unreal Engine/4.8/Engine/Binaries/Win64/../../../Engine/Shaders/LPVCommon.usf" 238
"C:/Program Files/Unreal Engine/4.8/Engine/Binaries/Win64/../../../Engine/Shaders/DeferredDecal.usf" 239
"C:/Program Files/Unreal Engine/4.8/Engine/Binaries/Win64/../../../Engine/Shaders/PostProcessAmbientOcclusion.usf" 240
"C:/Program Files/Unreal Engine/4.8/Engine/Binaries/Win64/../../../Engine/Shaders/PostProcessAmbient.usf" 241
"C:/Program Files/Unreal Engine/4.8/Engine/Binaries/Win64/../../../Engine/Shaders/CubemapCommon.usf" 242
"C:/Program Files/Unreal Engine/4.8/Engine/Binaries/Win64/../../../Engine/Shaders/VelocityShader.usf" 243
"C:/Program Files/Unreal Engine/4.8/Engine/Binaries/Win64/../../../Engine/Shaders/VelocityCommon.usf" 244
"C:/Program Files/Unreal Engine/4.8/Engine/Binaries/Win64/../../../Engine/Shaders/Tessellation.usf" 245
"C:/Program Files/Unreal Engine/4.8/Engine/Binaries/Win64/../../../Engine/Shaders/FlatTessellation.usf" 246
"C:/Program Files/Unreal Engine/4.8/Engine/Binaries/Win64/../../../Engine/Shaders/PNTriangles.usf" 247
"C:/Program Files/Unreal Engine/4.8/Engine/Binaries/Win64/../../../Engine/Shaders/TranslucentLightingShaders.usf" 248
"C:/Program Files/Unreal Engine/4.8/Engine/Binaries/Win64/../../../Engine/Shaders/SHCommon.usf" 249
"C:/Program Files/Unreal Engine/4.8/Engine/Binaries/Win64/../../../Engine/Shaders/ShadowProjectionCommon.usf" 250
"C:/Program Files/Unreal Engine/4.8/Engine/Binaries/Win64/../../../Engine/Shaders/TranslucentLightInjectionShaders.usf" 251
"C:/Program Files/Unreal Engine/4.8/Engine/Binaries/Win64/../../../Engine/Shaders/LightFunctionCommon.usf" 252
"C:/Program Files/Unreal Engine/4.8/Engine/Binaries/Win64/../../../Engine/Shaders/TranslucentShadowDepthShaders.usf" 253
"C:/Program Files/Unreal Engine/4.8/Engine/Binaries/Win64/../../../Engine/Shaders/ShadowDepthCommon.usf" 254
"C:/Program Files/Unreal Engine/4.8/Engine/Binaries/Win64/../../../Engine/Shaders/TiledDeferredLightShaders.usf" 255
"C:/Program Files/Unreal Engine/4.8/Engine/Binaries/Win64/../../../Engine/Shaders/SurfelTree.usf" 256
"C:/Program Files/Unreal Engine/4.8/Engine/Binaries/Win64/../../../Engine/Shaders/DistanceFieldLightingShared.usf" 257
"C:/Program Files/Unreal Engine/4.8/Engine/Binaries/Win64/../../../Engine/Shaders/SurfelMaterialShared.usf" 258
"C:/Program Files/Unreal Engine/4.8/Engine/Binaries/Win64/../../../Engine/Shaders/DistanceFieldAOShared.usf" 259
"C:/Program Files/Unreal Engine/4.8/Engine/Binaries/Win64/../../../Engine/Shaders/ShadowProjectionPixelShader.usf" 260
"C:/Program Files/Unreal Engine/4.8/Engine/Binaries/Win64/../../../Engine/Shaders/ShadowFilteringCommon.usf" 261
"C:/Program Files/Unreal Engine/4.8/Engine/Binaries/Win64/../../../Engine/Shaders/ShadowProjectionVertexShader.usf" 262
"C:/Program Files/Unreal Engine/4.8/Engine/Binaries/Win64/../../../Engine/Shaders/ShadowDepthPixelShader.usf" 263
"C:/Program Files/Unreal Engine/4.8/Engine/Binaries/Win64/../../../Engine/Shaders/LPVWriteVplCommon.usf" 264
"C:/Program Files/Unreal Engine/4.8/Engine/Binaries/Win64/../../../Engine/Shaders/LPVWriteCommon.usf" 265
"C:/Program Files/Unreal Engine/4.8/Engine/Binaries/Win64/../../../Engine/Shaders/ShadowDepthVertexShader.usf" 266
"C:/Program Files/Unreal Engine/4.8/Engine/Binaries/Win64/../../../Engine/Shaders/ShaderComplexityApplyPixelShader.usf" 267
"C:/Program Files/Unreal Engine/4.8/Engine/Binaries/Win64/../../../Engine/Shaders/ShaderComplexityApplyVertexShader.usf" 268
"C:/Program Files/Unreal Engine/4.8/Engine/Binaries/Win64/../../../Engine/Shaders/ShaderComplexityAccumulatePixelShader.usf" 269
"C:/Program Files/Unreal Engine/4.8/Engine/Binaries/Win64/../../../Engine/Shaders/HZBOcclusion.usf" 270
"C:/Program Files/Unreal Engine/4.8/Engine/Binaries/Win64/../../../Engine/Shaders/OcclusionQueryVertexShader.usf" 271
"C:/Program Files/Unreal Engine/4.8/Engine/Binaries/Win64/../../../Engine/Shaders/HitProxyPixelShader.usf" 272
"C:/Program Files/Unreal Engine/4.8/Engine/Binaries/Win64/../../../Engine/Shaders/HitProxyVertexShader.usf" 273
"C:/Program Files/Unreal Engine/4.8/Engine/Binaries/Win64/../../../Engine/Shaders/ReflectionEnvironmentShaders.usf" 274
"C:/Program Files/Unreal Engine/4.8/Engine/Binaries/Win64/../../../Engine/Shaders/ReflectionEnvironmentShared.usf" 275
"C:/Program Files/Unreal Engine/4.8/Engine/Binaries/Win64/../../../Engine/Shaders/SkyLightingShared.usf" 276
"C:/Program Files/Unreal Engine/4.8/Engine/Binaries/Win64/../../../Engine/Shaders/ReflectionEnvironmentComputeShaders.usf" 277
"C:/Program Files/Unreal Engine/4.8/Engine/Binaries/Win64/../../../Engine/Shaders/LightShaftShader.usf" 278
"C:/Program Files/Unreal Engine/4.8/Engine/Binaries/Win64/../../../Engine/Shaders/StationaryLightOverlapShaders.usf" 279
"C:/Program Files/Unreal Engine/4.8/Engine/Binaries/Win64/../../../Engine/Shaders/DeferredLightPixelShaders.usf" 280
"C:/Program Files/Unreal Engine/4.8/Engine/Binaries/Win64/../../../Engine/Shaders/DeferredLightVertexShaders.usf" 281
"C:/Program Files/Unreal Engine/4.8/Engine/Binaries/Win64/../../../Engine/Shaders/LPVVisualise.usf" 282
"C:/Program Files/Unreal Engine/4.8/Engine/Binaries/Win64/../../../Engine/Shaders/LPVGeometryVolumeCommon.usf" 283
"C:/Program Files/Unreal Engine/4.8/Engine/Binaries/Win64/../../../Engine/Shaders/LPVDirectLightInject.usf" 284
"C:/Program Files/Unreal Engine/4.8/Engine/Binaries/Win64/../../../Engine/Shaders/LPVPropagate.usf" 285
"C:/Program Files/Unreal Engine/4.8/Engine/Binaries/Win64/../../../Engine/Shaders/LPVBuildGeometryVolume.usf" 286
"C:/Program Files/Unreal Engine/4.8/Engine/Binaries/Win64/../../../Engine/Shaders/LPVInject_AccumulateVplLists.usf" 287
"C:/Program Files/Unreal Engine/4.8/Engine/Binaries/Win64/../../../Engine/Shaders/LPVInject_GenerateVplLists.usf" 288
"C:/Program Files/Unreal Engine/4.8/Engine/Binaries/Win64/../../../Engine/Shaders/LPVClearLists.usf" 289
"C:/Program Files/Unreal Engine/4.8/Engine/Binaries/Win64/../../../Engine/Shaders/LPVClear.usf" 290
"C:/Program Files/Unreal Engine/4.8/Engine/Binaries/Win64/../../../Engine/Shaders/LightMapDensityShader.usf" 291
"C:/Program Files/Unreal Engine/4.8/Engine/Binaries/Win64/../../../Engine/Shaders/LightFunctionPixelShader.usf" 292
"C:/Program Files/Unreal Engine/4.8/Engine/Binaries/Win64/../../../Engine/Shaders/LightFunctionVertexShader.usf" 293
"C:/Program Files/Unreal Engine/4.8/Engine/Binaries/Win64/../../../Engine/Shaders/HeightfieldLighting.usf" 294
"C:/Program Files/Unreal Engine/4.8/Engine/Binaries/Win64/../../../Engine/Shaders/DistanceFieldShadowingShared.usf" 295
"C:/Program Files/Unreal Engine/4.8/Engine/Binaries/Win64/../../../Engine/Shaders/HdrCustomResolveShaders.usf" 296
"C:/Program Files/Unreal Engine/4.8/Engine/Binaries/Win64/../../../Engine/Shaders/GPUBenchmark.usf" 297
"C:/Program Files/Unreal Engine/4.8/Engine/Binaries/Win64/../../../Engine/Shaders/GammaCorrection.usf" 298
"C:/Program Files/Unreal Engine/4.8/Engine/Binaries/Win64/../../../Engine/Shaders/BasePassForForwardShadingPixelShader.usf" 299
"C:/Program Files/Unreal Engine/4.8/Engine/Binaries/Win64/../../../Engine/Shaders/BasePassForForwardShadingCommon.usf" 300
"C:/Program Files/Unreal Engine/4.8/Engine/Binaries/Win64/../../../Engine/Shaders/LightmapCommon.usf" 301
"C:/Program Files/Unreal Engine/4.8/Engine/Binaries/Win64/../../../Engine/Shaders/BasePassForForwardShadingVertexShader.usf" 302
"C:/Program Files/Unreal Engine/4.8/Engine/Binaries/Win64/../../../Engine/Shaders/HeightFogCommon.usf" 303
"C:/Program Files/Unreal Engine/4.8/Engine/Binaries/Win64/../../../Engine/Shaders/HeightFogPixelShader.usf" 304
"C:/Program Files/Unreal Engine/4.8/Engine/Binaries/Win64/../../../Engine/Shaders/HeightFogVertexShader.usf" 305
"C:/Program Files/Unreal Engine/4.8/Engine/Binaries/Win64/../../../Engine/Shaders/DistortAccumulatePS.usf" 306
"C:/Program Files/Unreal Engine/4.8/Engine/Binaries/Win64/../../../Engine/Shaders/DistortAccumulateVS.usf" 307
"C:/Program Files/Unreal Engine/4.8/Engine/Binaries/Win64/../../../Engine/Shaders/DistortApplyScreenPS.usf" 308
"C:/Program Files/Unreal Engine/4.8/Engine/Binaries/Win64/../../../Engine/Shaders/DistanceFieldSurfaceCacheLighting.usf" 309
"C:/Program Files/Unreal Engine/4.8/Engine/Binaries/Win64/../../../Engine/Shaders/SkyLighting.usf" 310
"C:/Program Files/Unreal Engine/4.8/Engine/Binaries/Win64/../../../Engine/Shaders/DistanceFieldGlobalIllumination.usf" 311
"C:/Program Files/Unreal Engine/4.8/Engine/Binaries/Win64/../../../Engine/Shaders/DistanceFieldLightingPost.usf" 312
"C:/Program Files/Unreal Engine/4.8/Engine/Binaries/Win64/../../../Engine/Shaders/DistanceFieldSurfaceCacheLightingCompute.usf" 313
"C:/Program Files/Unreal Engine/4.8/Engine/Binaries/Win64/../../../Engine/Shaders/DistanceFieldShadowing.usf" 314
"C:/Program Files/Unreal Engine/4.8/Engine/Binaries/Win64/../../../Engine/Shaders/DepthOnlyPixelShader.usf" 315
"C:/Program Files/Unreal Engine/4.8/Engine/Binaries/Win64/../../../Engine/Shaders/DepthOnlyVertexShader.usf" 316
"C:/Program Files/Unreal Engine/4.8/Engine/Binaries/Win64/../../../Engine/Shaders/PositionOnlyDepthVertexShader.usf" 317
"C:/Program Files/Unreal Engine/4.8/Engine/Binaries/Win64/../../../Engine/Shaders/DownsampleDepthPixelShader.usf" 318
"C:/Program Files/Unreal Engine/4.8/Engine/Binaries/Win64/../../../Engine/Shaders/EvaluateSurfelMaterial.usf" 319
"C:/Program Files/Unreal Engine/4.8/Engine/Binaries/Win64/../../../Engine/Shaders/ConvertToUniformMesh.usf" 320
"C:/Program Files/Unreal Engine/4.8/Engine/Binaries/Win64/../../../Engine/Shaders/BasePassPixelShader.usf" 321
"C:/Program Files/Unreal Engine/4.8/Engine/Binaries/Win64/../../../Engine/Shaders/BasePassCommon.usf" 322
"C:/Program Files/Unreal Engine/4.8/Engine/Binaries/Win64/../../../Engine/Shaders/ForEachLight.usf" 323
"C:/Program Files/Unreal Engine/4.8/Engine/Binaries/Win64/../../../Engine/Shaders/BasePassVertexShader.usf" 324
"C:/Program Files/Unreal Engine/4.8/Engine/Binaries/Win64/../../../Engine/Shaders/BasePassVertexCommon.usf" 325
"C:/Program Files/Unreal Engine/4.8/Engine/Binaries/Win64/../../../Engine/Shaders/BasePassTessellationShaders.usf" 326
"C:/Program Files/Unreal Engine/4.8/Engine/Binaries/Win64/../../../Engine/Shaders/AtmospherePrecompute.usf" 327
"C:/Program Files/Unreal Engine/4.8/Engine/Binaries/Win64/../../../Engine/Shaders/AtmospherePrecomputeCommon.usf" 328
"C:/Program Files/Unreal Engine/4.8/Engine/Binaries/Win64/../../../Engine/Shaders/AtmospherePrecomputeInscatter.usf" 329
"C:/Program Files/Unreal Engine/4.8/Engine/Binaries/Win64/../../../Engine/Shaders/AtmosphericFogShader.usf" 330
"C:/Program Files/Unreal Engine/4.8/Engine/Binaries/Win64/../../../Engine/Shaders/ResolveVertexShader.usf" 331
"C:/Program Files/Unreal Engine/4.8/Engine/Binaries/Win64/../../../Engine/Shaders/ResolvePixelShader.usf" 332
"C:/Program Files/Unreal Engine/4.8/Engine/Binaries/Win64/../../../Engine/Shaders/OneColorShader.usf" 333
"C:/Program Files/Unreal Engine/4.8/Engine/Binaries/Win64/../../../Engine/Shaders/ClearReplacementShaders.usf" 334
"../../../Engine/Config/Android/AndroidEngine.ini" 335
"../../../Engine/Config/HTML5/HTML5Engine.ini" 336
"../../../Engine/Config/IOS/IOSEngine.ini" 337
"../../../Engine/Config/Linux/LinuxEngine.ini" 338
"C:/Users/TTV14SLassiK/AppData/Local/UnrealEngine/4.8/DerivedDataCache/Boot.ddc" 339
"../../../Engine/DerivedDataCache/Compressed.ddp" 340
"../../../Engine/Content/EditorResources/S_Actor.uasset" 341
"../../../Engine/Content/Maps/Templates/Thumbnails/Default.uasset" 342
"../../../Engine/Content/EditorMaterials/ParticleSystems/PSysThumbnail_NoImage.uasset" 343
"../../../Engine/Content/EditorMaterials/ParticleSystems/PSysThumbnail_OOD.uasset" 344
"../../../Engine/Content/EditorLandscapeResources/DataLayer.uasset" 345
"../../../Engine/Content/EngineFonts/Roboto.uasset" 346
"../../../Engine/Content/EngineMaterials/Widget3DPassThrough_Translucent.uasset" 347
"../../../Engine/Content/EngineMaterials/Widget3DPassThrough.uasset" 348
"../../../Engine/Content/EngineResources/WhiteSquareTexture.uasset" 349
"../../../Engine/Content/Functions/Engine_MaterialFunctions01/Shading/PowerToRoughness.uasset" 350
"../../../Engine/Content/Functions/Engine_MaterialFunctions01/Shading/ConvertFromDiffSpec.uasset" 351
"../../../Engine/Content/EngineMaterials/WorldGridMaterial.uasset" 352
"../../../Engine/Content/Functions/Engine_MaterialFunctions01/Opacity/CameraDepthFade.uasset" 353
"../../../Engine/Content/EngineMaterials/T_Default_Material_Grid_M.uasset" 354
"../../../Engine/Content/EngineMaterials/T_Default_Material_Grid_N.uasset" 355
"../../../Engine/Content/EngineMaterials/DefaultDeferredDecalMaterial.uasset" 356
"../../../Engine/Content/EngineMaterials/DefaultDiffuse.uasset" 357
"../../../Engine/Content/EngineMaterials/DefaultLightFunctionMaterial.uasset" 358
"../../../Engine/Content/EngineMaterials/DefaultPostProcessMaterial.uasset" 359
"../../../Engine/Content/Functions/Engine_MaterialFunctions02/Utility/BreakOutFloat2Components.uasset" 360
"../../../Engine/Content/EngineResources/DefaultTexture.uasset" 361
"../../../Engine/Content/EngineMaterials/Widget3DPassThrough_Translucent_OneSided.uasset" 362
"../../../Engine/Content/EngineMaterials/Widget3DPassThrough_Opaque.uasset" 363
"../../../Engine/Content/EngineMaterials/Widget3DPassThrough_Opaque_OneSided.uasset" 364
"../../../Engine/Content/EngineDamageTypes/DmgTypeBP_Environmental.uasset" 365
"..\..\..\Engine\Content\Internationalization\icudt53l\numberingSystems.res" 366
"..\..\..\Engine\Content\Internationalization\icudt53l\curr\supplementalData.res" 367
"..\..\..\Engine\Content\Internationalization\icudt53l\curr\pool.res" 368
"..\..\..\Engine\Content\Internationalization\icudt53l\curr\en.res" 369
"..\..\..\Engine\Content\Internationalization\icudt53l\curr\root.res" 370
"../../../Engine/Content/EngineMeshes/Sphere.uasset" 371
"../../../Engine/Content/EngineFonts/RobotoDistanceField.uasset" 372
"../../../Engine/Content/EngineMaterials/DefaultTextMaterialOpaque.uasset" 373
"../../../Engine/Content/EditorResources/S_Trigger.uasset" 374
"../../../Engine/Content/EngineResources/GradientTexture0.uasset" 375
"../../../Engine/Content/EngineResources/Black.uasset" 376
"../../../Engine/Content/EditorMaterials/MatineeGroups/MAT_Groups_Float.uasset" 377
"../../../Engine/Content/EditorMaterials/MatineeGroups/MAT_Groups_Director.uasset" 378
"../../../Engine/Content/EditorMaterials/MatineeGroups/MAT_Groups_Event.uasset" 379
"../../../Engine/Content/EditorMaterials/MatineeGroups/MAT_Groups_Anim.uasset" 380
"../../../Engine/Content/EditorMaterials/MatineeGroups/MAT_Groups_Fade.uasset" 381
"../../../Engine/Content/EditorMaterials/MatineeGroups/MAT_Groups_Move.uasset" 382
"../../../Engine/Content/EditorMaterials/MatineeGroups/MAT_Groups_Slomo.uasset" 383
"../../../Engine/Content/EditorMaterials/MatineeGroups/MAT_ColorTrack.uasset" 384
"../../../Engine/Content/EditorMaterials/MAT_Groups_Toggle.uasset" 385
"../../../Engine/Content/EditorMaterials/MatineeGroups/MAT_Groups_AudioMaster.uasset" 386
"../../../Engine/Content/EditorMaterials/MatineeGroups/MAT_Groups_Sound.uasset" 387
"../../../Engine/Content/EditorMaterials/MatineeGroups/MAT_Groups_Vector.uasset" 388
"../../../Engine/Content/EditorMaterials/MAT_Groups_Visibility.uasset" 389
"../../../Engine/Content/EngineResources/DefaultTextureCube.uasset" 390
"../../../Engine/Content/EngineSounds/Master.uasset" 391
"../../../Engine/Content/EngineSounds/Music.uasset" 392
"../../../Engine/Content/EngineSounds/SFX.uasset" 393
"../../../Engine/Content/EngineSounds/Normal_Attack.uasset" 394
"../../../Engine/Content/EngineSounds/Special_Attack_PSM.uasset" 395
"../../../Engine/Content/EngineSounds/Duck_Normal_Attack_MixMod.uasset" 396
"../../../Engine/Content/EngineSounds/Voice.uasset" 397
"../../../Engine/Content/EngineMeshes/Cylinder.uasset" 398
"../../../Engine/Content/EngineMaterials/DefaultMaterial.uasset" 399
"../../../Engine/Content/EngineTireTypes/DefaultTireType.uasset" 400
"../../../Engine/Content/Editor/Slate/Fonts/FontAwesome.ttf" 401
"../../../Engine/Content/Editor/Slate/Fonts/DroidSansMono.ttf" 402
"../../../Engine/Content/Editor/Slate/Fonts/Roboto-BoldCondensed.ttf" 403
"../../../Engine/Content/Editor/Slate/Fonts/Roboto-Black.ttf" 404
"../../../Engine/Content/Editor/Slate/Fonts/Roboto-Italic.ttf" 405
"../../../Engine/Content/Editor/Slate/Fonts/Roboto-BoldCondensedItalic.ttf" 406
"..\..\..\Engine\Content\Internationalization\icudt53l\coll\ucadata.icu" 407
"..\..\..\Engine\Content\Internationalization\icudt53l\nfc.nrm" 408
"..\..\..\Engine\Content\Internationalization\icudt53l\coll\en.res" 409
"..\..\..\Engine\Content\Internationalization\icudt53l\coll\root.res" 410
"../../../Engine/Content/EngineResources/AICON-Red.uasset" 411
"../../../Engine/Content/EngineResources/AICON-Green.uasset" 412
"../../../Engine/Plugins/2D/Paper2D/Content/MaskedUnlitSpriteMaterial.uasset" 413
"../../../Engine/Plugins/2D/Paper2D/Content/DefaultSpriteMaterial.uasset" 414
"../../../Engine/Plugins/2D/Paper2D/Content/DummySpriteTexture.uasset" 415
"../../../Engine/Plugins/2D/Paper2D/Content/PlaceholderTextures/DummySpriteTexture.uasset" 416
"../../../Engine/Plugins/2D/Paper2D/Content/OpaqueUnlitSpriteMaterial.uasset" 417
"../../../Engine/Plugins/2D/Paper2D/Content/DefaultPaperTerrainMaterial.uasset" 418
"../../../Engine/Plugins/2D/Paper2D/Content/DummySprite.uasset" 419
"C:/Users/TTV14SLassiK/AppData/Local/UnrealEngine/4.8/Saved/Config/Windows/SourceControlSettings.ini" 420
"../../../../../../Users/TTV14SLassiK/Documents/Unreal Projects/MayhemPunch/Intermediate/Config/CoalescedSourceConfigs/SourceControlSettings.ini" 421
"C:/Users/TTV14SLassiK/Documents/Unreal Projects/MayhemPunch/Saved/Config/Windows/SourceControlSettings.ini" 422
"../../../Engine/Plugins/Runtime/LeapMotionController/Content/LM_CapsuleMesh.uasset" 423
"../../../Engine/Plugins/Runtime/LeapMotionController/Content/LM_TorusMesh.uasset" 424
"../../../Engine/Plugins/Runtime/LeapMotionController/Content/LM_HandColor.uasset" 425
"../../../Engine/Content/EngineMaterials/RemoveSurfaceMaterial.uasset" 426
"../../../Engine/Content/EngineDebugMaterials/DebugMeshMaterial.uasset" 427
"../../../Engine/Content/EngineMaterials/M_InvalidLightmapSettings.uasset" 428
"../../../Engine/Content/EngineMaterials/InvalidLightmapSettings.uasset" 429
"../../../Engine/Content/EditorMaterials/GizmoMaterial.uasset" 430
"../../../Engine/Content/EngineMaterials/Good64x64TilingNoiseHighFreq.uasset" 431
"../../../Engine/Content/EngineMaterials/DefaultBokeh.uasset" 432
"../../../Engine/Content/EngineMaterials/PreintegratedSkinBRDF.uasset" 433
"../../../Engine/Content/EngineMaterials/MiniFont.uasset" 434
"../../../Engine/Content/EngineMaterials/WeightMapPlaceholderTexture.uasset" 435
"../../../Engine/Content/EngineMaterials/DefaultWhiteGrid.uasset" 436
"../../../Engine/Content/EngineMaterials/DefaultPhysicalMaterial.uasset" 437
"../../../Engine/Content/EngineFonts/RobotoTiny.uasset" 438
"../../../../../../Users/TTV14SLassiK/Documents/Unreal Projects/MayhemPunch/Intermediate/CachedAssetRegistry.bin" 439
"C:/Users/TTV14SLassiK/Documents/Unreal Projects/MayhemPunch/Saved/Cooked/WindowsNoEditor/MayhemPunch/CookedIniVersion.txt" 440
"../../../Engine/Content/MobileResources/HUD/VirtualJoystick_Thumb.uasset" 441
"../../../Engine/Content/EditorResources/BSPVertex.uasset" 442
"../../../Engine/Content/EngineDebugMaterials/WireframeMaterial.uasset" 443
"../../../Engine/Content/EngineDebugMaterials/GeomMaterial.uasset" 444
"../../../Engine/Content/EngineDebugMaterials/LevelColorationLitMaterial.uasset" 445
"../../../Engine/Content/EngineDebugMaterials/LevelColorationUnlitMaterial.uasset" 446
"../../../Engine/Content/EngineDebugMaterials/MAT_LevelColorationLitLightmapUV.uasset" 447
"../../../Engine/Content/EngineDebugMaterials/ShadedLevelColorationLitMaterial.uasset" 448
"../../../Engine/Content/EngineDebugMaterials/ShadedLevelColorationUnlitMateri.uasset" 449
"../../../Engine/Content/EngineDebugMaterials/VertexColorMaterial.uasset" 450
"../../../Engine/Content/EngineDebugMaterials/VertexColorViewMode_ColorOnly.uasset" 451
"../../../Engine/Content/EngineDebugMaterials/VertexColorViewMode_AlphaAsColor.uasset" 452
"../../../Engine/Content/EngineDebugMaterials/VertexColorViewMode_RedOnly.uasset" 453
"../../../Engine/Content/EngineDebugMaterials/VertexColorViewMode_GreenOnly.uasset" 454
"../../../Engine/Content/EngineDebugMaterials/VertexColorViewMode_BlueOnly.uasset" 455
"../../../Engine/Content/EngineDebugMaterials/BoneWeightMaterial.uasset" 456
"../../../Engine/Content/EngineDebugMaterials/HeatmapGradient.uasset" 457
"../../../Engine/Content/EditorMaterials/PhAT_JointLimitMaterial.uasset" 458
"../../../Engine/Content/EditorMaterials/PreviewShadowIndicatorMaterial.uasset" 459
"../../../Engine/Content/EditorMaterials/PreviewShadowIndicator.uasset" 460
"../../../Engine/Content/EngineMaterials/EditorBrushMaterial.uasset" 461
"../../../Engine/Content/EditorMeshes/ColorCalibrator/SM_ColorCalibrator.uasset" 462
"../../../Engine/Content/EditorMeshes/ColorCalibrator/M_ChromeBall.uasset" 463
"../../../Engine/Content/EditorMeshes/ColorCalibrator/M_ClearCoat.uasset" 464
"../../../Engine/Content/EditorMeshes/ColorCalibrator/M_ClearCoatBlack.uasset" 465
"../../../Engine/Content/EditorMeshes/ColorCalibrator/M_ColorGrid.uasset" 466
"../../../Engine/Content/EditorMeshes/ColorCalibrator/T_ColorGrid.uasset" 467
"../../../Engine/Content/EditorMeshes/ColorCalibrator/M_GreyBall.uasset" 468
"../../../Engine/Content/MobileResources/HUD/DefaultVirtualJoysticks.uasset" 469
"../../../Engine/Content/MobileResources/HUD/VirtualJoystick_Background.uasset" 470
"../../../Engine/Content/MobileResources/HUD/T_Castle_ThumbstickInner.uasset" 471
"../../../../../../Users/TTV14SLassiK/Documents/Unreal Projects/MayhemPunch/Content/Main/Character/Materials/MaterialLayers/ML_Plastic_Shiny_Beige_LOGO.uasset" 472
"../../../../../../Users/TTV14SLassiK/Documents/Unreal Projects/MayhemPunch/Content/Main/Character/Materials/MaterialLayers/ML_Plastic_Shiny_Beige.uasset" 473
"../../../../../../Users/TTV14SLassiK/Documents/Unreal Projects/MayhemPunch/Content/Main/Character/Materials/MaterialLayers/ML_GlossyBlack_Latex_UE4.uasset" 474
"../../../../../../Users/TTV14SLassiK/Documents/Unreal Projects/MayhemPunch/Content/Main/Character/Materials/MaterialLayers/T_ML_Rubber_Blue_01_D.uasset" 475
"../../../../../../Users/TTV14SLassiK/Documents/Unreal Projects/MayhemPunch/Content/Main/Character/Materials/MaterialLayers/T_ML_Rubber_Blue_01_N.uasset" 476
"../../../../../../Users/TTV14SLassiK/Documents/Unreal Projects/MayhemPunch/Content/Main/Character/Materials/M_UE4Man_Body.uasset" 477
"../../../Engine/Content/Functions/Engine_MaterialFunctions02/Utility/BlendAngleCorrectedNormals.uasset" 478
"../../../Engine/Content/Functions/MaterialLayerFunctions/MatLayerBlend_AO.uasset" 479
"../../../Engine/Content/Functions/MaterialLayerFunctions/MatLayerBlend_NormalBlend.uasset" 480
"../../../Engine/Content/Functions/MaterialLayerFunctions/MatLayerBlend_Simple.uasset" 481
"../../../../../../Users/TTV14SLassiK/Documents/Unreal Projects/MayhemPunch/Content/Main/Character/Materials/MaterialLayers/ML_SoftMetal_UE4.uasset" 482
"../../../../../../Users/TTV14SLassiK/Documents/Unreal Projects/MayhemPunch/Content/Main/Character/Materials/MaterialLayers/T_ML_Aluminum01.uasset" 483
"../../../../../../Users/TTV14SLassiK/Documents/Unreal Projects/MayhemPunch/Content/Main/Character/Materials/MaterialLayers/T_ML_Aluminum01_N.uasset" 484
"../../../../../../Users/TTV14SLassiK/Documents/Unreal Projects/MayhemPunch/Content/Main/Character/Textures/UE4_Mannequin__normals.uasset" 485
"../../../../../../Users/TTV14SLassiK/Documents/Unreal Projects/MayhemPunch/Content/Main/Character/Textures/UE4_Mannequin_MAT_MASKA.uasset" 486
"../../../../../../Users/TTV14SLassiK/Documents/Unreal Projects/MayhemPunch/Content/Main/Character/Textures/UE4_Mannequin_occlusion_Mobile.uasset" 487
"../../../../../../Users/TTV14SLassiK/Documents/Unreal Projects/MayhemPunch/Content/Main/Character/Materials/MF_RoughnessAdjustment.uasset" 488
"../../../../../../Users/TTV14SLassiK/Documents/Unreal Projects/MayhemPunch/Content/Main/Character/Materials/MF_RimLight.uasset" 489
"../../../../../../Users/TTV14SLassiK/Documents/Unreal Projects/MayhemPunch/Content/Main/Character/Materials/MF_BaseColorTintAndContrast.uasset" 490
"../../../../../../Users/TTV14SLassiK/Documents/Unreal Projects/MayhemPunch/Content/Main/Character/ThirdPersonSkelMesh.uasset" 491
"../../../Engine/Content/TemplateResources/MI_Template_BaseBlue.uasset" 492
"../../../Engine/Content/TemplateResources/M_Template_Master.uasset" 493
"../../../../../../Users/TTV14SLassiK/Documents/Unreal Projects/MayhemPunch/Content/Main/Character/Mesh/SK_Mannequin_PhysicsAsset.uasset" 494
"../../../../../../Users/TTV14SLassiK/Documents/Unreal Projects/MayhemPunch/Content/Main/Character/ThirdPersonSkeleton.uasset" 495
"../../../Engine/Content/EngineMeshes/Humanoid.uasset" 496
"../../../../../../Users/TTV14SLassiK/Documents/Unreal Projects/MayhemPunch/Content/Main/Character/Mesh/SK_Mannequin.uasset" 497
"../../../../../../Users/TTV14SLassiK/Documents/Unreal Projects/MayhemPunch/Content/Main/Character/Mesh/UE4_Mannequin_Skeleton.uasset" 498
"../../../../../../Users/TTV14SLassiK/Documents/Unreal Projects/MayhemPunch/Content/Main/Character/ThirdPersonIdleRun.uasset" 499
"../../../../../../Users/TTV14SLassiK/Documents/Unreal Projects/MayhemPunch/Content/Main/Animations/ThirdPersonIdle.uasset" 500
"../../../../../../Users/TTV14SLassiK/Documents/Unreal Projects/MayhemPunch/Content/Main/Animations/ThirdPersonRun.uasset" 501
"../../../../../../Users/TTV14SLassiK/Documents/Unreal Projects/MayhemPunch/Content/Main/Animations/ThirdPersonWalk.uasset" 502
"../../../../../../Users/TTV14SLassiK/Documents/Unreal Projects/MayhemPunch/Content/Main/Character/ThirdPersonAnimBlueprint.uasset" 503
"../../../../../../Users/TTV14SLassiK/Documents/Unreal Projects/MayhemPunch/Content/Main/Animations/ThirdPersonJump_End.uasset" 504
"../../../../../../Users/TTV14SLassiK/Documents/Unreal Projects/MayhemPunch/Content/Main/Animations/ThirdPersonJump_Loop.uasset" 505
"../../../../../../Users/TTV14SLassiK/Documents/Unreal Projects/MayhemPunch/Content/Main/Animations/ThirdPersonJump_Start.uasset" 506
"../../../Engine/Content/EditorBlueprintResources/StandardMacros.uasset" 507
"../../../../../../Users/TTV14SLassiK/Documents/Unreal Projects/MayhemPunch/Content/Main/Character/FirstPerson_ProjectileMesh.uasset" 508
"../../../../../../Users/TTV14SLassiK/Documents/Unreal Projects/MayhemPunch/Content/Main/Character/FirstPersonFists_Idle_Skeleton.uasset" 509
"../../../../../../Users/TTV14SLassiK/Documents/Unreal Projects/MayhemPunch/Content/Main/Character/FirstPersonFists_Idle.uasset" 510
"../../../../../../Users/TTV14SLassiK/Documents/Unreal Projects/MayhemPunch/Content/Main/Character/FirstPersonFists_Idle_PhysicsAsset.uasset" 511
"../../../../../../Users/TTV14SLassiK/Documents/Unreal Projects/MayhemPunch/Content/Main/Blueprints/Widgets/Weaponimages/GolfMaila_32x32.uasset" 512
"C:/Users/TTV14SLassiK/AppData/Local/UnrealEngine/Common/DerivedDataCache/6/5/7/TEXTURE_814DCC3DC72143F49509781513CB9855_AUTODXT_A8978BBA41B4C27C29AD30BCFE590__2426CF579C12322553B9892F279E2330DB5280D5.udd" 513
"../../../../../../Users/TTV14SLassiK/Documents/Unreal Projects/MayhemPunch/Content/Main/Blueprints/Widgets/WeaponSlot.uasset" 514
"../../../../../../Users/TTV14SLassiK/Documents/Unreal Projects/MayhemPunch/Content/Main/Blueprints/Characters/FirstPersonCharacter.uasset" 515
"../../../../../../Users/TTV14SLassiK/Documents/Unreal Projects/MayhemPunch/Content/Main/Blueprints/Animation/OmaFPAnimBlueprint.uasset" 516
"../../../../../../Users/TTV14SLassiK/Documents/Unreal Projects/MayhemPunch/Content/Main/Animations/Fists/PunchingMontage.uasset" 517
"../../../../../../Users/TTV14SLassiK/Documents/Unreal Projects/MayhemPunch/Content/Main/Animations/Fists/FPLeftFistPunch_Anim.uasset" 518
"../../../../../../Users/TTV14SLassiK/Documents/Unreal Projects/MayhemPunch/Content/Main/Animations/Fists/FirstPersonFists_Idle_Skeleton.uasset" 519
"../../../../../../Users/TTV14SLassiK/Documents/Unreal Projects/MayhemPunch/Content/Main/Animations/Fists/FPRightFistPunch_Anim.uasset" 520
"../../../../../../Users/TTV14SLassiK/Documents/Unreal Projects/MayhemPunch/Content/Main/Animations/Weapons/Weapon_Montage.uasset" 521
"../../../../../../Users/TTV14SLassiK/Documents/Unreal Projects/MayhemPunch/Content/Main/Animations/Weapons/FPWeaponSwingLeft.uasset" 522
"../../../../../../Users/TTV14SLassiK/Documents/Unreal Projects/MayhemPunch/Content/Main/Animations/Weapons/FPWeaponSwingRight_Anim.uasset" 523
"../../../../../../Users/TTV14SLassiK/Documents/Unreal Projects/MayhemPunch/Content/Main/Animations/Fists/FPFistsIdleProto_Anim.uasset" 524
"../../../../../../Users/TTV14SLassiK/Documents/Unreal Projects/MayhemPunch/Content/Main/Animations/Fists/OmaFPWalk_Anim.uasset" 525
"../../../../../../Users/TTV14SLassiK/Documents/Unreal Projects/MayhemPunch/Content/Main/Animations/Movement/OmaFPJumpEnd_Anim.uasset" 526
"../../../../../../Users/TTV14SLassiK/Documents/Unreal Projects/MayhemPunch/Content/Main/Animations/Movement/OmaFPJumpLoop_Anim.uasset" 527
"../../../../../../Users/TTV14SLassiK/Documents/Unreal Projects/MayhemPunch/Content/Main/Animations/Movement/OmaFPRun_Anim.uasset" 528
"../../../../../../Users/TTV14SLassiK/Documents/Unreal Projects/MayhemPunch/Content/Main/Animations/Weapons/FPWeaponIdle_Anim.uasset" 529
"../../../../../../Users/TTV14SLassiK/Documents/Unreal Projects/MayhemPunch/Content/Main/Animations/Weapons/FPWeaponJumpEnd_Anim.uasset" 530
"../../../../../../Users/TTV14SLassiK/Documents/Unreal Projects/MayhemPunch/Content/Main/Animations/Weapons/FPWeaponJumpLoop_Anim.uasset" 531
"../../../../../../Users/TTV14SLassiK/Documents/Unreal Projects/MayhemPunch/Content/Main/Animations/Weapons/FPWeaponJumpStart_Anim.uasset" 532
"../../../../../../Users/TTV14SLassiK/Documents/Unreal Projects/MayhemPunch/Content/Main/Animations/Weapons/FPWeaponRun_Anim.uasset" 533
"../../../../../../Users/TTV14SLassiK/Documents/Unreal Projects/MayhemPunch/Content/Main/Animations/Weapons/FPWeaponWalk_Anim.uasset" 534
"../../../../../../Users/TTV14SLassiK/Documents/Unreal Projects/MayhemPunch/Content/Main/Blueprints/Pickups/Weapons.uasset" 535
"../../../../../../Users/TTV14SLassiK/Documents/Unreal Projects/MayhemPunch/Content/Main/Blueprints/FirstPersonGameMode.uasset" 536
"../../../../../../Users/TTV14SLassiK/Documents/Unreal Projects/MayhemPunch/Content/Main/Blueprints/GravityHammerImpact.uasset" 537
"../../../../../../Users/TTV14SLassiK/Documents/Unreal Projects/MayhemPunch/Content/Main/Blueprints/GravityHammerRadialForce.uasset" 538
"../../../../../../Users/TTV14SLassiK/Documents/Unreal Projects/MayhemPunch/Content/Main/Blueprints/HitStaticMesh.uasset" 539
"../../../../../../Users/TTV14SLassiK/Documents/Unreal Projects/MayhemPunch/Content/Main/Blueprints/Pawn/botCharacter.uasset" 540
"../../../../../../Users/TTV14SLassiK/Documents/Unreal Projects/MayhemPunch/Content/Main/Animations/ThirdPersonAnimBlueprint.uasset" 541
"../../../../../../Users/TTV14SLassiK/Documents/Unreal Projects/MayhemPunch/Content/Main/Animations/ThirdPersonIdleRun.uasset" 542
"../../../../../../Users/TTV14SLassiK/Documents/Unreal Projects/MayhemPunch/Content/Main/Blueprints/Behavior/botAI.uasset" 543
"../../../../../../Users/TTV14SLassiK/Documents/Unreal Projects/MayhemPunch/Content/Main/Blueprints/Behavior/botTree.uasset" 544
"../../../../../../Users/TTV14SLassiK/Documents/Unreal Projects/MayhemPunch/Content/Main/Blueprints/Behavior/botData.uasset" 545
"../../../../../../Users/TTV14SLassiK/Documents/Unreal Projects/MayhemPunch/Content/Main/Blueprints/Behavior/botState.uasset" 546
"../../../../../../Users/TTV14SLassiK/Documents/Unreal Projects/MayhemPunch/Content/Main/Blueprints/Behavior/BTD_botUpdateRoute.uasset" 547
"../../../../../../Users/TTV14SLassiK/Documents/Unreal Projects/MayhemPunch/Content/Main/Blueprints/Behavior/BTS_botDetectEnemy.uasset" 548
"../../../../../../Users/TTV14SLassiK/Documents/Unreal Projects/MayhemPunch/Content/Main/Blueprints/CameraShakeImpact.uasset" 549
"../../../../../../Users/TTV14SLassiK/Documents/Unreal Projects/MayhemPunch/Content/Main/Blueprints/Widgets/Health.uasset" 550
"../../../../../../Users/TTV14SLassiK/Documents/Unreal Projects/MayhemPunch/Content/Main/Blueprints/FirstPersonCharacter.uasset" 551
"../../../../../../Users/TTV14SLassiK/Documents/Unreal Projects/MayhemPunch/Content/Main/Blueprints/Widgets/Hotbarslot.uasset" 552
"../../../../../../Users/TTV14SLassiK/Documents/Unreal Projects/MayhemPunch/Content/Main/Blueprints/Widgets/Weaponimages/Banaani_32x32.uasset" 553
"../../../../../../Users/TTV14SLassiK/Documents/Unreal Projects/MayhemPunch/Content/Main/Blueprints/Widgets/Weaponimages/Fist.uasset" 554
"../../../../../../Users/TTV14SLassiK/Documents/Unreal Projects/MayhemPunch/Content/ExtraStuff/Maps/Assets/Barelll/berrel_.uasset" 555
"../../../../../../Users/TTV14SLassiK/Documents/Unreal Projects/MayhemPunch/Content/ExtraStuff/Maps/Assets/SlimWindow/Texture/AO.uasset" 556
"../../../../../../Users/TTV14SLassiK/Documents/Unreal Projects/MayhemPunch/Content/GTFreeMaterials/Textures/brick_ancientDiagonal/brick_ancientDiagonal_2k_d.uasset" 557
"../../../../../../Users/TTV14SLassiK/Documents/Unreal Projects/MayhemPunch/Content/Main/Blueprints/Behavior/BTT_botAttackEnemy.uasset" 558
"../../../../../../Users/TTV14SLassiK/Documents/Unreal Projects/MayhemPunch/Content/Main/Blueprints/Behavior/BTT_botMoveToEnemy.uasset" 559
"../../../../../../Users/TTV14SLassiK/Documents/Unreal Projects/MayhemPunch/Content/Main/Blueprints/Behavior/BTT_botNextRoute.uasset" 560
"../../../../../../Users/TTV14SLassiK/Documents/Unreal Projects/MayhemPunch/Content/Main/Blueprints/Behavior/botWaypoint.uasset" 561
"../../../../../../Users/TTV14SLassiK/Documents/Unreal Projects/MayhemPunch/Content/Main/Blueprints/FirstPersonHUD.uasset" 562
"../../../../../../Users/TTV14SLassiK/Documents/Unreal Projects/MayhemPunch/Content/Main/FirstPersonCrosshair.uasset" 563
"../../../../../../Users/TTV14SLassiK/Documents/Unreal Projects/MayhemPunch/Content/Main/Animations/Fizzle.uasset" 564
"../../../../../../Users/TTV14SLassiK/Documents/Unreal Projects/MayhemPunch/Content/Main/Animations/TuneIn.uasset" 565
"../../../../../../Users/TTV14SLassiK/Documents/Unreal Projects/MayhemPunch/Content/Main/Blueprints/Characters/FirstPersonMesh.uasset" 566
"../../../../../../Users/TTV14SLassiK/Documents/Unreal Projects/MayhemPunch/Content/Main/Blueprints/Characters/Material__3.uasset" 567
"../../../../../../Users/TTV14SLassiK/Documents/Unreal Projects/MayhemPunch/Content/Main/Blueprints/Characters/FPSTxt.uasset" 568
"../../../../../../Users/TTV14SLassiK/Documents/Unreal Projects/MayhemPunch/Content/Main/Blueprints/Characters/FirstPersonMesh_PhysicsAsset.uasset" 569
"../../../../../../Users/TTV14SLassiK/Documents/Unreal Projects/MayhemPunch/Content/Main/Animations/BlipJump.uasset" 570
"C:/Users/TTV14SLassiK/AppData/Local/UnrealEngine/Common/DerivedDataCache/3/3/9/AUDIO_0002_0000_OGG_0001_2F0894704AB880933E4961B1C2669FF6.udd" 571
"C:/Users/TTV14SLassiK/AppData/Local/UnrealEngine/Common/DerivedDataCache/6/6/4/MATSM_983AFA3849534FAA8491540B994BD32E_PCD3D_SM5_2__BC5N_DEV_SL_NODBUF942A5A89__96DEB015393A2EE75F29743504DF50DA42CFB4E4.udd" 572
"C:/Users/TTV14SLassiK/AppData/Local/UnrealEngine/Common/DerivedDataCache/5/5/4/MATSM_983AFA3849534FAA8491540B994BD32E_PCD3D_SM4_2__BC5N_DEV_SL_NODBUF942A5A89__ED30234318713F73571EA62939EA6237E1B3A76A.udd" 573
"C:/Users/TTV14SLassiK/AppData/Local/UnrealEngine/Common/DerivedDataCache/8/6/0/AUDIO_0002_0000_OGG_0001_38623C8145F7A4ECE7A09E81C2C32659.udd" 574
"C:/Users/TTV14SLassiK/AppData/Local/UnrealEngine/Common/DerivedDataCache/9/9/8/AUDIO_0002_0000_OGG_0001_C1DA59B24C959DFEB44748993C893437.udd" 575
"../../../../../../Users/TTV14SLassiK/Documents/Unreal Projects/MayhemPunch/Content/Main/Blueprints/Pickups/GolfClub_04.uasset" 576
"C:/Users/TTV14SLassiK/AppData/Local/UnrealEngine/Common/DerivedDataCache/1/4/7/STATICMESH_46A8778361B442A9523C54440EA1E9D_2C1BC8F50A7A43818AFE266EB43D9060_E9__4C88FA1421A1ABFDC58653265773A4166A004AB4.udd" 577
"C:/Users/TTV14SLassiK/AppData/Local/UnrealEngine/Common/DerivedDataCache/6/6/9/PHYSX_$7B1F0627AE$2DABEB$2D4206$2D8D78$2DE16BEB5DDC7E$7D_PHYSXPC_CBB38AD247962__05A55B7BFAF174FFE1474E3726E74DAF2156C049.udd" 578
"C:/Users/TTV14SLassiK/AppData/Local/UnrealEngine/Common/DerivedDataCache/0/9/6/NAVCOLLISION_B89838347A4348138EE337A847529C5C_NAVCOLLISION_X_CBB38AD247962F2D5__295DB8FA4E75492340BA7F1E773C5A9B220F49BD.udd" 579
"../../../../../../Users/TTV14SLassiK/Documents/Unreal Projects/MayhemPunch/Content/Main/Animations/Fists/FirstPersonFists_Idle.uasset" 580
"../../../../../../Users/TTV14SLassiK/Documents/Unreal Projects/MayhemPunch/Content/Main/Animations/Fists/FirstPersonFists_Idle_PhysicsAsset.uasset" 581
"../../../../../../Users/TTV14SLassiK/Documents/Unreal Projects/MayhemPunch/Content/Main/Blueprints/Widgets/WarmupTimer.uasset" 582
"../../../../../../Users/TTV14SLassiK/Documents/Unreal Projects/MayhemPunch/Content/Main/Blueprints/Widgets/ServerRow.uasset" 583
"../../../../../../Users/TTV14SLassiK/Documents/Unreal Projects/MayhemPunch/Content/Main/Blueprints/Widgets/ServerList.uasset" 584
"../../../../../../Users/TTV14SLassiK/Documents/Unreal Projects/MayhemPunch/Content/Main/Blueprints/Widgets/Scoreboard.uasset" 585
"../../../../../../Users/TTV14SLassiK/Documents/Unreal Projects/MayhemPunch/Content/Main/Blueprints/Widgets/Options.uasset" 586
"../../../../../../Users/TTV14SLassiK/Documents/Unreal Projects/MayhemPunch/Content/Main/Blueprints/Widgets/NewGame.uasset" 587
"../../../../../../Users/TTV14SLassiK/Documents/Unreal Projects/MayhemPunch/Content/Main/Blueprints/Widgets/MyHuD.uasset" 588
"../../../../../../Users/TTV14SLassiK/Documents/Unreal Projects/MayhemPunch/Content/Main/Blueprints/Widgets/MainMenu.uasset" 589
"../../../../../../Users/TTV14SLassiK/Documents/Unreal Projects/MayhemPunch/Content/Main/Blueprints/Widgets/LoadingScreen.uasset" 590
"../../../../../../Users/TTV14SLassiK/Documents/Unreal Projects/MayhemPunch/Content/Main/Blueprints/Widgets/ErrorDialog.uasset" 591
"../../../../../../Users/TTV14SLassiK/Documents/Unreal Projects/MayhemPunch/Content/Main/Blueprints/Traps/tuliansa_03_Skeleton.uasset" 592
"../../../../../../Users/TTV14SLassiK/Documents/Unreal Projects/MayhemPunch/Content/Main/Blueprints/Traps/tuliansa_03.uasset" 593
"../../../../../../Users/TTV14SLassiK/Documents/Unreal Projects/MayhemPunch/Content/Main/Blueprints/Traps/Material_001.uasset" 594
"../../../../../../Users/TTV14SLassiK/Documents/Unreal Projects/MayhemPunch/Content/Main/Blueprints/Traps/Material_002.uasset" 595
"../../../../../../Users/TTV14SLassiK/Documents/Unreal Projects/MayhemPunch/Content/Main/Blueprints/Traps/tuliansa_03_PhysicsAsset.uasset" 596
"C:/Users/TTV14SLassiK/AppData/Local/UnrealEngine/Common/DerivedDataCache/1/8/7/MATSM_983AFA3849534FAA8491540B994BD32E_PCD3D_SM5_2__BC5N_DEV_SL_NODBUFC33D22E5__A2DD82EA44486A7190B3219B28F3FDD307D81120.udd" 597
"C:/Users/TTV14SLassiK/AppData/Local/UnrealEngine/Common/DerivedDataCache/6/7/2/MATSM_983AFA3849534FAA8491540B994BD32E_PCD3D_SM4_2__BC5N_DEV_SL_NODBUFC33D22E5__816C358DECAB19A779FD81CAD1CCDECB70A237E8.udd" 598
"C:/Users/TTV14SLassiK/AppData/Local/UnrealEngine/Common/DerivedDataCache/1/8/9/MATSM_983AFA3849534FAA8491540B994BD32E_PCD3D_SM5_2__BC5N_DEV_SL_NODBUF73B6E990__7E91D1980A67EB1C4AB6553521AF60FC54660E2D.udd" 599
"C:/Users/TTV14SLassiK/AppData/Local/UnrealEngine/Common/DerivedDataCache/6/3/3/MATSM_983AFA3849534FAA8491540B994BD32E_PCD3D_SM4_2__BC5N_DEV_SL_NODBUF73B6E990__8DD0AF6CCC3CD333B9C353A2ADE17DF44B3B95B7.udd" 600
"../../../../../../Users/TTV14SLassiK/Documents/Unreal Projects/MayhemPunch/Content/Main/Blueprints/Traps/tuliansa_03_Anim.uasset" 601
"../../../../../../Users/TTV14SLassiK/Documents/Unreal Projects/MayhemPunch/Content/Main/Blueprints/Traps/tuliansa_02.uasset" 602
"../../../../../../Users/TTV14SLassiK/Documents/Unreal Projects/MayhemPunch/Content/Main/Blueprints/Traps/tuliansa.uasset" 603
"C:/Users/TTV14SLassiK/AppData/Local/UnrealEngine/Common/DerivedDataCache/0/9/0/STATICMESH_46A8778361B442A9523C54440EA1E9D_2C1BC8F50A7A43818AFE266EB43D9060_B1__C76EFA48EE7A90D626F8291EFFE62C829BC4C972.udd" 604
"C:/Users/TTV14SLassiK/AppData/Local/UnrealEngine/Common/DerivedDataCache/0/6/1/NAVCOLLISION_B89838347A4348138EE337A847529C5C_NAVCOLLISION_X_E3D0DE7E45A07AB22__6976EEF607755FEF772557BA6A794F23DEF1AAD0.udd" 605
"C:/Users/TTV14SLassiK/AppData/Local/UnrealEngine/Common/DerivedDataCache/4/1/2/PHYSX_$7B1F0627AE$2DABEB$2D4206$2D8D78$2DE16BEB5DDC7E$7D_PHYSXPC_E3D0DE7E45A07__E3E9A326A7A36ECE6B4E936BD316502EFE6462E4.udd" 606
"../../../../../../Users/TTV14SLassiK/Documents/Unreal Projects/MayhemPunch/Content/Main/Blueprints/Traps/SuperLauncher.uasset" 607
"../../../Engine/Content/BasicShapes/Cube.uasset" 608
"../../../../../../Users/TTV14SLassiK/Documents/Unreal Projects/MayhemPunch/Content/Main/Blueprints/Traps/Spikes_down.uasset" 609
"../../../../../../Users/TTV14SLassiK/Documents/Unreal Projects/MayhemPunch/Content/Main/Blueprints/Traps/Spikes.uasset" 610
"../../../Engine/Content/BasicShapes/Cone.uasset" 611
"../../../Engine/Content/BasicShapes/BasicShapeMaterial.uasset" 612
"../../../../../../Users/TTV14SLassiK/Documents/Unreal Projects/MayhemPunch/Content/Main/Blueprints/Traps/Launcher.uasset" 613
"../../../../../../Users/TTV14SLassiK/Documents/Unreal Projects/MayhemPunch/Content/Main/Blueprints/Traps/FireTrap.uasset" 614
"../../../../../../Users/TTV14SLassiK/Documents/Unreal Projects/MayhemPunch/Content/Main/Blueprints/Pickups/Vitun_Banaani_UV.uasset" 615
"C:/Users/TTV14SLassiK/AppData/Local/UnrealEngine/Common/DerivedDataCache/4/6/4/TEXTURE_814DCC3DC72143F49509781513CB9855_AUTODXT_B4F7A0C4439072B98D994B9A0DE19__9E2455D8708B3E2999D953EE54CAA237BA9ABDAB.udd" 616
"C:/Users/TTV14SLassiK/AppData/Local/UnrealEngine/Common/DerivedDataCache/5/8/9/TEXTURE_814DCC3DC72143F49509781513CB9855_AUTODXT_B4F7A0C4439072B98D994B9A0DE19__5A12129458CD7003438C5FD6C0EF5AA774699462.udd" 617
"C:/Users/TTV14SLassiK/AppData/Local/UnrealEngine/Common/DerivedDataCache/1/3/0/TEXTURE_814DCC3DC72143F49509781513CB9855_AUTODXT_B4F7A0C4439072B98D994B9A0DE19__E624CC49C1011941301F70047FB73AEC8FBBC5DF.udd" 618
"C:/Users/TTV14SLassiK/AppData/Local/UnrealEngine/Common/DerivedDataCache/6/8/7/TEXTURE_814DCC3DC72143F49509781513CB9855_AUTODXT_B4F7A0C4439072B98D994B9A0DE19__7189C968309F8B4BD4FE490809F545A2BC49C72C.udd" 619
"C:/Users/TTV14SLassiK/AppData/Local/UnrealEngine/Common/DerivedDataCache/1/1/6/TEXTURE_814DCC3DC72143F49509781513CB9855_AUTODXT_B4F7A0C4439072B98D994B9A0DE19__6B3D12157174368CBF642FE0E6949B402BEB475B.udd" 620
"../../../../../../Users/TTV14SLassiK/Documents/Unreal Projects/MayhemPunch/Content/Main/Blueprints/Explosives/Dynamite.uasset" 621
"C:/Users/TTV14SLassiK/AppData/Local/UnrealEngine/Common/DerivedDataCache/3/8/8/TEXTURE_814DCC3DC72143F49509781513CB9855_AUTODXT_AC049CA844994632A3C6EF83BA7DA__8E1AB3EDA27567E5712A765A522F66E8F8CC143E.udd" 622
"C:/Users/TTV14SLassiK/AppData/Local/UnrealEngine/Common/DerivedDataCache/6/0/9/TEXTURE_814DCC3DC72143F49509781513CB9855_AUTODXT_AC049CA844994632A3C6EF83BA7DA__EEE2749648903245174DE1DD743B434A78DBBA7C.udd" 623
"C:/Users/TTV14SLassiK/AppData/Local/UnrealEngine/Common/DerivedDataCache/2/9/8/TEXTURE_814DCC3DC72143F49509781513CB9855_AUTODXT_AC049CA844994632A3C6EF83BA7DA__A7C2B4D1A6EE6593BAC9588600FC82CD784F2723.udd" 624
"C:/Users/TTV14SLassiK/AppData/Local/UnrealEngine/Common/DerivedDataCache/2/2/2/TEXTURE_814DCC3DC72143F49509781513CB9855_AUTODXT_AC049CA844994632A3C6EF83BA7DA__EB12DFEAE29CF3E18CA6393D4A6F6B3777DFB9DB.udd" 625
"C:/Users/TTV14SLassiK/AppData/Local/UnrealEngine/Common/DerivedDataCache/1/8/8/TEXTURE_814DCC3DC72143F49509781513CB9855_AUTODXT_AC049CA844994632A3C6EF83BA7DA__DB9B4022ABFBF01B00B921EF5410D8ED89532015.udd" 626
"../../../../../../Users/TTV14SLassiK/Documents/Unreal Projects/MayhemPunch/Content/Main/Blueprints/WarmupTimer.uasset" 627
"../../../../../../Users/TTV14SLassiK/Documents/Unreal Projects/MayhemPunch/Content/Main/Animations/Weapons/FPWeaponSwing.uasset" 628
"../../../../../../Users/TTV14SLassiK/Documents/Unreal Projects/MayhemPunch/Content/Main/Animations/Movement/Jump_From_Stand.uasset" 629
"../../../../../../Users/TTV14SLassiK/Documents/Unreal Projects/MayhemPunch/Content/Main/Animations/Movement/Jump_From_Jog.uasset" 630
"../../../../../../Users/TTV14SLassiK/Documents/Unreal Projects/MayhemPunch/Content/Main/Animations/Walk_Rt_Rifle_Ironsights.uasset" 631
"../../../../../../Users/TTV14SLassiK/Documents/Unreal Projects/MayhemPunch/Content/Main/Animations/Walk_Lt_Rifle_Ironsights.uasset" 632
"../../../../../../Users/TTV14SLassiK/Documents/Unreal Projects/MayhemPunch/Content/Main/Animations/Walk_Bwd_Rifle_Ironsights.uasset" 633
"../../../../../../Users/TTV14SLassiK/Documents/Unreal Projects/MayhemPunch/Content/Main/Animations/Stand_to_Crouch_Rifle_Ironsights.uasset" 634
"../../../../../../Users/TTV14SLassiK/Documents/Unreal Projects/MayhemPunch/Content/Main/Animations/Reload_Shotgun_Ironsights.uasset" 635
"../../../../../../Users/TTV14SLassiK/Documents/Unreal Projects/MayhemPunch/Content/Main/Animations/Reload_Shotgun_Hip.uasset" 636
"../../../../../../Users/TTV14SLassiK/Documents/Unreal Projects/MayhemPunch/Content/Main/Animations/Reload_Rifle_Ironsights.uasset" 637
"../../../../../../Users/TTV14SLassiK/Documents/Unreal Projects/MayhemPunch/Content/Main/Animations/Reload_Pistol.uasset" 638
"../../../../../../Users/TTV14SLassiK/Documents/Unreal Projects/MayhemPunch/Content/Main/Animations/Prone_Reload_Shotgun.uasset" 639
"../../../../../../Users/TTV14SLassiK/Documents/Unreal Projects/MayhemPunch/Content/Main/Animations/Prone_Reload_Rifle.uasset" 640
"../../../../../../Users/TTV14SLassiK/Documents/Unreal Projects/MayhemPunch/Content/Main/Animations/PINGAS.uasset" 641
"C:/Users/TTV14SLassiK/AppData/Local/UnrealEngine/Common/DerivedDataCache/5/8/1/AUDIO_0002_0000_OGG_0001_2AA586554F3303F2BDC4039C607E26E5.udd" 642
"../../../../../../Users/TTV14SLassiK/Documents/Unreal Projects/MayhemPunch/Content/Main/Animations/OmaFP_Run.uasset" 643
"../../../../../../Users/TTV14SLassiK/Documents/Unreal Projects/MayhemPunch/Content/Main/Animations/OffHook.uasset" 644
"C:/Users/TTV14SLassiK/AppData/Local/UnrealEngine/Common/DerivedDataCache/4/4/9/AUDIO_0002_0000_OGG_0001_F56A58654AEA3C205DC00BA9B7A7B9D9.udd" 645
"../../../../../../Users/TTV14SLassiK/Documents/Unreal Projects/MayhemPunch/Content/Main/Animations/M_UE4Man_Body2.uasset" 646
"C:/Users/TTV14SLassiK/AppData/Local/UnrealEngine/Common/DerivedDataCache/3/8/7/MATSM_983AFA3849534FAA8491540B994BD32E_PCD3D_SM5_2__BC5N_DEV_SL_NODBUF4426875E__3E3D761AE38C7B2CCEFEEF3D3E7C27171F547B8A.udd" 647
"C:/Users/TTV14SLassiK/AppData/Local/UnrealEngine/Common/DerivedDataCache/9/0/1/MATSM_983AFA3849534FAA8491540B994BD32E_PCD3D_SM4_2__BC5N_DEV_SL_NODBUF4426875E__F0FE9E8F81E057F6298C899E8C63C326DC041C63.udd" 648
"../../../../../../Users/TTV14SLassiK/Documents/Unreal Projects/MayhemPunch/Content/Main/Animations/M_UE4Man_Body1.uasset" 649
"C:/Users/TTV14SLassiK/AppData/Local/UnrealEngine/Common/DerivedDataCache/5/1/6/MATSM_983AFA3849534FAA8491540B994BD32E_PCD3D_SM5_2__BC5N_DEV_SL_NODBUF5F9EB9BB__59E72762FC7FC019A3ACE0609439E30FE1DA04C9.udd" 650
"C:/Users/TTV14SLassiK/AppData/Local/UnrealEngine/Common/DerivedDataCache/9/3/3/MATSM_983AFA3849534FAA8491540B994BD32E_PCD3D_SM4_2__BC5N_DEV_SL_NODBUF5F9EB9BB__CB292EB6C79E2CB29692228132DE108DC974B290.udd" 651
"../../../../../../Users/TTV14SLassiK/Documents/Unreal Projects/MayhemPunch/Content/Main/Animations/M_UE4Man_Body.uasset" 652
"C:/Users/TTV14SLassiK/AppData/Local/UnrealEngine/Common/DerivedDataCache/1/6/6/MATSM_983AFA3849534FAA8491540B994BD32E_PCD3D_SM5_2__BC5N_DEV_SL_NODBUFA2102B97__7581950CAD0EBBEF6F36A8535819915D6594D2A5.udd" 653
"C:/Users/TTV14SLassiK/AppData/Local/UnrealEngine/Common/DerivedDataCache/8/8/9/MATSM_983AFA3849534FAA8491540B994BD32E_PCD3D_SM4_2__BC5N_DEV_SL_NODBUFA2102B97__45A93B0EE13BD15D85282DEDB61C7C7ABCA0F978.udd" 654
"../../../../../../Users/TTV14SLassiK/Documents/Unreal Projects/MayhemPunch/Content/Main/Animations/Idle_Rifle_Ironsights.uasset" 655
"../../../../../../Users/TTV14SLassiK/Documents/Unreal Projects/MayhemPunch/Content/Main/Animations/Idle_Rifle_Hip.uasset" 656
"../../../../../../Users/TTV14SLassiK/Documents/Unreal Projects/MayhemPunch/Content/Main/Animations/Idle_Pistol.uasset" 657
"../../../../../../Users/TTV14SLassiK/Documents/Unreal Projects/MayhemPunch/Content/Main/Animations/Grunt.uasset" 658
"C:/Users/TTV14SLassiK/AppData/Local/UnrealEngine/Common/DerivedDataCache/1/9/0/AUDIO_0002_0000_OGG_0001_0E72E5FD4109AA675FC7E1907C8F6DBC.udd" 659
"../../../../../../Users/TTV14SLassiK/Documents/Unreal Projects/MayhemPunch/Content/Main/Animations/FirstPerson_Run.uasset" 660
"../../../../../../Users/TTV14SLassiK/Documents/Unreal Projects/MayhemPunch/Content/Main/Animations/FirstPerson_JumpStart.uasset" 661
"../../../../../../Users/TTV14SLassiK/Documents/Unreal Projects/MayhemPunch/Content/Main/Animations/FirstPerson_JumpLoop.uasset" 662
"../../../../../../Users/TTV14SLassiK/Documents/Unreal Projects/MayhemPunch/Content/Main/Animations/FirstPerson_JumpEnd.uasset" 663
"../../../../../../Users/TTV14SLassiK/Documents/Unreal Projects/MayhemPunch/Content/Main/Animations/FirstPerson_Idle.uasset" 664
"../../../../../../Users/TTV14SLassiK/Documents/Unreal Projects/MayhemPunch/Content/Main/Animations/FirstPerson_Fire_Montage.uasset" 665
"../../../../../../Users/TTV14SLassiK/Documents/Unreal Projects/MayhemPunch/Content/Main/Animations/FirstPerson_Fire.uasset" 666
"../../../../../../Users/TTV14SLassiK/Documents/Unreal Projects/MayhemPunch/Content/Main/Animations/Fire_Shotgun_Ironsights.uasset" 667
"../../../../../../Users/TTV14SLassiK/Documents/Unreal Projects/MayhemPunch/Content/Main/Animations/Death_Ironsights_2.uasset" 668
"../../../../../../Users/TTV14SLassiK/Documents/Unreal Projects/MayhemPunch/Content/Main/Animations/Death_Ironsights_1.uasset" 669
"../../../../../../Users/TTV14SLassiK/Documents/Unreal Projects/MayhemPunch/Content/Main/Animations/Crouch_Walk_Rt_Rifle_Ironsights.uasset" 670
"../../../../../../Users/TTV14SLassiK/Documents/Unreal Projects/MayhemPunch/Content/Main/Animations/Crouch_Walk_Lt_Rifle_Ironsights.uasset" 671
"../../../../../../Users/TTV14SLassiK/Documents/Unreal Projects/MayhemPunch/Content/Main/Animations/Crouch_Walk_Bwd_Rifle_Ironsights.uasset" 672
"../../../../../../Users/TTV14SLassiK/Documents/Unreal Projects/MayhemPunch/Content/Main/Animations/Crouch_to_Stand_Rifle_Ironsights.uasset" 673
"../../../../../../Users/TTV14SLassiK/Documents/Unreal Projects/MayhemPunch/Content/Main/Animations/Busy_Signal.uasset" 674
"C:/Users/TTV14SLassiK/AppData/Local/UnrealEngine/Common/DerivedDataCache/7/3/3/AUDIO_0002_0000_OGG_0001_A3BE5FE74D1C7E8DC8EEA7B216186522.udd" 675
"../../../../../../Users/TTV14SLassiK/Documents/Unreal Projects/MayhemPunch/Content/Main/Animations/ATARi.uasset" 676
"C:/Users/TTV14SLassiK/AppData/Local/UnrealEngine/Common/DerivedDataCache/5/6/3/AUDIO_0002_0000_OGG_0001_69963F79417F7386C7A9F999B012A5D9.udd" 677
"../../../../../../Users/TTV14SLassiK/Documents/Unreal Projects/MayhemPunch/Content/Main/Animations/Aim_Space_Ironsights.uasset" 678
"../../../../../../Users/TTV14SLassiK/Documents/Unreal Projects/MayhemPunch/Content/Main/FirstPersonOverview.uasset" 679
"../../../../../../Users/TTV14SLassiK/Documents/Unreal Projects/MayhemPunch/Content/ExtraStuff/Maps/Assets/SlimWindow/Texture/SlimWindow_diffuse.uasset" 680
"C:/Users/TTV14SLassiK/AppData/Local/UnrealEngine/Common/DerivedDataCache/2/1/8/TEXTURE_814DCC3DC72143F49509781513CB9855_AUTODXT_B190B3A040FDBA40FFF8C39D9171B__C489DFE7925E4560E4639241ED8029D0B3CAA893.udd" 681
"C:/Users/TTV14SLassiK/AppData/Local/UnrealEngine/Common/DerivedDataCache/6/2/5/TEXTURE_814DCC3DC72143F49509781513CB9855_AUTODXT_B190B3A040FDBA40FFF8C39D9171B__FF0B2B13E0AE3027FBDDD7D50D3A1C59C70EB44F.udd" 682
"C:/Users/TTV14SLassiK/AppData/Local/UnrealEngine/Common/DerivedDataCache/9/2/4/TEXTURE_814DCC3DC72143F49509781513CB9855_AUTODXT_B190B3A040FDBA40FFF8C39D9171B__D69EC0B1A92575BDA44A7B84C3C89A435F2BC8AF.udd" 683
"../../../Engine/Content/MobileResources/HUD/T_Castle_ThumbstickOutter.uasset" 684
"../../../Engine/Content/MobileResources/HUD/MobileHUDDirectionPad3.uasset" 685
"../../../Engine/Content/MobileResources/HUD/MobileHUDButton3.uasset" 686
"../../../Engine/Content/MobileResources/HUD/MobileHUDButton2_off.uasset" 687
"../../../Engine/Content/MobileResources/HUD/MobileHUDButton1_off.uasset" 688
"../../../Engine/Content/MobileResources/HUD/AnalogHat.uasset" 689
"../../../../../../Users/TTV14SLassiK/Documents/Unreal Projects/MayhemPunch/Content/Main/Maps/PeliLevel.umap" 690
"../../../Engine/Content/EngineSky/BP_Sky_Sphere.uasset" 691
"../../../Engine/Content/EngineSky/C_Sky_Cloud_Color.uasset" 692
"../../../Engine/Content/EngineSky/C_Sky_Horizon_Color.uasset" 693
"../../../Engine/Content/EngineSky/C_Sky_Zenith_Color.uasset" 694
"../../../Engine/Content/EngineSky/M_Sky_Panning_Clouds2.uasset" 695
"../../../Engine/Content/EngineSky/T_Sky_Blue.uasset" 696
"../../../Engine/Content/EngineSky/T_Sky_Clouds_M.uasset" 697
"../../../Engine/Content/EngineSky/T_Sky_Stars.uasset" 698
"../../../Engine/Content/EngineSky/SM_SkySphere.uasset" 699
"../../../../../../Users/TTV14SLassiK/Documents/Unreal Projects/MayhemPunch/Content/Main/Blueprints/Pickups/GolfClub_Pickup.uasset" 700
"../../../Engine/Content/BasicShapes/Cylinder.uasset" 701
"C:/Users/TTV14SLassiK/AppData/Local/UnrealEngine/Common/DerivedDataCache/5/8/3/PHYSX_$7B1F0627AE$2DABEB$2D4206$2D8D78$2DE16BEB5DDC7E$7D_PHYSXPC_474DB45C4D3E2FF65092EF977C10CD55__1_0_13107_0.udd" 702
"C:/Users/TTV14SLassiK/AppData/Local/UnrealEngine/Common/DerivedDataCache/2/5/8/PHYSX_$7B1F0627AE$2DABEB$2D4206$2D8D78$2DE16BEB5DDC7E$7D_PHYSXPC_C09CAE1146C20B771564A7A975701DC6__1_0_13107_0.udd" 703
"C:/Users/TTV14SLassiK/AppData/Local/UnrealEngine/Common/DerivedDataCache/7/0/4/PHYSX_$7B1F0627AE$2DABEB$2D4206$2D8D78$2DE16BEB5DDC7E$7D_PHYSXPC_D22F4E54458D6704F7E751A8E9C61C1B__1_0_13107_0.udd" 704
"C:/Users/TTV14SLassiK/AppData/Local/UnrealEngine/Common/DerivedDataCache/9/9/4/PHYSX_$7B1F0627AE$2DABEB$2D4206$2D8D78$2DE16BEB5DDC7E$7D_PHYSXPC_1F81E7A44A3E11ADEF42BC9D273C3437__1_0_13107_0.udd" 705
"C:/Users/TTV14SLassiK/AppData/Local/UnrealEngine/Common/DerivedDataCache/7/2/4/PHYSX_$7B1F0627AE$2DABEB$2D4206$2D8D78$2DE16BEB5DDC7E$7D_PHYSXPC_5099897B48F9B1EF663586819A57BC9C__1_0_13107_0.udd" 706
"C:/Users/TTV14SLassiK/AppData/Local/UnrealEngine/Common/DerivedDataCache/2/5/4/PHYSX_$7B1F0627AE$2DABEB$2D4206$2D8D78$2DE16BEB5DDC7E$7D_PHYSXPC_CE9C34DA4965703BDC3EEF8AAB08C41D__1_0_13107_0.udd" 707
"C:/Users/TTV14SLassiK/AppData/Local/UnrealEngine/Common/DerivedDataCache/3/5/9/PHYSX_$7B1F0627AE$2DABEB$2D4206$2D8D78$2DE16BEB5DDC7E$7D_PHYSXPC_8A00478E44CA942A24E0BEB82A773DEA__1_0_13107_0.udd" 708
"C:/Users/TTV14SLassiK/AppData/Local/UnrealEngine/Common/DerivedDataCache/7/7/9/PHYSX_$7B1F0627AE$2DABEB$2D4206$2D8D78$2DE16BEB5DDC7E$7D_PHYSXPC_B64F384F491D63BB916D009474F5DCD9__1_0_13107_0.udd" 709
"C:/Users/TTV14SLassiK/AppData/Local/UnrealEngine/Common/DerivedDataCache/0/8/7/PHYSX_$7B1F0627AE$2DABEB$2D4206$2D8D78$2DE16BEB5DDC7E$7D_PHYSXPC_F4036D71497429D07C00D7B6738198E3__1_0_13107_0.udd" 710
"C:/Users/TTV14SLassiK/AppData/Local/UnrealEngine/Common/DerivedDataCache/6/2/4/PHYSX_$7B1F0627AE$2DABEB$2D4206$2D8D78$2DE16BEB5DDC7E$7D_PHYSXPC_60DBD172494D93D89631E7A938620FF4__1_0_13107_0.udd" 711
"C:/Users/TTV14SLassiK/AppData/Local/UnrealEngine/Common/DerivedDataCache/6/4/0/PHYSX_$7B1F0627AE$2DABEB$2D4206$2D8D78$2DE16BEB5DDC7E$7D_PHYSXPC_E8E99AA44059B774AE26D5BC35A6462C__1_0_13107_0.udd" 712
"C:/Users/TTV14SLassiK/AppData/Local/UnrealEngine/Common/DerivedDataCache/6/6/5/PHYSX_$7B1F0627AE$2DABEB$2D4206$2D8D78$2DE16BEB5DDC7E$7D_PHYSXPC_D7B1F6B242FEC4D3A9113AADBC2CF85E__1_0_13107_0.udd" 713
"C:/Users/TTV14SLassiK/AppData/Local/UnrealEngine/Common/DerivedDataCache/6/9/5/PHYSX_$7B1F0627AE$2DABEB$2D4206$2D8D78$2DE16BEB5DDC7E$7D_PHYSXPC_21C2B1844DB3ABF781EEBDB70E0E72FC__1_0_13107_0.udd" 714
"C:/Users/TTV14SLassiK/AppData/Local/UnrealEngine/Common/DerivedDataCache/1/5/4/PHYSX_$7B1F0627AE$2DABEB$2D4206$2D8D78$2DE16BEB5DDC7E$7D_PHYSXPC_4E5894D54D43EB85A741C8AFDF5CABFD__1_0_13107_0.udd" 715
"C:/Users/TTV14SLassiK/AppData/Local/UnrealEngine/Common/DerivedDataCache/7/3/1/PHYSX_$7B1F0627AE$2DABEB$2D4206$2D8D78$2DE16BEB5DDC7E$7D_PHYSXPC_3C4582564ED438C57F9DE38801759A7C__1_0_13107_0.udd" 716
"C:/Users/TTV14SLassiK/AppData/Local/UnrealEngine/Common/DerivedDataCache/6/7/2/PHYSX_$7B1F0627AE$2DABEB$2D4206$2D8D78$2DE16BEB5DDC7E$7D_PHYSXPC_808E988F4071FDFAD5F00F80DC40ED7E__1_0_13107_0.udd" 717
"C:/Users/TTV14SLassiK/AppData/Local/UnrealEngine/Common/DerivedDataCache/6/8/5/PHYSX_$7B1F0627AE$2DABEB$2D4206$2D8D78$2DE16BEB5DDC7E$7D_PHYSXPC_730178FD41FC74DE81095AB13156D8A1__1_0_13107_0.udd" 718
"C:/Users/TTV14SLassiK/AppData/Local/UnrealEngine/Common/DerivedDataCache/3/0/0/PHYSX_$7B1F0627AE$2DABEB$2D4206$2D8D78$2DE16BEB5DDC7E$7D_PHYSXPC_A2AF1B98417EB5B06FBC5CB86A4C4E16__1_0_13107_0.udd" 719
"C:/Users/TTV14SLassiK/AppData/Local/UnrealEngine/Common/DerivedDataCache/3/0/8/REFL_ENC_96DFC022836B48889143E9DF484C3296_8DF138FA4F6712A50FBE0BA7BCBE5D31.udd" 720
"C:/Users/TTV14SLassiK/AppData/Local/UnrealEngine/Common/DerivedDataCache/4/6/3/TEXTURE_814DCC3DC72143F49509781513CB9855_AUTODXT_4EEAAD25462CEF765ACE21ADD8613__8B55F56A8802D84F9326CE7C73B152B8A6A7C03C.udd" 721
"C:/Users/TTV14SLassiK/AppData/Local/UnrealEngine/Common/DerivedDataCache/0/8/1/TEXTURE_814DCC3DC72143F49509781513CB9855_AUTODXT_F698D3634989B7E4EA1E21B33E922__823210FFF7EDB840CFB4F3FE59EE8B1CF5C5F063.udd" 722
"C:/Users/TTV14SLassiK/AppData/Local/UnrealEngine/Common/DerivedDataCache/4/1/2/TEXTURE_814DCC3DC72143F49509781513CB9855_AUTODXT_4EEAAD25462CEF765ACE21ADD8613__4AEAFEA6C6A43B80A1879EFC1481802FA8BA485F.udd" 723
"C:/Users/TTV14SLassiK/AppData/Local/UnrealEngine/Common/DerivedDataCache/3/0/5/TEXTURE_814DCC3DC72143F49509781513CB9855_DXT1_F3D1A6D9476AD8861B27A68B6191AC5D__979BB7791220D1E87F458CCC5E132522DB9929C1.udd" 724
"C:/Users/TTV14SLassiK/AppData/Local/UnrealEngine/Common/DerivedDataCache/8/3/5/TEXTURE_814DCC3DC72143F49509781513CB9855_DXT1_0AD2172342EB9F41F4EABB8262A1885A__A66DDB0C682267537FA3C205B2506D67A8CD6685.udd" 725
"C:/Users/TTV14SLassiK/AppData/Local/UnrealEngine/Common/DerivedDataCache/6/3/2/TEXTURE_814DCC3DC72143F49509781513CB9855_DXT1_F3D1A6D9476AD8861B27A68B6191AC5D__1CC64FF924B6E997F9AAA401BA8CBE6942F5E0A8.udd" 726
"C:/Users/TTV14SLassiK/AppData/Local/UnrealEngine/Common/DerivedDataCache/8/0/5/TEXTURE_814DCC3DC72143F49509781513CB9855_AUTODXT_794AF692480D7DE9E6AE78908306F__1F7850DF98578BB2FD8DA8D89D133E5899FEB780.udd" 727
"C:/Users/TTV14SLassiK/AppData/Local/UnrealEngine/Common/DerivedDataCache/2/9/4/TEXTURE_814DCC3DC72143F49509781513CB9855_AUTODXT_84124C78493BC817CD93DA9CCAAC6__25CC60B55B9B3650B6E192790AE8B800965D53E3.udd" 728
"C:/Users/TTV14SLassiK/AppData/Local/UnrealEngine/Common/DerivedDataCache/9/2/7/TEXTURE_814DCC3DC72143F49509781513CB9855_BGRA8_0FEBB49F4A44026E4C70448D571A224__BDE31BDA5B3CFEAF14E15380D005E51666677069.udd" 729
"C:/Users/TTV14SLassiK/AppData/Local/UnrealEngine/Common/DerivedDataCache/5/7/6/TEXTURE_814DCC3DC72143F49509781513CB9855_AUTODXT_84124C78493BC817CD93DA9CCAAC6__CB3BD22D19A287BBB12B98A3E2A5C5F46750D26C.udd" 730
"../../../Engine/Content/EditorResources/EmptyActor.uasset" 731
"../../../Engine/Content/EditorResources/AudioIcons/S_AudioComponent_AutoActivate.uasset" 732
"C:/Users/TTV14SLassiK/AppData/Local/UnrealEngine/Common/DerivedDataCache/3/4/3/TEXTURE_814DCC3DC72143F49509781513CB9855_BC5_B570B94947B2D751D272828A34E50B33___85E1F4FCB6AFA8BC0F3E6DE1FD66A26F849B6067.udd" 733
"C:/Users/TTV14SLassiK/AppData/Local/UnrealEngine/Common/DerivedDataCache/7/3/8/TEXTURE_814DCC3DC72143F49509781513CB9855_BC5_B570B94947B2D751D272828A34E50B33___6E1259C87D02C5A70BE138A65735C344BD78A23C.udd" 734
"C:/Users/TTV14SLassiK/AppData/Local/UnrealEngine/Common/DerivedDataCache/5/1/0/TEXTURE_814DCC3DC72143F49509781513CB9855_BC5_B570B94947B2D751D272828A34E50B33___ED51C4D4A7D3FB68E05CF2232882CEA07AEC5E9C.udd" 735
"C:/Users/TTV14SLassiK/AppData/Local/UnrealEngine/Common/DerivedDataCache/6/6/8/TEXTURE_814DCC3DC72143F49509781513CB9855_BC5_B570B94947B2D751D272828A34E50B33___AC209A655FE64547C0A5AF032E0B96938E2C50FA.udd" 736
"C:/Users/TTV14SLassiK/AppData/Local/UnrealEngine/Common/DerivedDataCache/0/0/1/TEXTURE_814DCC3DC72143F49509781513CB9855_BC5_B570B94947B2D751D272828A34E50B33___0C5176246C3DA756DBF6FBFA3199B619E5801395.udd" 737
"C:/Users/TTV14SLassiK/AppData/Local/UnrealEngine/Common/DerivedDataCache/4/9/5/TEXTURE_814DCC3DC72143F49509781513CB9855_BC5_B570B94947B2D751D272828A34E50B33___CCC7C92921FFB05AF9902865330832BF77FE3DCD.udd" 738
"../../../Engine/Content/MobileResources/HUD/MobileHUDButton1_on.uasset" 739
"../../../Engine/Content/MobileResources/T_MobileMenu2.uasset" 740
"../../../../../../Users/TTV14SLassiK/Documents/Unreal Projects/MayhemPunch/Content/Main/Character/Textures/UE4Man_Logo_N.uasset" 741
"C:/Users/TTV14SLassiK/AppData/Local/UnrealEngine/Common/DerivedDataCache/4/3/4/TEXTURE_814DCC3DC72143F49509781513CB9855_BC5_4FD5D95D4DA00FB2BA88E6930E79A7D7___AD5032252C39D199EC68D56D838AE7CC0A7F6569.udd" 742
"C:/Users/TTV14SLassiK/AppData/Local/UnrealEngine/Common/DerivedDataCache/4/1/3/TEXTURE_814DCC3DC72143F49509781513CB9855_BC5_4FD5D95D4DA00FB2BA88E6930E79A7D7___394FF7814C6EDB1BA3EAAB807364A0DAE40D1DE9.udd" 743
"C:/Users/TTV14SLassiK/AppData/Local/UnrealEngine/Common/DerivedDataCache/1/1/6/TEXTURE_814DCC3DC72143F49509781513CB9855_BC5_4FD5D95D4DA00FB2BA88E6930E79A7D7___5708EBFEF2B16FD3B8D651A485A9048FF4B34179.udd" 744
"C:/Users/TTV14SLassiK/AppData/Local/UnrealEngine/Common/DerivedDataCache/1/4/3/TEXTURE_814DCC3DC72143F49509781513CB9855_BC5_4FD5D95D4DA00FB2BA88E6930E79A7D7___7D725CF820265FD9804962B211DC4D0BFB3863FE.udd" 745
"../../../../../../Users/TTV14SLassiK/Documents/Unreal Projects/MayhemPunch/Content/Main/Character/Materials/MaterialLayers/T_ML_FineRubber.uasset" 746
"C:/Users/TTV14SLassiK/AppData/Local/UnrealEngine/Common/DerivedDataCache/0/3/8/TEXTURE_814DCC3DC72143F49509781513CB9855_BGRA8_DDD3225A4A3B5F2338850998B986D88__4EEB2BC1AF7070CE4B43264036C08288E75DBD35.udd" 747
"../../../../../../Users/TTV14SLassiK/Documents/Unreal Projects/MayhemPunch/Content/Main/Blueprints/Pickups/GravHam.uasset" 748
"../../../../../../Users/TTV14SLassiK/Documents/Unreal Projects/MayhemPunch/Content/Main/Blueprints/Pickups/GolfClub_01.uasset" 749
"C:/Users/TTV14SLassiK/AppData/Local/UnrealEngine/Common/DerivedDataCache/0/6/4/STATICMESH_46A8778361B442A9523C54440EA1E9D_2C1BC8F50A7A43818AFE266EB43D9060_9A__16C35ACB206D1ABEF7839BD326594835DA1AA14A.udd" 750
"C:/Users/TTV14SLassiK/AppData/Local/UnrealEngine/Common/DerivedDataCache/7/8/4/PHYSX_$7B1F0627AE$2DABEB$2D4206$2D8D78$2DE16BEB5DDC7E$7D_PHYSXPC_0CC226784025B__F32638EC725DCD35FA98C1986EF68B58CA40133B.udd" 751
"C:/Users/TTV14SLassiK/AppData/Local/UnrealEngine/Common/DerivedDataCache/0/2/2/NAVCOLLISION_B89838347A4348138EE337A847529C5C_NAVCOLLISION_X_0CC226784025B6976__F6A5ACDA8B9C92387EB9605D5F5B856BB0A1BD44.udd" 752
"../../../../../../Users/TTV14SLassiK/Documents/Unreal Projects/MayhemPunch/Content/Main/Blueprints/Pickups/BaseballBat.uasset" 753
"../../../../../../Users/TTV14SLassiK/Documents/Unreal Projects/MayhemPunch/Content/Main/Blueprints/Pickups/Banaani_Pickup.uasset" 754
"../../../../../../Users/TTV14SLassiK/Documents/Unreal Projects/MayhemPunch/Content/Main/Blueprints/Pickups/Banaani_02.uasset" 755
"../../../../../../Users/TTV14SLassiK/Documents/Unreal Projects/MayhemPunch/Content/Main/Blueprints/Pickups/Material_001.uasset" 756
"C:/Users/TTV14SLassiK/AppData/Local/UnrealEngine/Common/DerivedDataCache/0/0/9/MATSM_983AFA3849534FAA8491540B994BD32E_PCD3D_SM5_2__BC5N_DEV_SL_NODBUFFB50C695__FB2BADFC9B5965C9ED43417F885E376D72F69195.udd" 757
"C:/Users/TTV14SLassiK/AppData/Local/UnrealEngine/Common/DerivedDataCache/2/9/3/MATSM_983AFA3849534FAA8491540B994BD32E_PCD3D_SM4_2__BC5N_DEV_SL_NODBUFFB50C695__B5E5AA1F7FBF9CECA7D53C8A54BAFBC4DBD6E758.udd" 758
"C:/Users/TTV14SLassiK/AppData/Local/UnrealEngine/Common/DerivedDataCache/0/3/8/STATICMESH_46A8778361B442A9523C54440EA1E9D_2C1BC8F50A7A43818AFE266EB43D9060_57__81BE3AE67E351DA39ED8745400B74C3F5617DFE2.udd" 759
"C:/Users/TTV14SLassiK/AppData/Local/UnrealEngine/Common/DerivedDataCache/9/1/3/NAVCOLLISION_B89838347A4348138EE337A847529C5C_NAVCOLLISION_X_67EF357244003DE25__0636581A25C20B0BDF2CB827F76E9A7369BC5F15.udd" 760
"C:/Users/TTV14SLassiK/AppData/Local/UnrealEngine/Common/DerivedDataCache/9/4/6/PHYSX_$7B1F0627AE$2DABEB$2D4206$2D8D78$2DE16BEB5DDC7E$7D_PHYSXPC_67EF357244003__263871034D5CDB26E178E4BD2A859EF88AEF99C6.udd" 761
"../../../../../../Users/TTV14SLassiK/Documents/Unreal Projects/MayhemPunch/Content/Main/Blueprints/FX/R?j?hdysKameraShake.uasset" 762
"../../../../../../Users/TTV14SLassiK/Documents/Unreal Projects/MayhemPunch/Content/Main/Blueprints/FX/RomahdusKameraShake.uasset" 763
"C:/Users/TTV14SLassiK/AppData/Local/UnrealEngine/Common/DerivedDataCache/1/3/9/TEXTURE_814DCC3DC72143F49509781513CB9855_AUTODXT_1CC014FC4741FFC5D7B43E897AC77__C0679BC261D15E92421C6BAFD8B73DC4F74188BC.udd" 764
"C:/Users/TTV14SLassiK/AppData/Local/UnrealEngine/Common/DerivedDataCache/3/0/9/TEXTURE_814DCC3DC72143F49509781513CB9855_AUTODXT_1CC014FC4741FFC5D7B43E897AC77__AE6530384E0AE8DCD88B6850BD9C04C6A5200C71.udd" 765
"C:/Users/TTV14SLassiK/AppData/Local/UnrealEngine/Common/DerivedDataCache/8/3/0/TEXTURE_814DCC3DC72143F49509781513CB9855_AUTODXT_1CC014FC4741FFC5D7B43E897AC77__EB215C3D53E8590F294D0AECE8E5AD130925EC08.udd" 766
"C:/Users/TTV14SLassiK/AppData/Local/UnrealEngine/Common/DerivedDataCache/8/4/4/TEXTURE_814DCC3DC72143F49509781513CB9855_AUTODXT_1CC014FC4741FFC5D7B43E897AC77__B67433022A03B7E4597A4C8C7E8A8A364207F975.udd" 767
"C:/Users/TTV14SLassiK/AppData/Local/UnrealEngine/Common/DerivedDataCache/9/9/4/TEXTURE_814DCC3DC72143F49509781513CB9855_AUTODXT_1CC014FC4741FFC5D7B43E897AC77__9E9E953E1500827935AAD50EAD19BA0A0B24BE84.udd" 768
"C:/Users/TTV14SLassiK/AppData/Local/UnrealEngine/Common/DerivedDataCache/6/5/6/TEXTURE_814DCC3DC72143F49509781513CB9855_AUTODXT_1CC014FC4741FFC5D7B43E897AC77__2B989613CDBD01400E8A163F6B3853FC1CE7AB43.udd" 769
"../../../Engine/Content/MobileResources/HUD/MobileHUDDirectionPad.uasset" 770
"../../../../../../Users/TTV14SLassiK/Documents/Unreal Projects/MayhemPunch/Content/Main/Character/Mesh/SK_Mannequin_Arms_Skeleton.uasset" 771
"../../../../../../Users/TTV14SLassiK/Documents/Unreal Projects/MayhemPunch/Content/Main/Character/Mesh/SK_Mannequin_Arms_PhysicsAsset.uasset" 772
"../../../../../../Users/TTV14SLassiK/Documents/Unreal Projects/MayhemPunch/Content/Main/Character/Mesh/SK_Mannequin_Arms.uasset" 773
"C:/Users/TTV14SLassiK/AppData/Local/UnrealEngine/Common/DerivedDataCache/5/7/5/TEXTURE_814DCC3DC72143F49509781513CB9855_AUTODXT_28C5E8954CE825E5406BF5BDE6D96__408A5249C298E328C37EBD42596A316E4E1776FF.udd" 774
"C:/Users/TTV14SLassiK/AppData/Local/UnrealEngine/Common/DerivedDataCache/9/6/5/TEXTURE_814DCC3DC72143F49509781513CB9855_AUTODXT_F2CCDF5C4E33FC9AF71DEF898A16D__70F367C5A211B68F79EA39C34DD84FC1A62F56F9.udd" 775
"C:/Users/TTV14SLassiK/AppData/Local/UnrealEngine/Common/DerivedDataCache/1/8/5/TEXTURE_814DCC3DC72143F49509781513CB9855_AUTODXT_F2CCDF5C4E33FC9AF71DEF898A16D__887774C99A8D67E4B815C3FE92596E253E3EA3E2.udd" 776
"C:/Users/TTV14SLassiK/AppData/Local/UnrealEngine/Common/DerivedDataCache/6/0/6/TEXTURE_814DCC3DC72143F49509781513CB9855_AUTODXT_F2CCDF5C4E33FC9AF71DEF898A16D__C1105D82338D826A3CCE0AD60FD93D62F0B32E0E.udd" 777
"../../../Engine/Content/MobileResources/HUD/MobileHUDButton2_on.uasset" 778
"../../../../../../Users/TTV14SLassiK/Documents/Unreal Projects/MayhemPunch/Content/ExtraStuff/Maps/Assets/Barelll/berrel.uasset" 779
"C:/Users/TTV14SLassiK/AppData/Local/UnrealEngine/Common/DerivedDataCache/3/6/8/TEXTURE_814DCC3DC72143F49509781513CB9855_AUTODXT_B8BA512D49F3DCFD80EF66BE4480A__EB9DE23C0F99783470E224CFBCAE428B08C37BC9.udd" 780
"C:/Users/TTV14SLassiK/AppData/Local/UnrealEngine/Common/DerivedDataCache/7/6/3/TEXTURE_814DCC3DC72143F49509781513CB9855_AUTODXT_B8BA512D49F3DCFD80EF66BE4480A__1C8A83921C1B8CF451AFCD60F839211C7166C0F0.udd" 781
"C:/Users/TTV14SLassiK/AppData/Local/UnrealEngine/Common/DerivedDataCache/0/5/1/TEXTURE_814DCC3DC72143F49509781513CB9855_AUTODXT_B8BA512D49F3DCFD80EF66BE4480A__DBD59810A08DAC673A9D03409F844857A3DAA739.udd" 782
"C:/Users/TTV14SLassiK/AppData/Local/UnrealEngine/Common/DerivedDataCache/0/0/4/TEXTURE_814DCC3DC72143F49509781513CB9855_AUTODXT_B8BA512D49F3DCFD80EF66BE4480A__3F0255844A6CF02F1044AE6769E4C8C7C5A898DB.udd" 783
"../../../Engine/Content/MobileResources/HUD/MobileHUDDirectionStick.uasset" 784
"../../../../../../Users/TTV14SLassiK/Documents/Unreal Projects/MayhemPunch/Content/ExtraStuff/Maps/Assets/SlimWindow/Texture/SlimWindow.uasset" 785
"C:/Users/TTV14SLassiK/AppData/Local/UnrealEngine/Common/DerivedDataCache/5/7/8/TEXTURE_814DCC3DC72143F49509781513CB9855_AUTODXT_E8CA1AA64757F322E3600DBD311CA__8B5DF959ECBE4376A246B676310116F769E9F2AA.udd" 786
"C:/Users/TTV14SLassiK/AppData/Local/UnrealEngine/Common/DerivedDataCache/1/3/0/TEXTURE_814DCC3DC72143F49509781513CB9855_AUTODXT_E8CA1AA64757F322E3600DBD311CA__19630657B425526628B66822118187793D3A2ABE.udd" 787
"C:/Users/TTV14SLassiK/AppData/Local/UnrealEngine/Common/DerivedDataCache/1/4/8/TEXTURE_814DCC3DC72143F49509781513CB9855_AUTODXT_E8CA1AA64757F322E3600DBD311CA__13570C306BBB37C4425A10B9C34D2F6D99C7365C.udd" 788
"C:/Users/TTV14SLassiK/AppData/Local/UnrealEngine/Common/DerivedDataCache/5/3/0/TEXTURE_814DCC3DC72143F49509781513CB9855_AUTODXT_2FD94B674D854D58501D09B8FF18D__4C41EA699C0343FA1164D7C0EFDB6B89C4877784.udd" 789
"C:/Users/TTV14SLassiK/AppData/Local/UnrealEngine/Common/DerivedDataCache/1/5/5/TEXTURE_814DCC3DC72143F49509781513CB9855_AUTODXT_2FD94B674D854D58501D09B8FF18D__D03024AFEB3DB39F93F5BF30CA1A4437F317EDB1.udd" 790
"C:/Users/TTV14SLassiK/AppData/Local/UnrealEngine/Common/DerivedDataCache/6/4/6/TEXTURE_814DCC3DC72143F49509781513CB9855_AUTODXT_2FD94B674D854D58501D09B8FF18D__1C03B4DB6AB04C59D0C6D809754F55A3A2533FBB.udd" 791
"C:/Users/TTV14SLassiK/AppData/Local/UnrealEngine/Common/DerivedDataCache/6/7/8/TEXTURE_814DCC3DC72143F49509781513CB9855_AUTODXT_2FD94B674D854D58501D09B8FF18D__A9B831A272E142CC42E86D9E8989B48C77004CED.udd" 792
"C:/Users/TTV14SLassiK/AppData/Local/UnrealEngine/Common/DerivedDataCache/5/7/4/TEXTURE_814DCC3DC72143F49509781513CB9855_AUTODXT_444B5DC54CAF2DA916A437A935D82__3502B5E5248D3CDAF35C53A07E27D71E10819B7B.udd" 793
"C:/Users/TTV14SLassiK/AppData/Local/UnrealEngine/Common/DerivedDataCache/2/1/7/TEXTURE_814DCC3DC72143F49509781513CB9855_AUTODXT_444B5DC54CAF2DA916A437A935D82__767C29633E90D65071FC1E2F0F92EBB41E680121.udd" 794
"C:/Users/TTV14SLassiK/AppData/Local/UnrealEngine/Common/DerivedDataCache/4/0/2/TEXTURE_814DCC3DC72143F49509781513CB9855_AUTODXT_444B5DC54CAF2DA916A437A935D82__EB24F1F1D34A3E7A964597820B8AF9EBF93855CE.udd" 795
"C:/Users/TTV14SLassiK/AppData/Local/UnrealEngine/Common/DerivedDataCache/8/6/6/TEXTURE_814DCC3DC72143F49509781513CB9855_AUTODXT_444B5DC54CAF2DA916A437A935D82__55C524E43A5E3A7406E0C04A69E516E8E97CCD37.udd" 796
"C:/Users/TTV14SLassiK/AppData/Local/UnrealEngine/Common/DerivedDataCache/4/0/3/TEXTURE_814DCC3DC72143F49509781513CB9855_AUTODXT_444B5DC54CAF2DA916A437A935D82__59EB4C13322AF2682972F9975787BF36F9D4B8BE.udd" 797
"../../../Engine/Content/MobileResources/HUD/MobileHUDDirectionPad2.uasset" 798
"../../../Engine/Content/MobileResources/HUD/MobileHUDButtonFire.uasset" 799
"../../../Engine/Content/MobileResources/T_MobileControls_texture.uasset" 800
"../../../Engine/Content/MobileResources/HUD/LeftVirtualJoystickOnly.uasset" 801
"../../../Engine/Content/Maps/Entry.umap" 802
"../../../Engine/Content/EngineMaterials/DefaultNormal.uasset" 803
"../../../../../../Users/TTV14SLassiK/Documents/Unreal Projects/MayhemPunch/Content/Main/Character/Textures/UE4_LOGO_CARD.uasset" 804
"C:/Users/TTV14SLassiK/AppData/Local/UnrealEngine/Common/DerivedDataCache/2/2/6/TEXTURE_814DCC3DC72143F49509781513CB9855_AUTODXT_F0BAD202406536822A5B21BF066F1__708A8CA50D86B94838C25633BC88888B60D17D97.udd" 805
"C:/Users/TTV14SLassiK/AppData/Local/UnrealEngine/Common/DerivedDataCache/6/4/3/TEXTURE_814DCC3DC72143F49509781513CB9855_AUTODXT_F0BAD202406536822A5B21BF066F1__04E973EF4CACB061E19E59CD109E37CFE714FE58.udd" 806
"C:/Users/TTV14SLassiK/AppData/Local/UnrealEngine/Common/DerivedDataCache/8/4/7/TEXTURE_814DCC3DC72143F49509781513CB9855_AUTODXT_F0BAD202406536822A5B21BF066F1__C8F4ABCFD80D71E97105ED334420873183B4ACF3.udd" 807
"C:/Users/TTV14SLassiK/AppData/Local/UnrealEngine/Common/DerivedDataCache/6/1/1/TEXTURE_814DCC3DC72143F49509781513CB9855_AUTODXT_F0BAD202406536822A5B21BF066F1__AA5B87B7974CB4FBA8F0E90BF3329E6A50967F41.udd" 808
"../../../../../../Users/TTV14SLassiK/Documents/Unreal Projects/MayhemPunch/Content/Main/Character/Textures/UE4Man_Logo_D.uasset" 809
