[2015.06.24-11.27.04:523][  0]Log file open, 06/24/15 14:27:04
[2015.06.24-11.27.04:523][  0]LogInit:Display: Running engine for game: MayhemPunch
[2015.06.24-11.27.04:523][  0]LogInit:Display: RandInit(-755904026) SRandInit(-755904025).
[2015.06.24-11.27.04:523][  0]LogTaskGraph: Started task graph with 4 named threads and 7 total threads.
[2015.06.24-11.27.04:523][  0]LogStats: Stats thread started
[2015.06.24-11.27.04:523][  0]LogInit: Version: 4.8.0-2579680+++depot+UE4-Releases+4.8
[2015.06.24-11.27.04:523][  0]LogInit: API Version: 2579680
[2015.06.24-11.27.04:523][  0]LogInit: Compiled (64-bit): Jun  8 2015 03:34:53
[2015.06.24-11.27.04:523][  0]LogInit: Compiled with Visual C++: 18.00.21005.01
[2015.06.24-11.27.04:523][  0]LogInit: Build Configuration: Development
[2015.06.24-11.27.04:523][  0]LogInit: Branch Name: ++depot+UE4-Releases+4.8
[2015.06.24-11.27.04:523][  0]LogInit: Command line:  
[2015.06.24-11.27.04:523][  0]LogInit: Base directory: C:/Program Files/Unreal Engine/4.8/Engine/Binaries/Win64/
[2015.06.24-11.27.04:523][  0]LogInit: Rocket: 1
[2015.06.24-11.27.04:552][  0]LogInit: Using libcurl 7.41.0
[2015.06.24-11.27.04:552][  0]LogInit:  - built for x86_64-pc-win32
[2015.06.24-11.27.04:552][  0]LogInit:  - supports SSL with WinSSL
[2015.06.24-11.27.04:552][  0]LogInit:  - other features:
[2015.06.24-11.27.04:552][  0]LogInit:      CURL_VERSION_SSL
[2015.06.24-11.27.04:552][  0]LogInit:      CURL_VERSION_IPV6
[2015.06.24-11.27.04:552][  0]LogInit:      CURL_VERSION_ASYNCHDNS
[2015.06.24-11.27.04:552][  0]LogInit:      CURL_VERSION_LARGEFILE
[2015.06.24-11.27.04:552][  0]LogInit:      CURL_VERSION_IDN
[2015.06.24-11.27.04:552][  0]LogInit:  CurlRequestOptions (configurable via config and command line):
[2015.06.24-11.27.04:552][  0]LogInit:  - bVerifyPeer = true  - Libcurl will verify peer certificate
[2015.06.24-11.27.04:552][  0]LogInit:  - bUseHttpProxy = false  - Libcurl will NOT use HTTP proxy
[2015.06.24-11.27.04:552][  0]LogInit:  - bDontReuseConnections = false  - Libcurl will reuse connections
[2015.06.24-11.27.04:552][  0]LogInit:  - CertBundlePath = nullptr  - Libcurl will use whatever was configured at build time.
[2015.06.24-11.27.04:926][  0]LogInit: WinSock: version 1.1 (2.2), MaxSocks=32767, MaxUdp=65467
[2015.06.24-11.27.04:939][  0]LogVoice:Warning: Failed to initialize voice interface
[2015.06.24-11.27.04:951][  0]LogInit: Presizing for 0 objects not considered by GC, pre-allocating 0 bytes.
[2015.06.24-11.27.04:959][  0]LogInit: Object subsystem initialized
[2015.06.24-11.27.04:959][  0]LogConsoleResponse:Warning: Skipping Unknown console variable: 'TranslucentSortAxis = (X=0.000000,Y=-1.000000,Z=0.000000)'
[2015.06.24-11.27.04:959][  0]LogConsoleResponse:Warning:   Found in ini file 'C:/Users/TTV14SVilleK/Documents/GitHub/MayhemPunch/MayhemPunch 4.8/Saved/Config/Windows/Engine.ini', in section '[/Script/Engine.RendererSettings]'
[2015.06.24-11.27.04:959][  0]LogConsoleResponse:Warning: Skipping Unknown console variable: 'UIScaleRule = ShortestSide'
[2015.06.24-11.27.04:959][  0]LogConsoleResponse:Warning:   Found in ini file 'C:/Users/TTV14SVilleK/Documents/GitHub/MayhemPunch/MayhemPunch 4.8/Saved/Config/Windows/Engine.ini', in section '[/Script/Engine.RendererSettings]'
[2015.06.24-11.27.04:959][  0]LogConsoleResponse:Warning: Skipping Unknown console variable: 'UIScaleCurve = (EditorCurveData=(Keys=),ExternalCurve=None)'
[2015.06.24-11.27.04:959][  0]LogConsoleResponse:Warning:   Found in ini file 'C:/Users/TTV14SVilleK/Documents/GitHub/MayhemPunch/MayhemPunch 4.8/Saved/Config/Windows/Engine.ini', in section '[/Script/Engine.RendererSettings]'
[2015.06.24-11.27.04:960][  0]LogInit: Selected Device Profile: [Windows]
[2015.06.24-11.27.04:960][  0]LogInit: Applying CVar settings loaded from the selected device profile: [Windows]
[2015.06.24-11.27.04:974][  0]LogInit: Computer: TA11LDML-29
[2015.06.24-11.27.04:974][  0]LogInit: User: TTV14SVilleK
[2015.06.24-11.27.04:974][  0]LogInit: CPU Page size=4096, Cores=4
[2015.06.24-11.27.04:974][  0]LogInit: High frequency timer resolution =3.316113 MHz
[2015.06.24-11.27.04:974][  0]LogMemory: Memory total: Physical=16.0GB (16GB approx)
[2015.06.24-11.27.04:974][  0]LogMemory: Platform Memory Stats for Windows
[2015.06.24-11.27.04:974][  0]LogMemory: Process Physical Memory: 52.30 MB used, 52.30 MB peak
[2015.06.24-11.27.04:974][  0]LogMemory: Process Virtual Memory: 26.75 MB used, 27.36 MB peak
[2015.06.24-11.27.04:974][  0]LogMemory: Physical Memory: 5980.49 MB used, 16344.95 MB total
[2015.06.24-11.27.04:974][  0]LogMemory: Virtual Memory: 292.80 MB used, 8388608.00 MB total
[2015.06.24-11.27.05:446][  0]LogTextLocalizationManager: The requested culture ('fi_FI') has no localization data; falling back to 'en' for localization and internationalization data.
[2015.06.24-11.27.05:662][  0]LogTextLocalizationManager:Warning: Loaded localization resources contain conflicting entries for (Namespace:ContentBrowser, Key:ImportAssetToolTip):
Localization Resource: (C:/Program Files/Unreal Engine/4.8/Engine/Content/Localization/Editor/en/Editor.locres) Source String Hash: (-630476809) Localized String: (Import to {0}...)
Localization Resource: (C:/Program Files/Unreal Engine/4.8/Engine/Content/Localization/Editor/en/Editor.locres) Source String Hash: (1271782899) Localized String: (Imports an asset from file to this folder.)
[2015.06.24-11.27.06:089][  0]LogD3D11RHI: Found D3D11 adapter 0: NVIDIA GeForce GT 640 (Feature Level 11_0)
[2015.06.24-11.27.06:089][  0]LogD3D11RHI: Adapter has 971MB of dedicated video memory, 0MB of dedicated system memory, and 3072MB of shared system memory, 2 output[s]
[2015.06.24-11.27.06:089][  0]LogD3D11RHI: Chosen D3D11 Adapter Id = 0
[2015.06.24-11.27.06:092][  0]LogRHI: Texture pool is 680 MB (70% of 971 MB)
[2015.06.24-11.27.06:099][  0]LogD3D11RHI: Async texture creation enabled
[2015.06.24-11.27.06:113][  0]LogShaderCompilers:Display: Using Local Shader Compiler.
[2015.06.24-11.27.08:549][  0]LogTemp:Display: Loaded TP DesktopTargetPlatform
[2015.06.24-11.27.08:566][  0]LogTemp:Display: Loaded TP WindowsClientTargetPlatform
[2015.06.24-11.27.08:579][  0]LogTemp:Display: Loaded TP WindowsNoEditorTargetPlatform
[2015.06.24-11.27.08:591][  0]LogTemp:Display: Loaded TP WindowsServerTargetPlatform
[2015.06.24-11.27.08:605][  0]LogTemp:Display: Loaded TP WindowsTargetPlatform
[2015.06.24-11.27.08:619][  0]LogTemp:Display: Loaded TP AndroidTargetPlatform
[2015.06.24-11.27.08:630][  0]LogTemp:Display: Loaded TP Android_ASTCTargetPlatform
[2015.06.24-11.27.08:642][  0]LogTemp:Display: Loaded TP Android_ATCTargetPlatform
[2015.06.24-11.27.08:653][  0]LogTemp:Display: Loaded TP Android_DXTTargetPlatform
[2015.06.24-11.27.08:664][  0]LogTemp:Display: Loaded TP Android_ETC1TargetPlatform
[2015.06.24-11.27.08:676][  0]LogTemp:Display: Loaded TP Android_ETC2TargetPlatform
[2015.06.24-11.27.08:687][  0]LogTemp:Display: Loaded TP Android_PVRTCTargetPlatform
[2015.06.24-11.27.08:748][  0]LogTemp:Display: Loaded TP IOSTargetPlatform
[2015.06.24-11.27.08:759][  0]LogTemp:Display: Loaded TP LinuxNoEditorTargetPlatform
[2015.06.24-11.27.08:770][  0]LogTemp:Display: Loaded TP LinuxServerTargetPlatform
[2015.06.24-11.27.08:788][  0]LogTemp:Display: Loaded TP LinuxTargetPlatform
[2015.06.24-11.27.08:788][  0]LogTargetPlatformManager:Display: Building Assets For Windows
[2015.06.24-11.27.08:966][  0]LogDerivedDataCache:Display: Max Cache Size: 512 MB
[2015.06.24-11.27.09:365][  0]LogDerivedDataCache: Loaded boot cache 0.40s 53MB C:/Users/TTV14SVilleK/AppData/Local/UnrealEngine/4.8/DerivedDataCache/Boot.ddc.
[2015.06.24-11.27.09:365][  0]LogDerivedDataCache:Display: Loaded Boot cache: C:/Users/TTV14SVilleK/AppData/Local/UnrealEngine/4.8/DerivedDataCache/Boot.ddc
[2015.06.24-11.27.09:365][  0]LogDerivedDataCache: FDerivedDataBackendGraph:  Pak pak cache file ../../../../../../Users/TTV14SVilleK/Documents/GitHub/MayhemPunch/MayhemPunch 4.8/DerivedDataCache/DDC.ddp not found, will not use a pak cache.
[2015.06.24-11.27.09:365][  0]LogDerivedDataCache: Unable to find inner node Pak for hierarchical cache Hierarchy.
[2015.06.24-11.27.09:365][  0]LogDerivedDataCache: FDerivedDataBackendGraph:  CompressedPak pak cache file ../../../../../../Users/TTV14SVilleK/Documents/GitHub/MayhemPunch/MayhemPunch 4.8/DerivedDataCache/Compressed.ddp not found, will not use a pak cache.
[2015.06.24-11.27.09:365][  0]LogDerivedDataCache: Unable to find inner node CompressedPak for hierarchical cache Hierarchy.
[2015.06.24-11.27.09:519][  0]LogDerivedDataCache:Display: Pak cache opened for reading ../../../Engine/DerivedDataCache/Compressed.ddp.
[2015.06.24-11.27.09:531][  0]LogDerivedDataCache: Using Local data cache path C:/Users/TTV14SVilleK/AppData/Local/UnrealEngine/Common/DerivedDataCache: Writable
[2015.06.24-11.27.12:772][  0]LogInit: Selected Device Profile: [Windows]
[2015.06.24-11.27.12:792][  0]ImportText (ComponentSweepMultiTests): Missing closing parenthesis: (RootShapeAsset="/Engine/BasicShapes/Cube.Cube",ShapeType="TriggerCapsule",HitResult=(Time=0.50,Location=(X=-100.000015,Y=0.0,Z=100.000015),ImpactPoint=(X=-50.0,Y=0.0,Z=50.0),Normal=(X=-1.0,Y=-0.0,Z=0.0),ImpactNormal=(X=0.0,Y=0.0,Z=1.0),TraceStart=(X=-200.0,Y=0.0,Z=200.0),TraceEnd=(X=0.0,Y=0.0,Z=0.0))
[2015.06.24-11.27.12:792][  0]ImportText (LineTraceSingleByChannelTests): Missing closing parenthesis: (RootShapeAsset="/Engine/BasicShapes/Cube.Cube",HitResult=(Time=0.50,Location=(X=-100.000015,Y=0.0,Z=100.000015),ImpactPoint=(X=-50.0,Y=0.0,Z=50.0),Normal=(X=-1.0,Y=-0.0,Z=0.0),ImpactNormal=(X=0.0,Y=0.0,Z=1.0),TraceStart=(X=-200.0,Y=0.0,Z=200.0),TraceEnd=(X=0.0,Y=0.0,Z=0.0))
[2015.06.24-11.27.12:833][  0]LogMeshUtilities: No automatic mesh reduction module available
[2015.06.24-11.27.12:833][  0]LogMeshUtilities: No automatic mesh merging module available
[2015.06.24-11.27.29:314][  0]UdpMessaging: Initializing bridge on interface 0.0.0.0:0 to multicast group 230.0.0.1:6666.
[2015.06.24-11.27.29:950][  0]SourceControl: Info Source control is disabled
[2015.06.24-11.27.29:999][  0]SourceControl: Info Source control is disabled
[2015.06.24-11.27.30:008][  0]SourceControl: Info Source control is disabled
[2015.06.24-11.27.30:016][  0]SourceControl: Info Source control is disabled
[2015.06.24-11.27.30:420][  0]LogObj: 26273 objects as part of root set at end of initial load.
[2015.06.24-11.27.30:420][  0]LogUObjectAllocator: 5409256 out of 0 bytes used by permanent object pool.
[2015.06.24-11.27.30:560][  0]LogEngine: Initializing Engine...
[2015.06.24-11.27.30:562][  0]LogHMD: Can't find Oculus library dev build: is proper Runtime installed? Version: 0.6.0.0
[2015.06.24-11.27.30:592][  0]LogHMD:Warning: SteamVR failed to initialize.  Error: 110
[2015.06.24-11.27.30:865][  0]LogAIModule: Creating AISystem for world NewWorld
[2015.06.24-11.27.30:869][  0]LogInit: XAudio2 using 'Speakers (High Definition Audio Device)' : 2 channels at 48 kHz using 32 bits per sample (channel mask 0x3)
[2015.06.24-11.27.30:889][  0]LogInit: FAudioDevice initialized.
[2015.06.24-11.27.30:913][  0]LogDerivedDataCache: Saved boot cache 0.02s 53MB C:/Users/TTV14SVilleK/AppData/Local/UnrealEngine/4.8/DerivedDataCache/Boot.ddc.
[2015.06.24-11.27.30:916][  0]LogInit: Texture streaming: Disabled
[2015.06.24-11.27.30:936][  0]LogAnalytics: Creating configured Analytics provider AnalyticsET
[2015.06.24-11.27.30:936][  0]LogAnalytics: [UEEditor.Rocket.Release] APIServer = http://et2.epicgames.com/ET2/. AppVersion = 4.8.0-2579680+++depot+UE4-Releases+4.8
[2015.06.24-11.27.30:936][  0]LogAnalytics: [UEEditor.Rocket.Release] SetUserId d652db00424d2d2668ac20b732403b95|13a6353d6e344fe8a6e53e6676d3b4bf|81e5f6f9-e625-4b87-83f3-869c0c4e9c34
[2015.06.24-11.27.30:936][  0]LogAnalytics: [UEEditor.Rocket.Release] AnalyticsET::StartSession
[2015.06.24-11.27.31:029][  0]LogInit: Transaction tracking system initialized
[2015.06.24-11.27.31:139][  0]BlueprintLog: New page: Editor Load
[2015.06.24-11.27.31:169][  0]LogAssetRegistry: FAssetRegistry took 0.0095 seconds to start up
[2015.06.24-11.27.31:169][  0]LogDirectoryWatcher:Warning: Failed to begin reading directory changes for ../../../Engine/Plugins/Experimental/CharacterAI/Content/. Error: 0
[2015.06.24-11.27.31:992][  0]LogConsoleManager:Warning: Console variable 'r.VSync' wasn't set ('GameSetting' has a lower priority than 'SystemSettingsIni')
[2015.06.24-11.27.31:992][  0]LogConsoleResponse:Display: 
[2015.06.24-11.27.32:300][  0]LogCook:Display: Done creating registry. It took  0.00s.
[2015.06.24-11.27.32:775][  0]SourceControl: Info Source control is disabled
[2015.06.24-11.27.32:775][  0]Cmd: MAP LOAD FILE="../../../../../../Users/TTV14SVilleK/Documents/GitHub/MayhemPunch/MayhemPunch 4.8/Content/Main/Maps/FirstPersonExampleMap.umap" TEMPLATE=0 SHOWPROGRESS=1 FEATURELEVEL=3
[2015.06.24-11.27.32:775][  0]LightingResults: New page: Lighting Build
[2015.06.24-11.27.32:786][  0]MapCheck: New page: Map Check
[2015.06.24-11.27.32:787][  0]LightingResults: New page: Lighting Build
[2015.06.24-11.27.32:794][  0]LogParticles: Destroying 0 GPU particle simulations for FXSystem 0x000000001B36EF20
[2015.06.24-11.27.33:446][  0]LogLinker:Warning: Can't find file '/Game/FirstPersonBP/Audio/Strong_Punch-Mike_Koenig-574430706'
[2015.06.24-11.27.33:447][  0]LogLinker:Warning: Can't find file for asset '/Game/FirstPersonBP/Audio/Strong_Punch-Mike_Koenig-574430706' while loading ../../../../../../Users/TTV14SVilleK/Documents/GitHub/MayhemPunch/MayhemPunch 4.8/Content/FirstPersonBP/Blueprints/GravityHammerImpact.uasset.
[2015.06.24-11.27.33:447][  0]LoadErrors:Error: Error /Game/FirstPersonBP/Blueprints/GravityHammerImpact : Can't find file for asset. /Game/FirstPersonBP/Audio/Strong_Punch-Mike_Koenig-574430706
[2015.06.24-11.27.33:491][  0]LogLinker:Warning: Can't find file '/Game/FirstPersonBP/Audio/Strong_Punch-Mike_Koenig-574430706'
[2015.06.24-11.27.33:491][  0]LogLinker:Warning: Can't find file for asset '/Game/FirstPersonBP/Audio/Strong_Punch-Mike_Koenig-574430706' while loading ../../../../../../Users/TTV14SVilleK/Documents/GitHub/MayhemPunch/MayhemPunch 4.8/Content/FirstPersonBP/Blueprints/GravityHammerImpact.uasset.
[2015.06.24-11.27.33:491][  0]LoadErrors:Error: Error /Game/FirstPersonBP/Blueprints/GravityHammerImpact : Can't find file for asset. /Game/FirstPersonBP/Audio/Strong_Punch-Mike_Koenig-574430706
[2015.06.24-11.27.33:498][  0]LogLinker:Warning: Can't find file '/Game/FirstPersonBP/Audio/Strong_Punch-Mike_Koenig-574430706'
[2015.06.24-11.27.33:498][  0]LogLinker:Warning: Can't find file for asset '/Game/FirstPersonBP/Audio/Strong_Punch-Mike_Koenig-574430706' while loading ../../../../../../Users/TTV14SVilleK/Documents/GitHub/MayhemPunch/MayhemPunch 4.8/Content/FirstPersonBP/Animations/OmaFPAnimBlueprint.uasset.
[2015.06.24-11.27.33:498][  0]LoadErrors:Error: Error /Game/FirstPersonBP/Animations/OmaFPAnimBlueprint : Can't find file for asset. /Game/FirstPersonBP/Audio/Strong_Punch-Mike_Koenig-574430706
[2015.06.24-11.27.33:499][  0]LogLinker:Warning: Can't find file '/Game/FirstPersonBP/Audio/Strong_Punch-Mike_Koenig-574430706'
[2015.06.24-11.27.33:499][  0]LogLinker:Warning: Can't find file for asset '/Game/FirstPersonBP/Audio/Strong_Punch-Mike_Koenig-574430706' while loading ../../../../../../Users/TTV14SVilleK/Documents/GitHub/MayhemPunch/MayhemPunch 4.8/Content/FirstPersonBP/Animations/OmaFPAnimBlueprint.uasset.
[2015.06.24-11.27.33:499][  0]LoadErrors:Error: Error /Game/FirstPersonBP/Animations/OmaFPAnimBlueprint : Can't find file for asset. /Game/FirstPersonBP/Audio/Strong_Punch-Mike_Koenig-574430706
[2015.06.24-11.27.33:502][  0]LogLinker:Warning: Can't find file '/Game/FirstPersonBP/Audio/Strong_Punch-Mike_Koenig-574430706'
[2015.06.24-11.27.33:502][  0]LoadErrors: Info Failed to load /Game/Blueprints/Behavior/botTree.botTree Referenced by EdGraphPin_15423
[2015.06.24-11.27.33:502][  0]LogLinker:Warning: Can't find file for asset '/Game/FirstPersonBP/Audio/Strong_Punch-Mike_Koenig-574430706' while loading ../../../../../../Users/TTV14SVilleK/Documents/GitHub/MayhemPunch/MayhemPunch 4.8/Content/FirstPersonBP/Animations/OmaFPAnimBlueprint.uasset.
[2015.06.24-11.27.33:502][  0]LoadErrors: Info Failed to load /Game/Blueprints/Behavior/botTree.botTree Referenced by EdGraphPin_15423
[2015.06.24-11.27.33:502][  0]LoadErrors:Error: Error /Game/FirstPersonBP/Animations/OmaFPAnimBlueprint : Can't find file for asset. /Game/FirstPersonBP/Audio/Strong_Punch-Mike_Koenig-574430706
[2015.06.24-11.27.34:069][  0]LogLinker:Warning: Can't find file '/Game/FirstPersonBP/Meshes/FirstPerson_ProjectileMesh'
[2015.06.24-11.27.34:069][  0]LogLinker:Warning: Can't find file for asset '/Game/FirstPersonBP/Meshes/FirstPerson_ProjectileMesh' while loading ../../../../../../Users/TTV14SVilleK/Documents/GitHub/MayhemPunch/MayhemPunch 4.8/Content/FirstPersonBP/Blueprints/Dynamite.uasset.
[2015.06.24-11.27.34:069][  0]LoadErrors:Error: Error /Game/FirstPersonBP/Blueprints/Dynamite : Can't find file for asset. /Game/FirstPersonBP/Meshes/FirstPerson_ProjectileMesh
[2015.06.24-11.27.34:082][  0]LogLinker:Warning: Can't find file '/Game/FirstPersonBP/Meshes/FirstPerson_ProjectileMesh'
[2015.06.24-11.27.34:082][  0]LogLinker:Warning: Can't find file for asset '/Game/FirstPersonBP/Meshes/FirstPerson_ProjectileMesh' while loading ../../../../../../Users/TTV14SVilleK/Documents/GitHub/MayhemPunch/MayhemPunch 4.8/Content/FirstPersonBP/Blueprints/Dynamite.uasset.
[2015.06.24-11.27.34:083][  0]LoadErrors:Error: Error /Game/FirstPersonBP/Blueprints/Dynamite : Can't find file for asset. /Game/FirstPersonBP/Meshes/FirstPerson_ProjectileMesh
[2015.06.24-11.27.34:090][  0]LogLinker:Warning: Can't find file '/Game/FirstPersonBP/Meshes/FirstPerson_ProjectileMesh'
[2015.06.24-11.27.34:090][  0]LogLinker:Warning: Can't find file for asset '/Game/FirstPersonBP/Meshes/FirstPerson_ProjectileMesh' while loading ../../../../../../Users/TTV14SVilleK/Documents/GitHub/MayhemPunch/MayhemPunch 4.8/Content/FirstPersonBP/Animations/OmaFPAnimBlueprint.uasset.
[2015.06.24-11.27.34:090][  0]LoadErrors:Error: Error /Game/FirstPersonBP/Animations/OmaFPAnimBlueprint : Can't find file for asset. /Game/FirstPersonBP/Meshes/FirstPerson_ProjectileMesh
[2015.06.24-11.27.34:090][  0]LogLinker:Warning: Can't find file '/Game/FirstPersonBP/Meshes/FirstPerson_ProjectileMesh'
[2015.06.24-11.27.34:090][  0]LogLinker:Warning: Can't find file for asset '/Game/FirstPersonBP/Meshes/FirstPerson_ProjectileMesh' while loading ../../../../../../Users/TTV14SVilleK/Documents/GitHub/MayhemPunch/MayhemPunch 4.8/Content/FirstPersonBP/Animations/OmaFPAnimBlueprint.uasset.
[2015.06.24-11.27.34:090][  0]LoadErrors:Error: Error /Game/FirstPersonBP/Animations/OmaFPAnimBlueprint : Can't find file for asset. /Game/FirstPersonBP/Meshes/FirstPerson_ProjectileMesh
[2015.06.24-11.27.34:098][  0]LogLinker:Warning: Can't find file '/Game/FirstPersonBP/Meshes/FirstPerson_ProjectileMesh'
[2015.06.24-11.27.34:098][  0]LoadErrors: Info Failed to load /Game/Blueprints/Behavior/botTree.botTree Referenced by StaticMeshComponent_252__1AD2D010
[2015.06.24-11.27.34:098][  0]LogLinker:Warning: Can't find file for asset '/Game/FirstPersonBP/Meshes/FirstPerson_ProjectileMesh' while loading ../../../../../../Users/TTV14SVilleK/Documents/GitHub/MayhemPunch/MayhemPunch 4.8/Content/FirstPersonBP/Animations/OmaFPAnimBlueprint.uasset.
[2015.06.24-11.27.34:098][  0]LoadErrors: Info Failed to load /Game/Blueprints/Behavior/botTree.botTree Referenced by StaticMeshComponent_252__1AD2D010
[2015.06.24-11.27.34:098][  0]LoadErrors:Error: Error /Game/FirstPersonBP/Animations/OmaFPAnimBlueprint : Can't find file for asset. /Game/FirstPersonBP/Meshes/FirstPerson_ProjectileMesh
[2015.06.24-11.27.43:608][  0]LogAIModule: Creating AISystem for world FirstPersonExampleMap
[2015.06.24-11.27.43:654][  0]LogSkinnedMeshComp:Warning: GetSocketByName(): No SkeletalMesh for Weapon
[2015.06.24-11.27.43:654][  0]LogSkinnedMeshComp:Warning: GetSocketByName(): No SkeletalMesh for Weapon
[2015.06.24-11.27.43:654][  0]LogSkinnedMeshComp:Warning: GetSocketByName(): No SkeletalMesh for Weapon
[2015.06.24-11.27.43:654][  0]LogSkinnedMeshComp:Warning: GetSocketByName(): No SkeletalMesh for Weapon
[2015.06.24-11.27.43:660][  0]LogSkinnedMeshComp:Warning: GetSocketByName(): No SkeletalMesh for Weapon
[2015.06.24-11.27.43:660][  0]LogSkinnedMeshComp:Warning: GetSocketByName(): No SkeletalMesh for Weapon
[2015.06.24-11.27.43:661][  0]LogSkinnedMeshComp:Warning: GetSocketByName(): No SkeletalMesh for Weapon
[2015.06.24-11.27.43:661][  0]LogSkinnedMeshComp:Warning: GetSocketByName(): No SkeletalMesh for Weapon
[2015.06.24-11.27.43:661][  0]LogSkinnedMeshComp:Warning: GetSocketByName(): No SkeletalMesh for Weapon
[2015.06.24-11.27.43:661][  0]LogSkinnedMeshComp:Warning: GetSocketByName(): No SkeletalMesh for Weapon
[2015.06.24-11.27.43:662][  0]LogSkinnedMeshComp:Warning: GetSocketByName(): No SkeletalMesh for Weapon
[2015.06.24-11.27.43:662][  0]LogSkinnedMeshComp:Warning: GetSocketByName(): No SkeletalMesh for Weapon
[2015.06.24-11.27.43:662][  0]LogSkinnedMeshComp:Warning: GetSocketByName(): No SkeletalMesh for Weapon
[2015.06.24-11.27.43:662][  0]LogSkinnedMeshComp:Warning: GetSocketByName(): No SkeletalMesh for Weapon
[2015.06.24-11.27.43:662][  0]LogSkinnedMeshComp:Warning: GetSocketByName(): No SkeletalMesh for Weapon
[2015.06.24-11.27.43:662][  0]LogSkinnedMeshComp:Warning: GetSocketByName(): No SkeletalMesh for Weapon
[2015.06.24-11.27.43:662][  0]LogSkinnedMeshComp:Warning: GetSocketByName(): No SkeletalMesh for Weapon
[2015.06.24-11.27.43:662][  0]LogSkinnedMeshComp:Warning: GetSocketByName(): No SkeletalMesh for Weapon
[2015.06.24-11.27.43:662][  0]LogSkinnedMeshComp:Warning: GetSocketByName(): No SkeletalMesh for Weapon
[2015.06.24-11.27.43:662][  0]LogSkinnedMeshComp:Warning: GetSocketByName(): No SkeletalMesh for Weapon
[2015.06.24-11.27.43:662][  0]LogSkinnedMeshComp:Warning: GetSocketByName(): No SkeletalMesh for Weapon
[2015.06.24-11.27.43:662][  0]LogSkinnedMeshComp:Warning: GetSocketByName(): No SkeletalMesh for Weapon
[2015.06.24-11.27.43:679][  0]LogEditorServer: Finished looking for orphan Actors (0.000 secs)
[2015.06.24-11.27.43:684][  0]Cmd: MAP CHECKDEP NOCLEARLOG
[2015.06.24-11.27.43:760][  0]MapCheck: Info Map check complete: 0 Error(s), 0 Warning(s), took 76.14ms to complete.
[2015.06.24-11.27.43:760][  0]LogFileHelpers: Loading map 'FirstPersonExampleMap' took 10.985
[2015.06.24-11.27.43:916][  0]LogCollectionManager: Loaded 0 collections in 0.001624 seconds
[2015.06.24-11.27.43:922][  0]LogContentBrowser: Native class hierarchy populated in 0.0064 seconds. Added 1792 classes and 301 folders.
[2015.06.24-11.27.43:971][  0]LogContentBrowser: Native class hierarchy updated for 'WidgetCarousel' in 0.0004 seconds. Added 0 classes and 0 folders.
[2015.06.24-11.27.44:028][  0]LogContentBrowser: Native class hierarchy updated for 'AddContentDialog' in 0.0006 seconds. Added 0 classes and 0 folders.
[2015.06.24-11.27.44:055][  0]LogContentBrowser: Native class hierarchy updated for 'SceneOutliner' in 0.0004 seconds. Added 1 classes and 2 folders.
[2015.06.24-11.27.44:182][  0]LogCrashTracker: Crashtracker disabled due to settings.
[2015.06.24-11.27.44:186][  0]LogUObjectGlobals:Warning: Failed to find object 'Class None.'
[2015.06.24-11.27.44:206][  0]LogLoad: Full Startup: 42.00 seconds (BP compile: 2.53 seconds)
[2015.06.24-11.27.44:607][  0]LogContentStreaming: Texture pool size is 0.000000MB
[2015.06.24-11.27.44:678][  0]LogContentStreaming: Texture pool size now 1000 MB
[2015.06.24-11.27.44:941][  0]LogRenderer: Reallocating scene render targets to support 1208x632 (Frame:2).
[2015.06.24-11.27.52:973][ 24]LogAssetRegistry: Asset discovery search completed in 21.8149 seconds
[2015.06.24-11.33.08:874][678]Cmd: POLY SELECT ADJACENT ALL
[2015.06.24-11.33.16:959][147]Cmd: POLY TEXSCALE  UU=0.500000 VV=0.500000
[2015.06.24-11.33.18:880][248]LogEditorViewport: Clicking on Actor (LMB): BP_Sky_Sphere_C (SkySphereBlueprint)
[2015.06.24-11.33.45:664][161]Cmd: POLY SELECT ADJACENT ALL
[2015.06.24-11.33.51:963][660]Cmd: POLY TEXSCALE  UU=1.000000 VV=1.000000
[2015.06.24-11.34.20:506][ 25]Cmd: POLY TEXSCALE  UU=0.500000 VV=0.500000
[2015.06.24-11.34.21:247][ 47]Cmd: POLY TEXSCALE  UU=0.500000 VV=0.500000
[2015.06.24-11.34.26:442][348]Cmd: POLY TEXPAN U=64.000000 V=0.000000
[2015.06.24-11.34.28:324][430]Cmd: POLY TEXPAN U=16.000000 V=0.000000
[2015.06.24-11.34.29:793][499]Cmd: POLY TEXPAN U=16.000000 V=0.000000
[2015.06.24-11.34.31:560][581]Cmd: POLY TEXPAN U=0.000000 V=16.000000
[2015.06.24-11.34.32:930][636]Cmd: POLY TEXPAN U=0.000000 V=16.000000
[2015.06.24-11.34.35:307][739]Cmd: POLY TEXPAN U=0.000000 V=4.000000
[2015.06.24-11.34.41:771][114]Cmd: POLY TEXPAN U=4.000000 V=0.000000
[2015.06.24-11.34.43:243][178]Cmd: POLY TEXPAN U=4.000000 V=0.000000
[2015.06.24-11.34.44:544][230]Cmd: POLY TEXPAN U=16.000000 V=0.000000
[2015.06.24-11.34.45:803][285]Cmd: POLY TEXPAN U=4.000000 V=0.000000
[2015.06.24-11.34.46:535][312]Cmd: POLY TEXPAN U=4.000000 V=0.000000
[2015.06.24-11.34.47:108][333]Cmd: POLY TEXPAN U=4.000000 V=0.000000
[2015.06.24-11.35.12:715][640]Cmd: POLY TEXSCALE  UU=0.500000 VV=0.500000
[2015.06.24-11.35.27:744][319]Cmd: POLY TEXPAN U=64.000000 V=0.000000
[2015.06.24-11.35.30:025][416]Cmd: POLY TEXPAN U=0.000000 V=16.000000
[2015.06.24-11.35.37:829][834]Cmd: POLY TEXPAN U=-0.000000 V=-4.000000
[2015.06.24-11.35.43:616][154]Cmd: POLY TEXPAN U=-4.000000 V=-0.000000
[2015.06.24-11.35.45:808][256]Cmd: POLY TEXPAN U=4.000000 V=0.000000
[2015.06.24-11.35.46:545][284]Cmd: POLY TEXPAN U=4.000000 V=0.000000
[2015.06.24-11.35.47:175][310]Cmd: POLY TEXPAN U=4.000000 V=0.000000
[2015.06.24-11.35.47:690][328]Cmd: POLY TEXPAN U=4.000000 V=0.000000
[2015.06.24-11.35.52:723][590]LogEditorViewport: Clicking on Actor (LMB): botCharacter_C (botCharacter)
[2015.06.24-11.35.58:102][923]Cmd: DELETE
[2015.06.24-11.35.58:102][923]Cmd: ACTOR DELETE
[2015.06.24-11.35.58:114][923]LogEditorActor: Deleted Actor: botCharacter_C
[2015.06.24-11.35.58:114][923]LogSkinnedMeshComp:Warning: GetSocketByName(): No SkeletalMesh for Weapon
[2015.06.24-11.35.58:114][923]LogSkinnedMeshComp:Warning: GetSocketByName(): No SkeletalMesh for Weapon
[2015.06.24-11.35.58:114][923]LogSkinnedMeshComp:Warning: GetSocketByName(): No SkeletalMesh for Weapon
[2015.06.24-11.35.58:114][923]LogSkinnedMeshComp:Warning: GetSocketByName(): No SkeletalMesh for Weapon
[2015.06.24-11.35.58:539][923]LogEditorActor: Deleted 1 Actors (0.435 secs)
[2015.06.24-11.36.03:502][225]LogSavePackage: Save=782.595764ms
[2015.06.24-11.36.03:502][225]LogSavePackage: Moving '../../../../../../Users/TTV14SVilleK/Documents/GitHub/MayhemPunch/MayhemPunch 4.8/Saved/FirstPersonExampleMap2D10CD7B4A034B2A56172D8423FE2890.tmp' to '../../../../../../Users/TTV14SVilleK/Documents/GitHub/MayhemPunch/MayhemPunch 4.8/Content/Main/Maps/FirstPersonExampleMap.umap'
[2015.06.24-11.36.03:587][225]LogFileHelpers: Saving map 'FirstPersonExampleMap' took 1.047
[2015.06.24-11.36.43:167][180]LogStaticMesh: Building static mesh AreenaReuna...
[2015.06.24-11.36.44:367][180]LogStaticMesh: Built static mesh [1.200121.2s] /Game/Main/Meshes/AreenaMeshit/AreenaReuna.AreenaReuna
[2015.06.24-11.36.44:399][180]LogActorFactory: Actor Factory created AreenaReuna
[2015.06.24-11.36.47:197][180]EditorErrors: New page: Actor Reattachment
[2015.06.24-11.36.49:371][345]Cmd: TRANSACTION UNDO
[2015.06.24-11.36.49:371][345]LogEditorTransaction: Undo Convert Actors
[2015.06.24-11.39.43:015][345]LogActorComponent: ~FComponentReregisterContext: (/Game/Main/Maps/FirstPersonExampleMap.FirstPersonExampleMap:PersistentLevel.VihollisHole7.BrushComponent0) Component already registered.
[2015.06.24-11.39.43:063][345]LogActorComponent: ~FComponentReregisterContext: (/Game/Main/Maps/FirstPersonExampleMap.FirstPersonExampleMap:PersistentLevel.KeskiPorrasHole2.BrushComponent0) Component already registered.
[2015.06.24-11.39.43:063][345]LogActorComponent: ~FComponentReregisterContext: (/Game/Main/Maps/FirstPersonExampleMap.FirstPersonExampleMap:PersistentLevel.KeskiPorrasHole2_28.BrushComponent0) Component already registered.
[2015.06.24-11.40.04:538][716]LogEditorViewport: Clicking on Actor (LMB): NavMeshBoundsVolume (NavMeshBoundsVolume)
[2015.06.24-11.40.32:974][740]LogStaticMesh: Building static mesh Reunaportaat...
[2015.06.24-11.40.33:124][740]LogStaticMesh: Built static mesh [0.149678.2s] /Game/Main/Meshes/AreenaMeshit/Reunaportaat.Reunaportaat
[2015.06.24-11.40.38:309][740]LogActorFactory: Actor Factory created Reunaportaat
[2015.06.24-11.40.43:257][740]EditorErrors: New page: Actor Reattachment
[2015.06.24-11.41.21:899][343]LogStaticMesh: Building static mesh Reunaportaat2...
[2015.06.24-11.41.22:048][343]LogStaticMesh: Built static mesh [0.149338.2s] /Game/Main/Meshes/AreenaMeshit/Reunaportaat2.Reunaportaat2
[2015.06.24-11.41.29:130][343]LogActorFactory: Actor Factory created Reunaportaat2
[2015.06.24-11.41.32:342][343]EditorErrors: New page: Actor Reattachment
[2015.06.24-11.43.57:535][715]LogStaticMesh: Building static mesh LabraLasi...
[2015.06.24-11.43.57:736][715]LogStaticMesh: Built static mesh [0.201293.2s] /Game/Main/Meshes/LabraLasi.LabraLasi
[2015.06.24-11.44.01:488][715]LogActorFactory: Actor Factory created LabraLasi
[2015.06.24-11.44.04:433][715]EditorErrors: New page: Actor Reattachment
[2015.06.24-11.45.00:977][619]LogEditorViewport: Clicking on Actor (LMB): DestructibleActor (YlinLattia)
[2015.06.24-11.45.01:086][623]LogEditorViewport: Clicking on Component (LMB): DestructibleComponent (DestructibleComponent0)
[2015.06.24-11.45.25:108][713]BlueprintLog: New page: Pre-PIE auto-recompile
[2015.06.24-11.45.25:108][713]LogPlayLevel: [PIE] Compiling FirstPersonExampleMap before PIE...
[2015.06.24-11.45.25:249][713]LogPlayLevel: PIE:  Blueprint regeneration took 141 ms (1 blueprints)
[2015.06.24-11.45.25:252][713]PIE: New page: PIE session: FirstPersonExampleMap (Jun 24, 2015, 5:45:25 PM)
[2015.06.24-11.45.25:252][713]LogPlayLevel: Creating play world package: /Game/Main/Maps/UEDPIE_0_FirstPersonExampleMap
[2015.06.24-11.45.25:370][713]LogPlayLevel: PIE: StaticDuplicateObject took: (0.117261s)
[2015.06.24-11.45.25:370][713]LogAIModule: Creating AISystem for world FirstPersonExampleMap
[2015.06.24-11.45.25:371][713]LogPlayLevel: PIE: World Init took: (0.001137s)
[2015.06.24-11.45.25:371][713]LogPlayLevel: PIE: Created PIE world by copying editor world from /Game/Main/Maps/FirstPersonExampleMap.FirstPersonExampleMap to /Game/Main/Maps/UEDPIE_0_FirstPersonExampleMap.FirstPersonExampleMap (0.118624s)
[2015.06.24-11.45.25:403][713]LogInit: XAudio2 using 'Speakers (High Definition Audio Device)' : 2 channels at 48 kHz using 32 bits per sample (channel mask 0x3)
[2015.06.24-11.45.25:408][713]LogInit: FAudioDevice initialized.
[2015.06.24-11.45.25:452][713]LogWorld: Game class is 'FirstPersonGameMode_C'
[2015.06.24-11.45.25:505][713]LogWorld:Warning: *** WARNING - PATHS MAY NOT BE VALID ***
[2015.06.24-11.45.25:505][713]LogWorld: Bringing World /Game/Main/Maps/UEDPIE_0_FirstPersonExampleMap.FirstPersonExampleMap up for play (max tick rate 0) at 2015.06.24-14.45.25
[2015.06.24-11.45.25:505][713]LogActor:Warning: GameSession /Game/Main/Maps/UEDPIE_0_FirstPersonExampleMap.FirstPersonExampleMap:PersistentLevel.GameSession_0 has natively added scene component(s), but none of them were set as the actor's RootComponent - picking one arbitrarily
[2015.06.24-11.45.25:505][713]LogActor:Warning: GameNetworkManager /Game/Main/Maps/UEDPIE_0_FirstPersonExampleMap.FirstPersonExampleMap:PersistentLevel.GameNetworkManager_0 has natively added scene component(s), but none of them were set as the actor's RootComponent - picking one arbitrarily
[2015.06.24-11.45.25:515][713]LogWorld: Bringing up level for play took: 0.061156
[2015.06.24-11.45.25:525][713]LogVoice:Warning: Failed to initialize voice interface
[2015.06.24-11.45.25:526][713]LogOnline:Warning: NULL: Can't start an online game for session (Game) that hasn't been created
[2015.06.24-11.45.25:527][713]PIE: Info Play in editor start time for /Game/Main/Maps/UEDPIE_0_FirstPersonExampleMap 0.426
[2015.06.24-11.45.25:596][714]LogStats:Warning: MetaData mismatch. Did you assign a stat to two groups? New //STATGROUP_Threads//OnlineAsyncTaskThreadNull///Thread_1f14_0///####STATCAT_Advanced#### old //STATGROUP_Threads//OnlineAsyncTaskThreadNull///Thread_1950_0///####STATCAT_Advanced####
[2015.06.24-11.45.28:549][821]LogOnline:Display: NULL: FOnlineSubsystemNull::Shutdown()
[2015.06.24-11.45.28:549][821]LogPlayLevel:Display: Shutting down PIE online subsystems
[2015.06.24-11.45.28:604][822]LogParticles: Destroying 0 GPU particle simulations for FXSystem 0x0000000020DE4D60
[2015.06.24-11.45.28:618][822]LogPlayLevel:Display: Destroying online subsystem :Context_6
[2015.06.24-11.45.28:618][822]LogOnline:Display: NULL: FOnlineSubsystemNull::Shutdown()
[2015.06.24-11.45.33:701][907]BlueprintLog: New page: Pre-PIE auto-recompile
[2015.06.24-11.45.33:702][907]LogPlayLevel: [PIE] Compiling FirstPersonExampleMap before PIE...
[2015.06.24-11.45.33:846][907]LogPlayLevel: PIE:  Blueprint regeneration took 144 ms (1 blueprints)
[2015.06.24-11.45.33:847][907]PIE: New page: PIE session: FirstPersonExampleMap (Jun 24, 2015, 5:45:33 PM)
[2015.06.24-11.45.33:847][907]LogPlayLevel: Creating play world package: /Game/Main/Maps/UEDPIE_0_FirstPersonExampleMap
[2015.06.24-11.45.33:962][907]LogPlayLevel: PIE: StaticDuplicateObject took: (0.114583s)
[2015.06.24-11.45.33:962][907]LogAIModule: Creating AISystem for world FirstPersonExampleMap
[2015.06.24-11.45.33:963][907]LogPlayLevel: PIE: World Init took: (0.001063s)
[2015.06.24-11.45.33:963][907]LogPlayLevel: PIE: Created PIE world by copying editor world from /Game/Main/Maps/FirstPersonExampleMap.FirstPersonExampleMap to /Game/Main/Maps/UEDPIE_0_FirstPersonExampleMap.FirstPersonExampleMap (0.115849s)
[2015.06.24-11.45.33:991][907]LogInit: XAudio2 using 'Speakers (High Definition Audio Device)' : 2 channels at 48 kHz using 32 bits per sample (channel mask 0x3)
[2015.06.24-11.45.33:997][907]LogInit: FAudioDevice initialized.
[2015.06.24-11.45.34:028][907]LogWorld: Game class is 'FirstPersonGameMode_C'
[2015.06.24-11.45.34:046][907]LogWorld:Warning: *** WARNING - PATHS MAY NOT BE VALID ***
[2015.06.24-11.45.34:046][907]LogWorld: Bringing World /Game/Main/Maps/UEDPIE_0_FirstPersonExampleMap.FirstPersonExampleMap up for play (max tick rate 0) at 2015.06.24-14.45.34
[2015.06.24-11.45.34:046][907]LogActor:Warning: GameSession /Game/Main/Maps/UEDPIE_0_FirstPersonExampleMap.FirstPersonExampleMap:PersistentLevel.GameSession_1 has natively added scene component(s), but none of them were set as the actor's RootComponent - picking one arbitrarily
[2015.06.24-11.45.34:046][907]LogActor:Warning: GameNetworkManager /Game/Main/Maps/UEDPIE_0_FirstPersonExampleMap.FirstPersonExampleMap:PersistentLevel.GameNetworkManager_1 has natively added scene component(s), but none of them were set as the actor's RootComponent - picking one arbitrarily
[2015.06.24-11.45.34:056][907]LogWorld: Bringing up level for play took: 0.025625
[2015.06.24-11.45.34:066][907]LogVoice:Warning: Failed to initialize voice interface
[2015.06.24-11.45.34:067][907]LogOnline:Warning: NULL: Can't start an online game for session (Game) that hasn't been created
[2015.06.24-11.45.34:068][907]PIE: Info Play in editor start time for /Game/Main/Maps/UEDPIE_0_FirstPersonExampleMap 0.967
[2015.06.24-11.45.34:103][908]LogStats:Warning: MetaData mismatch. Did you assign a stat to two groups? New //STATGROUP_Threads//OnlineAsyncTaskThreadNull///Thread_19d0_0///####STATCAT_Advanced#### old //STATGROUP_Threads//OnlineAsyncTaskThreadNull///Thread_1950_0///####STATCAT_Advanced####
[2015.06.24-11.46.02:625][ 58]LogOnline:Display: NULL: FOnlineSubsystemNull::Shutdown()
[2015.06.24-11.46.02:625][ 58]LogPlayLevel:Display: Shutting down PIE online subsystems
[2015.06.24-11.46.02:675][ 58]LogParticles: Destroying 0 GPU particle simulations for FXSystem 0x000000001F7EAA20
[2015.06.24-11.46.02:703][ 59]LogPlayLevel:Display: Destroying online subsystem :Context_7
[2015.06.24-11.46.02:703][ 59]LogOnline:Display: NULL: FOnlineSubsystemNull::Shutdown()
[2015.06.24-11.46.03:270][104]LogEditorViewport: Clicking on Actor (LMB): StaticMeshActor (Reunaportaat2)
[2015.06.24-11.46.27:142][368]BlueprintLog: New page: Pre-PIE auto-recompile
[2015.06.24-11.46.27:143][368]LogPlayLevel: [PIE] Compiling FirstPersonExampleMap before PIE...
[2015.06.24-11.46.27:268][368]LogPlayLevel: PIE:  Blueprint regeneration took 125 ms (1 blueprints)
[2015.06.24-11.46.27:269][368]PIE: New page: PIE session: FirstPersonExampleMap (Jun 24, 2015, 5:46:27 PM)
[2015.06.24-11.46.27:269][368]LogPlayLevel: Creating play world package: /Game/Main/Maps/UEDPIE_0_FirstPersonExampleMap
[2015.06.24-11.46.27:384][368]LogPlayLevel: PIE: StaticDuplicateObject took: (0.114895s)
[2015.06.24-11.46.27:385][368]LogAIModule: Creating AISystem for world FirstPersonExampleMap
[2015.06.24-11.46.27:385][368]LogPlayLevel: PIE: World Init took: (0.001120s)
[2015.06.24-11.46.27:385][368]LogPlayLevel: PIE: Created PIE world by copying editor world from /Game/Main/Maps/FirstPersonExampleMap.FirstPersonExampleMap to /Game/Main/Maps/UEDPIE_0_FirstPersonExampleMap.FirstPersonExampleMap (0.116235s)
[2015.06.24-11.46.27:414][368]LogInit: XAudio2 using 'Speakers (High Definition Audio Device)' : 2 channels at 48 kHz using 32 bits per sample (channel mask 0x3)
[2015.06.24-11.46.27:419][368]LogInit: FAudioDevice initialized.
[2015.06.24-11.46.27:451][368]LogWorld: Game class is 'FirstPersonGameMode_C'
[2015.06.24-11.46.27:469][368]LogWorld:Warning: *** WARNING - PATHS MAY NOT BE VALID ***
[2015.06.24-11.46.27:469][368]LogWorld: Bringing World /Game/Main/Maps/UEDPIE_0_FirstPersonExampleMap.FirstPersonExampleMap up for play (max tick rate 0) at 2015.06.24-14.46.27
[2015.06.24-11.46.27:469][368]LogActor:Warning: GameSession /Game/Main/Maps/UEDPIE_0_FirstPersonExampleMap.FirstPersonExampleMap:PersistentLevel.GameSession_2 has natively added scene component(s), but none of them were set as the actor's RootComponent - picking one arbitrarily
[2015.06.24-11.46.27:469][368]LogActor:Warning: GameNetworkManager /Game/Main/Maps/UEDPIE_0_FirstPersonExampleMap.FirstPersonExampleMap:PersistentLevel.GameNetworkManager_2 has natively added scene component(s), but none of them were set as the actor's RootComponent - picking one arbitrarily
[2015.06.24-11.46.27:479][368]LogWorld: Bringing up level for play took: 0.025852
[2015.06.24-11.46.27:489][368]LogVoice:Warning: Failed to initialize voice interface
[2015.06.24-11.46.27:490][368]LogOnline:Warning: NULL: Can't start an online game for session (Game) that hasn't been created
[2015.06.24-11.46.27:491][368]PIE: Info Play in editor start time for /Game/Main/Maps/UEDPIE_0_FirstPersonExampleMap 0.392
[2015.06.24-11.46.27:508][369]LogStats:Warning: MetaData mismatch. Did you assign a stat to two groups? New //STATGROUP_Threads//OnlineAsyncTaskThreadNull///Thread_11d0_0///####STATCAT_Advanced#### old //STATGROUP_Threads//OnlineAsyncTaskThreadNull///Thread_1950_0///####STATCAT_Advanced####
[2015.06.24-11.46.54:372][440]LogOnline:Display: NULL: FOnlineSubsystemNull::Shutdown()
[2015.06.24-11.46.54:372][440]LogPlayLevel:Display: Shutting down PIE online subsystems
[2015.06.24-11.46.54:421][440]LogParticles: Destroying 0 GPU particle simulations for FXSystem 0x00000000205FD580
[2015.06.24-11.46.54:461][441]LogPlayLevel:Display: Destroying online subsystem :Context_8
[2015.06.24-11.46.54:461][441]LogOnline:Display: NULL: FOnlineSubsystemNull::Shutdown()
[2015.06.24-11.46.55:135][489]LogEditorViewport: Clicking on Actor (LMB): StaticMeshActor (Reunaportaat)
[2015.06.24-11.47.21:523][847]BlueprintLog: New page: Pre-PIE auto-recompile
[2015.06.24-11.47.21:523][847]LogPlayLevel: [PIE] Compiling FirstPersonExampleMap before PIE...
[2015.06.24-11.47.21:649][847]LogPlayLevel: PIE:  Blueprint regeneration took 126 ms (1 blueprints)
[2015.06.24-11.47.21:650][847]PIE: New page: PIE session: FirstPersonExampleMap (Jun 24, 2015, 5:47:21 PM)
[2015.06.24-11.47.21:650][847]LogPlayLevel: Creating play world package: /Game/Main/Maps/UEDPIE_0_FirstPersonExampleMap
[2015.06.24-11.47.21:766][847]LogPlayLevel: PIE: StaticDuplicateObject took: (0.116203s)
[2015.06.24-11.47.21:767][847]LogAIModule: Creating AISystem for world FirstPersonExampleMap
[2015.06.24-11.47.21:768][847]LogPlayLevel: PIE: World Init took: (0.001088s)
[201