[2015.06.30-09.01.11:869][  0]Log file open, 06/30/15 12:01:11
[2015.06.30-09.01.11:869][  0]LogInit:Display: Running engine for game: MayhemPunch
[2015.06.30-09.01.11:869][  0]LogInit:Display: RandInit(-1667170138) SRandInit(-1667170137).
[2015.06.30-09.01.11:869][  0]LogTaskGraph: Started task graph with 4 named threads and 7 total threads.
[2015.06.30-09.01.11:869][  0]LogStats: Stats thread started
[2015.06.30-09.01.11:869][  0]LogInit: Version: 4.8.1-2591939+++depot+UE4-Releases+4.8
[2015.06.30-09.01.11:869][  0]LogInit: API Version: 2579680
[2015.06.30-09.01.11:869][  0]LogInit: Compiled (64-bit): Jun 18 2015 11:02:04
[2015.06.30-09.01.11:869][  0]LogInit: Compiled with Visual C++: 18.00.21005.01
[2015.06.30-09.01.11:869][  0]LogInit: Build Configuration: Development
[2015.06.30-09.01.11:869][  0]LogInit: Branch Name: ++depot+UE4-Releases+4.8
[2015.06.30-09.01.11:869][  0]LogInit: Command line:  
[2015.06.30-09.01.11:869][  0]LogInit: Base directory: C:/Program Files/Unreal Engine/4.8/Engine/Binaries/Win64/
[2015.06.30-09.01.11:869][  0]LogInit: Rocket: 1
[2015.06.30-09.01.11:885][  0]LogInit: Using libcurl 7.41.0
[2015.06.30-09.01.11:885][  0]LogInit:  - built for x86_64-pc-win32
[2015.06.30-09.01.11:885][  0]LogInit:  - supports SSL with WinSSL
[2015.06.30-09.01.11:885][  0]LogInit:  - other features:
[2015.06.30-09.01.11:885][  0]LogInit:      CURL_VERSION_SSL
[2015.06.30-09.01.11:885][  0]LogInit:      CURL_VERSION_IPV6
[2015.06.30-09.01.11:885][  0]LogInit:      CURL_VERSION_ASYNCHDNS
[2015.06.30-09.01.11:885][  0]LogInit:      CURL_VERSION_LARGEFILE
[2015.06.30-09.01.11:885][  0]LogInit:      CURL_VERSION_IDN
[2015.06.30-09.01.11:885][  0]LogInit:  CurlRequestOptions (configurable via config and command line):
[2015.06.30-09.01.11:885][  0]LogInit:  - bVerifyPeer = true  - Libcurl will verify peer certificate
[2015.06.30-09.01.11:885][  0]LogInit:  - bUseHttpProxy = false  - Libcurl will NOT use HTTP proxy
[2015.06.30-09.01.11:885][  0]LogInit:  - bDontReuseConnections = false  - Libcurl will reuse connections
[2015.06.30-09.01.11:885][  0]LogInit:  - CertBundlePath = nullptr  - Libcurl will use whatever was configured at build time.
[2015.06.30-09.01.11:932][  0]LogInit: WinSock: version 1.1 (2.2), MaxSocks=32767, MaxUdp=65467
[2015.06.30-09.01.11:946][  0]LogVoice:Warning: Failed to initialize voice interface
[2015.06.30-09.01.11:959][  0]LogInit: Presizing for 0 objects not considered by GC, pre-allocating 0 bytes.
[2015.06.30-09.01.11:967][  0]LogInit: Object subsystem initialized
[2015.06.30-09.01.11:968][  0]LogConsoleResponse:Warning: Skipping Unknown console variable: 'TranslucentSortAxis = (X=0.000000,Y=-1.000000,Z=0.000000)'
[2015.06.30-09.01.11:968][  0]LogConsoleResponse:Warning:   Found in ini file 'C:/Users/TTV14SVilleK/Documents/GitHub/MayhemPunch/MayhemPunch 4.8/Saved/Config/Windows/Engine.ini', in section '[/Script/Engine.RendererSettings]'
[2015.06.30-09.01.11:968][  0]LogConsoleResponse:Warning: Skipping Unknown console variable: 'UIScaleRule = ShortestSide'
[2015.06.30-09.01.11:968][  0]LogConsoleResponse:Warning:   Found in ini file 'C:/Users/TTV14SVilleK/Documents/GitHub/MayhemPunch/MayhemPunch 4.8/Saved/Config/Windows/Engine.ini', in section '[/Script/Engine.RendererSettings]'
[2015.06.30-09.01.11:968][  0]LogConsoleResponse:Warning: Skipping Unknown console variable: 'UIScaleCurve = (EditorCurveData=(Keys=),ExternalCurve=None)'
[2015.06.30-09.01.11:968][  0]LogConsoleResponse:Warning:   Found in ini file 'C:/Users/TTV14SVilleK/Documents/GitHub/MayhemPunch/MayhemPunch 4.8/Saved/Config/Windows/Engine.ini', in section '[/Script/Engine.RendererSettings]'
[2015.06.30-09.01.11:968][  0]LogInit: Selected Device Profile: [Windows]
[2015.06.30-09.01.11:968][  0]LogInit: Applying CVar settings loaded from the selected device profile: [Windows]
[2015.06.30-09.01.11:977][  0]LogInit: Computer: TA11LDML-29
[2015.06.30-09.01.11:977][  0]LogInit: User: TTV14SVilleK
[2015.06.30-09.01.11:977][  0]LogInit: CPU Page size=4096, Cores=4
[2015.06.30-09.01.11:977][  0]LogInit: High frequency timer resolution =3.316113 MHz
[2015.06.30-09.01.11:977][  0]LogMemory: Memory total: Physical=16.0GB (16GB approx)
[2015.06.30-09.01.11:977][  0]LogMemory: Platform Memory Stats for Windows
[2015.06.30-09.01.11:977][  0]LogMemory: Process Physical Memory: 54.31 MB used, 54.31 MB peak
[2015.06.30-09.01.11:977][  0]LogMemory: Process Virtual Memory: 27.63 MB used, 27.63 MB peak
[2015.06.30-09.01.11:977][  0]LogMemory: Physical Memory: 5185.57 MB used, 16344.95 MB total
[2015.06.30-09.01.11:977][  0]LogMemory: Virtual Memory: 294.57 MB used, 8388608.00 MB total
[2015.06.30-09.01.12:014][  0]LogTextLocalizationManager: The requested culture ('fi_FI') has no localization data; falling back to 'en' for localization and internationalization data.
[2015.06.30-09.01.12:241][  0]LogTextLocalizationManager:Warning: Loaded localization resources contain conflicting entries for (Namespace:ContentBrowser, Key:ImportAssetToolTip):
Localization Resource: (C:/Program Files/Unreal Engine/4.8/Engine/Content/Localization/Editor/en/Editor.locres) Source String Hash: (-630476809) Localized String: (Import to {0}...)
Localization Resource: (C:/Program Files/Unreal Engine/4.8/Engine/Content/Localization/Editor/en/Editor.locres) Source String Hash: (1271782899) Localized String: (Imports an asset from file to this folder.)
[2015.06.30-09.01.12:668][  0]LogD3D11RHI: Found D3D11 adapter 0: NVIDIA GeForce GT 640 (Feature Level 11_0)
[2015.06.30-09.01.12:668][  0]LogD3D11RHI: Adapter has 971MB of dedicated video memory, 0MB of dedicated system memory, and 3072MB of shared system memory, 2 output[s]
[2015.06.30-09.01.12:668][  0]LogD3D11RHI: Chosen D3D11 Adapter Id = 0
[2015.06.30-09.01.12:672][  0]LogRHI: Texture pool is 680 MB (70% of 971 MB)
[2015.06.30-09.01.12:679][  0]LogD3D11RHI: Async texture creation enabled
[2015.06.30-09.01.12:693][  0]LogShaderCompilers:Display: Using Local Shader Compiler.
[2015.06.30-09.01.13:535][  0]LogTemp:Display: Loaded TP DesktopTargetPlatform
[2015.06.30-09.01.13:550][  0]LogTemp:Display: Loaded TP WindowsClientTargetPlatform
[2015.06.30-09.01.13:565][  0]LogTemp:Display: Loaded TP WindowsNoEditorTargetPlatform
[2015.06.30-09.01.13:579][  0]LogTemp:Display: Loaded TP WindowsServerTargetPlatform
[2015.06.30-09.01.13:596][  0]LogTemp:Display: Loaded TP WindowsTargetPlatform
[2015.06.30-09.01.13:609][  0]LogTemp:Display: Loaded TP AndroidTargetPlatform
[2015.06.30-09.01.13:622][  0]LogTemp:Display: Loaded TP Android_ASTCTargetPlatform
[2015.06.30-09.01.13:634][  0]LogTemp:Display: Loaded TP Android_ATCTargetPlatform
[2015.06.30-09.01.13:648][  0]LogTemp:Display: Loaded TP Android_DXTTargetPlatform
[2015.06.30-09.01.13:661][  0]LogTemp:Display: Loaded TP Android_ETC1TargetPlatform
[2015.06.30-09.01.13:674][  0]LogTemp:Display: Loaded TP Android_ETC2TargetPlatform
[2015.06.30-09.01.13:686][  0]LogTemp:Display: Loaded TP Android_PVRTCTargetPlatform
[2015.06.30-09.01.13:735][  0]LogTemp:Display: Loaded TP IOSTargetPlatform
[2015.06.30-09.01.13:748][  0]LogTemp:Display: Loaded TP LinuxNoEditorTargetPlatform
[2015.06.30-09.01.13:761][  0]LogTemp:Display: Loaded TP LinuxServerTargetPlatform
[2015.06.30-09.01.13:776][  0]LogTemp:Display: Loaded TP LinuxTargetPlatform
[2015.06.30-09.01.13:776][  0]LogTargetPlatformManager:Display: Building Assets For Windows
[2015.06.30-09.01.13:988][  0]LogDerivedDataCache:Display: Max Cache Size: 512 MB
[2015.06.30-09.01.14:032][  0]LogDerivedDataCache: Loaded boot cache 0.04s 53MB C:/Users/TTV14SVilleK/AppData/Local/UnrealEngine/4.8/DerivedDataCache/Boot.ddc.
[2015.06.30-09.01.14:032][  0]LogDerivedDataCache:Display: Loaded Boot cache: C:/Users/TTV14SVilleK/AppData/Local/UnrealEngine/4.8/DerivedDataCache/Boot.ddc
[2015.06.30-09.01.14:032][  0]LogDerivedDataCache: FDerivedDataBackendGraph:  Pak pak cache file ../../../../../../Users/TTV14SVilleK/Documents/GitHub/MayhemPunch/MayhemPunch 4.8/DerivedDataCache/DDC.ddp not found, will not use a pak cache.
[2015.06.30-09.01.14:032][  0]LogDerivedDataCache: Unable to find inner node Pak for hierarchical cache Hierarchy.
[2015.06.30-09.01.14:032][  0]LogDerivedDataCache: FDerivedDataBackendGraph:  CompressedPak pak cache file ../../../../../../Users/TTV14SVilleK/Documents/GitHub/MayhemPunch/MayhemPunch 4.8/DerivedDataCache/Compressed.ddp not found, will not use a pak cache.
[2015.06.30-09.01.14:032][  0]LogDerivedDataCache: Unable to find inner node CompressedPak for hierarchical cache Hierarchy.
[2015.06.30-09.01.14:186][  0]LogDerivedDataCache:Display: Pak cache opened for reading ../../../Engine/DerivedDataCache/Compressed.ddp.
[2015.06.30-09.01.14:198][  0]LogDerivedDataCache: Using Local data cache path C:/Users/TTV14SVilleK/AppData/Local/UnrealEngine/Common/DerivedDataCache: Writable
[2015.06.30-09.01.14:420][  0]LogInit: Selected Device Profile: [Windows]
[2015.06.30-09.01.14:429][  0]ImportText (ComponentSweepMultiTests): Missing closing parenthesis: (RootShapeAsset="/Engine/BasicShapes/Cube.Cube",ShapeType="TriggerCapsule",HitResult=(Time=0.50,Location=(X=-100.000015,Y=0.0,Z=100.000015),ImpactPoint=(X=-50.0,Y=0.0,Z=50.0),Normal=(X=-1.0,Y=-0.0,Z=0.0),ImpactNormal=(X=0.0,Y=0.0,Z=1.0),TraceStart=(X=-200.0,Y=0.0,Z=200.0),TraceEnd=(X=0.0,Y=0.0,Z=0.0))
[2015.06.30-09.01.14:429][  0]ImportText (LineTraceSingleByChannelTests): Missing closing parenthesis: (RootShapeAsset="/Engine/BasicShapes/Cube.Cube",HitResult=(Time=0.50,Location=(X=-100.000015,Y=0.0,Z=100.000015),ImpactPoint=(X=-50.0,Y=0.0,Z=50.0),Normal=(X=-1.0,Y=-0.0,Z=0.0),ImpactNormal=(X=0.0,Y=0.0,Z=1.0),TraceStart=(X=-200.0,Y=0.0,Z=200.0),TraceEnd=(X=0.0,Y=0.0,Z=0.0))
[2015.06.30-09.01.14:458][  0]LogMeshUtilities: No automatic mesh reduction module available
[2015.06.30-09.01.14:458][  0]LogMeshUtilities: No automatic mesh merging module available
[2015.06.30-09.01.15:803][  0]UdpMessaging: Initializing bridge on interface 0.0.0.0:0 to multicast group 230.0.0.1:6666.
[2015.06.30-09.01.16:170][  0]SourceControl: Info Source control is disabled
[2015.06.30-09.01.16:192][  0]SourceControl: Info Source control is disabled
[2015.06.30-09.01.16:202][  0]SourceControl: Info Source control is disabled
[2015.06.30-09.01.16:213][  0]SourceControl: Info Source control is disabled
[2015.06.30-09.01.16:447][  0]LogObj: 26273 objects as part of root set at end of initial load.
[2015.06.30-09.01.16:447][  0]LogUObjectAllocator: 5409248 out of 0 bytes used by permanent object pool.
[2015.06.30-09.01.16:514][  0]LogEngine: Initializing Engine...
[2015.06.30-09.01.16:517][  0]LogHMD: Can't find Oculus library dev build: is proper Runtime installed? Version: 0.6.0.0
[2015.06.30-09.01.16:519][  0]LogHMD:Warning: SteamVR failed to initialize.  Error: 110
[2015.06.30-09.01.16:667][  0]LogAIModule: Creating AISystem for world NewWorld
[2015.06.30-09.01.16:672][  0]LogInit: XAudio2 using 'Speakers (High Definition Audio Device)' : 2 channels at 48 kHz using 32 bits per sample (channel mask 0x3)
[2015.06.30-09.01.16:679][  0]LogInit: FAudioDevice initialized.
[2015.06.30-09.01.16:709][  0]LogDerivedDataCache: Saved boot cache 0.03s 53MB C:/Users/TTV14SVilleK/AppData/Local/UnrealEngine/4.8/DerivedDataCache/Boot.ddc.
[2015.06.30-09.01.16:711][  0]LogInit: Texture streaming: Disabled
[2015.06.30-09.01.16:736][  0]LogAnalytics: Creating configured Analytics provider AnalyticsET
[2015.06.30-09.01.16:736][  0]LogAnalytics: [UEEditor.Rocket.Release] APIServer = http://et2.epicgames.com/ET2/. AppVersion = 4.8.1-2591939+++depot+UE4-Releases+4.8
[2015.06.30-09.01.16:736][  0]LogAnalytics: [UEEditor.Rocket.Release] SetUserId d652db00424d2d2668ac20b732403b95|13a6353d6e344fe8a6e53e6676d3b4bf|81e5f6f9-e625-4b87-83f3-869c0c4e9c34
[2015.06.30-09.01.16:736][  0]LogAnalytics: [UEEditor.Rocket.Release] AnalyticsET::StartSession
[2015.06.30-09.01.16:764][  0]LogInit: Transaction tracking system initialized
[2015.06.30-09.01.16:904][  0]BlueprintLog: New page: Editor Load
[2015.06.30-09.01.16:938][  0]LogAssetRegistry: FAssetRegistry took 0.0098 seconds to start up
[2015.06.30-09.01.16:938][  0]LogDirectoryWatcher:Warning: Failed to begin reading directory changes for ../../../Engine/Plugins/Experimental/CharacterAI/Content/. Error: 0
[2015.06.30-09.01.17:685][  0]LogConsoleManager:Warning: Console variable 'r.VSync' wasn't set ('GameSetting' has a lower priority than 'SystemSettingsIni')
[2015.06.30-09.01.17:686][  0]LogConsoleResponse:Display: 
[2015.06.30-09.01.17:791][  0]LogCook:Display: Done creating registry. It took  0.00s.
[2015.06.30-09.01.17:995][  0]SourceControl: Info Source control is disabled
[2015.06.30-09.01.17:995][  0]Cmd: MAP LOAD FILE="../../../../../../Users/TTV14SVilleK/Documents/GitHub/MayhemPunch/MayhemPunch 4.8/Content/Main/Maps/TutorialFirstLevel.umap" TEMPLATE=0 SHOWPROGRESS=1 FEATURELEVEL=3
[2015.06.30-09.01.17:995][  0]LightingResults: New page: Lighting Build
[2015.06.30-09.01.18:008][  0]MapCheck: New page: Map Check
[2015.06.30-09.01.18:008][  0]LightingResults: New page: Lighting Build
[2015.06.30-09.01.18:017][  0]LogParticles: Destroying 0 GPU particle simulations for FXSystem 0x000000001C4DAF20
[2015.06.30-09.01.18:761][  0]LogLinker:Warning: Can't find file '/Game/FirstPersonBP/Audio/Strong_Punch-Mike_Koenig-574430706'
[2015.06.30-09.01.18:761][  0]LoadErrors: Info Failed to load /Game/Blueprints/Pawn/botCharacter.botCharacter_C Referenced by SkeletalMesh5EEEA93E4D0A4B6F5D93338CF43C8894
[2015.06.30-09.01.18:761][  0]LogLinker:Warning: Can't find file for asset '/Game/FirstPersonBP/Audio/Strong_Punch-Mike_Koenig-574430706' while loading ../../../../../../Users/TTV14SVilleK/Documents/GitHub/MayhemPunch/MayhemPunch 4.8/Content/FirstPersonBP/Blueprints/GravityHammerImpact.uasset.
[2015.06.30-09.01.18:761][  0]LoadErrors: Info Failed to load /Game/Blueprints/Pawn/botCharacter.botCharacter_C Referenced by SkeletalMesh5EEEA93E4D0A4B6F5D93338CF43C8894
[2015.06.30-09.01.18:761][  0]LoadErrors:Error: Error /Game/FirstPersonBP/Blueprints/GravityHammerImpact : Can't find file for asset. /Game/FirstPersonBP/Audio/Strong_Punch-Mike_Koenig-574430706
[2015.06.30-09.01.18:780][  0]LogLinker:Warning: Can't find file '/Game/FirstPersonBP/Audio/Strong_Punch-Mike_Koenig-574430706'
[2015.06.30-09.01.18:780][  0]LoadErrors: Info Failed to load /Game/Blueprints/Pawn/botCharacter.botCharacter_C Referenced by SkeletalMesh5EEEA93E4D0A4B6F5D93338CF43C8894
[2015.06.30-09.01.18:781][  0]LogLinker:Warning: Can't find file for asset '/Game/FirstPersonBP/Audio/Strong_Punch-Mike_Koenig-574430706' while loading ../../../../../../Users/TTV14SVilleK/Documents/GitHub/MayhemPunch/MayhemPunch 4.8/Content/FirstPersonBP/Blueprints/GravityHammerImpact.uasset.
[2015.06.30-09.01.18:781][  0]LoadErrors: Info Failed to load /Game/Blueprints/Pawn/botCharacter.botCharacter_C Referenced by SkeletalMesh5EEEA93E4D0A4B6F5D93338CF43C8894
[2015.06.30-09.01.18:781][  0]LoadErrors:Error: Error /Game/FirstPersonBP/Blueprints/GravityHammerImpact : Can't find file for asset. /Game/FirstPersonBP/Audio/Strong_Punch-Mike_Koenig-574430706
[2015.06.30-09.01.18:787][  0]LogLinker:Warning: Can't find file '/Game/FirstPersonBP/Audio/Strong_Punch-Mike_Koenig-574430706'
[2015.06.30-09.01.18:787][  0]LoadErrors: Info Failed to load /Game/Blueprints/Pawn/botCharacter.botCharacter_C Referenced by SkeletalMesh5EEEA93E4D0A4B6F5D93338CF43C8894
[2015.06.30-09.01.18:787][  0]LogLinker:Warning: Can't find file for asset '/Game/FirstPersonBP/Audio/Strong_Punch-Mike_Koenig-574430706' while loading ../../../../../../Users/TTV14SVilleK/Documents/GitHub/MayhemPunch/MayhemPunch 4.8/Content/Blueprints/Behavior/BTS_botDetectEnemy.uasset.
[2015.06.30-09.01.18:787][  0]LoadErrors: Info Failed to load /Game/Blueprints/Pawn/botCharacter.botCharacter_C Referenced by SkeletalMesh5EEEA93E4D0A4B6F5D93338CF43C8894
[2015.06.30-09.01.18:787][  0]LoadErrors:Error: Error /Game/Blueprints/Behavior/BTS_botDetectEnemy : Can't find file for asset. /Game/FirstPersonBP/Audio/Strong_Punch-Mike_Koenig-574430706
[2015.06.30-09.01.18:787][  0]LogLinker:Warning: Can't find file '/Game/FirstPersonBP/Audio/Strong_Punch-Mike_Koenig-574430706'
[2015.06.30-09.01.18:787][  0]LoadErrors: Info Failed to load /Game/Blueprints/Pawn/botCharacter.botCharacter_C Referenced by SkeletalMesh5EEEA93E4D0A4B6F5D93338CF43C8894
[2015.06.30-09.01.18:787][  0]LogLinker:Warning: Can't find file for asset '/Game/FirstPersonBP/Audio/Strong_Punch-Mike_Koenig-574430706' while loading ../../../../../../Users/TTV14SVilleK/Documents/GitHub/MayhemPunch/MayhemPunch 4.8/Content/Blueprints/Behavior/BTS_botDetectEnemy.uasset.
[2015.06.30-09.01.18:787][  0]LoadErrors: Info Failed to load /Game/Blueprints/Pawn/botCharacter.botCharacter_C Referenced by SkeletalMesh5EEEA93E4D0A4B6F5D93338CF43C8894
[2015.06.30-09.01.18:787][  0]LoadErrors:Error: Error /Game/Blueprints/Behavior/BTS_botDetectEnemy : Can't find file for asset. /Game/FirstPersonBP/Audio/Strong_Punch-Mike_Koenig-574430706
[2015.06.30-09.01.18:791][  0]LogLinker:Warning: Can't find file '/Game/FirstPersonBP/Audio/Strong_Punch-Mike_Koenig-574430706'
[2015.06.30-09.01.18:791][  0]LoadErrors: Info Failed to load /Game/Blueprints/Pawn/botCharacter.botCharacter_C Referenced by EdGraphPin_15423
[2015.06.30-09.01.18:791][  0]LogLinker:Warning: Can't find file for asset '/Game/FirstPersonBP/Audio/Strong_Punch-Mike_Koenig-574430706' while loading ../../../../../../Users/TTV14SVilleK/Documents/GitHub/MayhemPunch/MayhemPunch 4.8/Content/Blueprints/Behavior/BTS_botDetectEnemy.uasset.
[2015.06.30-09.01.18:791][  0]LoadErrors: Info Failed to load /Game/Blueprints/Pawn/botCharacter.botCharacter_C Referenced by EdGraphPin_15423
[2015.06.30-09.01.18:791][  0]LoadErrors:Error: Error /Game/Blueprints/Behavior/BTS_botDetectEnemy : Can't find file for asset. /Game/FirstPersonBP/Audio/Strong_Punch-Mike_Koenig-574430706
[2015.06.30-09.01.18:851][  0]LogLinker:Warning: Can't find file '/Game/FirstPersonBP/Audio/Strong_Punch-Mike_Koenig-574430706'
[2015.06.30-09.01.18:851][  0]LoadErrors: Info Failed to load /Game/Blueprints/Pawn/botCharacter.botCharacter_C Referenced by SkeletalMesh5EEEA93E4D0A4B6F5D93338CF43C8894
[2015.06.30-09.01.18:851][  0]LogLinker:Warning: Can't find file for asset '/Game/FirstPersonBP/Audio/Strong_Punch-Mike_Koenig-574430706' while loading ../../../../../../Users/TTV14SVilleK/Documents/GitHub/MayhemPunch/MayhemPunch 4.8/Content/FirstPersonBP/Blueprints/HitStaticMesh.uasset.
[2015.06.30-09.01.18:851][  0]LoadErrors: Info Failed to load /Game/Blueprints/Pawn/botCharacter.botCharacter_C Referenced by SkeletalMesh5EEEA93E4D0A4B6F5D93338CF43C8894
[2015.06.30-09.01.18:851][  0]LoadErrors:Error: Error /Game/FirstPersonBP/Blueprints/HitStaticMesh : Can't find file for asset. /Game/FirstPersonBP/Audio/Strong_Punch-Mike_Koenig-574430706
[2015.06.30-09.01.18:852][  0]LogLinker:Warning: Can't find file '/Game/FirstPersonBP/Audio/Strong_Punch-Mike_Koenig-574430706'
[2015.06.30-09.01.18:852][  0]LoadErrors: Info Failed to load /Game/Blueprints/Pawn/botCharacter.botCharacter_C Referenced by SkeletalMesh5EEEA93E4D0A4B6F5D93338CF43C8894
[2015.06.30-09.01.18:852][  0]LogLinker:Warning: Can't find file for asset '/Game/FirstPersonBP/Audio/Strong_Punch-Mike_Koenig-574430706' while loading ../../../../../../Users/TTV14SVilleK/Documents/GitHub/MayhemPunch/MayhemPunch 4.8/Content/FirstPersonBP/Blueprints/HitStaticMesh.uasset.
[2015.06.30-09.01.18:852][  0]LoadErrors: Info Failed to load /Game/Blueprints/Pawn/botCharacter.botCharacter_C Referenced by SkeletalMesh5EEEA93E4D0A4B6F5D93338CF43C8894
[2015.06.30-09.01.18:852][  0]LoadErrors:Error: Error /Game/FirstPersonBP/Blueprints/HitStaticMesh : Can't find file for asset. /Game/FirstPersonBP/Audio/Strong_Punch-Mike_Koenig-574430706
[2015.06.30-09.01.18:858][  0]LogLinker:Warning: Can't find file '/Game/FirstPersonBP/Audio/Strong_Punch-Mike_Koenig-574430706'
[2015.06.30-09.01.18:858][  0]LoadErrors: Info Failed to load /Game/Blueprints/Pawn/botCharacter.botCharacter_C Referenced by SkeletalMesh5EEEA93E4D0A4B6F5D93338CF43C8894
[2015.06.30-09.01.18:858][  0]LogLinker:Warning: Can't find file for asset '/Game/FirstPersonBP/Audio/Strong_Punch-Mike_Koenig-574430706' while loading ../../../../../../Users/TTV14SVilleK/Documents/GitHub/MayhemPunch/MayhemPunch 4.8/Content/Blueprints/Behavior/BTS_botDetectEnemy.uasset.
[2015.06.30-09.01.18:858][  0]LoadErrors: Info Failed to load /Game/Blueprints/Pawn/botCharacter.botCharacter_C Referenced by SkeletalMesh5EEEA93E4D0A4B6F5D93338CF43C8894
[2015.06.30-09.01.18:858][  0]LoadErrors:Error: Error /Game/Blueprints/Behavior/BTS_botDetectEnemy : Can't find file for asset. /Game/FirstPersonBP/Audio/Strong_Punch-Mike_Koenig-574430706
[2015.06.30-09.01.18:858][  0]LogLinker:Warning: Can't find file '/Game/FirstPersonBP/Audio/Strong_Punch-Mike_Koenig-574430706'
[2015.06.30-09.01.18:858][  0]LoadErrors: Info Failed to load /Game/Blueprints/Pawn/botCharacter.botCharacter_C Referenced by SkeletalMesh5EEEA93E4D0A4B6F5D93338CF43C8894
[2015.06.30-09.01.18:858][  0]LogLinker:Warning: Can't find file for asset '/Game/FirstPersonBP/Audio/Strong_Punch-Mike_Koenig-574430706' while loading ../../../../../../Users/TTV14SVilleK/Documents/GitHub/MayhemPunch/MayhemPunch 4.8/Content/Blueprints/Behavior/BTS_botDetectEnemy.uasset.
[2015.06.30-09.01.18:858][  0]LoadErrors: Info Failed to load /Game/Blueprints/Pawn/botCharacter.botCharacter_C Referenced by SkeletalMesh5EEEA93E4D0A4B6F5D93338CF43C8894
[2015.06.30-09.01.18:858][  0]LoadErrors:Error: Error /Game/Blueprints/Behavior/BTS_botDetectEnemy : Can't find file for asset. /Game/FirstPersonBP/Audio/Strong_Punch-Mike_Koenig-574430706
[2015.06.30-09.01.18:862][  0]LogLinker:Warning: Can't find file '/Game/FirstPersonBP/Audio/Strong_Punch-Mike_Koenig-574430706'
[2015.06.30-09.01.18:862][  0]LoadErrors: Info Failed to load /Game/Blueprints/Pawn/botCharacter.botCharacter_C Referenced by EdGraphPin_15423
[2015.06.30-09.01.18:863][  0]LogLinker:Warning: Can't find file for asset '/Game/FirstPersonBP/Audio/Strong_Punch-Mike_Koenig-574430706' while loading ../../../../../../Users/TTV14SVilleK/Documents/GitHub/MayhemPunch/MayhemPunch 4.8/Content/Blueprints/Behavior/BTS_botDetectEnemy.uasset.
[2015.06.30-09.01.18:863][  0]LoadErrors: Info Failed to load /Game/Blueprints/Pawn/botCharacter.botCharacter_C Referenced by EdGraphPin_15423
[2015.06.30-09.01.18:863][  0]LoadErrors:Error: Error /Game/Blueprints/Behavior/BTS_botDetectEnemy : Can't find file for asset. /Game/FirstPersonBP/Audio/Strong_Punch-Mike_Koenig-574430706
[2015.06.30-09.01.25:075][  0]LogAIModule: Creating AISystem for world TutorialFirstLevel
[2015.06.30-09.01.25:135][  0]LogEditorServer: Finished looking for orphan Actors (0.000 secs)
[2015.06.30-09.01.25:137][  0]Cmd: MAP CHECKDEP NOCLEARLOG
[2015.06.30-09.01.25:236][  0]MapCheck: Info Map check complete: 0 Error(s), 0 Warning(s), took 98.985ms to complete.
[2015.06.30-09.01.25:236][  0]LogFileHelpers: Loading map 'TutorialFirstLevel' took 7.242
[2015.06.30-09.01.25:355][  0]LogCollectionManager: Loaded 0 collections in 0.001837 seconds
[2015.06.30-09.01.25:363][  0]LogContentBrowser: Native class hierarchy populated in 0.0070 seconds. Added 1792 classes and 301 folders.
[2015.06.30-09.01.25:407][  0]LogContentBrowser: Native class hierarchy updated for 'WidgetCarousel' in 0.0003 seconds. Added 0 classes and 0 folders.
[2015.06.30-09.01.25:433][  0]LogContentBrowser: Native class hierarchy updated for 'AddContentDialog' in 0.0003 seconds. Added 0 classes and 0 folders.
[2015.06.30-09.01.25:450][  0]LogContentBrowser: Native class hierarchy updated for 'SceneOutliner' in 0.0003 seconds. Added 1 classes and 2 folders.
[2015.06.30-09.01.25:552][  0]LogCrashTracker: Crashtracker disabled due to settings.
[2015.06.30-09.01.25:555][  0]LogUObjectGlobals:Warning: Failed to find object 'Class None.'
[2015.06.30-09.01.25:576][  0]LogLoad: Full Startup: 15.32 seconds (BP compile: 3.10 seconds)
[2015.06.30-09.01.25:650][  0]LogContentStreaming: Texture pool size is 0.000000MB
[2015.06.30-09.01.25:714][  0]LogContentStreaming: Texture pool size now 1000 MB
[2015.06.30-09.01.25:859][  0]LogRenderer: Reallocating scene render targets to support 1208x632 (Frame:2).
[2015.06.30-09.01.26:959][ 19]LogAssetRegistry: Asset discovery search completed in 10.0313 seconds
[2015.06.30-09.01.40:984][476]LogSavePackage: Save=959.408813ms
[2015.06.30-09.01.40:985][476]LogSavePackage: Moving '../../../../../../Users/TTV14SVilleK/Documents/GitHub/MayhemPunch/MayhemPunch 4.8/Saved/TutorialFirstLevel2EE04A7C4C84A3F3B0D58DAE62AB3B41.tmp' to '../../../../../../Users/TTV14SVilleK/Documents/GitHub/MayhemPunch/MayhemPunch 4.8/Content/Main/Maps/TutorialFirstLevel.umap'
[2015.06.30-09.01.41:033][476]LogFileHelpers: Saving map 'TutorialFirstLevel' took 1.127
[2015.06.30-09.01.59:409][429]EditorErrors: New page: Actor attachment
[2015.06.30-09.02.24:162][462]EditorErrors: New page: Actor attachment
[2015.06.30-09.03.44:891][172]EditorErrors: New page: Actor attachment
[2015.06.30-09.03.57:704][717]EditorErrors: New page: Actor attachment
[2015.06.30-09.03.59:122][791]EditorErrors: New page: Actor attachment
[2015.06.30-09.04.01:304][947]EditorErrors: New page: Actor attachment
[2015.06.30-09.05.31:383][789]EditorErrors: New page: Actor attachment
[2015.06.30-09.05.35:039][954]EditorErrors: New page: Actor attachment
[2015.06.30-09.07.05:681][427]LogEditorActor: Deleted Actor: MatineeActor
[2015.06.30-09.07.05:710][427]LogEditorActor: Deleted 1 Actors (0.039 secs)
[2015.06.30-09.12.33:946][394]LogSavePackage: Save=950.257141ms
[2015.06.30-09.12.33:946][394]LogSavePackage: Moving '../../../../../../Users/TTV14SVilleK/Documents/GitHub/MayhemPunch/MayhemPunch 4.8/Saved/TutorialFirstLevel502913184BE1E7D0E5BE2FAB9B6FC20C.tmp' to '../../../../../../Users/TTV14SVilleK/Documents/GitHub/MayhemPunch/MayhemPunch 4.8/Content/Main/Maps/TutorialFirstLevel.umap'
[2015.06.30-09.12.33:998][394]LogFileHelpers: Saving map 'TutorialFirstLevel' took 1.140
[2015.06.30-09.14.40:791][521]EditorErrors: New page: Actor attachment
[2015.06.30-09.15.22:812][760]LogEditorActor: Deleted Actor: Brush
[2015.06.30-09.15.22:813][760]LogEditorActor: Deleted Actor: Brush
[2015.06.30-09.15.22:842][760]LogEditorActor: Deleted 2 Actors (0.040 secs)
[2015.06.30-09.16.24:663][948]EditorErrors: New page: Actor attachment
[2015.06.30-09.16.26:831][ 37]EditorErrors: New page: Actor attachment
[2015.06.30-09.17.32:995][733]LogEditorViewport: Clicking on Actor (CTRL LMB): StaticMeshActor (Seinälamppu13)
[2015.06.30-09.19.02:933][443]Cmd: EDIT COPY
[2015.06.30-09.19.03:212][452]Cmd: EDIT PASTE
[2015.06.30-09.20.08:237][475]LogSavePackage: Save=989.722900ms
[2015.06.30-09.20.08:237][475]LogSavePackage: Moving '../../../../../../Users/TTV14SVilleK/Documents/GitHub/MayhemPunch/MayhemPunch 4.8/Saved/TutorialFirstLevelDF8D0D3146DDA022DA9A8BA6434EEFC7.tmp' to '../../../../../../Users/TTV14SVilleK/Documents/GitHub/MayhemPunch/MayhemPunch 4.8/Content/Main/Maps/TutorialFirstLevel.umap'
[2015.06.30-09.20.08:288][475]LogFileHelpers: Saving map 'TutorialFirstLevel' took 1.179
[2015.06.30-09.20.08:887][496]MapCheck: New page: Map Check
[2015.06.30-09.20.08:952][496]Cmd: MAP REBUILD ALLVISIBLE
[2015.06.30-09.20.08:952][496]LogEditorServer: Rebuildmap Clear paths rebuilt
[2015.06.30-09.20.33:077][496]LightingResults: New page: Lighting Build - Jun 30, 2015, 3:20:33 PM
[2015.06.30-09.20.39:300][496]LogStaticLightingSystem: Running Lightmass w/ ImmediateImport mode ENABLED
[2015.06.30-09.20.39:300][496]LogStaticLightingSystem: Running Lightmass w/ ImmediateProcess mode ENABLED
[2015.06.30-09.20.39:300][496]LogStaticLightingSystem: Running Lightmass w/ Sorting mode ENABLED
[2015.06.30-09.20.39:300][496]LogStaticLightingSystem: Running Lightmass w/ Mapping paddings ENABLED
[2015.06.30-09.20.39:300][496]LogStaticLightingSystem: Running Lightmass w/ Mapping debug paddings DISABLED
[2015.06.30-09.20.39:707][496]LogEditorBuildUtils: Build time 0:00:30
[2015.06.30-09.21.03:273][967]LightingResults:Error: Error <None> Object has overlapping UVs.
[2015.06.30-09.21.03:273][967]LightingResults: Info <None> Lightmap UV are overlapping by 17.8%. Please adjust content - Enable Error Coloring to visualize.
[2015.06.30-09.21.08:040][110]LightingResults:Error: Error <None> Object has overlapping UVs.
[2015.06.30-09.21.08:040][110]LightingResults: Info <None> Lightmap UV are overlapping by 9.1%. Please adjust content - Enable Error Coloring to visualize.
[2015.06.30-09.21.11:898][231]Job is a success!
[2015.06.30-09.21.14:871][232]LogTexture:Display: Building textures: SkyOcclusion0_1 (AutoDXT)
[2015.06.30-09.21.15:071][232]LogTexture:Display: Building textures: LQ_Lightmap_0_14 (DXT1)
[2015.06.30-09.21.15:074][232]LogTexture:Display: Building textures: HQ_Lightmap0_14 (AutoDXT)
[2015.06.30-09.21.15:077][232]LogTexture:Display: Building textures: SkyOcclusion0_14 (AutoDXT)
[2015.06.30-09.21.15:080][232]LogTexture:Display: Building textures: LQ_Lightmap_0_13 (DXT1)
[2015.06.30-09.21.15:093][232]LogTexture:Display: Building textures: HQ_Lightmap0_13 (AutoDXT)
[2015.06.30-09.21.15:112][232]LogTexture:Display: Building textures: SkyOcclusion0_13 (AutoDXT)
[2015.06.30-09.21.15:113][232]LogTexture:Display: Building textures: LQ_Lightmap_0_12 (DXT1)
[2015.06.30-09.21.15:121][232]LogTexture:Display: Building textures: HQ_Lightmap0_12 (AutoDXT)
[2015.06.30-09.21.15:133][232]LogTexture:Display: Building textures: SkyOcclusion0_12 (AutoDXT)
[2015.06.30-09.21.15:135][232]LogTexture:Display: Building textures: LQ_Lightmap_0_11 (DXT1)
[2015.06.30-09.21.15:138][232]LogTexture:Display: Building textures: HQ_Lightmap0_11 (AutoDXT)
[2015.06.30-09.21.15:142][232]LogTexture:Display: Building textures: SkyOcclusion0_11 (AutoDXT)
[2015.06.30-09.21.15:142][232]LogTexture:Display: Building textures: LQ_Lightmap_0_10 (DXT1)
[2015.06.30-09.21.15:146][232]LogTexture:Display: Building textures: HQ_Lightmap0_10 (AutoDXT)
[2015.06.30-09.21.15:153][232]LogTexture:Display: Building textures: SkyOcclusion0_10 (AutoDXT)
[2015.06.30-09.21.15:158][232]LogTexture:Display: Building textures: LQ_Lightmap_1_9 (DXT1)
[2015.06.30-09.21.15:159][232]LogTexture:Display: Building textures: HQ_Lightmap1_9 (AutoDXT)
[2015.06.30-09.21.15:161][232]LogTexture:Display: Building textures: SkyOcclusion1_9 (AutoDXT)
[2015.06.30-09.21.15:161][232]LogTexture:Display: Building textures: LQ_Lightmap_1_8 (DXT1)
[2015.06.30-09.21.15:192][232]LogTexture:Display: Building textures: HQ_Lightmap1_8 (AutoDXT)
[2015.06.30-09.21.15:246][232]LogTexture:Display: Building textures: SkyOcclusion1_8 (AutoDXT)
[2015.06.30-09.21.15:250][232]LogTexture:Display: Building textures: LQ_Lightmap_1_7 (DXT1)
[2015.06.30-09.21.15:269][232]LogTexture:Display: Building textures: HQ_Lightmap1_7 (AutoDXT)
[2015.06.30-09.21.15:318][232]LogTexture:Display: Building textures: SkyOcclusion1_7 (AutoDXT)
[2015.06.30-09.21.15:324][232]LogTexture:Display: Building textures: LQ_Lightmap_0_6 (DXT1)
[2015.06.30-09.21.15:439][232]LogTexture:Display: Building textures: HQ_Lightmap0_6 (AutoDXT)
[2015.06.30-09.21.15:543][232]LogTexture:Display: Building textures: SkyOcclusion0_6 (AutoDXT)
[2015.06.30-09.21.15:598][232]LogTexture:Display: Building textures: LQ_Lightmap_0_5 (DXT1)
[2015.06.30-09.21.15:831][232]LogTexture:Display: Building textures: HQ_Lightmap0_5 (AutoDXT)
[2015.06.30-09.21.16:150][232]LogTexture:Display: Building textures: SkyOcclusion0_5 (AutoDXT)
[2015.06.30-09.21.16:374][232]LogTexture:Display: Building textures: LQ_Lightmap_0_4 (DXT1)
[2015.06.30-09.21.16:498][232]LogTexture:Display: Building textures: HQ_Lightmap0_4 (AutoDXT)
[2015.06.30-09.21.16:831][232]LogTexture:Display: Building textures: SkyOcclusion0_4 (AutoDXT)
[2015.06.30-09.21.17:016][232]LogTexture:Display: Building textures: LQ_Lightmap_0_3 (DXT1)
[2015.06.30-09.21.17:155][232]LogTexture:Display: Building textures: HQ_Lightmap0_3 (AutoDXT)
[2015.06.30-09.21.17:554][232]LogTexture:Display: Building textures: SkyOcclusion0_3 (AutoDXT)
[2015.06.30-09.21.17:752][232]LogTexture:Display: Building textures: LQ_Lightmap_0_2 (DXT1)
[2015.06.30-09.21.17:836][232]LogTexture:Display: Building textures: HQ_Lightmap0_2 (AutoDXT)
[2015.06.30-09.21.18:123][232]LogTexture:Display: Building textures: SkyOcclusion0_2 (AutoDXT)
[2015.06.30-09.21.18:314][232]LogTexture:Display: Building textures: LQ_Lightmap_0_1 (DXT1)
[2015.06.30-09.21.18:410][232]LogTexture:Display: Building textures: HQ_Lightmap0_1 (AutoDXT)
[2015.06.30-09.21.19:115][232]LogTexture:Display: Building textures: ShadowMapTexture2D_0 (BGRA8)
[2015.