[2015.06.30-08.50.07:163][  0]Log file open, 06/30/15 11:50:07
[2015.06.30-08.50.07:163][  0]LogInit:Display: Running engine for game: MayhemPunch
[2015.06.30-08.50.07:163][  0]LogInit:Display: RandInit(423730049) SRandInit(423730049).
[2015.06.30-08.50.07:163][  0]LogTaskGraph: Started task graph with 4 named threads and 7 total threads.
[2015.06.30-08.50.07:163][  0]LogStats: Stats thread started
[2015.06.30-08.50.07:163][  0]LogInit: Version: 4.8.1-2591939+++depot+UE4-Releases+4.8
[2015.06.30-08.50.07:163][  0]LogInit: API Version: 2579680
[2015.06.30-08.50.07:163][  0]LogInit: Compiled (64-bit): Jun 18 2015 11:02:04
[2015.06.30-08.50.07:163][  0]LogInit: Compiled with Visual C++: 18.00.21005.01
[2015.06.30-08.50.07:163][  0]LogInit: Build Configuration: Development
[2015.06.30-08.50.07:163][  0]LogInit: Branch Name: ++depot+UE4-Releases+4.8
[2015.06.30-08.50.07:163][  0]LogInit: Command line:  
[2015.06.30-08.50.07:163][  0]LogInit: Base directory: C:/Program Files/Unreal Engine/4.8/Engine/Binaries/Win64/
[2015.06.30-08.50.07:163][  0]LogInit: Rocket: 1
[2015.06.30-08.50.07:177][  0]LogInit: Using libcurl 7.41.0
[2015.06.30-08.50.07:177][  0]LogInit:  - built for x86_64-pc-win32
[2015.06.30-08.50.07:177][  0]LogInit:  - supports SSL with WinSSL
[2015.06.30-08.50.07:177][  0]LogInit:  - other features:
[2015.06.30-08.50.07:177][  0]LogInit:      CURL_VERSION_SSL
[2015.06.30-08.50.07:177][  0]LogInit:      CURL_VERSION_IPV6
[2015.06.30-08.50.07:177][  0]LogInit:      CURL_VERSION_ASYNCHDNS
[2015.06.30-08.50.07:177][  0]LogInit:      CURL_VERSION_LARGEFILE
[2015.06.30-08.50.07:177][  0]LogInit:      CURL_VERSION_IDN
[2015.06.30-08.50.07:177][  0]LogInit:  CurlRequestOptions (configurable via config and command line):
[2015.06.30-08.50.07:177][  0]LogInit:  - bVerifyPeer = true  - Libcurl will verify peer certificate
[2015.06.30-08.50.07:177][  0]LogInit:  - bUseHttpProxy = false  - Libcurl will NOT use HTTP proxy
[2015.06.30-08.50.07:177][  0]LogInit:  - bDontReuseConnections = false  - Libcurl will reuse connections
[2015.06.30-08.50.07:177][  0]LogInit:  - CertBundlePath = nullptr  - Libcurl will use whatever was configured at build time.
[2015.06.30-08.50.07:222][  0]LogInit: WinSock: version 1.1 (2.2), MaxSocks=32767, MaxUdp=65467
[2015.06.30-08.50.07:236][  0]LogVoice:Warning: Failed to initialize voice interface
[2015.06.30-08.50.07:248][  0]LogInit: Presizing for 0 objects not considered by GC, pre-allocating 0 bytes.
[2015.06.30-08.50.07:255][  0]LogInit: Object subsystem initialized
[2015.06.30-08.50.07:256][  0]LogConsoleResponse:Warning: Skipping Unknown console variable: 'TranslucentSortAxis = (X=0.000000,Y=-1.000000,Z=0.000000)'
[2015.06.30-08.50.07:256][  0]LogConsoleResponse:Warning:   Found in ini file 'C:/Users/TTV14SVilleK/Documents/GitHub/MayhemPunch/MayhemPunch 4.8/Saved/Config/Windows/Engine.ini', in section '[/Script/Engine.RendererSettings]'
[2015.06.30-08.50.07:256][  0]LogConsoleResponse:Warning: Skipping Unknown console variable: 'UIScaleRule = ShortestSide'
[2015.06.30-08.50.07:256][  0]LogConsoleResponse:Warning:   Found in ini file 'C:/Users/TTV14SVilleK/Documents/GitHub/MayhemPunch/MayhemPunch 4.8/Saved/Config/Windows/Engine.ini', in section '[/Script/Engine.RendererSettings]'
[2015.06.30-08.50.07:256][  0]LogConsoleResponse:Warning: Skipping Unknown console variable: 'UIScaleCurve = (EditorCurveData=(Keys=),ExternalCurve=None)'
[2015.06.30-08.50.07:256][  0]LogConsoleResponse:Warning:   Found in ini file 'C:/Users/TTV14SVilleK/Documents/GitHub/MayhemPunch/MayhemPunch 4.8/Saved/Config/Windows/Engine.ini', in section '[/Script/Engine.RendererSettings]'
[2015.06.30-08.50.07:256][  0]LogInit: Selected Device Profile: [Windows]
[2015.06.30-08.50.07:256][  0]LogInit: Applying CVar settings loaded from the selected device profile: [Windows]
[2015.06.30-08.50.07:263][  0]LogInit: Computer: TA11LDML-29
[2015.06.30-08.50.07:263][  0]LogInit: User: TTV14SVilleK
[2015.06.30-08.50.07:263][  0]LogInit: CPU Page size=4096, Cores=4
[2015.06.30-08.50.07:263][  0]LogInit: High frequency timer resolution =3.316113 MHz
[2015.06.30-08.50.07:263][  0]LogMemory: Memory total: Physical=16.0GB (16GB approx)
[2015.06.30-08.50.07:263][  0]LogMemory: Platform Memory Stats for Windows
[2015.06.30-08.50.07:263][  0]LogMemory: Process Physical Memory: 55.43 MB used, 55.43 MB peak
[2015.06.30-08.50.07:263][  0]LogMemory: Process Virtual Memory: 27.63 MB used, 27.69 MB peak
[2015.06.30-08.50.07:263][  0]LogMemory: Physical Memory: 5044.57 MB used, 16344.95 MB total
[2015.06.30-08.50.07:263][  0]LogMemory: Virtual Memory: 294.57 MB used, 8388608.00 MB total
[2015.06.30-08.50.07:300][  0]LogTextLocalizationManager: The requested culture ('fi_FI') has no localization data; falling back to 'en' for localization and internationalization data.
[2015.06.30-08.50.07:523][  0]LogTextLocalizationManager:Warning: Loaded localization resources contain conflicting entries for (Namespace:ContentBrowser, Key:ImportAssetToolTip):
Localization Resource: (C:/Program Files/Unreal Engine/4.8/Engine/Content/Localization/Editor/en/Editor.locres) Source String Hash: (-630476809) Localized String: (Import to {0}...)
Localization Resource: (C:/Program Files/Unreal Engine/4.8/Engine/Content/Localization/Editor/en/Editor.locres) Source String Hash: (1271782899) Localized String: (Imports an asset from file to this folder.)
[2015.06.30-08.50.07:846][  0]LogD3D11RHI: Found D3D11 adapter 0: NVIDIA GeForce GT 640 (Feature Level 11_0)
[2015.06.30-08.50.07:846][  0]LogD3D11RHI: Adapter has 971MB of dedicated video memory, 0MB of dedicated system memory, and 3072MB of shared system memory, 2 output[s]
[2015.06.30-08.50.07:846][  0]LogD3D11RHI: Chosen D3D11 Adapter Id = 0
[2015.06.30-08.50.07:849][  0]LogRHI: Texture pool is 680 MB (70% of 971 MB)
[2015.06.30-08.50.07:856][  0]LogD3D11RHI: Async texture creation enabled
[2015.06.30-08.50.07:871][  0]LogShaderCompilers:Display: Using Local Shader Compiler.
[2015.06.30-08.50.08:806][  0]LogTemp:Display: Loaded TP DesktopTargetPlatform
[2015.06.30-08.50.08:820][  0]LogTemp:Display: Loaded TP WindowsClientTargetPlatform
[2015.06.30-08.50.08:834][  0]LogTemp:Display: Loaded TP WindowsNoEditorTargetPlatform
[2015.06.30-08.50.08:848][  0]LogTemp:Display: Loaded TP WindowsServerTargetPlatform
[2015.06.30-08.50.08:864][  0]LogTemp:Display: Loaded TP WindowsTargetPlatform
[2015.06.30-08.50.08:876][  0]LogTemp:Display: Loaded TP AndroidTargetPlatform
[2015.06.30-08.50.08:889][  0]LogTemp:Display: Loaded TP Android_ASTCTargetPlatform
[2015.06.30-08.50.08:901][  0]LogTemp:Display: Loaded TP Android_ATCTargetPlatform
[2015.06.30-08.50.08:913][  0]LogTemp:Display: Loaded TP Android_DXTTargetPlatform
[2015.06.30-08.50.08:926][  0]LogTemp:Display: Loaded TP Android_ETC1TargetPlatform
[2015.06.30-08.50.08:938][  0]LogTemp:Display: Loaded TP Android_ETC2TargetPlatform
[2015.06.30-08.50.08:951][  0]LogTemp:Display: Loaded TP Android_PVRTCTargetPlatform
[2015.06.30-08.50.08:997][  0]LogTemp:Display: Loaded TP IOSTargetPlatform
[2015.06.30-08.50.09:009][  0]LogTemp:Display: Loaded TP LinuxNoEditorTargetPlatform
[2015.06.30-08.50.09:022][  0]LogTemp:Display: Loaded TP LinuxServerTargetPlatform
[2015.06.30-08.50.09:036][  0]LogTemp:Display: Loaded TP LinuxTargetPlatform
[2015.06.30-08.50.09:036][  0]LogTargetPlatformManager:Display: Building Assets For Windows
[2015.06.30-08.50.09:240][  0]LogDerivedDataCache:Display: Max Cache Size: 512 MB
[2015.06.30-08.50.09:524][  0]LogDerivedDataCache: Loaded boot cache 0.28s 53MB C:/Users/TTV14SVilleK/AppData/Local/UnrealEngine/4.8/DerivedDataCache/Boot.ddc.
[2015.06.30-08.50.09:524][  0]LogDerivedDataCache:Display: Loaded Boot cache: C:/Users/TTV14SVilleK/AppData/Local/UnrealEngine/4.8/DerivedDataCache/Boot.ddc
[2015.06.30-08.50.09:524][  0]LogDerivedDataCache: FDerivedDataBackendGraph:  Pak pak cache file ../../../../../../Users/TTV14SVilleK/Documents/GitHub/MayhemPunch/MayhemPunch 4.8/DerivedDataCache/DDC.ddp not found, will not use a pak cache.
[2015.06.30-08.50.09:524][  0]LogDerivedDataCache: Unable to find inner node Pak for hierarchical cache Hierarchy.
[2015.06.30-08.50.09:524][  0]LogDerivedDataCache: FDerivedDataBackendGraph:  CompressedPak pak cache file ../../../../../../Users/TTV14SVilleK/Documents/GitHub/MayhemPunch/MayhemPunch 4.8/DerivedDataCache/Compressed.ddp not found, will not use a pak cache.
[2015.06.30-08.50.09:524][  0]LogDerivedDataCache: Unable to find inner node CompressedPak for hierarchical cache Hierarchy.
[2015.06.30-08.50.09:698][  0]LogDerivedDataCache:Display: Pak cache opened for reading ../../../Engine/DerivedDataCache/Compressed.ddp.
[2015.06.30-08.50.09:710][  0]LogDerivedDataCache: Using Local data cache path C:/Users/TTV14SVilleK/AppData/Local/UnrealEngine/Common/DerivedDataCache: Writable
[2015.06.30-08.50.09:922][  0]LogInit: Selected Device Profile: [Windows]
[2015.06.30-08.50.09:931][  0]ImportText (ComponentSweepMultiTests): Missing closing parenthesis: (RootShapeAsset="/Engine/BasicShapes/Cube.Cube",ShapeType="TriggerCapsule",HitResult=(Time=0.50,Location=(X=-100.000015,Y=0.0,Z=100.000015),ImpactPoint=(X=-50.0,Y=0.0,Z=50.0),Normal=(X=-1.0,Y=-0.0,Z=0.0),ImpactNormal=(X=0.0,Y=0.0,Z=1.0),TraceStart=(X=-200.0,Y=0.0,Z=200.0),TraceEnd=(X=0.0,Y=0.0,Z=0.0))
[2015.06.30-08.50.09:931][  0]ImportText (LineTraceSingleByChannelTests): Missing closing parenthesis: (RootShapeAsset="/Engine/BasicShapes/Cube.Cube",HitResult=(Time=0.50,Location=(X=-100.000015,Y=0.0,Z=100.000015),ImpactPoint=(X=-50.0,Y=0.0,Z=50.0),Normal=(X=-1.0,Y=-0.0,Z=0.0),ImpactNormal=(X=0.0,Y=0.0,Z=1.0),TraceStart=(X=-200.0,Y=0.0,Z=200.0),TraceEnd=(X=0.0,Y=0.0,Z=0.0))
[2015.06.30-08.50.09:958][  0]LogMeshUtilities: No automatic mesh reduction module available
[2015.06.30-08.50.09:958][  0]LogMeshUtilities: No automatic mesh merging module available
[2015.06.30-08.50.11:265][  0]UdpMessaging: Initializing bridge on interface 0.0.0.0:0 to multicast group 230.0.0.1:6666.
[2015.06.30-08.50.11:611][  0]SourceControl: Info Source control is disabled
[2015.06.30-08.50.11:663][  0]SourceControl: Info Source control is disabled
[2015.06.30-08.50.11:673][  0]SourceControl: Info Source control is disabled
[2015.06.30-08.50.11:683][  0]SourceControl: Info Source control is disabled
[2015.06.30-08.50.11:941][  0]LogObj: 26273 objects as part of root set at end of initial load.
[2015.06.30-08.50.11:941][  0]LogUObjectAllocator: 5409248 out of 0 bytes used by permanent object pool.
[2015.06.30-08.50.12:022][  0]LogEngine: Initializing Engine...
[2015.06.30-08.50.12:025][  0]LogHMD: Can't find Oculus library dev build: is proper Runtime installed? Version: 0.6.0.0
[2015.06.30-08.50.12:026][  0]LogHMD:Warning: SteamVR failed to initialize.  Error: 110
[2015.06.30-08.50.12:169][  0]LogAIModule: Creating AISystem for world NewWorld
[2015.06.30-08.50.12:174][  0]LogInit: XAudio2 using 'Speakers (High Definition Audio Device)' : 2 channels at 48 kHz using 32 bits per sample (channel mask 0x3)
[2015.06.30-08.50.12:196][  0]LogInit: FAudioDevice initialized.
[2015.06.30-08.50.12:221][  0]LogDerivedDataCache: Saved boot cache 0.02s 53MB C:/Users/TTV14SVilleK/AppData/Local/UnrealEngine/4.8/DerivedDataCache/Boot.ddc.
[2015.06.30-08.50.12:224][  0]LogInit: Texture streaming: Disabled
[2015.06.30-08.50.12:247][  0]LogAnalytics: Creating configured Analytics provider AnalyticsET
[2015.06.30-08.50.12:247][  0]LogAnalytics: [UEEditor.Rocket.Release] APIServer = http://et2.epicgames.com/ET2/. AppVersion = 4.8.1-2591939+++depot+UE4-Releases+4.8
[2015.06.30-08.50.12:247][  0]LogAnalytics: [UEEditor.Rocket.Release] SetUserId d652db00424d2d2668ac20b732403b95|13a6353d6e344fe8a6e53e6676d3b4bf|81e5f6f9-e625-4b87-83f3-869c0c4e9c34
[2015.06.30-08.50.12:247][  0]LogAnalytics: [UEEditor.Rocket.Release] AnalyticsET::StartSession
[2015.06.30-08.50.12:277][  0]LogInit: Transaction tracking system initialized
[2015.06.30-08.50.12:402][  0]BlueprintLog: New page: Editor Load
[2015.06.30-08.50.12:436][  0]LogAssetRegistry: FAssetRegistry took 0.0102 seconds to start up
[2015.06.30-08.50.12:436][  0]LogDirectoryWatcher:Warning: Failed to begin reading directory changes for ../../../Engine/Plugins/Experimental/CharacterAI/Content/. Error: 0
[2015.06.30-08.50.13:268][  0]LogConsoleManager:Warning: Console variable 'r.VSync' wasn't set ('GameSetting' has a lower priority than 'SystemSettingsIni')
[2015.06.30-08.50.13:268][  0]LogConsoleResponse:Display: 
[2015.06.30-08.50.13:363][  0]LogCook:Display: Done creating registry. It took  0.00s.
[2015.06.30-08.50.13:590][  0]SourceControl: Info Source control is disabled
[2015.06.30-08.50.17:585][  0]LogWindowsTextInputMethodSystem:Display: IME system now deactivated.
[2015.06.30-08.50.18:892][  0]LogWindowsTextInputMethodSystem:Display: IME system now deactivated.
[2015.06.30-08.50.18:892][  0]Cmd: MAP LOAD FILE="../../../../../../Users/TTV14SVilleK/Documents/GitHub/MayhemPunch/MayhemPunch 4.8/Content/Main/Maps/TutorialFirstLevel.umap" TEMPLATE=0 SHOWPROGRESS=1 FEATURELEVEL=3
[2015.06.30-08.50.18:893][  0]LightingResults: New page: Lighting Build
[2015.06.30-08.50.18:911][  0]MapCheck: New page: Map Check
[2015.06.30-08.50.18:911][  0]LightingResults: New page: Lighting Build
[2015.06.30-08.50.18:920][  0]LogParticles: Destroying 0 GPU particle simulations for FXSystem 0x000000001CA46F20
[2015.06.30-08.50.19:572][  0]LogLinker:Warning: Can't find file '/Game/FirstPersonBP/Audio/Strong_Punch-Mike_Koenig-574430706'
[2015.06.30-08.50.19:572][  0]LoadErrors: Info Failed to load /Game/Blueprints/Pawn/botCharacter.botCharacter_C Referenced by SkeletalMesh5EEEA93E4D0A4B6F5D93338CF43C8894
[2015.06.30-08.50.19:572][  0]LogLinker:Warning: Can't find file for asset '/Game/FirstPersonBP/Audio/Strong_Punch-Mike_Koenig-574430706' while loading ../../../../../../Users/TTV14SVilleK/Documents/GitHub/MayhemPunch/MayhemPunch 4.8/Content/FirstPersonBP/Blueprints/GravityHammerImpact.uasset.
[2015.06.30-08.50.19:573][  0]LoadErrors: Info Failed to load /Game/Blueprints/Pawn/botCharacter.botCharacter_C Referenced by SkeletalMesh5EEEA93E4D0A4B6F5D93338CF43C8894
[2015.06.30-08.50.19:573][  0]LoadErrors:Error: Error /Game/FirstPersonBP/Blueprints/GravityHammerImpact : Can't find file for asset. /Game/FirstPersonBP/Audio/Strong_Punch-Mike_Koenig-574430706
[2015.06.30-08.50.19:589][  0]LogLinker:Warning: Can't find file '/Game/FirstPersonBP/Audio/Strong_Punch-Mike_Koenig-574430706'
[2015.06.30-08.50.19:590][  0]LoadErrors: Info Failed to load /Game/Blueprints/Pawn/botCharacter.botCharacter_C Referenced by SkeletalMesh5EEEA93E4D0A4B6F5D93338CF43C8894
[2015.06.30-08.50.19:590][  0]LogLinker:Warning: Can't find file for asset '/Game/FirstPersonBP/Audio/Strong_Punch-Mike_Koenig-574430706' while loading ../../../../../../Users/TTV14SVilleK/Documents/GitHub/MayhemPunch/MayhemPunch 4.8/Content/FirstPersonBP/Blueprints/GravityHammerImpact.uasset.
[2015.06.30-08.50.19:590][  0]LoadErrors: Info Failed to load /Game/Blueprints/Pawn/botCharacter.botCharacter_C Referenced by SkeletalMesh5EEEA93E4D0A4B6F5D93338CF43C8894
[2015.06.30-08.50.19:590][  0]LoadErrors:Error: Error /Game/FirstPersonBP/Blueprints/GravityHammerImpact : Can't find file for asset. /Game/FirstPersonBP/Audio/Strong_Punch-Mike_Koenig-574430706
[2015.06.30-08.50.19:595][  0]LogLinker:Warning: Can't find file '/Game/FirstPersonBP/Audio/Strong_Punch-Mike_Koenig-574430706'
[2015.06.30-08.50.19:595][  0]LoadErrors: Info Failed to load /Game/Blueprints/Pawn/botCharacter.botCharacter_C Referenced by SkeletalMesh5EEEA93E4D0A4B6F5D93338CF43C8894
[2015.06.30-08.50.19:595][  0]LogLinker:Warning: Can't find file for asset '/Game/FirstPersonBP/Audio/Strong_Punch-Mike_Koenig-574430706' while loading ../../../../../../Users/TTV14SVilleK/Documents/GitHub/MayhemPunch/MayhemPunch 4.8/Content/Blueprints/Behavior/BTS_botDetectEnemy.uasset.
[2015.06.30-08.50.19:596][  0]LoadErrors: Info Failed to load /Game/Blueprints/Pawn/botCharacter.botCharacter_C Referenced by SkeletalMesh5EEEA93E4D0A4B6F5D93338CF43C8894
[2015.06.30-08.50.19:596][  0]LoadErrors:Error: Error /Game/Blueprints/Behavior/BTS_botDetectEnemy : Can't find file for asset. /Game/FirstPersonBP/Audio/Strong_Punch-Mike_Koenig-574430706
[2015.06.30-08.50.19:596][  0]LogLinker:Warning: Can't find file '/Game/FirstPersonBP/Audio/Strong_Punch-Mike_Koenig-574430706'
[2015.06.30-08.50.19:596][  0]LoadErrors: Info Failed to load /Game/Blueprints/Pawn/botCharacter.botCharacter_C Referenced by SkeletalMesh5EEEA93E4D0A4B6F5D93338CF43C8894
[2015.06.30-08.50.19:596][  0]LogLinker:Warning: Can't find file for asset '/Game/FirstPersonBP/Audio/Strong_Punch-Mike_Koenig-574430706' while loading ../../../../../../Users/TTV14SVilleK/Documents/GitHub/MayhemPunch/MayhemPunch 4.8/Content/Blueprints/Behavior/BTS_botDetectEnemy.uasset.
[2015.06.30-08.50.19:596][  0]LoadErrors: Info Failed to load /Game/Blueprints/Pawn/botCharacter.botCharacter_C Referenced by SkeletalMesh5EEEA93E4D0A4B6F5D93338CF43C8894
[2015.06.30-08.50.19:596][  0]LoadErrors:Error: Error /Game/Blueprints/Behavior/BTS_botDetectEnemy : Can't find file for asset. /Game/FirstPersonBP/Audio/Strong_Punch-Mike_Koenig-574430706
[2015.06.30-08.50.19:599][  0]LogLinker:Warning: Can't find file '/Game/FirstPersonBP/Audio/Strong_Punch-Mike_Koenig-574430706'
[2015.06.30-08.50.19:599][  0]LoadErrors: Info Failed to load /Game/Blueprints/Pawn/botCharacter.botCharacter_C Referenced by EdGraphPin_15423
[2015.06.30-08.50.19:599][  0]LogLinker:Warning: Can't find file for asset '/Game/FirstPersonBP/Audio/Strong_Punch-Mike_Koenig-574430706' while loading ../../../../../../Users/TTV14SVilleK/Documents/GitHub/MayhemPunch/MayhemPunch 4.8/Content/Blueprints/Behavior/BTS_botDetectEnemy.uasset.
[2015.06.30-08.50.19:599][  0]LoadErrors: Info Failed to load /Game/Blueprints/Pawn/botCharacter.botCharacter_C Referenced by EdGraphPin_15423
[2015.06.30-08.50.19:599][  0]LoadErrors:Error: Error /Game/Blueprints/Behavior/BTS_botDetectEnemy : Can't find file for asset. /Game/FirstPersonBP/Audio/Strong_Punch-Mike_Koenig-574430706
[2015.06.30-08.50.19:651][  0]LogLinker:Warning: Can't find file '/Game/FirstPersonBP/Audio/Strong_Punch-Mike_Koenig-574430706'
[2015.06.30-08.50.19:651][  0]LoadErrors: Info Failed to load /Game/Blueprints/Pawn/botCharacter.botCharacter_C Referenced by SkeletalMesh5EEEA93E4D0A4B6F5D93338CF43C8894
[2015.06.30-08.50.19:652][  0]LogLinker:Warning: Can't find file for asset '/Game/FirstPersonBP/Audio/Strong_Punch-Mike_Koenig-574430706' while loading ../../../../../../Users/TTV14SVilleK/Documents/GitHub/MayhemPunch/MayhemPunch 4.8/Content/FirstPersonBP/Blueprints/HitStaticMesh.uasset.
[2015.06.30-08.50.19:652][  0]LoadErrors: Info Failed to load /Game/Blueprints/Pawn/botCharacter.botCharacter_C Referenced by SkeletalMesh5EEEA93E4D0A4B6F5D93338CF43C8894
[2015.06.30-08.50.19:652][  0]LoadErrors:Error: Error /Game/FirstPersonBP/Blueprints/HitStaticMesh : Can't find file for asset. /Game/FirstPersonBP/Audio/Strong_Punch-Mike_Koenig-574430706
[2015.06.30-08.50.19:652][  0]LogLinker:Warning: Can't find file '/Game/FirstPersonBP/Audio/Strong_Punch-Mike_Koenig-574430706'
[2015.06.30-08.50.19:652][  0]LoadErrors: Info Failed to load /Game/Blueprints/Pawn/botCharacter.botCharacter_C Referenced by SkeletalMesh5EEEA93E4D0A4B6F5D93338CF43C8894
[2015.06.30-08.50.19:652][  0]LogLinker:Warning: Can't find file for asset '/Game/FirstPersonBP/Audio/Strong_Punch-Mike_Koenig-574430706' while loading ../../../../../../Users/TTV14SVilleK/Documents/GitHub/MayhemPunch/MayhemPunch 4.8/Content/FirstPersonBP/Blueprints/HitStaticMesh.uasset.
[2015.06.30-08.50.19:653][  0]LoadErrors: Info Failed to load /Game/Blueprints/Pawn/botCharacter.botCharacter_C Referenced by SkeletalMesh5EEEA93E4D0A4B6F5D93338CF43C8894
[2015.06.30-08.50.19:653][  0]LoadErrors:Error: Error /Game/FirstPersonBP/Blueprints/HitStaticMesh : Can't find file for asset. /Game/FirstPersonBP/Audio/Strong_Punch-Mike_Koenig-574430706
[2015.06.30-08.50.19:658][  0]LogLinker:Warning: Can't find file '/Game/FirstPersonBP/Audio/Strong_Punch-Mike_Koenig-574430706'
[2015.06.30-08.50.19:658][  0]LoadErrors: Info Failed to load /Game/Blueprints/Pawn/botCharacter.botCharacter_C Referenced by SkeletalMesh5EEEA93E4D0A4B6F5D93338CF43C8894
[2015.06.30-08.50.19:658][  0]LogLinker:Warning: Can't find file for asset '/Game/FirstPersonBP/Audio/Strong_Punch-Mike_Koenig-574430706' while loading ../../../../../../Users/TTV14SVilleK/Documents/GitHub/MayhemPunch/MayhemPunch 4.8/Content/Blueprints/Behavior/BTS_botDetectEnemy.uasset.
[2015.06.30-08.50.19:659][  0]LoadErrors: Info Failed to load /Game/Blueprints/Pawn/botCharacter.botCharacter_C Referenced by SkeletalMesh5EEEA93E4D0A4B6F5D93338CF43C8894
[2015.06.30-08.50.19:659][  0]LoadErrors:Error: Error /Game/Blueprints/Behavior/BTS_botDetectEnemy : Can't find file for asset. /Game/FirstPersonBP/Audio/Strong_Punch-Mike_Koenig-574430706
[2015.06.30-08.50.19:659][  0]LogLinker:Warning: Can't find file '/Game/FirstPersonBP/Audio/Strong_Punch-Mike_Koenig-574430706'
[2015.06.30-08.50.19:659][  0]LoadErrors: Info Failed to load /Game/Blueprints/Pawn/botCharacter.botCharacter_C Referenced by SkeletalMesh5EEEA93E4D0A4B6F5D93338CF43C8894
[2015.06.30-08.50.19:659][  0]LogLinker:Warning: Can't find file for asset '/Game/FirstPersonBP/Audio/Strong_Punch-Mike_Koenig-574430706' while loading ../../../../../../Users/TTV14SVilleK/Documents/GitHub/MayhemPunch/MayhemPunch 4.8/Content/Blueprints/Behavior/BTS_botDetectEnemy.uasset.
[2015.06.30-08.50.19:659][  0]LoadErrors: Info Failed to load /Game/Blueprints/Pawn/botCharacter.botCharacter_C Referenced by SkeletalMesh5EEEA93E4D0A4B6F5D93338CF43C8894
[2015.06.30-08.50.19:659][  0]LoadErrors:Error: Error /Game/Blueprints/Behavior/BTS_botDetectEnemy : Can't find file for asset. /Game/FirstPersonBP/Audio/Strong_Punch-Mike_Koenig-574430706
[2015.06.30-08.50.19:663][  0]LogLinker:Warning: Can't find file '/Game/FirstPersonBP/Audio/Strong_Punch-Mike_Koenig-574430706'
[2015.06.30-08.50.19:663][  0]LoadErrors: Info Failed to load /Game/Blueprints/Pawn/botCharacter.botCharacter_C Referenced by EdGraphPin_15423
[2015.06.30-08.50.19:663][  0]LogLinker:Warning: Can't find file for asset '/Game/FirstPersonBP/Audio/Strong_Punch-Mike_Koenig-574430706' while loading ../../../../../../Users/TTV14SVilleK/Documents/GitHub/MayhemPunch/MayhemPunch 4.8/Content/Blueprints/Behavior/BTS_botDetectEnemy.uasset.
[2015.06.30-08.50.19:663][  0]LoadErrors: Info Failed to load /Game/Blueprints/Pawn/botCharacter.botCharacter_C Referenced by EdGraphPin_15423
[2015.06.30-08.50.19:663][  0]LoadErrors:Error: Error /Game/Blueprints/Behavior/BTS_botDetectEnemy : Can't find file for asset. /Game/FirstPersonBP/Audio/Strong_Punch-Mike_Koenig-574430706
[2015.06.30-08.50.27:086][  0]LogTexture:Display: Building textures: HQ_Lightmap0_7 (AutoDXT)
[2015.06.30-08.50.27:114][  0]LogTexture:Display: Building textures: HQ_Lightmap0_8 (AutoDXT)
[2015.06.30-08.50.27:122][  0]LogTexture:Display: Building textures: HQ_Lightmap0_9 (AutoDXT)
[2015.06.30-08.50.27:130][  0]LogTexture:Display: Building textures: HQ_Lightmap1_10 (AutoDXT)
[2015.06.30-08.50.27:131][  0]LogTexture:Display: Building textures: HQ_Lightmap1_11 (AutoDXT)
[2015.06.30-08.50.27:141][  0]LogTexture:Display: Building textures: HQ_Lightmap1_12 (AutoDXT)
[2015.06.30-08.50.27:145][  0]LogTexture:Display: Building textures: HQ_Lightmap1_13 (AutoDXT)
[2015.06.30-08.50.27:149][  0]LogTexture:Display: Building textures: LQ_Lightmap_0_7 (DXT1)
[2015.06.30-08.50.27:160][  0]LogTexture:Display: Building textures: LQ_Lightmap_0_8 (DXT1)
[2015.06.30-08.50.27:165][  0]LogTexture:Display: Building textures: LQ_Lightmap_0_9 (DXT1)
[2015.06.30-08.50.27:168][  0]LogTexture:Display: Building textures: LQ_Lightmap_1_10 (DXT1)
[2015.06.30-08.50.27:169][  0]LogTexture:Display: Building textures: LQ_Lightmap_1_11 (DXT1)
[2015.06.30-08.50.27:177][  0]LogTexture:Display: Building textures: LQ_Lightmap_1_12 (DXT1)
[2015.06.30-08.50.27:179][  0]LogTexture:Display: Building textures: LQ_Lightmap_1_13 (DXT1)
[2015.06.30-08.50.27:182][  0]LogTexture:Display: Building textures: SkyOcclusion0_7 (AutoDXT)
[2015.06.30-08.50.27:185][  0]LogTexture:Display: Building textures: SkyOcclusion0_8 (AutoDXT)
[2015.06.30-08.50.27:191][  0]LogTexture:Display: Building textures: SkyOcclusion0_9 (AutoDXT)
[2015.06.30-08.50.27:193][  