[2015.06.30-09.00.27:136][  0]Log file open, 06/30/15 12:00:27
[2015.06.30-09.00.27:136][  0]LogInit:Display: Running engine for game: MayhemPunch
[2015.06.30-09.00.27:136][  0]LogInit:Display: RandInit(-1815401894) SRandInit(-1815401894).
[2015.06.30-09.00.27:136][  0]LogTaskGraph: Started task graph with 4 named threads and 7 total threads.
[2015.06.30-09.00.27:136][  0]LogStats: Stats thread started
[2015.06.30-09.00.27:136][  0]LogInit: Version: 4.8.1-2591939+++depot+UE4-Releases+4.8
[2015.06.30-09.00.27:136][  0]LogInit: API Version: 2579680
[2015.06.30-09.00.27:136][  0]LogInit: Compiled (64-bit): Jun 18 2015 11:02:04
[2015.06.30-09.00.27:136][  0]LogInit: Compiled with Visual C++: 18.00.21005.01
[2015.06.30-09.00.27:136][  0]LogInit: Build Configuration: Development
[2015.06.30-09.00.27:136][  0]LogInit: Branch Name: ++depot+UE4-Releases+4.8
[2015.06.30-09.00.27:136][  0]LogInit: Command line:  
[2015.06.30-09.00.27:136][  0]LogInit: Base directory: C:/Program Files/Unreal Engine/4.8/Engine/Binaries/Win64/
[2015.06.30-09.00.27:136][  0]LogInit: Rocket: 1
[2015.06.30-09.00.27:152][  0]LogInit: Using libcurl 7.41.0
[2015.06.30-09.00.27:152][  0]LogInit:  - built for x86_64-pc-win32
[2015.06.30-09.00.27:152][  0]LogInit:  - supports SSL with WinSSL
[2015.06.30-09.00.27:152][  0]LogInit:  - other features:
[2015.06.30-09.00.27:152][  0]LogInit:      CURL_VERSION_SSL
[2015.06.30-09.00.27:152][  0]LogInit:      CURL_VERSION_IPV6
[2015.06.30-09.00.27:152][  0]LogInit:      CURL_VERSION_ASYNCHDNS
[2015.06.30-09.00.27:152][  0]LogInit:      CURL_VERSION_LARGEFILE
[2015.06.30-09.00.27:152][  0]LogInit:      CURL_VERSION_IDN
[2015.06.30-09.00.27:152][  0]LogInit:  CurlRequestOptions (configurable via config and command line):
[2015.06.30-09.00.27:152][  0]LogInit:  - bVerifyPeer = true  - Libcurl will verify peer certificate
[2015.06.30-09.00.27:152][  0]LogInit:  - bUseHttpProxy = false  - Libcurl will NOT use HTTP proxy
[2015.06.30-09.00.27:152][  0]LogInit:  - bDontReuseConnections = false  - Libcurl will reuse connections
[2015.06.30-09.00.27:152][  0]LogInit:  - CertBundlePath = nullptr  - Libcurl will use whatever was configured at build time.
[2015.06.30-09.00.27:199][  0]LogInit: WinSock: version 1.1 (2.2), MaxSocks=32767, MaxUdp=65467
[2015.06.30-09.00.27:214][  0]LogVoice:Warning: Failed to initialize voice interface
[2015.06.30-09.00.27:227][  0]LogInit: Presizing for 0 objects not considered by GC, pre-allocating 0 bytes.
[2015.06.30-09.00.27:234][  0]LogInit: Object subsystem initialized
[2015.06.30-09.00.27:235][  0]LogConsoleResponse:Warning: Skipping Unknown console variable: 'TranslucentSortAxis = (X=0.000000,Y=-1.000000,Z=0.000000)'
[2015.06.30-09.00.27:235][  0]LogConsoleResponse:Warning:   Found in ini file 'C:/Users/TTV14SVilleK/Documents/GitHub/MayhemPunch/MayhemPunch 4.8/Saved/Config/Windows/Engine.ini', in section '[/Script/Engine.RendererSettings]'
[2015.06.30-09.00.27:235][  0]LogConsoleResponse:Warning: Skipping Unknown console variable: 'UIScaleRule = ShortestSide'
[2015.06.30-09.00.27:235][  0]LogConsoleResponse:Warning:   Found in ini file 'C:/Users/TTV14SVilleK/Documents/GitHub/MayhemPunch/MayhemPunch 4.8/Saved/Config/Windows/Engine.ini', in section '[/Script/Engine.RendererSettings]'
[2015.06.30-09.00.27:235][  0]LogConsoleResponse:Warning: Skipping Unknown console variable: 'UIScaleCurve = (EditorCurveData=(Keys=),ExternalCurve=None)'
[2015.06.30-09.00.27:235][  0]LogConsoleResponse:Warning:   Found in ini file 'C:/Users/TTV14SVilleK/Documents/GitHub/MayhemPunch/MayhemPunch 4.8/Saved/Config/Windows/Engine.ini', in section '[/Script/Engine.RendererSettings]'
[2015.06.30-09.00.27:235][  0]LogInit: Selected Device Profile: [Windows]
[2015.06.30-09.00.27:235][  0]LogInit: Applying CVar settings loaded from the selected device profile: [Windows]
[2015.06.30-09.00.27:242][  0]LogInit: Computer: TA11LDML-29
[2015.06.30-09.00.27:242][  0]LogInit: User: TTV14SVilleK
[2015.06.30-09.00.27:242][  0]LogInit: CPU Page size=4096, Cores=4
[2015.06.30-09.00.27:242][  0]LogInit: High frequency timer resolution =3.316113 MHz
[2015.06.30-09.00.27:242][  0]LogMemory: Memory total: Physical=16.0GB (16GB approx)
[2015.06.30-09.00.27:242][  0]LogMemory: Platform Memory Stats for Windows
[2015.06.30-09.00.27:242][  0]LogMemory: Process Physical Memory: 54.36 MB used, 54.36 MB peak
[2015.06.30-09.00.27:242][  0]LogMemory: Process Virtual Memory: 29.57 MB used, 29.57 MB peak
[2015.06.30-09.00.27:242][  0]LogMemory: Physical Memory: 5159.02 MB used, 16344.95 MB total
[2015.06.30-09.00.27:242][  0]LogMemory: Virtual Memory: 296.51 MB used, 8388608.00 MB total
[2015.06.30-09.00.27:278][  0]LogTextLocalizationManager: The requested culture ('fi_FI') has no localization data; falling back to 'en' for localization and internationalization data.
[2015.06.30-09.00.27:509][  0]LogTextLocalizationManager:Warning: Loaded localization resources contain conflicting entries for (Namespace:ContentBrowser, Key:ImportAssetToolTip):
Localization Resource: (C:/Program Files/Unreal Engine/4.8/Engine/Content/Localization/Editor/en/Editor.locres) Source String Hash: (-630476809) Localized String: (Import to {0}...)
Localization Resource: (C:/Program Files/Unreal Engine/4.8/Engine/Content/Localization/Editor/en/Editor.locres) Source String Hash: (1271782899) Localized String: (Imports an asset from file to this folder.)
[2015.06.30-09.00.27:933][  0]LogD3D11RHI: Found D3D11 adapter 0: NVIDIA GeForce GT 640 (Feature Level 11_0)
[2015.06.30-09.00.27:933][  0]LogD3D11RHI: Adapter has 971MB of dedicated video memory, 0MB of dedicated system memory, and 3072MB of shared system memory, 2 output[s]
[2015.06.30-09.00.27:933][  0]LogD3D11RHI: Chosen D3D11 Adapter Id = 0
[2015.06.30-09.00.27:937][  0]LogRHI: Texture pool is 680 MB (70% of 971 MB)
[2015.06.30-09.00.27:944][  0]LogD3D11RHI: Async texture creation enabled
[2015.06.30-09.00.27:958][  0]LogShaderCompilers:Display: Using Local Shader Compiler.
[2015.06.30-09.00.28:812][  0]LogTemp:Display: Loaded TP DesktopTargetPlatform
[2015.06.30-09.00.28:827][  0]LogTemp:Display: Loaded TP WindowsClientTargetPlatform
[2015.06.30-09.00.28:843][  0]LogTemp:Display: Loaded TP WindowsNoEditorTargetPlatform
[2015.06.30-09.00.28:858][  0]LogTemp:Display: Loaded TP WindowsServerTargetPlatform
[2015.06.30-09.00.28:874][  0]LogTemp:Display: Loaded TP WindowsTargetPlatform
[2015.06.30-09.00.28:887][  0]LogTemp:Display: Loaded TP AndroidTargetPlatform
[2015.06.30-09.00.28:900][  0]LogTemp:Display: Loaded TP Android_ASTCTargetPlatform
[2015.06.30-09.00.28:913][  0]LogTemp:Display: Loaded TP Android_ATCTargetPlatform
[2015.06.30-09.00.28:926][  0]LogTemp:Display: Loaded TP Android_DXTTargetPlatform
[2015.06.30-09.00.28:939][  0]LogTemp:Display: Loaded TP Android_ETC1TargetPlatform
[2015.06.30-09.00.28:953][  0]LogTemp:Display: Loaded TP Android_ETC2TargetPlatform
[2015.06.30-09.00.28:966][  0]LogTemp:Display: Loaded TP Android_PVRTCTargetPlatform
[2015.06.30-09.00.29:013][  0]LogTemp:Display: Loaded TP IOSTargetPlatform
[2015.06.30-09.00.29:026][  0]LogTemp:Display: Loaded TP LinuxNoEditorTargetPlatform
[2015.06.30-09.00.29:039][  0]LogTemp:Display: Loaded TP LinuxServerTargetPlatform
[2015.06.30-09.00.29:054][  0]LogTemp:Display: Loaded TP LinuxTargetPlatform
[2015.06.30-09.00.29:054][  0]LogTargetPlatformManager:Display: Building Assets For Windows
[2015.06.30-09.00.29:264][  0]LogDerivedDataCache:Display: Max Cache Size: 512 MB
[2015.06.30-09.00.29:309][  0]LogDerivedDataCache: Loaded boot cache 0.04s 53MB C:/Users/TTV14SVilleK/AppData/Local/UnrealEngine/4.8/DerivedDataCache/Boot.ddc.
[2015.06.30-09.00.29:309][  0]LogDerivedDataCache:Display: Loaded Boot cache: C:/Users/TTV14SVilleK/AppData/Local/UnrealEngine/4.8/DerivedDataCache/Boot.ddc
[2015.06.30-09.00.29:309][  0]LogDerivedDataCache: FDerivedDataBackendGraph:  Pak pak cache file ../../../../../../Users/TTV14SVilleK/Documents/GitHub/MayhemPunch/MayhemPunch 4.8/DerivedDataCache/DDC.ddp not found, will not use a pak cache.
[2015.06.30-09.00.29:309][  0]LogDerivedDataCache: Unable to find inner node Pak for hierarchical cache Hierarchy.
[2015.06.30-09.00.29:309][  0]LogDerivedDataCache: FDerivedDataBackendGraph:  CompressedPak pak cache file ../../../../../../Users/TTV14SVilleK/Documents/GitHub/MayhemPunch/MayhemPunch 4.8/DerivedDataCache/Compressed.ddp not found, will not use a pak cache.
[2015.06.30-09.00.29:309][  0]LogDerivedDataCache: Unable to find inner node CompressedPak for hierarchical cache Hierarchy.
[2015.06.30-09.00.29:463][  0]LogDerivedDataCache:Display: Pak cache opened for reading ../../../Engine/DerivedDataCache/Compressed.ddp.
[2015.06.30-09.00.29:475][  0]LogDerivedDataCache: Using Local data cache path C:/Users/TTV14SVilleK/AppData/Local/UnrealEngine/Common/DerivedDataCache: Writable
[2015.06.30-09.00.29:692][  0]LogInit: Selected Device Profile: [Windows]
[2015.06.30-09.00.29:700][  0]ImportText (ComponentSweepMultiTests): Missing closing parenthesis: (RootShapeAsset="/Engine/BasicShapes/Cube.Cube",ShapeType="TriggerCapsule",HitResult=(Time=0.50,Location=(X=-100.000015,Y=0.0,Z=100.000015),ImpactPoint=(X=-50.0,Y=0.0,Z=50.0),Normal=(X=-1.0,Y=-0.0,Z=0.0),ImpactNormal=(X=0.0,Y=0.0,Z=1.0),TraceStart=(X=-200.0,Y=0.0,Z=200.0),TraceEnd=(X=0.0,Y=0.0,Z=0.0))
[2015.06.30-09.00.29:700][  0]ImportText (LineTraceSingleByChannelTests): Missing closing parenthesis: (RootShapeAsset="/Engine/BasicShapes/Cube.Cube",HitResult=(Time=0.50,Location=(X=-100.000015,Y=0.0,Z=100.000015),ImpactPoint=(X=-50.0,Y=0.0,Z=50.0),Normal=(X=-1.0,Y=-0.0,Z=0.0),ImpactNormal=(X=0.0,Y=0.0,Z=1.0),TraceStart=(X=-200.0,Y=0.0,Z=200.0),TraceEnd=(X=0.0,Y=0.0,Z=0.0))
[2015.06.30-09.00.29:729][  0]LogMeshUtilities: No automatic mesh reduction module available
[2015.06.30-09.00.29:729][  0]LogMeshUtilities: No automatic mesh merging module available
[2015.06.30-09.00.31:069][  0]UdpMessaging: Initializing bridge on interface 0.0.0.0:0 to multicast group 230.0.0.1:6666.
[2015.06.30-09.00.31:444][  0]SourceControl: Info Source control is disabled
[2015.06.30-09.00.31:468][  0]SourceControl: Info Source control is disabled
[2015.06.30-09.00.31:479][  0]SourceControl: Info Source control is disabled
[2015.06.30-09.00.31:489][  0]SourceControl: Info Source control is disabled
[2015.06.30-09.00.31:728][  0]LogObj: 26273 objects as part of root set at end of initial load.
[2015.06.30-09.00.31:728][  0]LogUObjectAllocator: 5409248 out of 0 bytes used by permanent object pool.
[2015.06.30-09.00.31:796][  0]LogEngine: Initializing Engine...
[2015.06.30-09.00.31:799][  0]LogHMD: Can't find Oculus library dev build: is proper Runtime installed? Version: 0.6.0.0
[2015.06.30-09.00.31:801][  0]LogHMD:Warning: SteamVR failed to initialize.  Error: 110
[2015.06.30-09.00.31:947][  0]LogAIModule: Creating AISystem for world NewWorld
[2015.06.30-09.00.31:952][  0]LogInit: XAudio2 using 'Speakers (High Definition Audio Device)' : 2 channels at 48 kHz using 32 bits per sample (channel mask 0x3)
[2015.06.30-09.00.31:959][  0]LogInit: FAudioDevice initialized.
[2015.06.30-09.00.31:988][  0]LogDerivedDataCache: Saved boot cache 0.03s 53MB C:/Users/TTV14SVilleK/AppData/Local/UnrealEngine/4.8/DerivedDataCache/Boot.ddc.
[2015.06.30-09.00.31:991][  0]LogInit: Texture streaming: Disabled
[2015.06.30-09.00.32:015][  0]LogAnalytics: Creating configured Analytics provider AnalyticsET
[2015.06.30-09.00.32:015][  0]LogAnalytics: [UEEditor.Rocket.Release] APIServer = http://et2.epicgames.com/ET2/. AppVersion = 4.8.1-2591939+++depot+UE4-Releases+4.8
[2015.06.30-09.00.32:015][  0]LogAnalytics: [UEEditor.Rocket.Release] SetUserId d652db00424d2d2668ac20b732403b95|13a6353d6e344fe8a6e53e6676d3b4bf|81e5f6f9-e625-4b87-83f3-869c0c4e9c34
[2015.06.30-09.00.32:015][  0]LogAnalytics: [UEEditor.Rocket.Release] AnalyticsET::StartSession
[2015.06.30-09.00.32:043][  0]LogInit: Transaction tracking system initialized
[2015.06.30-09.00.32:176][  0]BlueprintLog: New page: Editor Load
[2015.06.30-09.00.32:211][  0]LogAssetRegistry: FAssetRegistry took 0.0095 seconds to start up
[2015.06.30-09.00.32:211][  0]LogDirectoryWatcher:Warning: Failed to begin reading directory changes for ../../../Engine/Plugins/Experimental/CharacterAI/Content/. Error: 0
[2015.06.30-09.00.32:966][  0]LogConsoleManager:Warning: Console variable 'r.VSync' wasn't set ('GameSetting' has a lower priority than 'SystemSettingsIni')
[2015.06.30-09.00.32:966][  0]LogConsoleResponse:Display: 
[2015.06.30-09.00.33:079][  0]LogCook:Display: Done creating registry. It took  0.00s.
[2015.06.30-09.00.33:274][  0]SourceControl: Info Source control is disabled
[2015.06.30-09.00.33:274][  0]Cmd: MAP LOAD FILE="../../../../../../Users/TTV14SVilleK/Documents/GitHub/MayhemPunch/MayhemPunch 4.8/Content/Main/Maps/TutorialFirstLevel.umap" TEMPLATE=0 SHOWPROGRESS=1 FEATURELEVEL=3
[2015.06.30-09.00.33:274][  0]LightingResults: New page: Lighting Build
[2015.06.30-09.00.33:287][  0]MapCheck: New page: Map Check
[2015.06.30-09.00.33:287][  0]LightingResults: New page: Lighting Build
[2015.06.30-09.00.33:294][  0]LogParticles: Destroying 0 GPU particle simulations for FXSystem 0x000000001C442F20
[2015.06.30-09.00.34:010][  0]LogLinker:Warning: Can't find file '/Game/FirstPersonBP/Audio/Strong_Punch-Mike_Koenig-574430706'
[2015.06.30-09.00.34:010][  0]LoadErrors: Info Failed to load /Game/Blueprints/Pawn/botCharacter.botCharacter_C Referenced by SkeletalMesh5EEEA93E4D0A4B6F5D93338CF43C8894
[2015.06.30-09.00.34:010][  0]LogLinker:Warning: Can't find file for asset '/Game/FirstPersonBP/Audio/Strong_Punch-Mike_Koenig-574430706' while loading ../../../../../../Users/TTV14SVilleK/Documents/GitHub/MayhemPunch/MayhemPunch 4.8/Content/FirstPersonBP/Blueprints/GravityHammerImpact.uasset.
[2015.06.30-09.00.34:010][  0]LoadErrors: Info Failed to load /Game/Blueprints/Pawn/botCharacter.botCharacter_C Referenced by SkeletalMesh5EEEA93E4D0A4B6F5D93338CF43C8894
[2015.06.30-09.00.34:010][  0]LoadErrors:Error: Error /Game/FirstPersonBP/Blueprints/GravityHammerImpact : Can't find file for asset. /Game/FirstPersonBP/Audio/Strong_Punch-Mike_Koenig-574430706
[2015.06.30-09.00.34:028][  0]LogLinker:Warning: Can't find file '/Game/FirstPersonBP/Audio/Strong_Punch-Mike_Koenig-574430706'
[2015.06.30-09.00.34:028][  0]LoadErrors: Info Failed to load /Game/Blueprints/Pawn/botCharacter.botCharacter_C Referenced by SkeletalMesh5EEEA93E4D0A4B6F5D93338CF43C8894
[2015.06.30-09.00.34:028][  0]LogLinker:Warning: Can't find file for asset '/Game/FirstPersonBP/Audio/Strong_Punch-Mike_Koenig-574430706' while loading ../../../../../../Users/TTV14SVilleK/Documents/GitHub/MayhemPunch/MayhemPunch 4.8/Content/FirstPersonBP/Blueprints/GravityHammerImpact.uasset.
[2015.06.30-09.00.34:028][  0]LoadErrors: Info Failed to load /Game/Blueprints/Pawn/botCharacter.botCharacter_C Referenced by SkeletalMesh5EEEA93E4D0A4B6F5D93338CF43C8894
[2015.06.30-09.00.34:028][  0]LoadErrors:Error: Error /Game/FirstPersonBP/Blueprints/GravityHammerImpact : Can't find file for asset. /Game/FirstPersonBP/Audio/Strong_Punch-Mike_Koenig-574430706
[2015.06.30-09.00.34:036][  0]LogLinker:Warning: Can't find file '/Game/FirstPersonBP/Audio/Strong_Punch-Mike_Koenig-574430706'
[2015.06.30-09.00.34:036][  0]LoadErrors: Info Failed to load /Game/Blueprints/Pawn/botCharacter.botCharacter_C Referenced by SkeletalMesh5EEEA93E4D0A4B6F5D93338CF43C8894
[2015.06.30-09.00.34:036][  0]LogLinker:Warning: Can't find file for asset '/Game/FirstPersonBP/Audio/Strong_Punch-Mike_Koenig-574430706' while loading ../../../../../../Users/TTV14SVilleK/Documents/GitHub/MayhemPunch/MayhemPunch 4.8/Content/Blueprints/Behavior/BTS_botDetectEnemy.uasset.
[2015.06.30-09.00.34:036][  0]LoadErrors: Info Failed to load /Game/Blueprints/Pawn/botCharacter.botCharacter_C Referenced by SkeletalMesh5EEEA93E4D0A4B6F5D93338CF43C8894
[2015.06.30-09.00.34:036][  0]LoadErrors:Error: Error /Game/Blueprints/Behavior/BTS_botDetectEnemy : Can't find file for asset. /Game/FirstPersonBP/Audio/Strong_Punch-Mike_Koenig-574430706
[2015.06.30-09.00.34:036][  0]LogLinker:Warning: Can't find file '/Game/FirstPersonBP/Audio/Strong_Punch-Mike_Koenig-574430706'
[2015.06.30-09.00.34:036][  0]LoadErrors: Info Failed to load /Game/Blueprints/Pawn/botCharacter.botCharacter_C Referenced by SkeletalMesh5EEEA93E4D0A4B6F5D93338CF43C8894
[2015.06.30-09.00.34:037][  0]LogLinker:Warning: Can't find file for asset '/Game/FirstPersonBP/Audio/Strong_Punch-Mike_Koenig-574430706' while loading ../../../../../../Users/TTV14SVilleK/Documents/GitHub/MayhemPunch/MayhemPunch 4.8/Content/Blueprints/Behavior/BTS_botDetectEnemy.uasset.
[2015.06.30-09.00.34:037][  0]LoadErrors: Info Failed to load /Game/Blueprints/Pawn/botCharacter.botCharacter_C Referenced by SkeletalMesh5EEEA93E4D0A4B6F5D93338CF43C8894
[2015.06.30-09.00.34:037][  0]LoadErrors:Error: Error /Game/Blueprints/Behavior/BTS_botDetectEnemy : Can't find file for asset. /Game/FirstPersonBP/Audio/Strong_Punch-Mike_Koenig-574430706
[2015.06.30-09.00.34:041][  0]LogLinker:Warning: Can't find file '/Game/FirstPersonBP/Audio/Strong_Punch-Mike_Koenig-574430706'
[2015.06.30-09.00.34:041][  0]LoadErrors: Info Failed to load /Game/Blueprints/Pawn/botCharacter.botCharacter_C Referenced by EdGraphPin_15423
[2015.06.30-09.00.34:041][  0]LogLinker:Warning: Can't find file for asset '/Game/FirstPersonBP/Audio/Strong_Punch-Mike_Koenig-574430706' while loading ../../../../../../Users/TTV14SVilleK/Documents/GitHub/MayhemPunch/MayhemPunch 4.8/Content/Blueprints/Behavior/BTS_botDetectEnemy.uasset.
[2015.06.30-09.00.34:041][  0]LoadErrors: Info Failed to load /Game/Blueprints/Pawn/botCharacter.botCharacter_C Referenced by EdGraphPin_15423
[2015.06.30-09.00.34:041][  0]LoadErrors:Error: Error /Game/Blueprints/Behavior/BTS_botDetectEnemy : Can't find file for asset. /Game/FirstPersonBP/Audio/Strong_Punch-Mike_Koenig-574430706
[2015.06.30-09.00.34:110][  0]LogLinker:Warning: Can't find file '/Game/FirstPersonBP/Audio/Strong_Punch-Mike_Koenig-574430706'
[2015.06.30-09.00.34:110][  0]LoadErrors: Info Failed to load /Game/Blueprints/Pawn/botCharacter.botCharacter_C Referenced by SkeletalMesh5EEEA93E4D0A4B6F5D93338CF43C8894
[2015.06.30-09.00.34:110][  0]LogLinker:Warning: Can't find file for asset '/Game/FirstPersonBP/Audio/Strong_Punch-Mike_Koenig-574430706' while loading ../../../../../../Users/TTV14SVilleK/Documents/GitHub/MayhemPunch/MayhemPunch 4.8/Content/FirstPersonBP/Blueprints/HitStaticMesh.uasset.
[2015.06.30-09.00.34:110][  0]LoadErrors: Info Failed to load /Game/Blueprints/Pawn/botCharacter.botCharacter_C Referenced by SkeletalMesh5EEEA93E4D0A4B6F5D93338CF43C8894
[2015.06.30-09.00.34:110][  0]LoadErrors:Error: Error /Game/FirstPersonBP/Blueprints/HitStaticMesh : Can't find file for asset. /Game/FirstPersonBP/Audio/Strong_Punch-Mike_Koenig-574430706
[2015.06.30-09.00.34:111][  0]LogLinker:Warning: Can't find file '/Game/FirstPersonBP/Audio/Strong_Punch-Mike_Koenig-574430706'
[2015.06.30-09.00.34:111][  0]LoadErrors: Info Failed to load /Game/Blueprints/Pawn/botCharacter.botCharacter_C Referenced by SkeletalMesh5EEEA93E4D0A4B6F5D93338CF43C8894
[2015.06.30-09.00.34:111][  0]LogLinker:Warning: Can't find file for asset '/Game/FirstPersonBP/Audio/Strong_Punch-Mike_Koenig-574430706' while loading ../../../../../../Users/TTV14SVilleK/Documents/GitHub/MayhemPunch/MayhemPunch 4.8/Content/FirstPersonBP/Blueprints/HitStaticMesh.uasset.
[2015.06.30-09.00.34:111][  0]LoadErrors: Info Failed to load /Game/Blueprints/Pawn/botCharacter.botCharacter_C Referenced by SkeletalMesh5EEEA93E4D0A4B6F5D93338CF43C8894
[2015.06.30-09.00.34:111][  0]LoadErrors:Error: Error /Game/FirstPersonBP/Blueprints/HitStaticMesh : Can't find file for asset. /Game/FirstPersonBP/Audio/Strong_Punch-Mike_Koenig-574430706
[2015.06.30-09.00.34:116][  0]LogLinker:Warning: Can't find file '/Game/FirstPersonBP/Audio/Strong_Punch-Mike_Koenig-574430706'
[2015.06.30-09.00.34:116][  0]LoadErrors: Info Failed to load /Game/Blueprints/Pawn/botCharacter.botCharacter_C Referenced by SkeletalMesh5EEEA93E4D0A4B6F5D93338CF43C8894
[2015.06.30-09.00.34:116][  0]LogLinker:Warning: Can't find file for asset '/Game/FirstPersonBP/Audio/Strong_Punch-Mike_Koenig-574430706' while loading ../../../../../../Users/TTV14SVilleK/Documents/GitHub/MayhemPunch/MayhemPunch 4.8/Content/Blueprints/Behavior/BTS_botDetectEnemy.uasset.
[2015.06.30-09.00.34:116][  0]LoadErrors: Info Failed to load /Game/Blueprints/Pawn/botCharacter.botCharacter_C Referenced by SkeletalMesh5EEEA93E4D0A4B6F5D93338CF43C8894
[2015.06.30-09.00.34:116][  0]LoadErrors:Error: Error /Game/Blueprints/Behavior/BTS_botDetectEnemy : Can't find file for asset. /Game/FirstPersonBP/Audio/Strong_Punch-Mike_Koenig-574430706
[2015.06.30-09.00.34:116][  0]LogLinker:Warning: Can't find file '/Game/FirstPersonBP/Audio/Strong_Punch-Mike_Koenig-574430706'
[2015.06.30-09.00.34:116][  0]LoadErrors: Info Failed to load /Game/Blueprints/Pawn/botCharacter.botCharacter_C Referenced by SkeletalMesh5EEEA93E4D0A4B6F5D93338CF43C8894
[2015.06.30-09.00.34:116][  0]LogLinker:Warning: Can't find file for asset '/Game/FirstPersonBP/Audio/Strong_Punch-Mike_Koenig-574430706' while loading ../../../../../../Users/TTV14SVilleK/Documents/GitHub/MayhemPunch/MayhemPunch 4.8/Content/Blueprints/Behavior/BTS_botDetectEnemy.uasset.
[2015.06.30-09.00.34:117][  0]LoadErrors: Info Failed to load /Game/Blueprints/Pawn/botCharacter.botCharacter_C Referenced by SkeletalMesh5EEEA93E4D0A4B6F5D93338CF43C8894
[2015.06.30-09.00.34:117][  0]LoadErrors:Error: Error /Game/Blueprints/Behavior/BTS_botDetectEnemy : Can't find file for asset. /Game/FirstPersonBP/Audio/Strong_Punch-Mike_Koenig-574430706
[2015.06.30-09.00.34:121][  0]LogLinker:Warning: Can't find file '/Game/FirstPersonBP/Audio/Strong_Punch-Mike_Koenig-574430706'
[2015.06.30-09.00.34:121][  0]LoadErrors: Info Failed to load /Game/Blueprints/Pawn/botCharacter.botCharacter_C Referenced by EdGraphPin_15423
[2015.06.30-09.00.34:122][  0]LogLinker:Warning: Can't find file for asset '/Game/FirstPersonBP/Audio/Strong_Punch-Mike_Koenig-574430706' while loading ../../../../../../Users/TTV14SVilleK/Documents/GitHub/MayhemPunch/MayhemPunch 4.8/Content/Blueprints/Behavior/BTS_botDetectEnemy.uasset.
[2015.06.30-09.00.34:122][  0]LoadErrors: Info Failed to load /Game/Blueprints/Pawn/botCharacter.botCharacter_C Referenced by EdGraphPin_15423
[2015.06.30-09.00.34:122][  0]LoadErrors:Error: Error /Game/Blueprints/Behavior/BTS_botDetectEnemy : Can't find file for asset. /Game/FirstPersonBP/Audio/Strong_Punch-Mike_Koenig-574430706
[2015.06.30-09.00.40:327][  0]LogAIModule: Creating AISystem for world TutorialFirstLevel
[2015.06.30-09.00.40:388][  0]LogEditorServer: Finished looking for orphan Actors (0.000 secs)
[2015.06.30-09.00.40:391][  0]Cmd: MAP CHECKDEP NOCLEARLOG
[2015.06.30-09.00.40:490][  0]MapCheck: Info Map check complete: 0 Error(s), 0 Warning(s), took 98.765ms to complete.
[2015.06.30-09.00.40:490][  0]LogFileHelpers: Loading map 'TutorialFirstLevel' took 7.217
[2015.06.30-09.00.40:625][  0]LogCollectionManager: Loaded 0 collections in 0.001816 seconds
[2015.06.30-09.00.40:633][  0]LogContentBrowser: Native class hierarchy populated in 0.0075 seconds. Added 1792 classes and 301 folders.
[2015.06.30-09.00.40:678][  0]LogContentBrowser: Native class hierarchy updated for 'WidgetCarousel' in 0.0003 seconds. Added 0 classes and 0 folders.
[2015.06.30-09.00.40:706][  0]LogContentBrowser: Native class hierarchy updated for 'AddContentDialog' in 0.0003 seconds. Added 0 classes and 0 folders.
[2015.06.30-09.00.40:723][  0]LogContentBrowser: Native class hierarchy updated for 'SceneOutliner' in 0.0003 seconds. Added 1 classes and 2 folders.
[2015.06.30-09.00.40:825][  0]LogCrashTracker: Crashtracker disabled due to settings.
[2015.06.30-09.00.40:829][  0]LogUObjectGlobals:Warning: Failed to find object 'Class None.'
[2015.06.30-09.00.40:849][  0]LogLoad: Full Startup: 15.29 seconds (BP compile: 3.09 seconds)
[2015.06.30-09.00.40:918][  0]LogContentStreaming: Texture pool size is 0.000000MB
[2015.06.30-09.00.40:983][  0]LogContentStreaming: Texture pool size now 1000 MB
[2015.06.30-09.00.41:132][  0]LogRenderer: Reallocating scene render targets to support 1208x632 (Frame:2).
[2015.06.30-09.00.42:154][ 17]LogAssetRegistry: Asset discovery search completed in 9.9529 seconds
[2015.06.30-09.01.04:645][939]LogSavePa