[2015.06.24-11.50.09:439][  0]Log file open, 06/24/15 14:50:09
[2015.06.24-11.50.09:439][  0]LogInit:Display: Running engine for game: MayhemPunch
[2015.06.24-11.50.09:439][  0]LogInit:Display: RandInit(-455676018) SRandInit(-455676017).
[2015.06.24-11.50.09:439][  0]LogTaskGraph: Started task graph with 4 named threads and 7 total threads.
[2015.06.24-11.50.09:439][  0]LogStats: Stats thread started
[2015.06.24-11.50.09:439][  0]LogInit: Version: 4.8.0-2579680+++depot+UE4-Releases+4.8
[2015.06.24-11.50.09:439][  0]LogInit: API Version: 2579680
[2015.06.24-11.50.09:439][  0]LogInit: Compiled (64-bit): Jun  8 2015 03:34:53
[2015.06.24-11.50.09:439][  0]LogInit: Compiled with Visual C++: 18.00.21005.01
[2015.06.24-11.50.09:439][  0]LogInit: Build Configuration: Development
[2015.06.24-11.50.09:439][  0]LogInit: Branch Name: ++depot+UE4-Releases+4.8
[2015.06.24-11.50.09:439][  0]LogInit: Command line:  
[2015.06.24-11.50.09:439][  0]LogInit: Base directory: C:/Program Files/Unreal Engine/4.8/Engine/Binaries/Win64/
[2015.06.24-11.50.09:439][  0]LogInit: Rocket: 1
[2015.06.24-11.50.09:463][  0]LogInit: Using libcurl 7.41.0
[2015.06.24-11.50.09:463][  0]LogInit:  - built for x86_64-pc-win32
[2015.06.24-11.50.09:463][  0]LogInit:  - supports SSL with WinSSL
[2015.06.24-11.50.09:463][  0]LogInit:  - other features:
[2015.06.24-11.50.09:463][  0]LogInit:      CURL_VERSION_SSL
[2015.06.24-11.50.09:463][  0]LogInit:      CURL_VERSION_IPV6
[2015.06.24-11.50.09:463][  0]LogInit:      CURL_VERSION_ASYNCHDNS
[2015.06.24-11.50.09:463][  0]LogInit:      CURL_VERSION_LARGEFILE
[2015.06.24-11.50.09:463][  0]LogInit:      CURL_VERSION_IDN
[2015.06.24-11.50.09:463][  0]LogInit:  CurlRequestOptions (configurable via config and command line):
[2015.06.24-11.50.09:463][  0]LogInit:  - bVerifyPeer = true  - Libcurl will verify peer certificate
[2015.06.24-11.50.09:463][  0]LogInit:  - bUseHttpProxy = false  - Libcurl will NOT use HTTP proxy
[2015.06.24-11.50.09:463][  0]LogInit:  - bDontReuseConnections = false  - Libcurl will reuse connections
[2015.06.24-11.50.09:463][  0]LogInit:  - CertBundlePath = nullptr  - Libcurl will use whatever was configured at build time.
[2015.06.24-11.50.09:521][  0]LogInit: WinSock: version 1.1 (2.2), MaxSocks=32767, MaxUdp=65467
[2015.06.24-11.50.09:541][  0]LogVoice:Warning: Failed to initialize voice interface
[2015.06.24-11.50.09:555][  0]LogInit: Presizing for 0 objects not considered by GC, pre-allocating 0 bytes.
[2015.06.24-11.50.09:563][  0]LogInit: Object subsystem initialized
[2015.06.24-11.50.09:564][  0]LogConsoleResponse:Warning: Skipping Unknown console variable: 'TranslucentSortAxis = (X=0.000000,Y=-1.000000,Z=0.000000)'
[2015.06.24-11.50.09:564][  0]LogConsoleResponse:Warning:   Found in ini file 'C:/Users/TTV14SVilleK/Documents/GitHub/MayhemPunch/MayhemPunch 4.8/Saved/Config/Windows/Engine.ini', in section '[/Script/Engine.RendererSettings]'
[2015.06.24-11.50.09:564][  0]LogConsoleResponse:Warning: Skipping Unknown console variable: 'UIScaleRule = ShortestSide'
[2015.06.24-11.50.09:564][  0]LogConsoleResponse:Warning:   Found in ini file 'C:/Users/TTV14SVilleK/Documents/GitHub/MayhemPunch/MayhemPunch 4.8/Saved/Config/Windows/Engine.ini', in section '[/Script/Engine.RendererSettings]'
[2015.06.24-11.50.09:564][  0]LogConsoleResponse:Warning: Skipping Unknown console variable: 'UIScaleCurve = (EditorCurveData=(Keys=),ExternalCurve=None)'
[2015.06.24-11.50.09:564][  0]LogConsoleResponse:Warning:   Found in ini file 'C:/Users/TTV14SVilleK/Documents/GitHub/MayhemPunch/MayhemPunch 4.8/Saved/Config/Windows/Engine.ini', in section '[/Script/Engine.RendererSettings]'
[2015.06.24-11.50.09:564][  0]LogInit: Selected Device Profile: [Windows]
[2015.06.24-11.50.09:564][  0]LogInit: Applying CVar settings loaded from the selected device profile: [Windows]
[2015.06.24-11.50.09:571][  0]LogInit: Computer: TA11LDML-29
[2015.06.24-11.50.09:571][  0]LogInit: User: TTV14SVilleK
[2015.06.24-11.50.09:571][  0]LogInit: CPU Page size=4096, Cores=4
[2015.06.24-11.50.09:571][  0]LogInit: High frequency timer resolution =3.316113 MHz
[2015.06.24-11.50.09:571][  0]LogMemory: Memory total: Physical=16.0GB (16GB approx)
[2015.06.24-11.50.09:571][  0]LogMemory: Platform Memory Stats for Windows
[2015.06.24-11.50.09:571][  0]LogMemory: Process Physical Memory: 52.28 MB used, 52.28 MB peak
[2015.06.24-11.50.09:571][  0]LogMemory: Process Virtual Memory: 26.75 MB used, 26.82 MB peak
[2015.06.24-11.50.09:571][  0]LogMemory: Physical Memory: 7090.11 MB used, 16344.95 MB total
[2015.06.24-11.50.09:571][  0]LogMemory: Virtual Memory: 292.80 MB used, 8388608.00 MB total
[2015.06.24-11.50.09:608][  0]LogTextLocalizationManager: The requested culture ('fi_FI') has no localization data; falling back to 'en' for localization and internationalization data.
[2015.06.24-11.50.09:848][  0]LogTextLocalizationManager:Warning: Loaded localization resources contain conflicting entries for (Namespace:ContentBrowser, Key:ImportAssetToolTip):
Localization Resource: (C:/Program Files/Unreal Engine/4.8/Engine/Content/Localization/Editor/en/Editor.locres) Source String Hash: (-630476809) Localized String: (Import to {0}...)
Localization Resource: (C:/Program Files/Unreal Engine/4.8/Engine/Content/Localization/Editor/en/Editor.locres) Source String Hash: (1271782899) Localized String: (Imports an asset from file to this folder.)
[2015.06.24-11.50.10:253][  0]LogD3D11RHI: Found D3D11 adapter 0: NVIDIA GeForce GT 640 (Feature Level 11_0)
[2015.06.24-11.50.10:253][  0]LogD3D11RHI: Adapter has 971MB of dedicated video memory, 0MB of dedicated system memory, and 3072MB of shared system memory, 2 output[s]
[2015.06.24-11.50.10:253][  0]LogD3D11RHI: Chosen D3D11 Adapter Id = 0
[2015.06.24-11.50.10:257][  0]LogRHI: Texture pool is 680 MB (70% of 971 MB)
[2015.06.24-11.50.10:265][  0]LogD3D11RHI: Async texture creation enabled
[2015.06.24-11.50.10:279][  0]LogShaderCompilers:Display: Using Local Shader Compiler.
[2015.06.24-11.50.11:161][  0]LogTemp:Display: Loaded TP DesktopTargetPlatform
[2015.06.24-11.50.11:175][  0]LogTemp:Display: Loaded TP WindowsClientTargetPlatform
[2015.06.24-11.50.11:187][  0]LogTemp:Display: Loaded TP WindowsNoEditorTargetPlatform
[2015.06.24-11.50.11:200][  0]LogTemp:Display: Loaded TP WindowsServerTargetPlatform
[2015.06.24-11.50.11:214][  0]LogTemp:Display: Loaded TP WindowsTargetPlatform
[2015.06.24-11.50.11:226][  0]LogTemp:Display: Loaded TP AndroidTargetPlatform
[2015.06.24-11.50.11:237][  0]LogTemp:Display: Loaded TP Android_ASTCTargetPlatform
[2015.06.24-11.50.11:247][  0]LogTemp:Display: Loaded TP Android_ATCTargetPlatform
[2015.06.24-11.50.11:258][  0]LogTemp:Display: Loaded TP Android_DXTTargetPlatform
[2015.06.24-11.50.11:269][  0]LogTemp:Display: Loaded TP Android_ETC1TargetPlatform
[2015.06.24-11.50.11:280][  0]LogTemp:Display: Loaded TP Android_ETC2TargetPlatform
[2015.06.24-11.50.11:290][  0]LogTemp:Display: Loaded TP Android_PVRTCTargetPlatform
[2015.06.24-11.50.11:332][  0]LogTemp:Display: Loaded TP IOSTargetPlatform
[2015.06.24-11.50.11:342][  0]LogTemp:Display: Loaded TP LinuxNoEditorTargetPlatform
[2015.06.24-11.50.11:353][  0]LogTemp:Display: Loaded TP LinuxServerTargetPlatform
[2015.06.24-11.50.11:365][  0]LogTemp:Display: Loaded TP LinuxTargetPlatform
[2015.06.24-11.50.11:366][  0]LogTargetPlatformManager:Display: Building Assets For Windows
[2015.06.24-11.50.11:551][  0]LogDerivedDataCache:Display: Max Cache Size: 512 MB
[2015.06.24-11.50.11:591][  0]LogDerivedDataCache: Loaded boot cache 0.04s 53MB C:/Users/TTV14SVilleK/AppData/Local/UnrealEngine/4.8/DerivedDataCache/Boot.ddc.
[2015.06.24-11.50.11:591][  0]LogDerivedDataCache:Display: Loaded Boot cache: C:/Users/TTV14SVilleK/AppData/Local/UnrealEngine/4.8/DerivedDataCache/Boot.ddc
[2015.06.24-11.50.11:591][  0]LogDerivedDataCache: FDerivedDataBackendGraph:  Pak pak cache file ../../../../../../Users/TTV14SVilleK/Documents/GitHub/MayhemPunch/MayhemPunch 4.8/DerivedDataCache/DDC.ddp not found, will not use a pak cache.
[2015.06.24-11.50.11:592][  0]LogDerivedDataCache: Unable to find inner node Pak for hierarchical cache Hierarchy.
[2015.06.24-11.50.11:592][  0]LogDerivedDataCache: FDerivedDataBackendGraph:  CompressedPak pak cache file ../../../../../../Users/TTV14SVilleK/Documents/GitHub/MayhemPunch/MayhemPunch 4.8/DerivedDataCache/Compressed.ddp not found, will not use a pak cache.
[2015.06.24-11.50.11:592][  0]LogDerivedDataCache: Unable to find inner node CompressedPak for hierarchical cache Hierarchy.
[2015.06.24-11.50.11:740][  0]LogDerivedDataCache:Display: Pak cache opened for reading ../../../Engine/DerivedDataCache/Compressed.ddp.
[2015.06.24-11.50.11:751][  0]LogDerivedDataCache: Using Local data cache path C:/Users/TTV14SVilleK/AppData/Local/UnrealEngine/Common/DerivedDataCache: Writable
[2015.06.24-11.50.11:992][  0]LogInit: Selected Device Profile: [Windows]
[2015.06.24-11.50.12:000][  0]ImportText (ComponentSweepMultiTests): Missing closing parenthesis: (RootShapeAsset="/Engine/BasicShapes/Cube.Cube",ShapeType="TriggerCapsule",HitResult=(Time=0.50,Location=(X=-100.000015,Y=0.0,Z=100.000015),ImpactPoint=(X=-50.0,Y=0.0,Z=50.0),Normal=(X=-1.0,Y=-0.0,Z=0.0),ImpactNormal=(X=0.0,Y=0.0,Z=1.0),TraceStart=(X=-200.0,Y=0.0,Z=200.0),TraceEnd=(X=0.0,Y=0.0,Z=0.0))
[2015.06.24-11.50.12:000][  0]ImportText (LineTraceSingleByChannelTests): Missing closing parenthesis: (RootShapeAsset="/Engine/BasicShapes/Cube.Cube",HitResult=(Time=0.50,Location=(X=-100.000015,Y=0.0,Z=100.000015),ImpactPoint=(X=-50.0,Y=0.0,Z=50.0),Normal=(X=-1.0,Y=-0.0,Z=0.0),ImpactNormal=(X=0.0,Y=0.0,Z=1.0),TraceStart=(X=-200.0,Y=0.0,Z=200.0),TraceEnd=(X=0.0,Y=0.0,Z=0.0))
[2015.06.24-11.50.12:025][  0]LogMeshUtilities: No automatic mesh reduction module available
[2015.06.24-11.50.12:025][  0]LogMeshUtilities: No automatic mesh merging module available
[2015.06.24-11.50.13:634][  0]UdpMessaging: Initializing bridge on interface 0.0.0.0:0 to multicast group 230.0.0.1:6666.
[2015.06.24-11.50.13:973][  0]SourceControl: Info Source control is disabled
[2015.06.24-11.50.13:990][  0]SourceControl: Info Source control is disabled
[2015.06.24-11.50.13:998][  0]SourceControl: Info Source control is disabled
[2015.06.24-11.50.14:007][  0]SourceControl: Info Source control is disabled
[2015.06.24-11.50.14:214][  0]LogObj: 26273 objects as part of root set at end of initial load.
[2015.06.24-11.50.14:214][  0]LogUObjectAllocator: 5409256 out of 0 bytes used by permanent object pool.
[2015.06.24-11.50.14:278][  0]LogEngine: Initializing Engine...
[2015.06.24-11.50.14:280][  0]LogHMD: Can't find Oculus library dev build: is proper Runtime installed? Version: 0.6.0.0
[2015.06.24-11.50.14:281][  0]LogHMD:Warning: SteamVR failed to initialize.  Error: 110
[2015.06.24-11.50.14:423][  0]LogAIModule: Creating AISystem for world NewWorld
[2015.06.24-11.50.14:427][  0]LogInit: XAudio2 using 'Speakers (High Definition Audio Device)' : 2 channels at 48 kHz using 32 bits per sample (channel mask 0x3)
[2015.06.24-11.50.14:446][  0]LogInit: FAudioDevice initialized.
[2015.06.24-11.50.14:469][  0]LogDerivedDataCache: Saved boot cache 0.02s 53MB C:/Users/TTV14SVilleK/AppData/Local/UnrealEngine/4.8/DerivedDataCache/Boot.ddc.
[2015.06.24-11.50.14:472][  0]LogInit: Texture streaming: Disabled
[2015.06.24-11.50.14:492][  0]LogAnalytics: Creating configured Analytics provider AnalyticsET
[2015.06.24-11.50.14:492][  0]LogAnalytics: [UEEditor.Rocket.Release] APIServer = http://et2.epicgames.com/ET2/. AppVersion = 4.8.0-2579680+++depot+UE4-Releases+4.8
[2015.06.24-11.50.14:492][  0]LogAnalytics: [UEEditor.Rocket.Release] SetUserId d652db00424d2d2668ac20b732403b95|13a6353d6e344fe8a6e53e6676d3b4bf|81e5f6f9-e625-4b87-83f3-869c0c4e9c34
[2015.06.24-11.50.14:492][  0]LogAnalytics: [UEEditor.Rocket.Release] AnalyticsET::StartSession
[2015.06.24-11.50.14:520][  0]LogInit: Transaction tracking system initialized
[2015.06.24-11.50.14:631][  0]BlueprintLog: New page: Editor Load
[2015.06.24-11.50.14:660][  0]LogAssetRegistry: FAssetRegistry took 0.0094 seconds to start up
[2015.06.24-11.50.14:660][  0]LogDirectoryWatcher:Warning: Failed to begin reading directory changes for ../../../Engine/Plugins/Experimental/CharacterAI/Content/. Error: 0
[2015.06.24-11.50.15:316][  0]LogConsoleManager:Warning: Console variable 'r.VSync' wasn't set ('GameSetting' has a lower priority than 'SystemSettingsIni')
[2015.06.24-11.50.15:316][  0]LogConsoleResponse:Display: 
[2015.06.24-11.50.15:405][  0]LogCook:Display: Done creating registry. It took  0.00s.
[2015.06.24-11.50.15:564][  0]SourceControl: Info Source control is disabled
[2015.06.24-11.50.15:564][  0]Cmd: MAP LOAD FILE="../../../../../../Users/TTV14SVilleK/Documents/GitHub/MayhemPunch/MayhemPunch 4.8/Content/Main/Maps/FirstPersonExampleMap.umap" TEMPLATE=0 SHOWPROGRESS=1 FEATURELEVEL=3
[2015.06.24-11.50.15:564][  0]LightingResults: New page: Lighting Build
[2015.06.24-11.50.15:574][  0]MapCheck: New page: Map Check
[2015.06.24-11.50.15:574][  0]LightingResults: New page: Lighting Build
[2015.06.24-11.50.15:582][  0]LogParticles: Destroying 0 GPU particle simulations for FXSystem 0x0000000014DEAF20
[2015.06.24-11.50.15:977][  0]LogLinker:Warning: Can't find file '/Game/FirstPersonBP/Audio/Strong_Punch-Mike_Koenig-574430706'
[2015.06.24-11.50.15:977][  0]LoadErrors: Info Failed to load /Game/Blueprints/Pawn/botCharacter.botCharacter_C Referenced by SkeletalMeshComponent_8__FC42DFE8
[2015.06.24-11.50.15:978][  0]LogLinker:Warning: Can't find file for asset '/Game/FirstPersonBP/Audio/Strong_Punch-Mike_Koenig-574430706' while loading ../../../../../../Users/TTV14SVilleK/Documents/GitHub/MayhemPunch/MayhemPunch 4.8/Content/FirstPersonBP/Blueprints/GravityHammerImpact.uasset.
[2015.06.24-11.50.15:978][  0]LoadErrors: Info Failed to load /Game/Blueprints/Pawn/botCharacter.botCharacter_C Referenced by SkeletalMeshComponent_8__FC42DFE8
[2015.06.24-11.50.15:978][  0]LoadErrors:Error: Error /Game/FirstPersonBP/Blueprints/GravityHammerImpact : Can't find file for asset. /Game/FirstPersonBP/Audio/Strong_Punch-Mike_Koenig-574430706
[2015.06.24-11.50.15:996][  0]LogLinker:Warning: Can't find file '/Game/FirstPersonBP/Audio/Strong_Punch-Mike_Koenig-574430706'
[2015.06.24-11.50.15:997][  0]LoadErrors: Info Failed to load /Game/Blueprints/Pawn/botCharacter.botCharacter_C Referenced by SkeletalMeshComponent_8__FC42DFE8
[2015.06.24-11.50.15:997][  0]LogLinker:Warning: Can't find file for asset '/Game/FirstPersonBP/Audio/Strong_Punch-Mike_Koenig-574430706' while loading ../../../../../../Users/TTV14SVilleK/Documents/GitHub/MayhemPunch/MayhemPunch 4.8/Content/FirstPersonBP/Blueprints/GravityHammerImpact.uasset.
[2015.06.24-11.50.15:997][  0]LoadErrors: Info Failed to load /Game/Blueprints/Pawn/botCharacter.botCharacter_C Referenced by SkeletalMeshComponent_8__FC42DFE8
[2015.06.24-11.50.15:997][  0]LoadErrors:Error: Error /Game/FirstPersonBP/Blueprints/GravityHammerImpact : Can't find file for asset. /Game/FirstPersonBP/Audio/Strong_Punch-Mike_Koenig-574430706
[2015.06.24-11.50.16:002][  0]LogLinker:Warning: Can't find file '/Game/FirstPersonBP/Audio/Strong_Punch-Mike_Koenig-574430706'
[2015.06.24-11.50.16:002][  0]LoadErrors: Info Failed to load /Game/Blueprints/Pawn/botCharacter.botCharacter_C Referenced by SkeletalMeshComponent_8__FC42DFE8
[2015.06.24-11.50.16:003][  0]LogLinker:Warning: Can't find file for asset '/Game/FirstPersonBP/Audio/Strong_Punch-Mike_Koenig-574430706' while loading ../../../../../../Users/TTV14SVilleK/Documents/GitHub/MayhemPunch/MayhemPunch 4.8/Content/Blueprints/Behavior/BTS_botDetectEnemy.uasset.
[2015.06.24-11.50.16:003][  0]LoadErrors: Info Failed to load /Game/Blueprints/Pawn/botCharacter.botCharacter_C Referenced by SkeletalMeshComponent_8__FC42DFE8
[2015.06.24-11.50.16:003][  0]LoadErrors:Error: Error /Game/Blueprints/Behavior/BTS_botDetectEnemy : Can't find file for asset. /Game/FirstPersonBP/Audio/Strong_Punch-Mike_Koenig-574430706
[2015.06.24-11.50.16:003][  0]LogLinker:Warning: Can't find file '/Game/FirstPersonBP/Audio/Strong_Punch-Mike_Koenig-574430706'
[2015.06.24-11.50.16:003][  0]LoadErrors: Info Failed to load /Game/Blueprints/Pawn/botCharacter.botCharacter_C Referenced by SkeletalMeshComponent_8__FC42DFE8
[2015.06.24-11.50.16:003][  0]LogLinker:Warning: Can't find file for asset '/Game/FirstPersonBP/Audio/Strong_Punch-Mike_Koenig-574430706' while loading ../../../../../../Users/TTV14SVilleK/Documents/GitHub/MayhemPunch/MayhemPunch 4.8/Content/Blueprints/Behavior/BTS_botDetectEnemy.uasset.
[2015.06.24-11.50.16:003][  0]LoadErrors: Info Failed to load /Game/Blueprints/Pawn/botCharacter.botCharacter_C Referenced by SkeletalMeshComponent_8__FC42DFE8
[2015.06.24-11.50.16:003][  0]LoadErrors:Error: Error /Game/Blueprints/Behavior/BTS_botDetectEnemy : Can't find file for asset. /Game/FirstPersonBP/Audio/Strong_Punch-Mike_Koenig-574430706
[2015.06.24-11.50.16:006][  0]LogLinker:Warning: Can't find file '/Game/FirstPersonBP/Audio/Strong_Punch-Mike_Koenig-574430706'
[2015.06.24-11.50.16:006][  0]LoadErrors: Info Failed to load /Game/Blueprints/Pawn/botCharacter.botCharacter_C Referenced by EdGraphPin_15423
[2015.06.24-11.50.16:006][  0]LogLinker:Warning: Can't find file for asset '/Game/FirstPersonBP/Audio/Strong_Punch-Mike_Koenig-574430706' while loading ../../../../../../Users/TTV14SVilleK/Documents/GitHub/MayhemPunch/MayhemPunch 4.8/Content/Blueprints/Behavior/BTS_botDetectEnemy.uasset.
[2015.06.24-11.50.16:006][  0]LoadErrors: Info Failed to load /Game/Blueprints/Pawn/botCharacter.botCharacter_C Referenced by EdGraphPin_15423
[2015.06.24-11.50.16:006][  0]LoadErrors:Error: Error /Game/Blueprints/Behavior/BTS_botDetectEnemy : Can't find file for asset. /Game/FirstPersonBP/Audio/Strong_Punch-Mike_Koenig-574430706
[2015.06.24-11.50.16:995][  0]LogLinker:Warning: Can't find file '/Game/FirstPersonBP/Meshes/FirstPerson_ProjectileMesh'
[2015.06.24-11.50.16:995][  0]LogLinker:Warning: Can't find file for asset '/Game/FirstPersonBP/Meshes/FirstPerson_ProjectileMesh' while loading ../../../../../../Users/TTV14SVilleK/Documents/GitHub/MayhemPunch/MayhemPunch 4.8/Content/FirstPersonBP/Blueprints/Dynamite.uasset.
[2015.06.24-11.50.16:995][  0]LoadErrors:Error: Error /Game/FirstPersonBP/Blueprints/Dynamite : Can't find file for asset. /Game/FirstPersonBP/Meshes/FirstPerson_ProjectileMesh
[2015.06.24-11.50.16:996][  0]LogLinker:Warning: Can't find file '/Game/FirstPersonBP/Meshes/FirstPerson_ProjectileMesh'
[2015.06.24-11.50.16:996][  0]LogLinker:Warning: Can't find file for asset '/Game/FirstPersonBP/Meshes/FirstPerson_ProjectileMesh' while loading ../../../../../../Users/TTV14SVilleK/Documents/GitHub/MayhemPunch/MayhemPunch 4.8/Content/FirstPersonBP/Blueprints/Dynamite.uasset.
[2015.06.24-11.50.16:996][  0]LoadErrors:Error: Error /Game/FirstPersonBP/Blueprints/Dynamite : Can't find file for asset. /Game/FirstPersonBP/Meshes/FirstPerson_ProjectileMesh
[2015.06.24-11.50.17:001][  0]LogLinker:Warning: Can't find file '/Game/FirstPersonBP/Meshes/FirstPerson_ProjectileMesh'
[2015.06.24-11.50.17:001][  0]LogLinker:Warning: Can't find file for asset '/Game/FirstPersonBP/Meshes/FirstPerson_ProjectileMesh' while loading ../../../../../../Users/TTV14SVilleK/Documents/GitHub/MayhemPunch/MayhemPunch 4.8/Content/FirstPersonBP/Animations/OmaFPAnimBlueprint.uasset.
[2015.06.24-11.50.17:001][  0]LoadErrors:Error: Error /Game/FirstPersonBP/Animations/OmaFPAnimBlueprint : Can't find file for asset. /Game/FirstPersonBP/Meshes/FirstPerson_ProjectileMesh
[2015.06.24-11.50.17:001][  0]LogLinker:Warning: Can't find file '/Game/FirstPersonBP/Meshes/FirstPerson_ProjectileMesh'
[2015.06.24-11.50.17:002][  0]LogLinker:Warning: Can't find file for asset '/Game/FirstPersonBP/Meshes/FirstPerson_ProjectileMesh' while loading ../../../../../../Users/TTV14SVilleK/Documents/GitHub/MayhemPunch/MayhemPunch 4.8/Content/FirstPersonBP/Animations/OmaFPAnimBlueprint.uasset.
[2015.06.24-11.50.17:002][  0]LoadErrors:Error: Error /Game/FirstPersonBP/Animations/OmaFPAnimBlueprint : Can't find file for asset. /Game/FirstPersonBP/Meshes/FirstPerson_ProjectileMesh
[2015.06.24-11.50.17:008][  0]LogLinker:Warning: Can't find file '/Game/FirstPersonBP/Meshes/FirstPerson_ProjectileMesh'
[2015.06.24-11.50.17:008][  0]LoadErrors: Info Failed to load /Game/FirstPersonBP/Blueprints/Dynamite.Dynamite_C Referenced by StaticMeshComponent_252__1AD2D010
[2015.06.24-11.50.17:008][  0]LogLinker:Warning: Can't find file for asset '/Game/FirstPersonBP/Meshes/FirstPerson_ProjectileMesh' while loading ../../../../../../Users/TTV14SVilleK/Documents/GitHub/MayhemPunch/MayhemPunch 4.8/Content/FirstPersonBP/Animations/OmaFPAnimBlueprint.uasset.
[2015.06.24-11.50.17:008][  0]LoadErrors: Info Failed to load /Game/FirstPersonBP/Blueprints/Dynamite.Dynamite_C Referenced by StaticMeshComponent_252__1AD2D010
[2015.06.24-11.50.17:008][  0]LoadErrors:Error: Error /Game/FirstPersonBP/Animations/OmaFPAnimBlueprint : Can't find file for asset. /Game/FirstPersonBP/Meshes/FirstPerson_ProjectileMesh
[2015.06.24-11.50.21:016][  0]LogAIModule: Creating AISystem for world FirstPersonExampleMap
[2015.06.24-11.50.21:059][  0]LogEditorServer: Finished looking for orphan Actors (0.000 secs)
[2015.06.24-11.50.21:062][  0]Cmd: MAP CHECKDEP NOCLEARLOG
[2015.06.24-11.50.21:141][  0]MapCheck: Info Map check complete: 0 Error(s), 0 Warning(s), took 78.02ms to complete.
[2015.06.24-11.50.21:141][  0]LogFileHelpers: Loading map 'FirstPersonExampleMap' took 5.577
[2015.06.24-11.50.21:253][  0]LogCollectionManager: Loaded 0 collections in 0.001820 seconds
[2015.06.24-11.50.21:260][  0]LogContentBrowser: Native class hierarchy populated in 0.0066 seconds. Added 1792 classes and 301 folders.
[2015.06.24-11.50.21:302][  0]LogContentBrowser: Native class hierarchy updated for 'WidgetCarousel' in 0.0003 seconds. Added 0 classes and 0 folders.
[2015.06.24-11.50.21:329][  0]LogContentBrowser: Native class hierarchy updated for 'AddContentDialog' in 0.0003 seconds. Added 0 classes and 0 folders.
[2015.06.24-11.50.21:343][  0]LogContentBrowser: Native class hierarchy updated for 'SceneOutliner' in 0.0003 seconds. Added 1 classes and 2 folders.
[2015.06.24-11.50.21:432][  0]LogCrashTracker: Crashtracker disabled due to settings.
[2015.06.24-11.50.21:436][  0]LogUObjectGlobals:Warning: Failed to find object 'Class None.'
[2015.06.24-11.50.21:456][  0]LogLoad: Full Startup: 13.58 seconds (BP compile: 2.36 seconds)
[2015.06.24-11.50.21:851][  0]LogContentStreaming: Texture pool size is 0.000000MB
[2015.06.24-11.50.21:915][  0]LogContentStreaming: Texture pool size now 1000 MB
[2015.06.24-11.50.22:083][  0]LogRenderer: Reallocating scene render targets to support 1208x632 (Frame:2).
[2015.06.24-11.50.29:481][ 23]LogAssetRegistry: Asset discovery search completed in 14.8310 seconds
[2015.06.24-11.52.33:203][589]Cmd: POLY SELECT ADJACENT ALL
[2015.06.24-11.52.39:786][963]Cmd: POLY TEXSCALE  UU=1.000000 VV=1.000000
[2015.06.24-11.52.44:717][281]Cmd: POLY TEXSCALE  UU=0.500000 VV=0.500000
[2015.06.24-11.52.47:263][402]Cmd: POLY TEXPAN U=64.000000 V=0.000000
[2015.06.24-11.53.47:309][860]LogActorFactory: Actor Factory created Cone
[2015.06.24-11.53.51:200][139]Cmd: BRUSH ADD SELECTNEWBRUSH
[2015.06.24-11.54.56:719][600]Cmd: TRANSACTION UNDO
[2015.06.24-11.54.56:719][600]LogEditorTransaction: Undo Scale Actors
[2015.06.24-11.58.27:805][600]LogActorComponent: ~FComponentReregisterContext: (/Game/Main/Maps/FirstPersonExampleMap.FirstPersonExampleMap:PersistentLevel.Porras.BrushComponent0) Component already registered.
[2015.06.24-11.59.16:017][600]LogActorComponent: ~FComponentReregisterContext: (/Game/Main/Maps/FirstPersonExampleMap.FirstPersonExampleMap:PersistentLevel.VihollisHole8.BrushComponent0) Component already registered.
[2015.06.24-11.59.16:018][600]LogActorComponent: ~FComponentReregisterContext: (/Game/Main/Maps/FirstPersonExampleMap.FirstPersonExampleMap:PersistentLevel.VihollisHole9.BrushComponent0) Component already registered.
[2015.06.24-11.59.16:066][600]LogActorComponent: ~FComponentReregisterContext: (/Game/Main/Maps/FirstPersonExampleMap.FirstPersonExampleMap:PersistentLevel.KeskiPorrasHole2.BrushComponent0) Component already registered.
[2015.06.24-11.59.16:066][600]LogActorComponent: ~FComponentReregisterContext: (/Game/Main/Maps/FirstPersonExampleMap.FirstPersonExampleMap:PersistentLevel.KeskiPorrasHole1_24.BrushComponent0) Component already registered.
[2015.06.24-11.59.51:969][866]Cmd: POLY SELECT ADJACENT ALL
[2015.06.24-12.02.55:858][ 78]Cmd: DELETE
[2015.06.24-12.02.55:858][ 78]Cmd: ACTOR DELETE
[2015.06.24-12.02.55:869][ 78]LogEditorActor: Deleted Actor: Brush
[2015.06.24-12.03.01:812][ 78]LogEditorActor: Deleted 1 Actors (5.951 secs)
[2015.06.24-12.03.50:384][450]Cmd: POLY SELECT ADJACENT ALL
[2015.06.24-12.12.29:744][672]LogSavePackage: Save=491201.656250ms
[2015.06.24-12.12.29:744][672]LogSavePackage: Moving '../../../../../../Users/TTV14SVilleK/Documents/GitHub/MayhemPunch/MayhemPunch 4.8/Saved/FirstPersonExampleMap62E22CEE4CFA31820BAA16AB6F78CFFE.tmp' to '../../../../../../Users/TTV14SVilleK/Documents/GitHub/MayhemPunch/MayhemPunch 4.8/Content/Main/Maps/FirstPersonExampleMap.umap'
[2015.06.24-12.12.29:822][672]LogFileHelpers: Saving map 'FirstPersonExampleMap' took 498.425
[2015.06.24-12.12.40:763][227]LogSavePackage: Save=760.705078ms
[2015.06.24-12.12.40:763][227]LogSavePackage: Moving '../../../../../../Users/TTV14SVilleK/Documents/GitHub/MayhemPunch/MayhemPunch 4.8/Saved/FirstPersonExampleMap509AFFB64DF994039D7B79B48608E7AC.tmp' to '../../../../../../Users/TTV14SVilleK/Documents/GitHub/MayhemPunch/MayhemPunch 4.8/Content/Main/Maps/FirstPersonExampleMap.umap'
[2015.06.24-12.12.46:914][669]Cmd: EDIT COPY
[2015.06.24-12.12.47:346][700]Cmd: EDIT PASTE
[2015.06.24-12.21.21:952][338]Cmd: EDIT COPY
[2015.06.24-12.21.22:247][360]Cmd: EDIT PASTE
[2015.06.24-12.21.40:500][578]LogSlate:Warning: Prevented a slow task dialog from being summoned while a context menu was open
[2015.06.24-12.22.10:224][714]Cmd: POLY SELECT ADJACENT ALL
[2015.06.24-12.22.23:548][608]Cmd: POLY SELECT ADJACENT ALL
[2015.06.24-12.22.41:279][626]Cmd: POLY TEXSCALE  UU=4.000000 VV=4.000000
[2015.06.24-12.22.47:045][  7]Cmd: POLY SELECT ADJACENT ALL
[2015.06.24-12.22.52:905][402]Cmd: POLY TEXSCALE  UU=4.000000 VV=4.000000
[2015.06.24-12.22.59:565][768]Cmd: POLY SELECT ADJACENT ALL
[2015.06.24-12.23.01:856][926]Cmd: POLY SELECT ADJACENT ALL
[2015.06.24-12.23.05:364][218]Cmd: POLY SELECT ADJACENT ALL
[2015.06.24-12.23.13:575][780]Cmd: POLY TEXSCALE  UU=1.000000 VV=1.000000
[2015.06.24-12.23.42:382][787]LogSavePackage: Save=947.745422ms
[2015.06.24-12.23.42:383][787]LogSavePackage: Moving '../../../../../../Users/TTV14SVilleK/Documents/GitHub/MayhemPunch/MayhemPunch 4.8/Saved/FirstPersonExampleMap_Auto12426D59A4602E35DEAD28BBC2DADA397.tmp' to '../../../../../../Users/TTV14SVilleK/Documents/GitHub/MayhemPunch/MayhemPunch 4.8/Saved/Autosaves/Game/Main/Maps/FirstPersonExampleMap_Auto1.umap'
[2015.06.24-12.23.42:388][787]LogFileHelpers: Editor autosave (incl. sublevels) for '/Game/Main/Maps/FirstPersonExampleMap' took 1.032
[2015.06.24-12.23.42:388][787]LogFileHelpers: Editor autosave (incl. sublevels) for all levels took 1.032
[2015.06.24-12.24.34:066][625]Cmd: POLY TEXSCALE  UU=0.062500 VV=0.062500
[2015.06.24-12.24.39:726][ 29]Cmd: POLY TEXSCALE  UU=0.125000 VV=0.125000
[2015.06.24-12.24.56:819][104]Cmd: POLY TEXSCALE  UU=1.000000 VV=1.000000
[2015.06.24-12.25.10:067][891]Cmd: POLY TEXSCALE  UU=16.000000 VV=16.000000
[2015.06.24-12.25.19:952][502]MapCheck: New page: Map Check
[2015.06.24-12.25.19:993][502]Cmd: MAP REBUILD ALLVISIBLE
[2015.06.24-12.25.20:007][502]LogEditorServer: Rebuildmap Clear paths rebuilt
[2015.06.24-12.25.25:739][502]LogEditorServer: Cleared 188 NULL BSP materials after rebuild.
[2015.06.24-12.25.25:742][502]LightingResults: New page: Lighting Build - Jun 24, 2015, 6:25:25 PM
[2015.06.24-12.25.30:244][502]LogStaticLightingSystem: Running Lightmass w/ ImmediateImport mode ENABLED
[2015.06.24-12.25.30:244][502]LogStaticLightingSystem: Running Lightmass w/ ImmediateProcess mode ENABLED
[2015.06.24-12.25.30:244][502]LogStaticLightingSystem: Running Lightmass w/ Sorting mode ENABLED
[2015.06.24-12.25.30:244][502]LogStaticLightingSystem: Running Lightmass w/ Mapping paddings ENABLED
[2015.06.24-12.25.30:244][502]LogStaticLightingSystem: Running Lightmass w/ Mapping debug paddings DISABLED
[2015.06.24-12.25.30:527][502]LogEditorBuildUtils: Build time 0:00:10
[2015.06.24-12.25.30:554][502]LogMaterial: Missing cached shader map for material FLightmassMaterialRenderer M_Tech_Hex_Tile, compiling. 
[2015.06.24-12.25.30:574][502]LogMaterial: Missing cached shader map for material FLightmassMaterialRenderer M_Tech_Hex_Tile, compiling. 
[2015.06.24-12.25.30:595][503]LogMaterial: Missing cached shader map for material FLightmassMaterialRenderer M_Water_Lake, compiling. 
[2015.06.24-12.25.30:599][503]LogMaterial: Missing cached shader map for material FLightmassMaterialRenderer M_Water_Lake, compiling. 
[2015.06.24-12.25.49:166][120]Job is a success!
[2015.06.24-12.25.50:295][121]LightingResults:Error: Error KellariLight2 Severe performance loss: Failed to allocate shadowmap channel for stationary light due to overlap - light will fall back to dynamic shadows!
[2015.06.24-12.25.50:638][121]LogTexture:Display: Building textures: HQ_Lightmap0_1 (AutoDXT)
[2015.06.24-12.25.50:909][121]LogTexture:Display: Building textures: LQ_Lightmap_1_8 (DXT1)
[2015.06.24-12.25.50:916][121]LogTexture:Display: Building textures: HQ_Lightmap1_8 (AutoDXT)
[2015.06.24-12.25.50:923][121]LogTexture:Display: Building textures: LQ_Lightmap_1_7 (DXT1)
[2015.06.24-12.25.50:926][121]LogTexture:Display: Building textures: HQ_Lightmap1_7 (AutoDXT)
[2015.06.24-12.25.50:933][121]LogTexture:Display: Building textures: LQ_Lightmap_1_6 (DXT1)
[2015.06.24-12.25.50:938][121]LogTexture:Display: Building textures: HQ_Lightmap1_6 (AutoDXT)
[2015.06.24-12.25.50:951][121]LogTexture:Display: Building textures: LQ_Lightmap_0_5 (DXT1)
[2015.06.24-12.25.50:973][121]LogTexture:Display: Building textures: HQ_Lightmap0_5 (AutoDXT)
[2015.06.24-12.25.51:064][121]LogTexture:Display: Building textures: LQ_Lightmap_0_4 (DXT1)
[2015.06.24-12.25.51:144][121]LogTexture:Display: Building textures: HQ_Lightmap0_4 (AutoDXT)
[2015.06.24-12.25.51:401][121]LogTexture:Display: Building textures: LQ_Lightmap_0_3 (DXT1)
[2015.06.24-12.25.51:472][121]LogTexture:Display: Building textures: HQ_Lightmap0_3 (AutoDXT)
[2015.06.24-12.25.51:770][121]LogTexture:Display: Building textures: LQ_Lightmap_0_2 (DXT1)
[2015.06.24-12.25.51:820][121]LogTexture:Display: Building textures: HQ_Lightmap0_2 (AutoDXT)
[2015.06.24-12.25.52:039][121]LogTexture:Display: Building textures: LQ_Lightmap_0_1 (DXT1)
[2015.06.24-12.25.52:561][121]LogTexture:Display: Building textures: ShadowMapTexture2D_0 (BGRA8)
[2015.06.24-12.25.53:091][121]LogTexture:Display: Building textures: ShadowMapTexture2D_1 (BGRA8)
[2015.06.24-12.25.53:197][121]LogTexture:Display: Building textures: ShadowMapTexture2D_2 (BGRA8)
[2015.06.24-12.25.53:203][121]LogTexture:Display: Building textures: ShadowMapTexture2D_3 (BGRA8)
[2015.06.24-12.25.53:206][121]LogTexture:Display: Building textures: ShadowMapTexture2D_4 (BGRA8)
[2015.06.24-12.25.53:207][121]LogTexture:Display: Building textures: ShadowMapTexture2D_5 (BGRA8)
[2015.06.24-12.25.53:316][121]Lightmass on TA11LDML-29: 20.0 sec total, 194 ms importing, 22 ms setup, 2.88 sec photons, 16.9 sec processing, 0 ms extra exporting [2378/2378 mappings]. Threads: 1:58 min total, 1:10 min processing.
[2015.06.24-12.25.53:494][121]LogStaticLightingSystem: Illumination: 27.6 sec (2.91 sec encoding lightmaps)
[2015.06.24-12.25.53:494][121]LogStaticLightingSystem: Lightmap texture memory:  5.7 MB (0.1 MB streaming, 5.7 MB non-streaming), 16 textures
[2015.06.24-12.25.53:494][121]LogStaticLightingSystem: Shadowmap texture memory: 22.1 MB (0.1 MB streaming, 22.0 MB non-streaming), 6 textures
[2015.06.24-12.25.59:252][122]Cmd: MAP CHECK NOTIFYRESULTS
[2015.06.24-12.25.59:253][122]MapCheck: New page: FirstPersonExampleMap - Jun 24, 2015, 6:25:59 PM
[2015.06.24-12.25.59:437][122]MapCheck: Info Map check complete: 0 Error(s), 0 Warning(s), took 184.434ms to complete.
[2015.06.24-12.26.38:556][204]Cmd: POLY TEXSCALE  UU=8.000000 VV=8.000000
[2015.06.24-12.28.36:965][265]MapCheck: New page: Map Check
[2015.06.24-12.28.37:018][265]Cmd: MAP REBUILD ALLVISIBLE
[2015.06.24-12.28.37:021][265]LogEditorServer: Rebuildmap Clear paths rebuilt
[2015.06.24-12.28.42:743][265]LightingResults: New page: Lighting Build - Jun 24, 2015, 6:28:42 PM
[2015.06.24-12.28.47:644][265]LogStaticLightingSystem: Running Lightmass w/ ImmediateImport mode ENABLED
[2015.06.24-12.28.47:644][265]LogStaticLightingSystem: Running Lightmass w/ ImmediateProcess mode ENABLED
[2015.06.24-12.28.47:644][265]LogStaticLightingSystem: Running Lightmass w/ Sorting mode ENABLED
[2015.06.24-12.28.47:644][265]LogStaticLightingSystem: Running Lightmass w/ Mapping paddings ENABLED
[2015.06.24-12.28.47:644][265]LogStaticLightingSystem: Running Lightmass w/ Mapping debug paddings DISABLED
[2015.06.24-12.28.47:884][265]LogEditorBuildUtils: Build time 0:00:10
[2015.06.24-12.28.47:916][265]LogMaterial: Missing cached shader map for material FLightmassMaterialRenderer M_Tech_Hex_Tile_Pulse, compiling. 
[2015.06.24-12.28.47:920][265]LogMaterial: Missing cached shader map for material FLightmassMaterialRenderer M_Tech_Hex_Tile_Pulse, compiling. 
[2015.06.24-12.29.05:086][868]Job is a success!
[2015.06.24-12.29.06:691][869]LightingResults:Error: Error PointLight_1 Severe performance loss: Failed to allocate shadowmap channel for stationary light due to overlap - light will fall back to dynamic shadows!
[2015.06.24-12.29.06:975][869]LogTexture:Display: Building textures: HQ_Lightmap0_1 (AutoDXT)
[2015.06.24-12.29.07:285][869]LogTexture:Display: Building textures: LQ_Lightmap_0_8 (DXT1)
[2015.06.24-12.29.07:292][869]LogTexture:Display: Building textures: HQ_Lightmap0_8 (AutoDXT)
[2015.06.24-12.29.07:300][869]LogTexture:Display: Building textures: LQ_Lightmap_0_7 (DXT1)
[2015.06.24-12.29.07:302][869]LogTexture:Display: Building textures: HQ_Lightmap0_7 (AutoDXT)
[2015.06.24-12.29.07:313][869]LogTexture:Display: Building textures: LQ_Lightmap_0_6 (DXT1)
[2015.06.24-12.29.07:318][869]LogTexture:Display: Building textures: HQ_Lightmap0_6 (AutoDXT)
[2015.06.24-12.29.07:330][869]LogTexture:Display: Building textures: LQ_Lightmap_0_5 (DXT1)
[2015.06.24-12.29.07:352][869]LogTexture:Display: Building textures: HQ_Lightmap0_5 (AutoDXT)
[2015.06.24-12.29.07:408][869]LogTexture:Display: Building textures: LQ_Lightmap_0_4 (DXT1)
[2015.06.24-12.29.07:481][869]LogTexture:Display: Building textures: HQ_Lightmap0_4 (AutoDXT)
[2015.06.24-12.29.07:773][869]LogTexture:Display: Building textures: LQ_Lightmap_0_3 (DXT1)
[2015.06.24-12.29.07:844][869]LogTexture:Display: Building textures: HQ_Lightmap0_3 (AutoDXT)
[2015.06.24-12.29.08:150][869]LogTexture:Display: Building textures: LQ_Lightmap_0_2 (DXT1)
[2015.06.24-12.29.08:207][869]LogTexture:Display: Building textures: HQ_Lightmap0_2 (AutoDXT)
[2015.06.24-12.29.08:438][869]LogTexture:Display: Building textures: LQ_Lightmap_0_1 (DXT1)
[2015.06.24-12.29.08:957][869]LogTexture:Display: Building textures: ShadowMapTexture2D_6 (BGRA8)
[2015.06.24-12.29.09:496][869]LogTexture:Display: Building textures: ShadowMapTexture2D_7 (BGRA8)
[2015.06.24-12.29.09:617][869]LogTexture:Display: Building textures: ShadowMapTexture2D_8 (BGRA8)
[2015.06.24-12.29.09:623][869]LogTexture:Display: Building textures: ShadowMapTexture2D_9 (BGRA8)
[2015.06.24-12.29.09:626][869]LogTexture:Display: Building textures: ShadowMapTexture2D_10 (BGRA8)
[2015.06.24-12.29.09:627][869]LogTexture:Display: Building textures: ShadowMapTexture2D_11 (BGRA8)
[2015.06.24-12.29.09:663][869]Lightmass on TA11LDML-29: 20.3 sec total, 157 ms importing, 19 ms setup, 2.94 sec photons, 17.2 sec processing, 0 ms extra exporting [2378/2378 mappings]. Threads: 2:00 min total, 1:11 min processing.
[2015.06.24-12.29.09:832][869]LogStaticLightingSystem: Illumination: 26.7 sec (2.93 sec encoding lightmaps)
[2015.06.24-12.29.09:832][869]LogStaticLightingSystem: Lightmap texture memory:  5.7 MB (0.1 MB streaming, 5.7 MB non-streaming), 16 textures
[2015.06.24-12.29.09:832][869]LogStaticLightingSystem: Shadowmap texture memory: 44.2 MB (0.2 MB streaming, 44.0 MB non-streaming), 12 textures
[2015.06.24-12.29.10:646][870]Cmd: MAP CHECK NOTIFYRESULTS
[2015.06.24-12.29.10:646][870]MapCheck: New page: FirstPersonExampleMap - Jun 24, 2015, 6:29:10 PM
[2015.06.24-12.29.10:855][870]MapCheck: Info Map check complete: 0 Error(s), 0 Warning(s), took 208.99ms to complete.
[2015.06.24-12.30.01:659][126]MapCheck: New page: Map Check
[2015.06.24-12.30.01:708][126]Cmd: MAP REBUILD ALLVISIBLE
[2015.06.24-12.30.01:708][126]LogEditorServer: Rebuildmap Clear paths rebuilt
[2015.06.24-12.30.07:500][126]LightingResults: New page: Lighting Build - Jun 24, 2015, 6:30:07 PM
[2015.06.24-12.30.12:399][126]LogStaticLightingSystem: Running Lightmass w/ ImmediateImport mode ENABLED
[2015.06.24-12.30.12:399][126]LogStaticLightingSystem: Running Lightmass w/ ImmediateProcess mode ENABLED
[2015.06.24-12.30.12:399][126]LogStaticLightingSystem: Running Lightmass w/ Sorting mode ENABLED
[2015.06.24-12.30.12:399][126]LogStaticLightingSystem: Running Lightmass w/ Mapping paddings ENABLED
[2015.06.24-12.30.12:399][126]LogStaticLightingSystem: Running Lightmass w/ Mapping debug paddings DISABLED
[2015.06.24-12.30.12:599][126]LogEditorBuildUtils: Build time 0:00:10
[2015.06.24-12.30.28:932][770]Job is a success!
[2015.06.24-12.30.30:039][771]LightingResults:Error: Error PointLight_1 Severe performance loss: Failed to allocate shadowmap channel for stationary light due to overlap - light will fall back to dynamic shadows!
[2015.06.24-12.30.30:320][771]LogTexture:Display: Building textures: HQ_Lightmap0_1 (AutoDXT)
[2015.06.24-12.30.30:678][771]LogTexture:Display: Building textures: LQ_Lightmap_1_8 (DXT1)
[2015.06.24-12.30.30:686][771]LogTexture:Display: Building textures: HQ_Lightmap1_8 (AutoDXT)
[2015.06.24-12.30.30:693][771]LogTexture:Display: Building textures: LQ_Lightmap_1_7 (DXT1)
[2015.06.24-12.30.30:696][771]LogTexture:Display: Building textures: HQ_Lightmap1_7 (AutoDXT)
[2015.06.24-12.30.30:704][771]LogTexture:Display: Building textures: LQ_Lightmap_1_6 (DXT1)
[2015.06.24-12.30.30:707][771]LogTexture:Display: Building textures: HQ_Lightmap1_6 (AutoDXT)
[2015.06.24-12.30.30:715][771]LogTexture:Display: Building textures: LQ_Lightmap_0_5 (DXT1)
[2015.06.24-12.30.30:727][771]LogTexture:Display: Building textures: HQ_Lightmap0_5 (AutoDXT)
[2015.06.24-12.30.30:776][771]LogTexture:Display: Building textures: LQ_Lightmap_0_4 (DXT1)
[2015.06.24-12.30.30:848][771]LogTexture:Display: Building textures: HQ_Lightmap0_4 (AutoDXT)
[2015.06.24-12.30.31:125][771]LogTexture:Display: Building textures: LQ_Lightmap_0_3 (DXT1)
[2015.06.24-12.30.31:216][771]LogTexture:Display: Building textures: HQ_Lightmap0_3 (AutoDXT)
[2015.06.24-12.30.31:544][771]LogTexture:Display: Building textures: LQ_Lightmap_0_2 (DXT1)
[2015.06.24-12.30.31:622][771]LogTexture:Display: Building textures: HQ_Lightmap0_2 (AutoDXT)
[2015.06.24-12.30.31:863][771]LogTexture:Display: Building textures: LQ_Lightmap_0_1 (DXT1)
[2015.06.24-12.30.32:399][771]LogTexture:Display: Building textures: ShadowMapTexture2D_12 (BGRA8)
[2015.06.24-12.30.32:926][771]LogTexture:Display: Building textures: ShadowMapTexture2D_13 (BGRA8)
[2015.06.24-12.30.33:046][771]LogTexture:Display: Building textures: ShadowMapTexture2D_14 (BGRA8)
[2015.06.24-12.30.33:051][771]LogTexture:Display: Building textures: ShadowMapTexture2D_15 (BGRA8)
[2015.06.24-12.30.33:054][771]LogTexture:Display: Building textures: ShadowMapTexture2D_16 (BGRA8)
[2015.06.24-12.30.33:055][771]LogTexture:Display: Building textures: ShadowMapTexture2D_17 (BGRA8)
[2015.06.24-12.30.33:090][771]Lightmass on TA11LDML-29: 19.8 sec total, 160 ms importing, 18 ms setup, 2.95 sec photons, 16.6 sec processing, 0 ms extra exporting [2378/2378 mappings]. Threads: 1:56 min total, 1:11 min processing.
[2015.06.24-12.30.34:014][771]LogStaticLightingSystem: Illumination: 26.4 sec (3.01 sec encoding lightmaps)
[2015.06.24-12.30.34:014][771]LogStaticLightingSystem: Lightmap texture memory:  5.7 MB (0.1 MB streaming, 5.7 MB non-streaming), 16 textures
[2015.06.24-12.30.34:014][771]LogStaticLightingSystem: Shadowmap texture memory: 66.3 MB (0.3 MB streaming, 66.0 MB non-streaming), 18 textures
[2015.06.24-12.30.39:412][772]Cmd: MAP CHECK NOTIFYRESULTS
[2015.06.24-12.30.39:413][772]MapCheck: New page: FirstPersonExampleMap - Jun 24, 2015, 6:30:39 PM
[2015.06.24-12.30.39:538][772]MapCheck: Info Map check complete: 0 Error(s), 0 Warning(s), took 125.631ms to complete.
[2015.06.24-12.31.21:740][466]BlueprintLog: New page: Pre-PIE auto-recompile
[2015.06.24-12.31.21:741][466]LogPlayLevel: [PIE] Compiling FirstPersonExampleMap before PIE...
[2015.06.24-12.31.21:860][466]LogPlayLevel: PIE:  Blueprint regeneration took 119 ms (1 blueprints)
[2015.06.24-12.31.21:860][466]PIE: New page: PIE session: FirstPersonExampleMap (Jun 24, 2015, 6:31:21 PM)
[2015.06.24-12.31.21:861][466]LogPlayLevel: Creating play world package: /Game/Main/Maps/UEDPIE_0_FirstPersonExampleMap
[2015.06.24-12.31.22:008][466]LogPlayLevel: PIE: StaticDuplicateObject took: (0.147588s)
[2015.06.24-12.31.22:009][466]LogAIModule: Creating AISystem for world FirstPersonExampleMap
[2015.06.24-12.31.22:010][466]LogPlayLevel: PIE: World Init took: (0.001250s)
[2015.06.24-12.31.22:010][466]LogPlayLevel: PIE: Created PIE world by copying editor world from /Game/Main/Maps/FirstPersonExampleMap.FirstPersonExampleMap to /Game/Main/Maps/UEDPIE_0_FirstPersonExampleMap.FirstPersonExampleMap (0.149077s)
[2015.06.24-12.31.22:033][466]LogInit: XAudio2 using 'Speakers (High Definition Audio Device)' : 2 channels at 48 kHz using 32 bits per sample (channel mask 0x3)
[2015.06.24-12.31.22:039][466]LogInit: FAudioDevice initialized.
[2015.06.24-12.31.22:085][466]LogWorld: Game class is 'FirstPersonGameMode_C'
[2015.06.24-12.31.22:137][466]LogWorld:Warning: *** WARNING - PATHS MAY NOT BE VALID ***
[2015.06.24-12.31.22:137][466]LogWorld: Bringing World /Game/Main/Maps/UEDPIE_0_FirstPersonExampleMap.FirstPersonExampleMap up for play (max tick rate 0) at 2015.06.24-15.31.22
[2015.06.24-12.31.22:137][466]LogActor:Warning: GameSession /Game/Main/Maps/UEDPIE_0_FirstPersonExampleMap.FirstPersonExampleMap:PersistentLevel.GameSession_0 has natively added scene component(s), but none of them were set as the actor's RootComponent - picking one arbitrarily
[2015.06.24-12.31.22:138][466]LogActor:Warning: GameNetworkManager /Game/Main/Maps/UEDPIE_0_FirstPersonExampleMap.FirstPersonExampleMap:PersistentLevel.GameNetworkManager_0 has natively added scene component(s), but none of them were set as the actor's RootComponent - picking one arbitrarily
[2015.06.24-12.31.22:152][466]LogWorld: Bringing up level for play took: 0.065001
[2015.06.24-12.31.22:162][466]LogVoice:Warning: Failed to initialize voice interface
[2015.06.24-12.31.22:163][466]LogOnline:Warning: NULL: Can't start an online game for session (Game) that hasn't been created
[2015.06.24-12.31.22:164][466]PIE: Info Play in editor start time for /Game/Main/Maps/UEDPIE_0_FirstPersonExampleMap 0.992
[2015.06.24-12.31.22:367][467]LogStats:Warning: MetaData mismatch. Did you assign a stat to two groups? New //STATGROUP_Threads//OnlineAsyncTaskThreadNull///Thread_1edc_0///####STATCAT_Advanced#### old //STATGROUP_Threads//OnlineAsyncTaskThreadNull///Thread_7bc_0///####STATCAT_Advanced####
[2015.06.24-12.32.43:441][186]LogOnline:Display: NULL: FOnlineSubsystemNull::Shutdown()
[2015.06.24-12.32.43:442][186]LogPlayLevel:Display: Shutting down PIE online subsystems
[2015.06.24-12.32.43:525][187]LogParticles: Destroying 0 GPU particle simulations for FXSystem 0x000000001D9099E0
[2015.06.24-12.32.43:526][187]LogPlayLevel:Display: Destroying online subsystem :Context_4
[2015.06.24-12.32.43:526][187]LogOnline:Display: NULL: FOnlineSubsystemNull::Shutdown()
[2015.06.24-12.33.19:655][498]LogEditorViewport: Clicking on Actor (LMB): Emitter (AlienSavu)
[2015.06.24-12.34.28:170][252]LogEditorViewport: Clicking on Actor (LMB): BP_Sky_Sphere_C (SkySphereBlueprint)
[2015.06.24-12.34.31:498][387]LogSavePackage: Save=1289.317627ms
[2015.06.24-12.34.31:498][387]LogSavePackage: Moving '../../../../../../Users/TTV14SVilleK/Documents/GitHub/MayhemPunch/MayhemPunch 4.8/Saved/FirstPersonExampleMap7C6CA3304C829373F1D90E99C735645E.tmp' to '../../../../../../Users/TTV14SVilleK/Documents/GitHub/MayhemPunch/MayhemPunch 4.8/Content/Main/Maps/FirstPersonExampleMap.umap'
[2015.06.24-12.34.31:543][387]LogFileHelpers: Saving map 'FirstPersonExampleMap' took 1.451
[2015.06.24-12.34.35:653][690]BlueprintLog: New page: Pre-PIE auto-recompile
[2015.06.24-12.34.35:653][690]LogPlayLevel: [PIE] Compiling FirstPersonExampleMap before PIE...
[2015.06.24-12.34.35:773][690]LogPlayLevel: PIE:  Blueprint regeneration took 120 ms (1 blueprints)
[2015.06.24-12.34.35:773][690]PIE: New page: PIE session: FirstPersonExampleMap (Jun 24, 2015, 6:34:35 PM)
[2015.06.24-12.34.35:774][690]LogPlayLevel: Creating play world package: /Game/Main/Maps/UEDPIE_0_FirstPersonExampleMap
[2015.06.24-12.34.35:908][690]LogPlayLevel: PIE: StaticDuplicateObject took: (0.134357s)
[2015.06.24-12.34.35:909][690]LogAIModule: Creating AISystem for world FirstPersonExampleMap
[2015.06.24-12.34.35:910][690]LogPlayLevel: PIE: World Init took: (0.001193s)
[2015.06.24-12.34.35:910][690]LogPlayLevel: PIE: Created PIE world by copying editor world from /Game/Main/Maps/FirstPersonExampleMap.FirstPersonExampleMap to /Game/Main/Maps/UEDPIE_0_FirstPersonExampleMap.FirstPersonExampleMap (0.135749s)
[2015.06.24-12.34.35:932][690]LogInit: XAudio2 using 'Speakers (High Definition Audio Device)' : 2 channels at 48 kHz using 32 bits per sample (channel mask 0x3)
[2015.06.24-12.34.35:938][690]LogInit: FAudioDevice initialized.
[2015.06.24-12.34.35:972][690]LogWorld: Game class is 'FirstPersonGameMode_C'
[2015.06.24-12.34.36:003][690]LogWorld:Warning: *** WARNING - PATHS MAY NOT BE VALID ***
[2015.06.24-12.34.36:003][690]LogWorld: Bringing World /Game/Main/Maps/UEDPIE_0_FirstPersonExampleMap.FirstPersonExampleMap up for play (max tick rate 0) at 2015.06.24-15.34.36
[2015.06.24-12.34.36:003][690]LogActor:Warning: GameSession /Game/Main/Maps/UEDPIE_0_FirstPersonExampleMap.FirstPersonExampleMap:PersistentLevel.GameSession_1 has natively added scene component(s), but none of them were set as the actor's RootComponent - picking one arbitrarily
[2015.06.24-12.34.36:003][690]LogActor:Warning: GameNetworkManager /Game/Main/Maps/UEDPIE_0_FirstPersonExampleMap.FirstPersonExampleMap:PersistentLevel.GameNetworkManager_1 has natively added scene component(s), but none of them were set as the actor's RootComponent - picking one arbitrarily
[2015.06.24-12.34.36:022][690]LogWorld: Bringing up level for play took: 0.046971
[2015.06.24-12.34.36:032][690]LogVoice:Warning: Failed to initialize voice interface
[2015.06.24-12.34.36:033][690]LogOnline:Warning: NULL: Can't start an online game for session (Game) that hasn't been created
[2015.06.24-12.34.36:034][690]PIE: Info Play in editor start time for /Game/Main/Maps/UEDPIE_0_FirstPersonExampleMap 0.867
[2015.06.24-12.34.36:051][691]LogStats:Warning: MetaData mismatch. Did you assign a stat to two groups? New //STATGROUP_Threads//OnlineAsyncTaskThreadNull///Thread_1418_0///####STATCAT_Advanced#### old //STATGROUP_Threads//OnlineAsyncTaskThreadNull///Thread_7bc_0///####STATCAT_Advanced####
[2015.06.24-12.34.36:866][723]LogOnline:Display: NULL: FOnlineSubsystemNull::Shutdown()
[2015.06.24-12.34.36:866][723]LogPlayLevel:Display: Shutting down PIE online subsystems
[2015.06.24-12.34.36:899][723]LogParticles: Destroying 0 GPU particle simulations for FXSystem 0x0000000003C604A0
[2015.06.24-12.34.36:939][724]LogPlayLevel:Display: Destroying online subsystem :Context_5
[2015.06.24-12.34.36:939][724]LogOnline:Display: NULL: FOnlineSubsystemNull::Shutdown()
[2015.06.24-12.34.38:401][833]MapCheck: New page: Map Check
[2015.06.24-12.34.38:429][833]Cmd: MAP REBUILD ALLVISIBLE
[2015.06.24-12.34.38:429][833]LogEditorServer: Rebuildmap Clear paths rebuilt
[2015.06.24-12.34.43:932][833]LightingResults: New page: Lighting Build - Jun 24, 2015, 6:34:43 PM
[2015.06.24-12.34.48:828][833]LogStaticLightingSystem: Running Lightmass w/ ImmediateImport mode ENABLED
[2015.06.24-12.34.48:828][833]LogStaticLightingSystem: Running Lightmass w/ ImmediateProcess mode ENABLED
[2015.06.24-12.34.48:828][833]LogStaticLightingSystem: Running Lightmass w/ Sorting mode ENABLED
[2015.06.24-12.34.48:828][833]LogStaticLightingSystem: Running Lightmass w/ Mapping paddings ENABLED
[2015.06.24-12.34.48:828][833]LogStaticLightingSystem: Running Lightmass w/ Mapping debug paddings DISABLED
[2015.06.24-12.34.49:052][833]LogEditorBuildUtils: Build time 0:00:10
[2015.06.24-12.35.07:219][ 71]Job is a success!
[2015.06.24-12.35.08:322][ 72]LightingResults:Error: Error PointLight_1 Severe performance loss: Failed to allocate shadowmap channel for stationary light due to overlap - light will fall back to dynamic shadows!
[2015.06.24-12.35.08:621][ 72]LogTexture:Display: Building textures: HQ_Lightmap0_1 (AutoDXT)
[2015.06.24-12.35.08:941][ 72]LogTexture:Display: Building textures: LQ_Lightmap_0_8 (DXT1)
[2015.06.24-12.35.08:948][ 72]LogTexture:Display: Building textures: HQ_Lightmap0_8 (AutoDXT)
[2015.06.24-12.35.08:956][ 72]LogTexture:Display: Building textures: LQ_Lightmap_0_7 (DXT1)
[2015.06.24-12.35.08:959][ 72]LogTexture:Display: Building textures: HQ_Lightmap0_7 (AutoDXT)
[2015.06.24-12.35.08:967][ 72]LogTexture:Display: Building textures: LQ_Lightmap_0_6 (DXT1)
[2015.06.24-12.35.08:971][ 72]LogTexture:Display: Building textures: HQ_Lightmap0_6 (AutoDXT)
[2015.06.24-12.35.08:982][ 72]LogTexture:Display: Building textures: LQ_Lightmap_0_5 (DXT1)
[2015.06.24-12.35.08:996][ 72]LogTexture:Display: Building textures: HQ_Lightmap0_5 (AutoDXT)
[2015.06.24-12.35.09:050][ 72]LogTexture:Display: Building textures: LQ_Lightmap_0_4 (DXT1)
[2015.06.24-12.35.09:123][ 72]LogTexture:Display: Building textures: HQ_Lightmap0_4 (AutoDXT)
[2015.06.24-12.35.09:440][ 72]LogTexture:Display: Building textures: LQ_Lightmap_0_3 (DXT1)
[2015.06.24-12.35.09:526][ 72]LogTexture:Display: Building textures: HQ_Lightmap0_3 (AutoDXT)
[2015.06.24-12.35.09:835][ 72]LogTexture:Display: Building textures: LQ_Lightmap_0_2 (DXT1)
[2015.06.24-12.35.09:894][ 72]LogTexture:Display: Building textures: HQ_Lightmap0_2 (AutoDXT)
[2015.06.24-12.35.10:124][ 72]LogTexture:Display: Building textures: LQ_Lightmap_0_1 (DXT1)
[2015.06.24-12.35.10:661][ 72]LogTexture:Display: Building textures: ShadowMapTexture2D_18 (BGRA8)
[2015.06.24-12.35.11:201][ 72]LogTexture:Display: Building textures: ShadowMapTexture2D_19 (BGRA8)
[2015.06.24-12.35.11:319][ 72]LogTexture:Display: Building textures: ShadowMapTexture2D_20 (BGRA8)
[2015.06.24-12.35.11:326][ 72]LogTexture:Display: Building textures: ShadowMapTexture2D_21 (BGRA8)
[2015.06.24-12.35.11:328][ 72]LogTexture:Display: Building textures: ShadowMapTexture2D_22 (BGRA8)
[2015.06.24-12.35.11:329][ 72]LogTexture:Display: Building textures: ShadowMapTexture2D_23 (BGRA8)
[2015.06.24-12.35.11:512][ 72]Lightmass on TA11LDML-29: 21.8 sec total, 170 ms importing, 21 ms setup, 3.35 sec photons, 18.1 sec processing, 0 ms extra exporting [2378/2378 mappings]. Threads: 2:07 min total, 1:19 min processing.
[2015.06.24-12.35.11:676][ 72]LogStaticLightingSystem: Illumination: 27.7 sec (3.00 sec encoding lightmaps)
[2015.06.24-12.35.11:676][ 72]LogStaticLightingSystem: Lightmap texture memory:  5.7 MB (0.1 MB streaming, 5.7 MB non-streaming), 16 textures
[2015.06.24-12.35.11:676][ 72]LogStaticLightingSystem: Shadowmap texture memory: 88.4 MB (0.4 MB streaming, 88.0 MB non-streaming), 24 textures
[2015.06.24-12.35.16:851][ 73]Cmd: MAP CHECK NOTIFYRESULTS
[2015.06.24-12.35.16:851][ 73]MapCheck: New page: FirstPersonExampleMap - Jun 24, 2015, 6:35:16 PM
[2015.06.24-12.35.16:959][ 73]MapCheck: Info Map check complete: 0 Error(s), 0 Warning(s), took 108.19ms to complete.
[2015.06.24-12.35.31:570][991]LogSavePackage: Save=1367.545654ms
[2015.06.24-12.35.31:571][991]LogSavePackage: Moving '../../../../../../Users/TTV14SVilleK/Documents/GitHub/MayhemPunch/MayhemPunch 4.8/Saved/FirstPersonExampleMap1C5FA22749157CB40E4B66A68793D463.tmp' to '../../../../../../Users/TTV14SVilleK/Documents/GitHub/MayhemPunch/MayhemPunch 4.8/Content/Main/Maps/FirstPersonExampleMap.umap'
[2015.06.24-12.35.31:632][991]LogFileHelpers: Saving map 'FirstPersonExampleMap' took 1.543
[2015.06.24-12.35.33:129][ 83]MapCheck: New page: Map Check
[2015.06.24-12.35.33:155][ 83]Cmd: MAP REBUILD ALLVISIBLE
[2015.06.24-12.35.33:155][ 83]LogEditorServer: Rebuildmap Clear paths rebuilt
[2015.06.24-12.35.38:755][ 83]LightingResults: New page: Lighting Build - Jun 24, 2015, 6:35:38 PM
[2015.06.24-12.35.43:648][ 83]LogStaticLightingSystem: Running Lightmass w/ ImmediateImport mode ENABLED
[2015.06.24-12.35.43:648][ 83]LogStaticLightingSystem: Running Lightmass w/ ImmediateProcess mode ENABLED
[2015.06.24-12.35.43:648][ 83]LogStaticLightingSystem: Running Lightmass w/ Sorting mode ENABLED
[2015.06.24-12.35.43:648][ 83]LogStaticLightingSystem: Running Lightmass w/ Mapping paddings ENABLED
[2015.06.24-12.35.43:648][ 83]LogStaticLightingSystem: Running Lightmass w/ Mapping debug paddings DISABLED
[2015.06.24-12.35.43:849][ 83]LogEditorBuildUtils: Build time 0:00:10
[2015.06.24-12.36.01:379][ 23]Job is a success!
[2015.06.24-12.36.02:711][ 24]LogTexture:Display: Building textures: HQ_Lightmap0_1 (AutoDXT)
[2015.06.24-12.36.03:014][ 24]LogTexture:Display: Building textures: LQ_Lightmap_1_8 (DXT1)
[2015.06.24-12.36.03:021][ 24]LogTexture:Display: Building textures: HQ_Lightmap1_8 (AutoDXT)
[2015.06.24-12.36.03:028][ 24]LogTexture:Display: Building textures: LQ_Lightmap_1_7 (DXT1)
[2015.06.24-12.36.03:031][ 24]LogTexture:Display: Building textures: HQ_Lightmap1_7 (AutoDXT)
[2015.06.24-12.36.03:039][ 24]LogTexture:Display: Building textures: LQ_Lightmap_1_6 (DXT1)
[2015.06.24-12.36.03:043][ 24]LogTexture:Display: Building textures: HQ_Lightmap1_6 (AutoDXT)
[2015.06.24-12.36.03:051][ 24]LogTexture:Display: Building textures: LQ_Lightmap_0_5 (DXT1)
[2015.06.24-12.36.03:065][ 24]LogTexture:Display: Building textures: HQ_Lightmap0_5 (AutoDXT)
[2015.06.24-12.36.03:116][ 24]LogTexture:Display: Building textures: LQ_Lightmap_0_4 (DXT1)
[2015.06.24-12.36.03:189][ 24]LogTexture:Display: Building textures: HQ_Lightmap0_4 (AutoDXT)
[2015.06.24-12.36.03:443][ 24]LogTexture:Display: Building textures: LQ_Lightmap_0_3 (DXT1)
[2015.06.24-12.36.03:525][ 24]LogTexture:Display: Building textures: HQ_Lightmap0_3 (AutoDXT)
[2015.06.24-12.36.03:835][ 24]LogTexture:Display: Building textures: LQ_Lightmap_0_2 (DXT1)
[2015.06.24-12.36.03:894][ 24]LogTexture:Display: Building textures: HQ_Lightmap0_2 (AutoDXT)
[2015.06.24-12.36.04:102][ 24]LogTexture:Display: Building textures: LQ_Lightmap_0_1 (DXT1)
[2015.06.24-12.36.04:634][ 24]LogTexture:Display: Building textures: ShadowMapTexture2D_24 (BGRA8)
[2015.06.24-12.36.05:169][ 24]LogTexture:Display: Building textures: ShadowMapTexture2D_25 (BGRA8)
[2015.06.24-12.36.05:289][ 24]LogTexture:Display: Building textures: ShadowMapTexture2D_26 (BGRA8)
[2015.06.24-12.36.05:295][ 24]LogTexture:Display: Building textures: ShadowMapTexture2D_27 (BGRA8)
[2015.06.24-12.36.05:296][ 24]LogTexture:Display: Building textures: ShadowMapTexture2D_28 (BGRA8)
[2015.06.24-12.36.05:324][ 24]Lightmass on TA11LDML-29: 20.8 sec total, 178 ms importing, 17 ms setup, 3.10 sec photons, 17.5 sec processing, 0 ms extra exporting [2378/2378 mappings]. Threads: 2:02 min total, 1:16 min processing.
[2015.06.24-12.36.05:485][ 24]LogStaticLightingSystem: Illumination: 26.6 sec (2.86 sec encoding lightmaps)
[2015.06.24-12.36.05:485][ 24]LogStaticLightingSystem: Lightmap texture memory:  5.7 MB (0.1 MB streaming, 5.7 MB non-streaming), 16 textures
[2015.06.24-12.36.05:485][ 24]LogStaticLightingSystem: Shadowmap texture memory: 110.4 MB (0.4 MB streaming, 110.0 MB non-streaming), 29 textures
[2015.06.24-12.36.06:641][ 25]Cmd: MAP CHECK NOTIFYRESULTS
[2015.06.24-12.36.06:641][ 25]MapCheck: New page: FirstPersonExampleMap - Jun 24, 2015, 6:36:06 PM
[2015.06.24-12.36.06:734][ 25]MapCheck: Info Map check complete: 0 Error(s), 0 Warning(s), took 92.583ms to complete.
[2015.06.24-12.36.22:251][910]LogSavePackage: Save=1291.478638ms
[2015.06.24-12.36.22:251][910]LogSavePackage: Moving '../../../../../../Users/TTV14SVilleK/Documents/GitHub/MayhemPunch/MayhemPunch 4.8/Saved/FirstPersonExampleMapBD42227B46B3B93684E77982A0DF05B2.tmp' to '../../../../../../Users/TTV14SVilleK/Documents/GitHub/MayhemPunch/MayhemPunch 4.8/Content/Main/Maps/FirstPersonExampleMap.umap'
[2015.06.24-12.36.22:293][910]LogFileHelpers: Saving map 'FirstPersonExampleMap' took 1.434
[2015.06.24-12.36.24:452][ 53]LogLinker:Warning: Asset '../../../Engine/Content/Tutorial/Basics/FeaturePacks.uasset' has been saved with empty engine version. The asset will be loaded but may be incompatible.
[2015.06.24-12.36.24:756][ 53]LogLinker:Warning: Asset '../../../Engine/Content/Tutorial/Mobile/InstallingiTunesTutorial.uasset' has been saved with empty engine version. The asset will be loaded but may be incompatible.
[2015.06.24-12.36.24:767][ 53]LogLinker:Warning: Asset '../../../Engine/Content/Tutorial/Mobile/SettingUpAndroidTutorial.uasset' has been saved with empty engine version. The asset will be loaded but may be incompatible.
[2015.06.24-12.36.33:217][506]LogSa