[2015.06.23-06.16.50:552][  0]Log file open, 06/23/15 09:16:50
[2015.06.23-06.16.50:552][  0]LogInit:Display: Running engine for game: MayhemPunch
[2015.06.23-06.16.50:552][  0]LogInit:Display: RandInit(-1075073667) SRandInit(-1075073667).
[2015.06.23-06.16.50:552][  0]LogTaskGraph: Started task graph with 4 named threads and 7 total threads.
[2015.06.23-06.16.50:552][  0]LogStats: Stats thread started
[2015.06.23-06.16.50:552][  0]LogInit: Version: 4.8.0-2579680+++depot+UE4-Releases+4.8
[2015.06.23-06.16.50:552][  0]LogInit: API Version: 2579680
[2015.06.23-06.16.50:552][  0]LogInit: Compiled (64-bit): Jun  8 2015 03:34:53
[2015.06.23-06.16.50:552][  0]LogInit: Compiled with Visual C++: 18.00.21005.01
[2015.06.23-06.16.50:552][  0]LogInit: Build Configuration: Development
[2015.06.23-06.16.50:552][  0]LogInit: Branch Name: ++depot+UE4-Releases+4.8
[2015.06.23-06.16.50:552][  0]LogInit: Command line: 
[2015.06.23-06.16.50:552][  0]LogInit: Base directory: C:/Program Files/Unreal Engine/4.8/Engine/Binaries/Win64/
[2015.06.23-06.16.50:552][  0]LogInit: Rocket: 1
[2015.06.23-06.16.50:564][  0]LogInit: Using libcurl 7.41.0
[2015.06.23-06.16.50:564][  0]LogInit:  - built for x86_64-pc-win32
[2015.06.23-06.16.50:564][  0]LogInit:  - supports SSL with WinSSL
[2015.06.23-06.16.50:564][  0]LogInit:  - other features:
[2015.06.23-06.16.50:564][  0]LogInit:      CURL_VERSION_SSL
[2015.06.23-06.16.50:564][  0]LogInit:      CURL_VERSION_IPV6
[2015.06.23-06.16.50:564][  0]LogInit:      CURL_VERSION_ASYNCHDNS
[2015.06.23-06.16.50:564][  0]LogInit:      CURL_VERSION_LARGEFILE
[2015.06.23-06.16.50:564][  0]LogInit:      CURL_VERSION_IDN
[2015.06.23-06.16.50:564][  0]LogInit:  CurlRequestOptions (configurable via config and command line):
[2015.06.23-06.16.50:564][  0]LogInit:  - bVerifyPeer = true  - Libcurl will verify peer certificate
[2015.06.23-06.16.50:564][  0]LogInit:  - bUseHttpProxy = false  - Libcurl will NOT use HTTP proxy
[2015.06.23-06.16.50:564][  0]LogInit:  - bDontReuseConnections = false  - Libcurl will reuse connections
[2015.06.23-06.16.50:564][  0]LogInit:  - CertBundlePath = nullptr  - Libcurl will use whatever was configured at build time.
[2015.06.23-06.16.50:575][  0]LogOnline:Warning: No default platform service specified for OnlineSubsystem
[2015.06.23-06.16.50:587][  0]LogInit: Presizing for 0 objects not considered by GC, pre-allocating 0 bytes.
[2015.06.23-06.16.50:593][  0]LogInit: Object subsystem initialized
[2015.06.23-06.16.50:594][  0]LogConsoleResponse:Warning: Skipping Unknown console variable: 'TranslucentSortAxis = (X=0.000000,Y=-1.000000,Z=0.000000)'
[2015.06.23-06.16.50:594][  0]LogConsoleResponse:Warning:   Found in ini file 'C:/Users/TTV14SVilleK/Documents/Unreal Projects/MayhemPunch 4.8/Saved/Config/Windows/Engine.ini', in section '[/Script/Engine.RendererSettings]'
[2015.06.23-06.16.50:594][  0]LogConsoleResponse:Warning: Skipping Unknown console variable: 'UIScaleRule = ShortestSide'
[2015.06.23-06.16.50:594][  0]LogConsoleResponse:Warning:   Found in ini file 'C:/Users/TTV14SVilleK/Documents/Unreal Projects/MayhemPunch 4.8/Saved/Config/Windows/Engine.ini', in section '[/Script/Engine.RendererSettings]'
[2015.06.23-06.16.50:594][  0]LogConsoleResponse:Warning: Skipping Unknown console variable: 'UIScaleCurve = (EditorCurveData=(Keys=),ExternalCurve=None)'
[2015.06.23-06.16.50:594][  0]LogConsoleResponse:Warning:   Found in ini file 'C:/Users/TTV14SVilleK/Documents/Unreal Projects/MayhemPunch 4.8/Saved/Config/Windows/Engine.ini', in section '[/Script/Engine.RendererSettings]'
[2015.06.23-06.16.50:595][  0]LogInit: Selected Device Profile: [Windows]
[2015.06.23-06.16.50:595][  0]LogInit: Applying CVar settings loaded from the selected device profile: [Windows]
[2015.06.23-06.16.50:601][  0]LogInit: Computer: TA11LDML-29
[2015.06.23-06.16.50:601][  0]LogInit: User: TTV14SVilleK
[2015.06.23-06.16.50:601][  0]LogInit: CPU Page size=4096, Cores=4
[2015.06.23-06.16.50:601][  0]LogInit: High frequency timer resolution =3.316113 MHz
[2015.06.23-06.16.50:601][  0]LogMemory: Memory total: Physical=16.0GB (16GB approx)
[2015.06.23-06.16.50:601][  0]LogMemory: Platform Memory Stats for Windows
[2015.06.23-06.16.50:601][  0]LogMemory: Process Physical Memory: 50.79 MB used, 50.79 MB peak
[2015.06.23-06.16.50:601][  0]LogMemory: Process Virtual Memory: 24.50 MB used, 24.50 MB peak
[2015.06.23-06.16.50:601][  0]LogMemory: Physical Memory: 5417.51 MB used, 16344.95 MB total
[2015.06.23-06.16.50:601][  0]LogMemory: Virtual Memory: 282.79 MB used, 8388608.00 MB total
[2015.06.23-06.16.50:636][  0]LogTextLocalizationManager: The requested culture ('fi_FI') has no localization data; falling back to 'en' for localization and internationalization data.
[2015.06.23-06.16.50:849][  0]LogTextLocalizationManager:Warning: Loaded localization resources contain conflicting entries for (Namespace:ContentBrowser, Key:ImportAssetToolTip):
Localization Resource: (C:/Program Files/Unreal Engine/4.8/Engine/Content/Localization/Editor/en/Editor.locres) Source String Hash: (-630476809) Localized String: (Import to {0}...)
Localization Resource: (C:/Program Files/Unreal Engine/4.8/Engine/Content/Localization/Editor/en/Editor.locres) Source String Hash: (1271782899) Localized String: (Imports an asset from file to this folder.)
[2015.06.23-06.16.51:262][  0]LogD3D11RHI: Found D3D11 adapter 0: NVIDIA GeForce GT 640 (Feature Level 11_0)
[2015.06.23-06.16.51:262][  0]LogD3D11RHI: Adapter has 971MB of dedicated video memory, 0MB of dedicated system memory, and 3072MB of shared system memory, 2 output[s]
[2015.06.23-06.16.51:262][  0]LogD3D11RHI: Chosen D3D11 Adapter Id = 0
[2015.06.23-06.16.51:265][  0]LogRHI: Texture pool is 680 MB (70% of 971 MB)
[2015.06.23-06.16.51:272][  0]LogD3D11RHI: Async texture creation enabled
[2015.06.23-06.16.51:286][  0]LogShaderCompilers:Display: Using Local Shader Compiler.
[2015.06.23-06.16.52:101][  0]LogTemp:Display: Loaded TP DesktopTargetPlatform
[2015.06.23-06.16.52:113][  0]LogTemp:Display: Loaded TP WindowsClientTargetPlatform
[2015.06.23-06.16.52:125][  0]LogTemp:Display: Loaded TP WindowsNoEditorTargetPlatform
[2015.06.23-06.16.52:138][  0]LogTemp:Display: Loaded TP WindowsServerTargetPlatform
[2015.06.23-06.16.52:151][  0]LogTemp:Display: Loaded TP WindowsTargetPlatform
[2015.06.23-06.16.52:162][  0]LogTemp:Display: Loaded TP AndroidTargetPlatform
[2015.06.23-06.16.52:173][  0]LogTemp:Display: Loaded TP Android_ASTCTargetPlatform
[2015.06.23-06.16.52:184][  0]LogTemp:Display: Loaded TP Android_ATCTargetPlatform
[2015.06.23-06.16.52:194][  0]LogTemp:Display: Loaded TP Android_DXTTargetPlatform
[2015.06.23-06.16.52:205][  0]LogTemp:Display: Loaded TP Android_ETC1TargetPlatform
[2015.06.23-06.16.52:215][  0]LogTemp:Display: Loaded TP Android_ETC2TargetPlatform
[2015.06.23-06.16.52:226][  0]LogTemp:Display: Loaded TP Android_PVRTCTargetPlatform
[2015.06.23-06.16.52:268][  0]LogTemp:Display: Loaded TP IOSTargetPlatform
[2015.06.23-06.16.52:278][  0]LogTemp:Display: Loaded TP LinuxNoEditorTargetPlatform
[2015.06.23-06.16.52:288][  0]LogTemp:Display: Loaded TP LinuxServerTargetPlatform
[2015.06.23-06.16.52:301][  0]LogTemp:Display: Loaded TP LinuxTargetPlatform
[2015.06.23-06.16.52:301][  0]LogTargetPlatformManager:Display: Building Assets For Windows
[2015.06.23-06.16.52:477][  0]LogDerivedDataCache:Display: Max Cache Size: 512 MB
[2015.06.23-06.16.52:519][  0]LogDerivedDataCache: Loaded boot cache 0.04s 53MB C:/Users/TTV14SVilleK/AppData/Local/UnrealEngine/4.8/DerivedDataCache/Boot.ddc.
[2015.06.23-06.16.52:519][  0]LogDerivedDataCache:Display: Loaded Boot cache: C:/Users/TTV14SVilleK/AppData/Local/UnrealEngine/4.8/DerivedDataCache/Boot.ddc
[2015.06.23-06.16.52:519][  0]LogDerivedDataCache: FDerivedDataBackendGraph:  Pak pak cache file ../../../../../../Users/TTV14SVilleK/Documents/Unreal Projects/MayhemPunch 4.8/DerivedDataCache/DDC.ddp not found, will not use a pak cache.
[2015.06.23-06.16.52:519][  0]LogDerivedDataCache: Unable to find inner node Pak for hierarchical cache Hierarchy.
[2015.06.23-06.16.52:519][  0]LogDerivedDataCache: FDerivedDataBackendGraph:  CompressedPak pak cache file ../../../../../../Users/TTV14SVilleK/Documents/Unreal Projects/MayhemPunch 4.8/DerivedDataCache/Compressed.ddp not found, will not use a pak cache.
[2015.06.23-06.16.52:519][  0]LogDerivedDataCache: Unable to find inner node CompressedPak for hierarchical cache Hierarchy.
[2015.06.23-06.16.52:667][  0]LogDerivedDataCache:Display: Pak cache opened for reading ../../../Engine/DerivedDataCache/Compressed.ddp.
[2015.06.23-06.16.52:678][  0]LogDerivedDataCache: Using Local data cache path C:/Users/TTV14SVilleK/AppData/Local/UnrealEngine/Common/DerivedDataCache: Writable
[2015.06.23-06.16.52:902][  0]LogInit: Selected Device Profile: [Windows]
[2015.06.23-06.16.52:911][  0]ImportText (ComponentSweepMultiTests): Missing closing parenthesis: (RootShapeAsset="/Engine/BasicShapes/Cube.Cube",ShapeType="TriggerCapsule",HitResult=(Time=0.50,Location=(X=-100.000015,Y=0.0,Z=100.000015),ImpactPoint=(X=-50.0,Y=0.0,Z=50.0),Normal=(X=-1.0,Y=-0.0,Z=0.0),ImpactNormal=(X=0.0,Y=0.0,Z=1.0),TraceStart=(X=-200.0,Y=0.0,Z=200.0),TraceEnd=(X=0.0,Y=0.0,Z=0.0))
[2015.06.23-06.16.52:911][  0]ImportText (LineTraceSingleByChannelTests): Missing closing parenthesis: (RootShapeAsset="/Engine/BasicShapes/Cube.Cube",HitResult=(Time=0.50,Location=(X=-100.000015,Y=0.0,Z=100.000015),ImpactPoint=(X=-50.0,Y=0.0,Z=50.0),Normal=(X=-1.0,Y=-0.0,Z=0.0),ImpactNormal=(X=0.0,Y=0.0,Z=1.0),TraceStart=(X=-200.0,Y=0.0,Z=200.0),TraceEnd=(X=0.0,Y=0.0,Z=0.0))
[2015.06.23-06.16.52:936][  0]LogMeshUtilities: No automatic mesh reduction module available
[2015.06.23-06.16.52:936][  0]LogMeshUtilities: No automatic mesh merging module available
[2015.06.23-06.16.53:310][  0]LogInit: WinSock: version 1.1 (2.2), MaxSocks=32767, MaxUdp=65467
[2015.06.23-06.16.54:280][  0]UdpMessaging: Initializing bridge on interface 0.0.0.0:0 to multicast group 230.0.0.1:6666.
[2015.06.23-06.16.54:611][  0]SourceControl: Info Source control is disabled
[2015.06.23-06.16.54:611][  0]SourceControl: Info Source control is disabled
[2015.06.23-06.16.54:619][  0]SourceControl: Info Source control is disabled
[2015.06.23-06.16.54:627][  0]SourceControl: Info Source control is disabled
[2015.06.23-06.16.54:826][  0]LogObj: 26273 objects as part of root set at end of initial load.
[2015.06.23-06.16.54:826][  0]LogUObjectAllocator: 5409248 out of 0 bytes used by permanent object pool.
[2015.06.23-06.16.54:888][  0]LogEngine: Initializing Engine...
[2015.06.23-06.16.54:890][  0]LogHMD: Can't find Oculus library dev build: is proper Runtime installed? Version: 0.6.0.0
[2015.06.23-06.16.54:892][  0]LogHMD:Warning: SteamVR failed to initialize.  Error: 110
[2015.06.23-06.16.55:030][  0]LogAIModule: Creating AISystem for world NewWorld
[2015.06.23-06.16.55:034][  0]LogInit: XAudio2 using 'Speakers (High Definition Audio Device)' : 2 channels at 48 kHz using 32 bits per sample (channel mask 0x3)
[2015.06.23-06.16.55:052][  0]LogInit: FAudioDevice initialized.
[2015.06.23-06.16.55:081][  0]LogDerivedDataCache: Saved boot cache 0.03s 53MB C:/Users/TTV14SVilleK/AppData/Local/UnrealEngine/4.8/DerivedDataCache/Boot.ddc.
[2015.06.23-06.16.55:083][  0]LogInit: Texture streaming: Disabled
[2015.06.23-06.16.55:104][  0]LogAnalytics: Creating configured Analytics provider AnalyticsET
[2015.06.23-06.16.55:104][  0]LogAnalytics: [UEEditor.Rocket.Release] APIServer = http://et2.epicgames.com/ET2/. AppVersion = 4.8.0-2579680+++depot+UE4-Releases+4.8
[2015.06.23-06.16.55:104][  0]LogAnalytics: [UEEditor.Rocket.Release] SetUserId d652db00424d2d2668ac20b732403b95|13a6353d6e344fe8a6e53e6676d3b4bf|81e5f6f9-e625-4b87-83f3-869c0c4e9c34
[2015.06.23-06.16.55:104][  0]LogAnalytics: [UEEditor.Rocket.Release] AnalyticsET::StartSession
[2015.06.23-06.16.55:130][  0]LogInit: Transaction tracking system initialized
[2015.06.23-06.16.55:242][  0]BlueprintLog: New page: Editor Load
[2015.06.23-06.16.55:272][  0]LogAssetRegistry: FAssetRegistry took 0.0098 seconds to start up
[2015.06.23-06.16.55:272][  0]LogDirectoryWatcher:Warning: Failed to begin reading directory changes for ../../../Engine/Plugins/Experimental/CharacterAI/Content/. Error: 0
[2015.06.23-06.16.55:816][  0]LogLinker:Warning: Can't find file '/Game/FirstPersonBP/FirstPersonOverview'
[2015.06.23-06.16.55:816][  0]LogLinker:Warning: Can't find file '/Game/FirstPersonBP/FirstPersonOverview'
[2015.06.23-06.16.55:816][  0]LogLinker:Warning: Can't find file '/Game/FirstPersonBP/FirstPersonOverview'
[2015.06.23-06.16.55:816][  0]LogUObjectGlobals:Warning: Failed to find object 'Class /Game/FirstPersonBP/FirstPersonOverview.FirstPersonOverview_C'
[2015.06.23-06.16.55:916][  0]LogConsoleManager:Warning: Console variable 'r.VSync' wasn't set ('GameSetting' has a lower priority than 'SystemSettingsIni')
[2015.06.23-06.16.55:916][  0]LogConsoleResponse:Display: 
[2015.06.23-06.16.55:999][  0]LogCook:Display: Done creating registry. It took  0.00s.
[2015.06.23-06.16.56:157][  0]SourceControl: Info Source control is disabled
[2015.06.23-06.16.56:157][  0]Cmd: MAP LOAD FILE="../../../../../../Users/TTV14SVilleK/Documents/Unreal Projects/MayhemPunch 4.8/Content/Main/Maps/FirstPersonExampleMap.umap" TEMPLATE=0 SHOWPROGRESS=1 FEATURELEVEL=3
[2015.06.23-06.16.56:157][  0]LightingResults: New page: Lighting Build
[2015.06.23-06.16.56:168][  0]MapCheck: New page: Map Check
[2015.06.23-06.16.56:168][  0]LightingResults: New page: Lighting Build
[2015.06.23-06.16.56:175][  0]LogParticles: Destroying 0 GPU particle simulations for FXSystem 0x00000000161FEF20
[2015.06.23-06.16.56:400][  0]LogLinker:Warning: Can't find file '/Game/FirstPersonBP/Animations/FirstPerson_AnimBP'
[2015.06.23-06.16.56:400][  0]LogLinker:Warning: Can't find file for asset '/Game/FirstPersonBP/Animations/FirstPerson_AnimBP' while loading ../../../../../../Users/TTV14SVilleK/Documents/Unreal Projects/MayhemPunch 4.8/Content/Main/Blueprints/FirstPersonCharacter.uasset.
[2015.06.23-06.16.56:400][  0]LoadErrors:Error: Error /Game/Main/Blueprints/FirstPersonCharacter : Can't find file for asset. /Game/FirstPersonBP/Animations/FirstPerson_AnimBP
[2015.06.23-06.16.56:506][  0]LogLinker:Warning: Can't find file '/Game/FirstPersonBP/Animations/FirstPerson_AnimBP'
[2015.06.23-06.16.56:506][  0]LogLinker:Warning: Can't find file for asset '/Game/FirstPersonBP/Animations/FirstPerson_AnimBP' while loading ../../../../../../Users/TTV14SVilleK/Documents/Unreal Projects/MayhemPunch 4.8/Content/FirstPersonBP/Blueprints/FirstPersonCharacter.uasset.
[2015.06.23-06.16.56:506][  0]LoadErrors:Error: Error /Game/FirstPersonBP/Blueprints/FirstPersonCharacter : Can't find file for asset. /Game/FirstPersonBP/Animations/FirstPerson_AnimBP
[2015.06.23-06.16.56:557][  0]LogLinker:Warning: Can't find file '/Game/FirstPersonBP/Meshes/FirstPerson_ProjectileMesh'
[2015.06.23-06.16.56:557][  0]LogLinker:Warning: Can't find file for asset '/Game/FirstPersonBP/Meshes/FirstPerson_ProjectileMesh' while loading ../../../../../../Users/TTV14SVilleK/Documents/Unreal Projects/MayhemPunch 4.8/Content/FirstPersonBP/Blueprints/Dynamite.uasset.
[2015.06.23-06.16.56:557][  0]LoadErrors:Error: Error /Game/FirstPersonBP/Blueprints/Dynamite : Can't find file for asset. /Game/FirstPersonBP/Meshes/FirstPerson_ProjectileMesh
[2015.06.23-06.16.56:576][  0]LogLinker:Warning: Can't find file '/Game/FirstPersonBP/Meshes/FirstPerson_ProjectileMesh'
[2015.06.23-06.16.56:576][  0]LogLinker:Warning: Can't find file for asset '/Game/FirstPersonBP/Meshes/FirstPerson_ProjectileMesh' while loading ../../../../../../Users/TTV14SVilleK/Documents/Unreal Projects/MayhemPunch 4.8/Content/FirstPersonBP/Blueprints/Dynamite.uasset.
[2015.06.23-06.16.56:576][  0]LoadErrors:Error: Error /Game/FirstPersonBP/Blueprints/Dynamite : Can't find file for asset. /Game/FirstPersonBP/Meshes/FirstPerson_ProjectileMesh
[2015.06.23-06.16.56:581][  0]LogLinker:Warning: Can't find file '/Game/FirstPersonBP/Meshes/FirstPerson_ProjectileMesh'
[2015.06.23-06.16.56:581][  0]LogLinker:Warning: Can't find file for asset '/Game/FirstPersonBP/Meshes/FirstPerson_ProjectileMesh' while loading ../../../../../../Users/TTV14SVilleK/Documents/Unreal Projects/MayhemPunch 4.8/Content/FirstPersonBP/Blueprints/FirstPersonCharacter.uasset.
[2015.06.23-06.16.56:581][  0]LoadErrors:Error: Error /Game/FirstPersonBP/Blueprints/FirstPersonCharacter : Can't find file for asset. /Game/FirstPersonBP/Meshes/FirstPerson_ProjectileMesh
[2015.06.23-06.16.56:581][  0]LogLinker:Warning: Can't find file '/Game/FirstPersonBP/Meshes/FirstPerson_ProjectileMesh'
[2015.06.23-06.16.56:581][  0]LogLinker:Warning: Can't find file for asset '/Game/FirstPersonBP/Meshes/FirstPerson_ProjectileMesh' while loading ../../../../../../Users/TTV14SVilleK/Documents/Unreal Projects/MayhemPunch 4.8/Content/FirstPersonBP/Blueprints/FirstPersonCharacter.uasset.
[2015.06.23-06.16.56:581][  0]LoadErrors:Error: Error /Game/FirstPersonBP/Blueprints/FirstPersonCharacter : Can't find file for asset. /Game/FirstPersonBP/Meshes/FirstPerson_ProjectileMesh
[2015.06.23-06.16.56:587][  0]LogLinker:Warning: Can't find file '/Game/FirstPersonBP/Meshes/FirstPerson_ProjectileMesh'
[2015.06.23-06.16.56:588][  0]LoadErrors: Info Failed to load /Game/Blueprints/Behavior/botTree.botTree Referenced by StaticMeshComponent_252__1AD2D010
[2015.06.23-06.16.56:588][  0]LogLinker:Warning: Can't find file for asset '/Game/FirstPersonBP/Meshes/FirstPerson_ProjectileMesh' while loading ../../../../../../Users/TTV14SVilleK/Documents/Unreal Projects/MayhemPunch 4.8/Content/FirstPersonBP/Blueprints/FirstPersonCharacter.uasset.
[2015.06.23-06.16.56:588][  0]LoadErrors: Info Failed to load /Game/Blueprints/Behavior/botTree.botTree Referenced by StaticMeshComponent_252__1AD2D010
[2015.06.23-06.16.56:588][  0]LoadErrors:Error: Error /Game/FirstPersonBP/Blueprints/FirstPersonCharacter : Can't find file for asset. /Game/FirstPersonBP/Meshes/FirstPerson_ProjectileMesh
[2015.06.23-06.16.56:636][  0]LogLinker:Warning: Can't find file '/Game/FirstPersonBP/Blueprints/FirstPersonGameMode'
[2015.06.23-06.16.56:636][  0]LogLinker:Warning: Can't find file for asset '/Game/FirstPersonBP/Blueprints/FirstPersonGameMode' while loading ../../../../../../Users/TTV14SVilleK/Documents/Unreal Projects/MayhemPunch 4.8/Content/FirstPersonBP/Blueprints/FirstPersonCharacter.uasset.
[2015.06.23-06.16.56:636][  0]LoadErrors:Error: Error /Game/FirstPersonBP/Blueprints/FirstPersonCharacter : Can't find file for asset. /Game/FirstPersonBP/Blueprints/FirstPersonGameMode
[2015.06.23-06.16.56:636][  0]LogLinker:Warning: Can't find file '/Game/FirstPersonBP/Blueprints/FirstPersonProjectile'
[2015.06.23-06.16.56:636][  0]LogLinker:Warning: Can't find file for asset '/Game/FirstPersonBP/Blueprints/FirstPersonProjectile' while loading ../../../../../../Users/TTV14SVilleK/Documents/Unreal Projects/MayhemPunch 4.8/Content/FirstPersonBP/Blueprints/FirstPersonCharacter.uasset.
[2015.06.23-06.16.56:636][  0]LoadErrors:Error: Error /Game/FirstPersonBP/Blueprints/FirstPersonCharacter : Can't find file for asset. /Game/FirstPersonBP/Blueprints/FirstPersonProjectile
[2015.06.23-06.16.56:653][  0]LogLinker:Warning: Can't find file '/Game/FirstPersonBP/Audio/Strong_Punch-Mike_Koenig-574430706'
[2015.06.23-06.16.56:653][  0]LogLinker:Warning: Can't find file for asset '/Game/FirstPersonBP/Audio/Strong_Punch-Mike_Koenig-574430706' while loading ../../../../../../Users/TTV14SVilleK/Documents/Unreal Projects/MayhemPunch 4.8/Content/FirstPersonBP/Blueprints/GravityHammerImpact.uasset.
[2015.06.23-06.16.56:653][  0]LoadErrors:Error: Error /Game/FirstPersonBP/Blueprints/GravityHammerImpact : Can't find file for asset. /Game/FirstPersonBP/Audio/Strong_Punch-Mike_Koenig-574430706
[2015.06.23-06.16.56:653][  0]LogLinker:Warning: Can't find file '/Game/FirstPersonBP/Audio/Strong_Punch-Mike_Koenig-574430706'
[2015.06.23-06.16.56:654][  0]LogLinker:Warning: Can't find file for asset '/Game/FirstPersonBP/Audio/Strong_Punch-Mike_Koenig-574430706' while loading ../../../../../../Users/TTV14SVilleK/Documents/Unreal Projects/MayhemPunch 4.8/Content/FirstPersonBP/Blueprints/GravityHammerImpact.uasset.
[2015.06.23-06.16.56:654][  0]LoadErrors:Error: Error /Game/FirstPersonBP/Blueprints/GravityHammerImpact : Can't find file for asset. /Game/FirstPersonBP/Audio/Strong_Punch-Mike_Koenig-574430706
[2015.06.23-06.16.56:659][  0]LogLinker:Warning: Can't find file '/Game/FirstPersonBP/Audio/Strong_Punch-Mike_Koenig-574430706'
[2015.06.23-06.16.56:659][  0]LogLinker:Warning: Can't find file for asset '/Game/FirstPersonBP/Audio/Strong_Punch-Mike_Koenig-574430706' while loading ../../../../../../Users/TTV14SVilleK/Documents/Unreal Projects/MayhemPunch 4.8/Content/FirstPersonBP/Blueprints/FirstPersonCharacter.uasset.
[2015.06.23-06.16.56:659][  0]LoadErrors:Error: Error /Game/FirstPersonBP/Blueprints/FirstPersonCharacter : Can't find file for asset. /Game/FirstPersonBP/Audio/Strong_Punch-Mike_Koenig-574430706
[2015.06.23-06.16.56:659][  0]LogLinker:Warning: Can't find file '/Game/FirstPersonBP/Audio/Strong_Punch-Mike_Koenig-574430706'
[2015.06.23-06.16.56:659][  0]LogLinker:Warning: Can't find file for asset '/Game/FirstPersonBP/Audio/Strong_Punch-Mike_Koenig-574430706' while loading ../../../../../../Users/TTV14SVilleK/Documents/Unreal Projects/MayhemPunch 4.8/Content/FirstPersonBP/Blueprints/FirstPersonCharacter.uasset.
[2015.06.23-06.16.56:660][  0]LoadErrors:Error: Error /Game/FirstPersonBP/Blueprints/FirstPersonCharacter : Can't find file for asset. /Game/FirstPersonBP/Audio/Strong_Punch-Mike_Koenig-574430706
[2015.06.23-06.16.56:662][  0]LogLinker:Warning: Can't find file '/Game/FirstPersonBP/Audio/Strong_Punch-Mike_Koenig-574430706'
[2015.06.23-06.16.56:662][  0]LoadErrors: Info Failed to load /Game/Blueprints/Behavior/botTree.botTree Referenced by EdGraphPin_15423
[2015.06.23-06.16.56:662][  0]LogLinker:Warning: Can't find file for asset '/Game/FirstPersonBP/Audio/Strong_Punch-Mike_Koenig-574430706' while loading ../../../../../../Users/TTV14SVilleK/Documents/Unreal Projects/MayhemPunch 4.8/Content/FirstPersonBP/Blueprints/FirstPersonCharacter.uasset.
[2015.06.23-06.16.56:662][  0]LoadErrors: Info Failed to load /Game/Blueprints/Behavior/botTree.botTree Referenced by EdGraphPin_15423
[2015.06.23-06.16.56:662][  0]LoadErrors:Error: Error /Game/FirstPersonBP/Blueprints/FirstPersonCharacter : Can't find file for asset. /Game/FirstPersonBP/Audio/Strong_Punch-Mike_Koenig-574430706
[2015.06.23-06.16.56:714][  0]LogLinker:Warning: Can't find file '/Game/FirstPersonBP/Audio/Strong_Punch-Mike_Koenig-574430706'
[2015.06.23-06.16.56:714][  0]LogLinker:Warning: Can't find file for asset '/Game/FirstPersonBP/Audio/Strong_Punch-Mike_Koenig-574430706' while loading ../../../../../../Users/TTV14SVilleK/Documents/Unreal Projects/MayhemPunch 4.8/Content/FirstPersonBP/Blueprints/HitStaticMesh.uasset.
[2015.06.23-06.16.56:714][  0]LoadErrors:Error: Error /Game/FirstPersonBP/Blueprints/HitStaticMesh : Can't find file for asset. /Game/FirstPersonBP/Audio/Strong_Punch-Mike_Koenig-574430706
[2015.06.23-06.16.56:714][  0]LogLinker:Warning: Can't find file '/Game/FirstPersonBP/Audio/Strong_Punch-Mike_Koenig-574430706'
[2015.06.23-06.16.56:714][  0]LogLinker:Warning: Can't find file for asset '/Game/FirstPersonBP/Audio/Strong_Punch-Mike_Koenig-574430706' while loading ../../../../../../Users/TTV14SVilleK/Documents/Unreal Projects/MayhemPunch 4.8/Content/FirstPersonBP/Blueprints/HitStaticMesh.uasset.
[2015.06.23-06.16.56:714][  0]LoadErrors:Error: Error /Game/FirstPersonBP/Blueprints/HitStaticMesh : Can't find file for asset. /Game/FirstPersonBP/Audio/Strong_Punch-Mike_Koenig-574430706
[2015.06.23-06.16.56:719][  0]LogLinker:Warning: Can't find file '/Game/FirstPersonBP/Audio/Strong_Punch-Mike_Koenig-574430706'
[2015.06.23-06.16.56:719][  0]LogLinker:Warning: Can't find file for asset '/Game/FirstPersonBP/Audio/Strong_Punch-Mike_Koenig-574430706' while loading ../../../../../../Users/TTV14SVilleK/Documents/Unreal Projects/MayhemPunch 4.8/Content/FirstPersonBP/Blueprints/FirstPersonCharacter.uasset.
[2015.06.23-06.16.56:719][  0]LoadErrors:Error: Error /Game/FirstPersonBP/Blueprints/FirstPersonCharacter : Can't find file for asset. /Game/FirstPersonBP/Audio/Strong_Punch-Mike_Koenig-574430706
[2015.06.23-06.16.56:719][  0]LogLinker:Warning: Can't find file '/Game/FirstPersonBP/Audio/Strong_Punch-Mike_Koenig-574430706'
[2015.06.23-06.16.56:719][  0]LogLinker:Warning: Can't find file for asset '/Game/FirstPersonBP/Audio/Strong_Punch-Mike_Koenig-574430706' while loading ../../../../../../Users/TTV14SVilleK/Documents/Unreal Projects/MayhemPunch 4.8/Content/FirstPersonBP/Blueprints/FirstPersonCharacter.uasset.
[2015.06.23-06.16.56:719][  0]LoadErrors:Error: Error /Game/FirstPersonBP/Blueprints/FirstPersonCharacter : Can't find file for asset. /Game/FirstPersonBP/Audio/Strong_Punch-Mike_Koenig-574430706
[2015.06.23-06.16.56:723][  0]LogLinker:Warning: Can't find file '/Game/FirstPersonBP/Audio/Strong_Punch-Mike_Koenig-574430706'
[2015.06.23-06.16.56:723][  0]LoadErrors: Info Failed to load /Game/Blueprints/Behavior/botTree.botTree Referenced by EdGraphPin_15423
[2015.06.23-06.16.56:723][  0]LogLinker:Warning: Can't find file for asset '/Game/FirstPersonBP/Audio/Strong_Punch-Mike_Koenig-574430706' while loading ../../../../../../Users/TTV14SVilleK/Documents/Unreal Projects/MayhemPunch 4.8/Content/FirstPersonBP/Blueprints/FirstPersonCharacter.uasset.
[2015.06.23-06.16.56:723][  0]LoadErrors: Info Failed to load /Game/Blueprints/Behavior/botTree.botTree Referenced by EdGraphPin_15423
[2015.06.23-06.16.56:723][  0]LoadErrors:Error: Error /Game/FirstPersonBP/Blueprints/FirstPersonCharacter : Can't find file for asset. /Game/FirstPersonBP/Audio/Strong_Punch-Mike_Koenig-574430706
[2015.06.23-06.16.56:773][  0]LogLinker:Warning: Can't find file '/Game/FirstPersonBP/Animations/FirstPerson_AnimBP'
[2015.06.23-06.16.56:773][  0]LogLinker:Warning: Can't find file for asset '/Game/FirstPersonBP/Animations/FirstPerson_AnimBP' while loading ../../../../../../Users/TTV14SVilleK/Documents/Unreal Projects/MayhemPunch 4.8/Content/FirstPersonBP/Blueprints/FirstPersonCharacter.uasset.
[2015.06.23-06.16.56:773][  0]LoadErrors:Error: Error /Game/FirstPersonBP/Blueprints/FirstPersonCharacter : Can't find file for asset. /Game/FirstPersonBP/Animations/FirstPerson_AnimBP
[2015.06.23-06.16.56:773][  0]LogLinker:Warning: Can't find file '/Game/FirstPersonBP/Audio/Pitch_Baseball-SoundBible_com-868005975'
[2015.06.23-06.16.56:774][  0]LogLinker:Warning: Can't find file for asset '/Game/FirstPersonBP/Audio/Pitch_Baseball-SoundBible_com-868005975' while loading ../../../../../../Users/TTV14SVilleK/Documents/Unreal Projects/MayhemPunch 4.8/Content/FirstPersonBP/Blueprints/FirstPersonCharacter.uasset.
[2015.06.23-06.16.56:774][  0]LoadErrors:Error: Error /Game/FirstPersonBP/Blueprints/FirstPersonCharacter : Can't find file for asset. /Game/FirstPersonBP/Audio/Pitch_Baseball-SoundBible_com-868005975
[2015.06.23-06.16.56:774][  0]LogLinker:Warning: Can't find file '/Game/FirstPersonBP/Blueprints/FirstPersonGameMode'
[2015.06.23-06.16.56:774][  0]LogLinker:Warning: Can't find file for asset '/Game/FirstPersonBP/Blueprints/FirstPersonGameMode' while loading ../../../../../../Users/TTV14SVilleK/Documents/Unreal Projects/MayhemPunch 4.8/Content/FirstPersonBP/Blueprints/FirstPersonCharacter.uasset.
[2015.06.23-06.16.56:774][  0]LoadErrors:Error: Error /Game/FirstPersonBP/Blueprints/FirstPersonCharacter : Can't find file for asset. /Game/FirstPersonBP/Blueprints/FirstPersonGameMode
[2015.06.23-06.16.56:774][  0]LogLinker:Warning: Can't find file '/Game/FirstPersonBP/Blueprints/FirstPersonProjectile'
[2015.06.23-06.16.56:774][  0]LogLinker:Warning: Can't find file for asset '/Game/FirstPersonBP/Blueprints/FirstPersonProjectile' while loading ../../../../../../Users/TTV14SVilleK/Documents/Unreal Projects/MayhemPunch 4.8/Content/FirstPersonBP/Blueprints/FirstPersonCharacter.uasset.
[2015.06.23-06.16.56:774][  0]LoadErrors:Error: Error /Game/FirstPersonBP/Blueprints/FirstPersonCharacter : Can't find file for asset. /Game/FirstPersonBP/Blueprints/FirstPersonProjectile
[2015.06.23-06.16.56:812][  0]LogLinker:Warning: Can't find file '/Game/FirstPersonBP/Audio/Pitch_Baseball-SoundBible_com-868005975'
[2015.06.23-06.16.56:812][  0]LogLinker:Warning: Can't find file for asset '/Game/FirstPersonBP/Audio/Pitch_Baseball-SoundBible_com-868005975' while loading ../../../../../../Users/TTV14SVilleK/Documents/Unreal Projects/MayhemPunch 4.8/Content/FirstPersonBP/Blueprints/FirstPersonCharacter.uasset.
[2015.06.23-06.16.56:812][  0]LoadErrors:Error: Error /Game/FirstPersonBP/Blueprints/FirstPersonCharacter : Can't find file for asset. /Game/FirstPersonBP/Audio/Pitch_Baseball-SoundBible_com-868005975
[2015.06.23-06.16.56:822][  0]LogLinker:Warning: Can't find file '/Game/FirstPersonBP/Blueprints/FirstPersonProjectile'
[2015.06.23-06.16.56:822][  0]LogLinker:Warning: Can't find file for asset '/Game/FirstPersonBP/Blueprints/FirstPersonProjectile' while loading ../../../../../../Users/TTV14SVilleK/Documents/Unreal Projects/MayhemPunch 4.8/Content/Blueprints/Behavior/BTS_botDetectEnemy.uasset.
[2015.06.23-06.16.56:822][  0]LoadErrors:Error: Error /Game/Blueprints/Behavior/BTS_botDetectEnemy : Can't find file for asset. /Game/FirstPersonBP/Blueprints/FirstPersonProjectile
[2015.06.23-06.16.56:822][  0]LogLinker:Warning: Can't find file '/Game/FirstPersonBP/Animations/FirstPerson_AnimBP'
[2015.06.23-06.16.56:822][  0]LogLinker:Warning: Can't find file for asset '/Game/FirstPersonBP/Animations/FirstPerson_AnimBP' while loading ../../../../../../Users/TTV14SVilleK/Documents/Unreal Projects/MayhemPunch 4.8/Content/Blueprints/Behavior/BTS_botDetectEnemy.uasset.
[2015.06.23-06.16.56:822][  0]LoadErrors:Error: Error /Game/Blueprints/Behavior/BTS_botDetectEnemy : Can't find file for asset. /Game/FirstPersonBP/Animations/FirstPerson_AnimBP
[2015.06.23-06.16.56:866][  0]LogLinker:Warning: Can't find file '/Game/FirstPersonBP/Animations/FirstPerson_AnimBP'
[2015.06.23-06.16.56:866][  0]LoadErrors: Info Failed to load /Game/Blueprints/Behavior/botTree.botTree Referenced by SkeletalMeshComponent_8__FC42DFE8
[2015.06.23-06.16.56:866][  0]LogLinker:Warning: Can't find file for asset '/Game/FirstPersonBP/Animations/FirstPerson_AnimBP' while loading ../../../../../../Users/TTV14SVilleK/Documents/Unreal Projects/MayhemPunch 4.8/Content/Blueprints/Behavior/BTS_botDetectEnemy.uasset.
[2015.06.23-06.16.56:866][  0]LoadErrors: Info Failed to load /Game/Blueprints/Behavior/botTree.botTree Referenced by SkeletalMeshComponent_8__FC42DFE8
[2015.06.23-06.16.56:866][  0]LoadErrors:Error: Error /Game/Blueprints/Behavior/BTS_botDetectEnemy : Can't find file for asset. /Game/FirstPersonBP/Animations/FirstPerson_AnimBP
[2015.06.23-06.16.56:867][  0]LogLinker:Warning: Can't find file '/Game/FirstPersonBP/Blueprints/FirstPersonGameMode'
[2015.06.23-06.16.56:867][  0]LogLinker:Warning: Can't find file for asset '/Game/FirstPersonBP/Blueprints/FirstPersonGameMode' while loading ../../../../../../Users/TTV14SVilleK/Documents/Unreal Projects/MayhemPunch 4.8/Content/Blueprints/Behavior/BTS_botDetectEnemy.uasset.
[2015.06.23-06.16.56:867][  0]LoadErrors:Error: Error /Game/Blueprints/Behavior/BTS_botDetectEnemy : Can't find file for asset. /Game/FirstPersonBP/Blueprints/FirstPersonGameMode
[2015.06.23-06.16.56:867][  0]LogLinker:Warning: Can't find file '/Game/FirstPersonBP/Blueprints/FirstPersonProjectile'
[2015.06.23-06.16.56:867][  0]LogLinker:Warning: Can't find file for asset '/Game/FirstPersonBP/Blueprints/FirstPersonProjectile' while loading ../../../../../../Users/TTV14SVilleK/Documents/Unreal Projects/MayhemPunch 4.8/Content/Blueprints/Behavior/BTS_botDetectEnemy.uasset.
[2015.06.23-06.16.56:867][  0]LoadErrors:Error: Error /Game/Blueprints/Behavior/BTS_botDetectEnemy : Can't find file for asset. /Game/FirstPersonBP/Blueprints/FirstPersonProjectile
[2015.06.23-06.16.56:867][  0]LogLinker:Warning: Can't find file '/Game/FirstPersonBP/Animations/FirstPerson_AnimBP'
[2015.06.23-06.16.56:867][  0]LogLinker:Warning: Can't find file for asset '/Game/FirstPersonBP/Animations/FirstPerson_AnimBP' while loading ../../../../../../Users/TTV14SVilleK/Documents/Unreal Projects/MayhemPunch 4.8/Content/Blueprints/Behavior/BTS_botDetectEnemy.uasset.
[2015.06.23-06.16.56:867][  0]LoadErrors:Error: Error /Game/Blueprints/Behavior/BTS_botDetectEnemy : Can't find file for asset. /Game/FirstPersonBP/Animations/FirstPerson_AnimBP
[2015.06.23-06.16.56:867][  0]LogLinker:Warning: Can't find file '/Game/FirstPersonBP/Audio/Pitch_Baseball-SoundBible_com-868005975'
[2015.06.23-06.16.56:868][  0]LogLinker:Warning: Can't find file for asset '/Game/FirstPersonBP/Audio/Pitch_Baseball-SoundBible_com-868005975' while loading ../../../../../../Users/TTV14SVilleK/Documents/Unreal Projects/MayhemPunch 4.8/Content/Blueprints/Behavior/BTS_botDetectEnemy.uasset.
[2015.06.23-06.16.56:868][  0]LoadErrors:Error: Error /Game/Blueprints/Behavior/BTS_botDetectEnemy : Can't find file for asset. /Game/FirstPersonBP/Audio/Pitch_Baseball-SoundBible_com-868005975
[2015.06.23-06.16.56:868][  0]LogLinker:Warning: Can't find file '/Game/FirstPersonBP/Blueprints/FirstPersonGameMode'
[2015.06.23-06.16.56:868][  0]LogLinker:Warning: Can't find file for asset '/Game/FirstPersonBP/Blueprints/FirstPersonGameMode' while loading ../../../../../../Users/TTV14SVilleK/Documents/Unreal Projects/MayhemPunch 4.8/Content/Blueprints/Behavior/BTS_botDetectEnemy.uasset.
[2015.06.23-06.16.56:868][  0]LoadErrors:Error: Error /Game/Blueprints/Behavior/BTS_botDetectEnemy : Can't find file for asset. /Game/FirstPersonBP/Blueprints/FirstPersonGameMode
[2015.06.23-06.16.56:868][  0]LogLinker:Warning: Can't find file '/Game/FirstPersonBP/Blueprints/FirstPersonProjectile'
[2015.06.23-06.16.56:868][  0]LogLinker:Warning: Can't find file for asset '/Game/FirstPersonBP/Blueprints/FirstPersonProjectile' while loading ../../../../../../Users/TTV14SVilleK/Documents/Unreal Projects/MayhemPunch 4.8/Content/Blueprints/Behavior/BTS_botDetectEnemy.uasset.
[2015.06.23-06.16.56:868][  0]LoadErrors:Error: Error /Game/Blueprints/Behavior/BTS_botDetectEnemy : Can't find file for asset. /Game/FirstPersonBP/Blueprints/FirstPersonProjectile
[2015.06.23-06.16.56:868][  0]LogLinker:Warning: Can't find file '/Game/FirstPersonBP/Audio/Pitch_Baseball-SoundBible_com-868005975'
[2015.06.23-06.16.56:868][  0]LogLinker:Warning: Can't find file for asset '/Game/FirstPersonBP/Audio/Pitch_Baseball-SoundBible_com-868005975' while loading ../../../../../../Users/TTV14SVilleK/Documents/Unreal Projects/MayhemPunch 4.8/Content/Blueprints/Behavior/BTS_botDetectEnemy.uasset.
[2015.06.23-06.16.56:868][  0]LoadErrors:Error: Error /Game/Blueprints/Behavior/BTS_botDetectEnemy : Can't find file for asset. /Game/FirstPersonBP/Audio/Pitch_Baseball-SoundBible_com-868005975
[2015.06.23-06.16.56:879][  0]LogLinker:Warning: Can't find file '/Game/FirstPersonBP/Blueprints/FirstPersonProjectile'
[2015.06.23-06.16.56:879][  0]LoadErrors: Info Failed to load /Game/Blueprints/Behavior/botTree.botTree Referenced by K2Node_DynamicCast_839
[2015.06.23-06.16.56:879][  0]LogLinker:Warning: Can't find file for asset '/Game/FirstPersonBP/Blueprints/FirstPersonProjectile' while loading ../../../../../../Users/TTV14SVilleK/Documents/Unreal Projects/MayhemPunch 4.8/Content/Blueprints/Behavior/BTS_botDetectEnemy.uasset.
[2015.06.23-06.16.56:879][  0]LoadErrors: Info Failed to load /Game/Blueprints/Behavior/botTree.botTree Referenced by K2Node_DynamicCast_839
[2015.06.23-06.16.56:879][  0]LoadErrors:Error: Error /Game/Blueprints/Behavior/BTS_botDetectEnemy : Can't find file for asset. /Game/FirstPersonBP/Blueprints/FirstPersonProjectile
[2015.06.23-06.16.56:879][  0]LogLinker:Warning: Can't find file '/Game/FirstPersonBP/Blueprints/FirstPersonProjectile'
[2015.06.23-06.16.56:879][  0]LoadErrors: Info Failed to load /Game/Blueprints/Behavior/botTree.botTree Referenced by EdGraphPin_16562
[2015.06.23-06.16.56:879][  0]LogLinker:Warning: Can't find file for asset '/Game/FirstPersonBP/Blueprints/FirstPersonProjectile' while loading ../../../../../../Users/TTV14SVilleK/Documents/Unreal Projects/MayhemPunch 4.8/Content/Blueprints/Behavior/BTS_botDetectEnemy.uasset.
[2015.06.23-06.16.56:879][  0]LoadErrors: Info Failed to load /Game/Blueprints/Behavior/botTree.botTree Referenced by EdGraphPin_16562
[2015.06.23-06.16.56:879][  0]LoadErrors:Error: Error /Game/Blueprints/Behavior/BTS_botDetectEnemy : Can't find file for asset. /Game/FirstPersonBP/Blueprints/FirstPersonProjectile
[2015.06.23-06.16.56:880][  0]LogLinker:Warning: Can't find file '/Game/FirstPersonBP/Audio/Pitch_Baseball-SoundBible_com-868005975'
[2015.06.23-06.16.56:880][  0]LoadErrors: Info Failed to load /Game/Blueprints/Behavior/botTree.botTree Referenced by EdGraphPin_16655
[2015.06.23-06.16.56:880][  0]LogLinker:Warning: Can't find file for asset '/Game/FirstPersonBP/Audio/Pitch_Baseball-SoundBible_com-868005975' while loading ../../../../../../Users/TTV14SVilleK/Documents/Unreal Projects/MayhemPunch 4.8/Content/Blueprints/Behavior/BTS_botDetectEnemy.uasset.
[2015.06.23-06.16.56:880][  0]LoadErrors: Info Failed to load /Game/Blueprints/Behavior/botTree.botTree Referenced by EdGraphPin_16655
[2015.06.23-06.16.56:880][  0]LoadErrors:Error: Error /Game/Blueprints/Behavior/BTS_botDetectEnemy : Can't find file for asset. /Game/FirstPersonBP/Audio/Pitch_Baseball-SoundBible_com-868005975
[2015.06.23-06.16.56:881][  0]LogLinker:Warning: Can't find file '/Game/FirstPersonBP/Blueprints/FirstPersonGameMode'
[2015.06.23-06.16.56:881][  0]LoadErrors: Info Failed to load /Game/Blueprints/Behavior/botTree.botTree Referenced by K2Node_DynamicCast_623
[2015.06.23-06.16.56:881][  0]LogLinker:Warning: Can't find file for asset '/Game/FirstPersonBP/Blueprints/FirstPersonGameMode' while loading ../../../../../../Users/TTV14SVilleK/Documents/Unreal Projects/MayhemPunch 4.8/Content/Blueprints/Behavior/BTS_botDetectEnemy.uasset.
[2015.06.23-06.16.56:881][  0]LoadErrors: Info Failed to load /Game/Blueprints/Behavior/botTree.botTree Referenced by K2Node_DynamicCast_623
[2015.06.23-06.16.56:881][  0]LoadErrors:Error: Error /Game/Blueprints/Behavior/BTS_botDetectEnemy : Can't find file for asset. /Game/FirstPersonBP/Blueprints/FirstPersonGameMode
[2015.06.23-06.16.56:881][  0]LogLinker:Warning: Can't find file '/Game/FirstPersonBP/Blueprints/FirstPersonGameMode'
[2015.06.23-06.16.56:881][  0]LoadErrors: Info Failed to load /Game/Blueprints/Behavior/botTree.botTree Referenced by EdGraphPin_16685
[2015.06.23-06.16.56:881][  0]LogLinker:Warning: Can't find file for asset '/Game/FirstPersonBP/Blueprints/FirstPersonGameMode' while loading ../../../../../../Users/TTV14SVilleK/Documents/Unreal Projects/MayhemPunch 4.8/Content/Blueprints/Behavior/BTS_botDetectEnemy.uasset.
[2015.06.23-06.16.56:881][  0]LoadErrors: Info Failed to load /Game/Blueprints/Behavior/botTree.botTree Referenced by EdGraphPin_16685
[2015.06.23-06.16.56:881][  0]LoadErrors:Error: Error /Game/Blueprints/Behavior/BTS_botDetectEnemy : Can't find file for asset. /Game/FirstPersonBP/Blueprints/FirstPersonGameMode
[2015.06.23-06.16.56:881][  0]LogLinker:Warning: Can't find file '/Game/FirstPersonBP/Blueprints/FirstPersonGameMode'
[2015.06.23-06.16.56:881][  0]LoadErrors: Info Failed to load /Game/Blueprints/Behavior/botTree.botTree Referenced by K2Node_VariableSet_971
[2015.06.23-06.16.56:882][  0]LogLinker:Warning: Can't find file for asset '/Game/FirstPersonBP/Blueprints/FirstPersonGameMode' while loading ../../../../../../Users/TTV14SVilleK/Documents/Unreal Projects/MayhemPunch 4.8/Content/Blueprints/Behavior/BTS_botDetectEnemy.uasset.
[2015.06.23-06.16.56:882][  0]LoadErrors: Info Failed to load /Game/Blueprints/Behavior/botTree.botTree Referenced by K2Node_VariableSet_971
[2015.06.23-06.16.56:882][  0]LoadErrors:Error: Error /Game/Blueprints/Behavior/BTS_botDetectEnemy : Can't find file for asset. /Game/FirstPersonBP/Blueprints/FirstPersonGameMode
[2015.06.23-06.16.56:882][  0]LogLinker:Warning: Can't find file '/Game/FirstPersonBP/Blueprints/FirstPersonGameMode'
[2015.06.23-06.16.56:882][  0]LoadErrors: Info Failed to load /Game/Blueprints/Behavior/botTree.botTree Referenced by EdGraphPin_16712
[2015.06.23-06.16.56:882][  0]LogLinker:Warning: Can't find file for asset '/Game/FirstPersonBP/Blueprints/FirstPersonGameMode' while loading ../../../../../../Users/TTV14SVilleK/Documents/Unreal Projects/MayhemPunch 4.8/Content/Blueprints/Behavior/BTS_botDetectEnemy.uasset.
[2015.06.23-06.16.56:882][  0]LoadErrors: Info Failed to load /Game/Blueprints/Behavior/botTree.botTree Referenced by EdGraphPin_16712
[2015.06.23-06.16.56:882][  0]LoadErrors:Error: Error /Game/Blueprints/Behavior/BTS_botDetectEnemy : Can't find file for asset. /Game/FirstPersonBP/Blueprints/FirstPersonGameMode
[2015.06.23-06.16.56:999][  0]LogBlueprint:Warning: [FirstPersonCharacter] CreatePinForVariable: 'Spawn Transform' variable not found. Base class was probably changed.
[2015.06.23-06.16.56:999][  0]LogBlueprint:Warning: [FirstPersonCharacter] CreatePinForVariable: 'Spawn Transform' variable not found. Base class was probably changed.
[2015.06.23-06.16.57:103][  0]LogBlueprint:Warning: [compiler FirstPersonCharacter] Warning Could not find a variable named "Spawn Transform" in 'FirstPersonCharacter'.
Make sure 'FirstPersonCharacter' has been compiled for  Set Spawn Transform 
[2015.06.23-06.16.57:103][  0]LogBlueprint:Warning: [compiler FirstPersonCharacter] Warning Can't connect pins  Return Value  and  Object : This cast has an invalid target type (was the class deleted without a redirect?).
[2015.06.23-06.16.57:103][  0]LogBlueprint:Warning: [compiler FirstPersonCharacter] Warning Can't connect pins  Object  and  Return Value : This cast has an invalid target type (was the class deleted without a redirect?).
[2015.06.23-06.16.57:104][  0]LogBlueprint:Warning: [compiler FirstPersonCharacter] Warning Can't connect pins  Object  and  Other : This cast has an invalid target type (was the class deleted without a redirect?).
[2015.06.23-06.16.57:104][  0]LogBlueprint:Warning: [compiler FirstPersonCharacter] Warning Can't connect pins  Other  and  Object : This cast has an invalid target type (was the class deleted without a redirect?).
[2015.06.23-06.16.57:116][  0]LogBlueprint:Error: [compiler FirstPersonCharacter] Error Node  Bad cast node  has an invalid target type, please delete and recreate it
[2015.06.23-06.16.57:117][  0]LogBlueprint:Error: [compiler FirstPersonCharacter] Error Node  Bad cast node  has an invalid target class
[2015.06.23-06.16.57:158][  0]LogBlueprint:Warning: [compiler FirstPersonCharacter] Warning [0008.12] Compile of FirstPersonCharacter failed. 2 Fatal Issue(s) 5 Warning(s) [in 140 ms]
[2015.06.23-06.16.57:158][  0]LogBlueprint:Warning: [compiler FirstPersonCharacter] Warning [0008.12] Compile of FirstPersonCharacter failed. 2 Fatal Issue(s) 6 Warning(s) [in 0 ms]
[2015.06.23-06.16.57:158][  0]LogBlueprint:Warning: [compiler FirstPersonCharacter] Warning [0008.12] Compile of FirstPersonCharacter failed. 2 Fatal Issue(s) 7 Warning(s) [in 0 ms]
[2015.06.23-06.16.57:172][  0]LogLinker:Warning: Can't find file '/Game/FirstPersonBP/Audio/Zombie_In_Pain-SoundBible_com-134322253'
[2015.06.23-06.16.57:172][  0]LogLinker:Warning: Can't find file for asset '/Game/FirstPersonBP/Audio/Zombie_In_Pain-SoundBible_com-134322253' while loading ../../../../../../Users/TTV14SVilleK/Documents/Unreal Projects/MayhemPunch 4.8/Content/Blueprints/Behavior/BTS_botDetectEnemy.uasset.
[2015.06.23-06.16.57:172][  0]LoadErrors:Error: Error /Game/Blueprints/Behavior/BTS_botDetectEnemy : Can't find file for asset. /Game/FirstPersonBP/Audio/Zombie_In_Pain-SoundBible_com-134322253
[2015.06.23-06.16.57:172][  0]LogLinker:Warning: Can't find file '/Game/FirstPersonBP/Audio/Zombie_In_Pain-SoundBible_com-134322253'
[2015.06.23-06.16.57:172][  0]LogLinker:Warning: Can't find file for asset '/Game/FirstPersonBP/Audio/Zombie_In_Pain-SoundBible_com-134322253' while loading ../../../../../../Users/TTV14SVilleK/Documents/Unreal Projects/MayhemPunch 4.8/Content/Blueprints/Behavior/BTS_botDetectEnemy.uasset.
[2015.06.23-06.16.57:173][  0]LoadErrors:Error: Error /Game/Blueprints/Behavior/BTS_botDetectEnemy : Can't find file for asset. /Game/FirstPersonBP/Audio/Zombie_In_Pain-SoundBible_com-134322253
[2015.06.23-06.16.57:182][  0]LogLinker:Warning: Can't find file '/Game/FirstPersonBP/Audio/Zombie_In_Pain-SoundBible_com-134322253'
[2015.06.23-06.16.57:182][  0]LoadErrors: Info Failed to load /Game/Blueprints/Behavior/botTree.botTree Referenced by EdGraphPin_14309
[2015.06.23-06.16.57:182][  0]LogLinker:Warning: Can't find file for asset '/Game/FirstPersonBP/Audio/Zombie_In_Pain-SoundBible_com-134322253' while loading ../../../../../../Users/TTV14SVilleK/Documents/Unreal Projects/MayhemPunch 4.8/Content/Blueprints/Behavior/BTS_botDetectEnemy.uasset.
[2015.06.23-06.16.57:182][  0]LoadErrors: Info Failed to load /Game/Blueprints/Behavior/botTree.botTree Referenced by EdGraphPin_14309
[2015.06.23-06.16.57:182][  0]LoadErrors:Error: Error /Game/Blueprints/Behavior/BTS_botDetectEnemy : Can't find file for asset. /Game/FirstPersonBP/Audio/Zombie_In_Pain-SoundBible_com-134322253
[2015.06.23-06.16.58:175][  0]LogBlueprint:Warning: [compiler FirstPersonCharacter] Warning Could not find a variable named "Spawn Transform" in 'FirstPersonCharacter'.
Make sure 'FirstPersonCharacter' has been compiled for  Set Spawn Transform 
[2015.06.23-06.16.58:175][  0]LogBlueprint:Warning: [compiler FirstPersonCharacter] Warning Can't connect pins  Return Value  and  Object : This cast has an invalid target type (was the class deleted without a redirect?).
[2015.06.23-06.16.58:175][  0]LogBlueprint:Warning: [compiler FirstPersonCharacter] Warning Can't connect pins  Object  and  Return Value : This cast has an invalid target type (was the class deleted without a redirect?).
[2015.06.23-06.16.58:175][  0]LogBlueprint:Warning: [compiler FirstPersonCharacter] Warning Can't connect pins  Object  and  Other : This cast has an invalid target type (was the class deleted without a redirect?).
[2015.06.23-06.16.58:175][  0]LogBlueprint:Warning: [compiler FirstPersonCharacter] Warning Can't connect pins  Other  and  Object : This cast has an invalid target type (was the class deleted without a redirect?).
[2015.06.23-06.16.58:189][  0]LogBlueprint:Error: [compiler FirstPersonCharacter] Error Node  Bad cast node  has an invalid target type, please delete and recreate it
[2015.06.23-06.16.58:189][  0]LogBlueprint:Error: [compiler FirstPersonCharacter] Error Node  Bad cast node  has an invalid target class
[2015.06.23-06.16.58:237][  0]LogBlueprint:Warning: [compiler FirstPersonCharacter] Warning [0009.20] Compile of FirstPersonCharacter failed. 2 Fatal Issue(s) 5 Warning(s) [in 151 ms]
[2015.06.23-06.16.58:237][  0]LogBlueprint:Warning: [compiler FirstPersonCharacter] Warning [0009.20] Compile of FirstPersonCharacter failed. 2 Fatal Issue(s) 6 Warning(s) [in 0 ms]
[2015.06.23-06.16.58:368][  0]LogLinker:Warning: Can't find file '/Game/FirstPersonBP/Audio/Zombie_In_Pain-SoundBible_com-134322253'
[2015.06.23-06.16.58:368][  0]LogLinker:Warning: Can't find file for asset '/Game/FirstPersonBP/Audio/Zombie_In_Pain-SoundBible_com-134322253' while loading ../../../../../../Users/TTV14SVilleK/Documents/Unreal Projects/MayhemPunch 4.8/Content/Blueprints/Pawn/botCharacter.uasset.
[2015.06.23-06.16.58:368][  0]LoadErrors:Error: Error /Game/Blueprints/Pawn/botCharacter : Can't find file for asset. /Game/FirstPersonBP/Audio/Zombie_In_Pain-SoundBible_com-134322253
[2015.06.23-06.16.58:369][  0]LogLinker:Warning: Can't find file '/Game/FirstPersonBP/Audio/Zombie_In_Pain-SoundBible_com-134322253'
[2015.06.23-06.16.58:369][  0]LogLinker:Warning: Can't find file for asset '/Game/FirstPersonBP/Audio/Zombie_In_Pain-SoundBible_com-134322253' while loading ../../../../../../Users/TTV14SVilleK/Documents/Unreal Projects/MayhemPunch 4.8/Content/Blueprints/Pawn/botCharacter.uasset.
[2015.06.23-06.16.58:369][  0]LoadErrors:Error: Error /Game/Blueprints/Pawn/botCharacter : Can't find file for asset. /Game/FirstPersonBP/Audio/Zombie_In_Pain-SoundBible_com-134322253
[2015.06.23-06.16.58:370][  0]LogLinker:Warning: Can't find file '/Game/FirstPersonBP/Blueprints/FirstPersonGameMode'
[2015.06.23-06.16.58:370][  0]LogLinker:Warning: Can't find file for asset '/Game/FirstPersonBP/Blueprints/FirstPersonGameMode' while loading ../../../../../../Users/TTV14SVilleK/Documents/Unreal Projects/MayhemPunch 4.8/Content/Main/Blueprints/FirstPersonCharacter.uasset.
[2015.06.23-06.16.58:370][  0]LoadErrors:Error: Error /Game/Main/Blueprints/FirstPersonCharacter : Can't find file for asset. /Game/FirstPersonBP/Blueprints/FirstPersonGameMode
[2015.06.23-06.16.58:370][  0]LogLinker:Warning: Can't find file '/Game/FirstPersonBP/Blueprints/FirstPersonProjectile'
[2015.06.23-06.16.58:370][  0]LogLinker:Warning: Can't find file for asset '/Game/FirstPersonBP/Blueprints/FirstPersonProjectile' while loading ../../../../../../Users/TTV14SVilleK/Documents/Unreal Projects/MayhemPunch 4.8/Content/Main/Blueprints/FirstPersonCharacter.uasset.
[2015.06.23-06.16.58:370][  0]LoadErrors:Error: Error /Game/Main/Blueprints/FirstPersonCharacter : Can't find file for asset. /Game/FirstPersonBP/Blueprints/FirstPersonProjectile
[2015.06.23-06.16.58:375][  0]LogLinker:Warning: Can't find file '/Game/FirstPersonBP/Animations/FirstPerson_AnimBP'
[2015.06.23-06.16.58:375][  0]LogLinker:Warning: Can't find file for asset '/Game/FirstPersonBP/Animations/FirstPerson_AnimBP' while loading ../../../../../../Users/TTV14SVilleK/Documents/Unreal Projects/MayhemPunch 4.8/Content/Main/Blueprints/FirstPersonCharacter.uasset.
[2015.06.23-06.16.58:375][  0]LoadErrors:Error: Error /Game/Main/Blueprints/FirstPersonCharacter : Can't find file for asset. /Game/FirstPersonBP/Animations/FirstPerson_AnimBP
[2015.06.23-06.16.58:375][  0]LogLinker:Warning: Can't find file '/Game/FirstPersonBP/Audio/Pitch_Baseball-SoundBible_com-868005975'
[2015.06.23-06.16.58:375][  0]LogLinker:Warning: Can't find file for asset '/Game/FirstPersonBP/Audio/Pitch_Baseball-SoundBible_com-868005975' while loading ../../../../../../Users/TTV14SVilleK/Documents/Unreal Projects/MayhemPunch 4.8/Content/Main/Blueprints/FirstPersonCharacter.uasset.
[2015.06.23-06.16.58:375][  0]LoadErrors:Error: Error /Game/Main/Blueprints/FirstPersonCharacter : Can't find file for asset. /Game/FirstPersonBP/Audio/Pitch_Baseball-SoundBible_com-868005975
[2015.06.23-06.16.58:375][  0]LogLinker:Warning: Can't find file '/Game/FirstPersonBP/Blueprints/FirstPersonGameMode'
[2015.06.23-06.16.58:375][  0]LogLinker:Warning: Can't find file for asset '/Game/FirstPersonBP/Blueprints/FirstPersonGameMode' while loading ../../../../../../Users/TTV14SVilleK/Documents/Unreal Projects/MayhemPunch 4.8/Content/Main/Blueprints/FirstPersonCharacter.uasset.
[2015.06.23-06.16.58:375][  0]LoadErrors:Error: Error /Game/Main/Blueprints/FirstPersonCharacter : Can't find file for asset. /Game/FirstPersonBP/Blueprints/FirstPersonGameMode
[2015.06.23-06.16.58:376][  0]LogLinker:Warning: Can't find file '/Game/FirstPersonBP/Blueprints/FirstPersonProjectile'
[2015.06.23-06.16.58:376][  0]LogLinker:Warning: Can't find file for asset '/Game/FirstPersonBP/Blueprints/FirstPersonProjectile' while loading ../../../../../../Users/TTV14SVilleK/Documents/Unreal Projects/MayhemPunch 4.8/Content/Main/Blueprints/FirstPersonCharacter.uasset.
[2015.06.23-06.16.58:376][  0]LoadErrors:Error: Error /Game/Main/Blueprints/FirstPersonCharacter : Can't find file for asset. /Game/FirstPersonBP/Blueprints/FirstPersonProjectile
[2015.06.23-06.16.58:377][  0]LogLinker:Warning: Can't find file '/Game/FirstPersonBP/Audio/Pitch_Baseball-SoundBible_com-868005975'
[2015.06.23-06.16.58:377][  0]LogLinker:Warning: Can't find file for asset '/Game/FirstPersonBP/Audio/Pitch_Baseball-SoundBible_com-868005975' while loading ../../../../../../Users/TTV14SVilleK/Documents/Unreal Projects/MayhemPunch 4.8/Content/Main/Blueprints/FirstPersonCharacter.uasset.
[2015.06.23-06.16.58:377][  0]LoadErrors:Error: Error /Game/Main/Blueprints/FirstPersonCharacter : Can't find file for asset. /Game/FirstPersonBP/Audio/Pitch_Baseball-SoundBible_com-868005975
[2015.06.23-06.16.58:387][  0]LogLinker:Warning: Can't find file '/Game/FirstPersonBP/Blueprints/FirstPersonProjectile'
[2015.06.23-06.16.58:387][  0]LogLinker:Warning: Can't find file for asset '/Game/FirstPersonBP/Blueprints/FirstPersonProjectile' while loading ../../../../../../Users/TTV14SVilleK/Documents/Unreal Projects/MayhemPunch 4.8/Content/Main/Blueprints/Bot.uasset.
[2015.06.23-06.16.58:387][  0]LoadErrors:Error: Error /Game/Main/Blueprints/Bot : Can't find file for asset. /Game/FirstPersonBP/Blueprints/FirstPersonProjectile
[2015.06.23-06.16.58:387][  0]LogLinker:Warning: Can't find file '/Game/FirstPersonBP/Animations/FirstPerson_AnimBP'
[2015.06.23-06.16.58:387][  0]LogLinker:Warning: Can't find file for asset '/Game/FirstPersonBP/Animations/FirstPerson_AnimBP' while loading ../../../../../../Users/TTV14SVilleK/Documents/Unreal Projects/MayhemPunch 4.8/Content/Main/Blueprints/Bot.uasset.
[2015.06.23-06.16.58:387][  0]LoadErrors:Error: Error /Game/Main/Blueprints/Bot : Can't find file for asset. /Game/FirstPersonBP/Animations/FirstPerson_AnimBP
[2015.06.23-06.16.58:387][  0]LogLinker:Warning: Can't find file '/Game/FirstPersonBP/Blueprints/FirstPersonGameMode'
[2015.06.23-06.16.58:388][  0]LogLinker:Warning: Can't find file for asset '/Game/FirstPersonBP/Blueprints/FirstPersonGameMode' while loading ../../../../../../Users/TTV14SVilleK/Documents/Unreal Projects/MayhemPunch 4.8/Content/Main/Blueprints/Bot.uasset.
[2015.06.23-06.16.58:388][  0]LoadErrors:Error: Error /Game/Main/Blueprints/Bot : Can't find file for asset. /Game/FirstPersonBP/Blueprints/FirstPersonGameMode
[2015.06.23-06.16.58:388][  0]LogLinker:Warning: Can't find file '/Game/FirstPersonBP/Blueprints/FirstPersonProjectile'
[2015.06.23-06.16.58:388][  0]LogLinker:Warning: Can't find file for asset '/Game/FirstPersonBP/Blueprints/FirstPersonProjectile' while loading ../../../../../../Users/TTV14SVilleK/Documents/Unreal Projects/MayhemPunch 4.8/Content/Main/Blueprints/Bot.uasset.
[2015.06.23-06.16.58:388][  0]LoadErrors:Error: Error /Game/Main/Blueprints/Bot : Can't find file for asset. /Game/FirstPersonBP/Blueprints/FirstPersonProjectile
[2015.06.23-06.16.58:388][  0]LogLinker:Warning: Can't find file '/Game/FirstPersonBP/Animations/FirstPerson_AnimBP'
[2015.06.23-06.16.58:388][  0]LogLinker:Warning: Can't find file for asset '/Game/FirstPersonBP/Animations/FirstPerson_AnimBP' while loading ../../../../../../Users/TTV14SVilleK/Documents/Unreal Projects/MayhemPunch 4.8/Content/Main/Blueprints/Bot.uasset.
[2015.06.23-06.16.58:388][  0]LoadErrors:Error: Error /Game/Main/Blueprints/Bot : Can't find file for asset. /Game/FirstPersonBP/Animations/FirstPerson_AnimBP
[2015.06.23-06.16.58:388][  0]LogLinker:Warning: Can't find file '/Game/FirstPersonBP/Audio/Pitch_Baseball-SoundBible_com-868005975'
[2015.06.23-06.16.58:388][  0]LogLinker:Warning: Can't find file for asset '/Game/FirstPersonBP/Audio/Pitch_Baseball-SoundBible_com-868005975' while loading ../../../../../../Users/TTV14SVilleK/Documents/Unreal Projects/MayhemPunch 4.8/Content/Main/Blueprints/Bot.uasset.
[2015.06.23-06.16.58:388][  0]LoadErrors:Error: Error /Game/Main/Blueprints/Bot : Can't find file for asset. /Game/FirstPersonBP/Audio/Pitch_Baseball-SoundBible_com-868005975
[2015.06.23-06.16.58:388][  0]LogLinker:Warning: Can't find file '/Game/FirstPersonBP/Blueprints/FirstPersonGameMode'
[2015.06.23-06.16.58:389][  0]LogLinker:Warning: Can't find file for asset '/Game/FirstPersonBP/Blueprints/FirstPersonGameMode' while loading ../../../../../../Users/TTV14SVilleK/Documents/Unreal Projects/MayhemPunch 4.8/Content/Main/Blueprints/Bot.uasset.
[2015.06.23-06.16.58:389][  0]LoadErrors:Error: Error /Game/Main/Blueprints/Bot : Can't find file for asset. /Game/FirstPersonBP/Blueprints/FirstPersonGameMode
[2015.06.23-06.16.58:389][  0]LogLinker:Warning: Can't find file '/Game/FirstPersonBP/Blueprints/FirstPersonProjectile'
[2015.06.23-06.16.58:389][  0]LogLinker:Warning: Can't find file for asset '/Game/FirstPersonBP/Blueprints/FirstPersonProjectile' while loading ../../../../../../Users/TTV14SVilleK/Documents/Unreal Projects/MayhemPunch 4.8/Content/Main/Blueprints/Bot.uasset.
[2015.06.23-06.16.58:389][  0]LoadErrors:Error: Error /Game/Main/Blueprints/Bot : Can't find file for asset. /Game/FirstPersonBP/Blueprints/FirstPersonProjectile
[2015.06.23-06.16.58:389][  0]LogLinker:Warning: Can't find file '/Game/FirstPersonBP/Audio/Pitch_Baseball-SoundBible_com-868005975'
[2015.06.23-06.16.58:389][  0]LogLinker:Warning: Can't find file for asset '/Game/FirstPersonBP/Audio/Pitch_Baseball-SoundBible_com-868005975' while loading ../../../../../../Users/TTV14SVilleK/Documents/Unreal Projects/MayhemPunch 4.8/Content/Main/Blueprints/Bot.uasset.
[2015.06.23-06.16.58:389][  0]LoadErrors:Error: Error /Game/Main/Blueprints/Bot : Can't find file for asset. /Game/FirstPersonBP/Audio/Pitch_Baseball-SoundBible_com-868005975
[2015.06.23-06.16.58:435][  0]LogLinker:Warning: Can't find file '/Game/FirstPersonBP/Blueprints/FirstPersonProjectile'
[2015.06.23-06.16.58:435][  0]LoadErrors: Info Failed to load /Game/FirstPersonBP/Blueprints/FirstPersonProjectile.FirstPersonProjectile_C Referenced by K2Node_DynamicCast_839
[2015.06.23-06.16.58:436][  0]LogLinker:Warning: Can't find file for asset '/Game/FirstPersonBP/Blueprints/FirstPersonProjectile' while loading ../../../../../../Users/TTV14SVilleK/Documents/Unreal Projects/MayhemPunch 4.8/Content/Main/Blueprints/Bot.uasset.
[2015.06.23-06.16.58:436][  0]LoadErrors: Info Failed to load /Game/FirstPersonBP/Blueprints/FirstPersonProjectile.FirstPersonProjectile_C Referenced by K2Node_DynamicCast_839
[2015.06.23-06.16.58:436][  0]LoadErrors:Error: Error /Game/Main/Blueprints/Bot : Can't find file for asset. /Game/FirstPersonBP/Blueprints/FirstPersonProjectile
[2015.06.23-06.16.58:436][  0]LogLinker:Warning: Can't find file '/Game/FirstPersonBP/Blueprints/FirstPersonProjectile'
[2015.06.23-06.16.58:436][  0]LoadErrors: Info Failed to load /Game/FirstPersonBP/Blueprints/FirstPersonProjectile.FirstPersonProjectile_C Referenced by EdGraphPin_16562
[2015.06.23-06.16.58:436][  0]LogLinker:Warning: Can't find file for asset '/Game/FirstPersonBP/Blueprints/FirstPersonProjectile' while loading ../../../../../../Users/TTV14SVilleK/Documents/Unreal Projects/MayhemPunch 4.8/Content/Main/Blueprints/Bot.uasset.
[2015.06.23-06.16.58:436][  0]LoadErrors: Info Failed to load /Game/FirstPersonBP/Blueprints/FirstPersonProjectile.FirstPersonProjectile_C Referenced by EdGraphPin_16562
[2015.06.23-06.16.58:436][  0]LoadErrors:Error: Error /Game/Main/Blueprints/Bot : Can't find file for asset. /Game/FirstPersonBP/Blueprints/FirstPersonProjectile
[2015.06.23-06.16.58:439][  0]LogLinker:Warning: Can't find file '/Game/FirstPersonBP/Audio/Pitch_Baseball-SoundBible_com-868005975'
[2015.06.23-06.16.58:439][  0]LoadErrors: Info Failed to load /Game/FirstPersonBP/Audio/Pitch_Baseball-SoundBible_com-868005975.Pitch_Baseball-SoundBible_com-868005975 Referenced by EdGraphPin_16655
[2015.06.23-06.16.58:439][  0]LogLinker:Warning: Can't find file for asset '/Game/FirstPersonBP/Audio/Pitch_Baseball-SoundBible_com-868005975' while loading ../../../../../../Users/TTV14SVilleK/Documents/Unreal Projects/MayhemPunch 4.8/Content/Main/Blueprints/Bot.uasset.
[2015.06.23-06.16.58:439][  0]LoadErrors: Info Failed to load /Game/FirstPersonBP/Audio/Pitch_Baseball-SoundBible_com-868005975.Pitch_Baseball-SoundBible_com-868005975 Referenced by EdGraphPin_16655
[2015.06.23-06.16.58:439][  0]LoadErrors:Error: Error /Game/Main/Blueprints/Bot : Can't find file for asset. /Game/FirstPersonBP/Audio/Pitch_Baseball-SoundBible_com-868005975
[2015.06.23-06.16.58:441][  0]LogLinker:Warning: Can't find file '/Game/FirstPersonBP/Blueprints/FirstPersonGameMode'
[2015.06.23-06.16.58:441][  0]LoadErrors: Info Failed to load /Game/FirstPersonBP/Blueprints/FirstPersonGameMode.FirstPersonGameMode_C Referenced by K2Node_DynamicCast_623
[2015.06.23-06.16.58:441][  0]LogLinker:Warning: Can't find file for asset '/Game/FirstPersonBP/Blueprints/FirstPersonGameMode' while loading ../../../../../../Users/TTV14SVilleK/Documents/Unreal Projects/MayhemPunch 4.8/Content/Main/Blueprints/Bot.uasset.
[2015.06.23-06.16.58:441][  0]LoadErrors: Info Failed to load /Game/FirstPersonBP/Blueprints/FirstPersonGameMode.FirstPersonGameMode_C Referenced by K2Node_DynamicCast_623
[2015.06.23-06.16.58:441][  0]LoadErrors:Error: Error /Game/Main/Blueprints/Bot : Can't find file for asset. /Game/FirstPersonBP/Blueprints/FirstPersonGameMode
[2015.06.23-06.16.58:441][  0]LogLinker:Warning: Can't find file '/Game/FirstPersonBP/Blueprints/FirstPersonGameMode'
[2015.06.23-06.16.58:441][  0]LoadErrors: Info Failed to load /Game/FirstPersonBP/Blueprints/FirstPersonGameMode.FirstPersonGameMode_C Referenced by EdGraphPin_16685
[2015.06.23-06.16.58:442][  0]LogLinker:Warning: Can't find file for asset '/Game/FirstPersonBP/Blueprints/FirstPersonGameMode' while loading ../../../../../../Users/TTV14SVilleK/Documents/Unreal Projects/MayhemPunch 4.8/Content/Main/Blueprints/Bot.uasset.
[2015.06.23-06.16.58:442][  0]LoadErrors: Info Failed to load /Game/FirstPersonBP/Blueprints/FirstPersonGameMode.FirstPersonGameMode_C Referenced by EdGraphPin_16685
[2015.06.23-06.16.58:442][  0]LoadErrors:Error: Error /Game/Main/Blueprints/Bot : Can't find file for asset. /Game/FirstPersonBP/Blueprints/FirstPersonGameMode
[2015.06.23-06.16.58:442][  0]LogLinker:Warning: Can't find file '/Game/FirstPersonBP/Blueprints/FirstPersonGameMode'
[2015.06.23-06.16.58:442][  0]LoadErrors: Info Failed to load /Game/FirstPersonBP/Blueprints/FirstPersonGameMode.FirstPersonGameMode_C Referenced by K2Node_VariableSet_971
[2015.06.23-06.16.58:442][  0]LogLinker:Warning: Can't find file for asset '/Game/FirstPersonBP/Blueprints/FirstPersonGameMode' while loading ../../../../../../Users/TTV14SVilleK/Documents/Unreal Projects/MayhemPunch 4.8/Content/Main/Blueprints/Bot.uasset.
[2015.06.23-06.16.58:442][  0]LoadErrors: Info Failed to load /Game/FirstPersonBP/Blueprints/FirstPersonGameMode.FirstPersonGameMode_C Referenced by K2Node_VariableSet_971
[2015.06.23-06.16.58:442][  0]LoadErrors:Error: Error /Game/Main/Blueprints/Bot : Can't find file for asset. /Game/FirstPersonBP/Blueprints/FirstPersonGameMode
[2015.06.23-06.16.58:443][  0]LogLinker:Warning: Can't find file '/Game/FirstPersonBP/Blueprints/FirstPersonGameMode'
[2015.06.23-06.16.58:443][  0]LoadErrors: Info Failed to load /Game/FirstPersonBP/Blueprints/FirstPersonGameMode.FirstPersonGameMode_C Referenced by EdGraphPin_16712
[2015.06.23-06.16.58:443][  0]LogLinker:Warning: Can't find file for asset '/Game/FirstPersonBP/Blueprints/FirstPersonGameMode' while loading ../../../../../../Users/TTV14SVilleK/Documents/Unreal Projects/MayhemPunch 4.8/Content/Main/Blueprints/Bot.uasset.
[2015.06.23-06.16.58:443][  0]LoadErrors: Info Failed to load /Game/FirstPersonBP/Blueprints/FirstPersonGameMode.FirstPersonGameMode_C Referenced by EdGraphPin_16712
[2015.06.23-06.16.58:443][  0]LoadErrors:Error: Error /Game/Main/Blueprints/Bot : Can't find file for asset. /Game/FirstPersonBP/Blueprints/FirstPersonGameMode
[2015.06.23-06.16.58:458][  0]LogLinker:Warning: Can't find file '/Game/FirstPersonBP/Animations/FirstPerson_AnimBP'
[2015.06.23-06.16.58:458][  0]LoadErrors: Info Failed to load /Game/FirstPersonBP/Animations/FirstPerson_AnimBP.FirstPerson_AnimBP_C Referenced by SkeletalMeshComponent_8__FC42DFE8
[2015.06.23-06.16.58:458][  0]LogLinker:Warning: Can't find file for asset '/Game/FirstPersonBP/Animations/FirstPerson_AnimBP' while loading ../../../../../../Users/TTV14SVilleK/Documents/Unreal Projects/MayhemPunch 4.8/Content/Main/Blueprints/Bot.uasset.
[2015.06.23-06.16.58:458][  0]LoadErrors: Info Failed to load /Game/FirstPersonBP/Animations/FirstPerson_AnimBP.FirstPerson_AnimBP_C Referenced by SkeletalMeshComponent_8__FC42DFE8
[2015.06.23-06.16.58:458][  0]LoadErrors:Error: Error /Game/Main/Blueprints/Bot : Can't find file for asset. /Game/FirstPersonBP/Animations/FirstPerson_AnimBP
[2015.06.23-06.16.58:577][  0]LogBlueprint:Warning: [FirstPersonCharacter] CreatePinForVariable: 'Spawn Transform' variable not found. Base class was probably changed.
[2015.06.23-06.16.58:578][  0]LogBlueprint:Warning: [FirstPersonCharacter] CreatePinForVariable: 'Spawn Transform' variable not found. Base class was probably changed.
[2015.06.23-06.16.58:687][  0]LogBlueprint:Warning: [compiler FirstPersonCharacter] Warning Could not find a variable named "Spawn Transform" in 'FirstPersonCharacter'.
Make sure 'FirstPersonCharacter' has been compiled for  Set Spawn Transform 
[2015.06.23-06.16.58:687][  0]LogBlueprint:Warning: [compiler FirstPersonCharacter] Warning Can't connect pins  Return Value  and  Object : This cast has an invalid target type (was the class deleted without a redirect?).
[2015.06.23-06.16.58:687][  0]LogBlueprint:Warning: [compiler FirstPersonCharacter] Warning Can't connect pins  Object  and  Return Value : This cast has an invalid target type (was the class deleted without a redirect?).
[2015.06.23-06.16.58:688][  0]LogBlueprint:Warning: [compiler FirstPersonCharacter] Warning Can't connect pins  Object  and  Other : This cast has an invalid target type (was the class deleted without a redirect?).
[2015.06.23-06.16.58:688][  0]LogBlueprint:Warning: [compiler FirstPersonCharacter] Warning Can't connect pins  Other  and  Object : This cast has an invalid target type (was the class deleted without a redirect?).
[2015.06.23-06.16.58:700][  0]LogBlueprint:Error: [compiler FirstPersonCharacter] Error Node  Bad cast node  has an invalid target type, please delete and recreate it
[2015.06.23-06.16.58:700][  0]LogBlueprint:Error: [compiler FirstPersonCharacter] Error Node  Bad cast node  has an invalid target class
[2015.06.23-06.16.58:742][  0]LogBlueprint:Warning: [compiler FirstPersonCharacter] Warning [0009.70] Compile of FirstPersonCharacter failed. 2 Fatal Issue(s) 5 Warning(s) [in 145 ms]
[2015.06.23-06.16.58:743][  0]LogBlueprint:Warning: [compiler FirstPersonCharacter] Warning [0009.70] Compile of FirstPersonCharacter failed. 2 Fatal Issue(s) 6 Warning(s) [in 0 ms]
[2015.06.23-06.16.58:743][  0]LogBlueprint:Warning: [compiler FirstPersonCharacter] Warning [0009.70] Compile of FirstPersonCharacter failed. 2 Fatal Issue(s) 7 Warning(s) [in 0 ms]
[2015.06.23-06.16.58:880][  0]LogBlueprint:Warning: [compiler FirstPersonCharacter] Warning Could not find a variable named "Spawn Transform" in 'FirstPersonCharacter'.
Make sure 'FirstPersonCharacter' has been compiled for  Set Spawn Transform 
[2015.06.23-06.16.58:880][  0]LogBlueprint:Warning: [compiler FirstPersonCharacter] Warning Can't connect pins  Return Value  and  Object : This cast has an invalid target type (was the class deleted without a redirect?).
[2015.06.23-06.16.58:880][  0]LogBlueprint:Warning: [compiler FirstPersonCharacter] Warning Can't connect pins  Object  and  Return Value : This cast has an invalid target type (was the class deleted without a redirect?).
[2015.06.23-06.16.58:880][  0]LogBlueprint:Warning: [compiler FirstPersonCharacter] Warning Can't connect pins  Object  and  Other : This cast has an invalid target type (was the class deleted without a redirect?).
[2015.06.23-06.16.58:881][  0]LogBlueprint:Warning: [compiler FirstPersonCharacter] Warning Can't connect pins  Other  and  Object : This cast has an invalid target type (was the class deleted without a redirect?).
[2015.06.23-06.16.58:893][  0]LogBlueprint:Error: [compiler FirstPersonCharacter] Error Node  Bad cast node  has an invalid target type, please delete and recreate it
[2015.06.23-06.16.58:893][  0]LogBlueprint:Error: [compiler FirstPersonCharacter] Error Node  Bad cast node  has an invalid target class
[2015.06.23-06.16.58:940][  0]LogBlueprint:Warning: [compiler FirstPersonCharacter] Warning [0009.90] Compile of FirstPersonCharacter failed. 2 Fatal Issue(s) 5 Warning(s) [in 149 ms]
[2015.06.23-06.16.58:940][  0]LogBlueprint:Warning: [compiler FirstPersonCharacter] Warning [0009.90] Compile of FirstPersonCharacter failed. 2 Fatal Issue(s) 6 Warning(s) [in 0 ms]
[2015.06.23-06.17.01:212][  0]LogAIModule: Creating AISystem for world FirstPersonExampleMap
[2015.06.23-06.17.01:257][  0]LogEditorServer: Finished looking for orphan Actors (0.000 secs)
[2015.06.23-06.17.01:260][  0]Cmd: MAP CHECKDEP NOCLEARLOG
[2015.06.23-06.17.01:333][  0]MapCheck: Info Map check complete: 0 Error(s), 0 Warning(s), took 72.648ms to complete.
[2015.06.23-06.17.01:333][  0]LogFileHelpers: Loading map 'FirstPersonExampleMap' took 5.176
[2015.06.23-06.17.01:480][  0]LogCollectionManager: Loaded 0 collections in 0.001771 seconds
[2015.06.23-06.17.01:487][  0]LogContentBrowser: Native class hierarchy populated in 0.0066 seconds. Added 1792 classes and 301 folders.
[2015.06.23-06.17.01:531][  0]LogContentBrowser: Native class hierarchy updated for 'WidgetCarousel' in 0.0003 seconds. Added 0 classes and 0 folders.
[2015.06.23-06.17.01:558][  0]LogContentBrowser: Native class hierarchy updated for 'AddContentDialog' in 0.0003 seconds. Added 0 classes and 0 folders.
[2015.06.23-06.17.01:572][  0]LogContentBrowser: Native class hierarchy updated for 'SceneOutliner' in 0.0003 seconds. Added 1 classes and 2 folders.
[2015.06.23-06.17.01:660][  0]LogCrashTracker: Crashtracker disabled due to settings.
[2015.06.23-06.17.01:664][  0]LogUObjectGlobals:Warning: Failed to find object 'Class None.'
[2015.06.23-06.17.01:684][  0]LogLoad: Full Startup: 12.65 seconds (BP compile: 2.07 seconds)
[2015.06.23-06.17.01:769][  0]LogContentStreaming: Texture pool size is 0.000000MB
[2015.06.23-06.17.01:829][  0]LogContentStreaming: Texture pool size now 1000 MB
[2015.06.23-06.17.02:006][  0]LogRenderer: Reallocating scene render targets to support 1208x632 (Frame:2).
[2015.06.23-06.17.02:049][  1]LogSkinnedMeshComp:Warning: GetSocketByName(): No SkeletalMesh for SkeletalMeshComponent_91
[2015.06.23-06.17.02:049][  1]LogSkinnedMeshComp:Warning: GetSocketByName(): No SkeletalMesh for SkeletalMeshComponent_91
[2015.06.23-06.17.02:050][  1]LogSkinnedMeshComp:Warning: GetSocketByName(): No SkeletalMesh for SkeletalMeshComponent_91
[2015.06.23-06.17.02:050][  1]LogSkinnedMeshComp:Warning: GetSocketByName(): No SkeletalMesh for SkeletalMeshComponent_91
[2015.06.23-06.17.02:050][  1]LogSkinnedMeshComp:Warning: GetSocketByName(): No SkeletalMesh for SkeletalMeshComponent_91
[2015.06.23-06.17.02:050][  1]LogSkinnedMeshComp:Warning: GetSocketByName(): No SkeletalMesh for SkeletalMeshComponent_91
[2015.06.23-06.17.02:050][  1]LogSkinnedMeshComp:Warning: GetSocketByName(): No SkeletalMesh for SkeletalMeshComponent_91
[2015.06.23-06.17.02:050][  1]LogSkinnedMeshComp:Warning: GetSocketByName(): No SkeletalMesh for SkeletalMeshComponent_91
[2015.06.23-06.17.02:050][  1]LogSkinnedMeshComp:Warning: GetSocketByName(): No SkeletalMesh for SkeletalMeshComponent_91
[2015.06.23-06.17.02:050][  1]LogSkinnedMeshComp:Warning: GetSocketByName(): No SkeletalMesh for SkeletalMeshComponent_91
[2015.06.23-06.17.02:050][  1]LogSkinnedMeshComp:Warning: GetSocketByName(): No SkeletalMesh for SkeletalMeshComponent_91
[2015.06.23-06.17.02:050][  1]LogSkinnedMeshComp:Warning: GetSocketByName(): No SkeletalMesh for SkeletalMeshComponent_91
[2015.06.23-06.17.02:050][  1]LogSkinnedMeshComp:Warning: GetSocketByName(): No SkeletalMesh for SkeletalMeshComponent_91
[2015.06.23-06.17.02:050][  1]LogSkinnedMeshComp:Warning: GetSocketByName(): No SkeletalMesh for SkeletalMeshComponent_91
[2015.06.23-06.17.02:050][  1]LogSkinnedMeshComp:Warning: GetSocketByName(): No SkeletalMesh for SkeletalMeshComponent_91
[2015.06.23-06.17.02:050][  1]LogSkinnedMeshComp:Warning: GetSocketByName(): No SkeletalMesh for SkeletalMeshComponent_91
[2015.06.23-06.17.02:050][  1]LogSkinnedMeshComp:Warning: GetSocketByName(): No SkeletalMesh for SkeletalMeshComponent_91
[2015.06.23-06.17.02:050][  1]LogSkinnedMeshComp:Warning: GetSocketByName(): No SkeletalMesh for SkeletalMeshComponent_91
[2015.06.23-06.17.02:050][  1]LogSkinnedMeshComp:Warning: GetSocketByName(): No SkeletalMesh for SkeletalMeshComponent_91
[2015.06.23-06.17.02:050][  1]LogSkinnedMeshComp:Warning: GetSocketByName(): No SkeletalMesh for SkeletalMeshComponent_91
[2015.06.23-06.17.02:050][  1]LogSkinnedMeshComp:Warning: GetSocketByName(): No SkeletalMesh for SkeletalMeshComponent_91
[2015.06.23-06.17.02:050][  1]LogSkinnedMeshComp:Warning: GetSocketByName(): No SkeletalMesh for SkeletalMeshComponent_91
[2015.06.23-06.17.02:050][  1]LogSkinnedMeshComp:Warning: GetSocketByName(): No SkeletalMesh for SkeletalMeshComponent_91
[2015.06.23-06.17.02:050][  1]LogSkinnedMeshComp:Warning: GetSocketByName(): No SkeletalMesh for SkeletalMeshComponent_91
[2015.06.23-06.17.02:717][ 15]LogAssetRegistry: Asset discovery search completed in 7.4549 seconds
[2015.06.23-06.17.07:545][375]BlueprintLog: New page: Pre-PIE auto-recompile
[2015.06.23-06.17.07:545][375]LogPlayLevel: [PIE] Compiling FirstPersonExampleMap before PIE...
[2015.06.23-06.17.07:642][375]LogActorComponent: UnregisterComponent: (/Engine/Transient.CharMoveComp) Not registered. Aborting.
[2015.06.23-06.17.07:642][375]LogActorComponent: UnregisterComponent: (/Engine/Transient.CharacterMovementComponent_0) Not registered. Aborting.
[2015.06.23-06.17.07:642][375]LogActorComponent: UnregisterComponent: (/Engine/Transient.CharacterMovementComponent_1) Not registered. Aborting.
[2015.06.23-06.17.07:945][375]LogPlayLevel: PIE:  Blueprint regeneration took 399 ms (1 blueprints)
[2015.06.23-06.17.16:372][607]LogActorComponent: UnregisterComponent: (/Engine/Transient.CharMoveComp) Not registered. Aborting.
[2015.06.23-06.17.16:372][607]LogActorComponent: UnregisterComponent: (/Engine/Transient.CharacterMovementComponent_2) Not registered. Aborting.
[2015.06.23-06.17.16:721][608]Cmd: QUIT_EDITOR
[2015.06.23-06.17.16:946][608]LogExit: Preparing to exit.
[2015.06.23-06.17.17:417][608]LogExit: Editor shut down
[2015.06.23-06.17.17:418][608]LogExit: Transaction tracking system shut down
[2015.06.23-06.17.17:420][608]LogParticles: Destroying 0 GPU particle simulations for FXSystem 0x0000000024446B60
[2015.06.23-06.17.17:421][608]LogParticles: Destroying 0 GPU particle simulations for FXSystem 0x000000002EE779C0
[2015.06.23-06.17.17:421][608]LogParticles: Destroying 0 GPU particle simulations for FXSystem 0x000000002EBCAA20
[2015.06.23-06.17.17:421][608]LogParticles: Destroying 0 GPU particle simulations for FXSystem 0x00000000296394E0
[2015.06.23-06.17.17:535][608]LogExit: Object subsystem successfully closed.
[2015.06.23-06.17.17:850][608]LogModuleManager: Shutting down and abandoning module CrashTracker (188)
[2015.06.23-06.17.17:850][608]LogModuleManager: Shutting down and abandoning module SceneOutliner (187)
[2015.06.23-06.17.17:850][608]LogModuleManager: Shutting down and abandoning module SuperSearch (186)
[2015.06.23-06.17.17:850][608]LogModuleManager: Shutting down and abandoning module WidgetCarousel (185)
[2015.06.23-06.17.17:850][608]LogModuleManager: Shutting down and abandoning module AddContentDialog (184)
[2015.06.23-06.17.17:851][608]LogModuleManager: Shutting down and abandoning module EditorWidgets (183)
[2015.06.23-06.17.17:851][608]LogModuleManager: Shutting down and abandoning module CollectionManager (182)
[2015.06.23-06.17.17:851][608]LogModuleManager: Shutting down and abandoning module StatsViewer (181)
[2015.06.23-06.17.17:851][608]LogModuleManager: Shutting down and abandoning module FoliageEdit (180)
[2015.06.23-06.17.17:851][608]LogModuleManager: Shutting down and abandoning module LandscapeEditor (179)
[2015.06.23-06.17.17:851][608]LogModuleManager: Shutting down and abandoning module ActorPickerMode (178)
[2015.06.23-06.17.17:851][608]LogModuleManager: Shutting down and abandoning module GeometryMode (177)
[2015.06.23-06.17.17:851][608]LogModuleManager: Shutting down and abandoning module TextureAlignMode (176)
[2015.06.23-06.17.17:851][608]LogModuleManager: Shutting down and abandoning module BspMode (175)
[2015.06.23-06.17.17:851][608]LogModuleManager: Shutting down and abandoning module PlacementMode (174)
[2015.06.23-06.17.17:851][608]LogModuleManager: Shutting down and abandoning module AutomationWorker (173)
[2015.06.23-06.17.17:851][608]LogModuleManager: Shutting down and abandoning module CharacterAI (172)
[2015.06.23-06.17.17:851][608]LogModuleManager: Shutting down and abandoning module SmartSnapping (171)
[2015.06.23-06.17.17:851][608]LogModuleManager: Shutting down and abandoning module ViewportSnapping (170)
[2015.06.23-06.17.17:851][608]LogModuleManager: Shutting down and abandoning module LogVisualizer (169)
[2015.06.23-06.17.17:851][608]LogModuleManager: Shutting down and abandoning module GameProjectGeneration (168)
[2015.06.23-06.17.17:851][608]LogModuleManager: Shutting down and abandoning module IntroTutorials (167)
[2015.06.23-06.17.17:851][608]LogModuleManager: Shutting down and abandoning module EditorLiveStreaming (166)
[2015.06.23-06.17.17:851][608]LogModuleManager: Shutting down and abandoning module IOSPlatformEditor (165)
[2015.06.23-06.17.17:851][608]LogModuleManager: Shutting down and abandoning module HTML5PlatformEditor (164)
[2015.06.23-06.17.17:851][608]LogModuleManager: Shutting down and abandoning module AndroidDeviceDetection (163)
[2015.06.23-06.17.18:679][608]LogModuleManager: Shutting down and abandoning module AndroidPlatformEditor (162)
[2015.06.23-06.17.18:679][608]LogModuleManager: Shutting down and abandoning module IOSRuntimeSettings (161)
[2015.06.23-06.17.18:679][608]LogModuleManager: Shutting down and abandoning module AndroidRuntimeSettings (160)
[2015.06.23-06.17.18:679][608]LogModuleManager: Shutting down and abandoning module MergeActors (159)
[2015.06.23-06.17.18:679][608]LogModuleManager: Shutting down and abandoning module SizeMap (158)
[2015.06.23-06.17.18:679][608]LogModuleManager: Shutting down and abandoning module TreeMap (157)
[2015.06.23-06.17.18:679][608]LogModuleManager: Shutting down and abandoning module ReferenceViewer (156)
[2015.06.23-06.17.18:679][608]LogModuleManager: Shutting down and abandoning module LocalizationDashboard (155)
[2015.06.23-06.17.18:679][608]LogModuleManager: Shutting down and abandoning module HardwareTargeting (154)
[2015.06.23-06.17.18:679][608]LogModuleManager: Shutting down and abandoning module DeviceProfileEditor (153)
[2015.06.23-06.17.18:679][608]LogModuleManager: Shutting down and abandoning module UndoHistory (152)
[2015.06.23-06.17.18:679][608]LogModuleManager: Shutting down and abandoning module GameplayTagsEditor (151)
[2015.06.23-06.17.18:679][608]LogModuleManager: Shutting down and abandoning module UserFeedback (150)
[2015.06.23-06.17.18:679][608]LogModuleManager: Shutting down and abandoning module XmlParser (149)
[2015.06.23-06.17.18:679][608]LogModuleManager: Shutting down and abandoning module Blutility (148)
[2015.06.23-06.17.18:679][608]LogModuleManager: Shutting down and abandoning module ProjectTargetPlatformEditor (147)
[2015.06.23-06.17.18:679][608]LogModuleManager: Shutting down and abandoning module ProjectSettingsViewer (146)
[2015.06.23-06.17.18:679][608]LogModuleManager: Shutting down and abandoning module InputBindingEditor (145)
[2015.06.23-06.17.18:680][608]LogModuleManager: Shutting down and abandoning module EditorSettingsViewer (144)
[2015.06.23-06.17.18:680][608]LogModuleManager: Shutting down and abandoning module SettingsEditor (143)
[2015.06.23-06.17.18:680][608]LogModuleManager: Shutting down and abandoning module ProjectLauncher (142)
[2015.06.23-06.17.18:680][608]LogModuleManager: Shutting down and abandoning module SessionFrontend (141)
[2015.06.23-06.17.18:680][608]LogModuleManager: Shutting down and abandoning module ProfilerClient (140)
[2015.06.23-06.17.18:680][608]LogModuleManager: Shutting down and abandoning module TargetDeviceServices (139)
[2015.06.23-06.17.18:680][608]LogModuleManager: Shutting down and abandoning module DeviceManager (138)
[2015.06.23-06.17.18:680][608]LogModuleManager: Shutting down and abandoning module AutomationController (137)
[2015.06.23-06.17.18:680][608]LogModuleManager: Shutting down and abandoning module AutomationWindow (136)
[2015.06.23-06.17.18:680][608]LogModuleManager: Shutting down and abandoning module Layers (135)
[2015.06.23-06.17.18:680][608]LogModuleManager: Shutting down and abandoning module ComponentVisualizers (134)
[2015.06.23-06.17.18:680][608]LogModuleManager: Shutting down and abandoning module DetailCustomizations (133)
[2015.06.23-06.17.18:680][608]LogModuleManager: Shutting down and abandoning module PackagesDialog (132)
[2015.06.23-06.17.18:680][608]LogModuleManager: Shutting down and abandoning module AssetRegistry (131)
[2015.06.23-06.17.18:810][608]LogModuleManager: Shutting down and abandoning module Persona (130)
[2015.06.23-06.17.18:810][608]LogModuleManager: Shutting down and abandoning module Kismet (129)
[2015.06.23-06.17.18:810][608]LogModuleManager: Shutting down and abandoning module GraphEditor (128)
[2015.06.23-06.17.18:810][608]LogModuleManager: Shutting down and abandoning module ClassViewer (127)
[2015.06.23-06.17.18:810][608]LogModuleManager: Shutting down and abandoning module Toolbox (126)
[2015.06.23-06.17.18:810][608]LogModuleManager: Shutting down and abandoning module ModuleUI (125)
[2015.06.23-06.17.18:810][608]LogModuleManager: Shutting down and abandoning module MovieSceneTools (124)
[2015.06.23-06.17.18:810][608]LogModuleManager: Shutting down and abandoning module OutputLog (123)
[2015.06.23-06.17.18:810][608]LogModuleManager: Shutting down and abandoning module GammaUI (122)
[2015.06.23-06.17.18:810][608]LogModuleManager: Shutting down and abandoning module Documentation (121)
[2015.06.23-06.17.18:810][608]LogModuleManager: Shutting down and abandoning module GameLiveStreaming (120)
[2015.06.23-06.17.18:810][608]LogModuleManager: Shutting down and abandoning module StreamingPauseRendering (119)
[2015.06.23-06.17.18:810][608]LogModuleManager: Shutting down and abandoning module AnalyticsET (118)
[2015.06.23-06.17.18:810][608]LogModuleManager: Shutting down and abandoning module Analytics (117)
[2015.06.23-06.17.18:810][608]LogModuleManager: Shutting down and abandoning module AITestSuite (116)
[2015.06.23-06.17.18:810][608]LogModuleManager: Shutting down and abandoning module GameplayDebugger (115)
[2015.06.23-06.17.18:810][608]LogModuleManager: Shutting down and abandoning module AIModule (114)
[2015.06.23-06.17.18:810][608]LogModuleManager: Shutting down and abandoning module ProfilerService (113)
[2015.06.23-06.17.18:848][608]LogModuleManager: Shutting down and abandoning module TaskGraph (112)
[2015.06.23-06.17.18:848][608]LogModuleManager: Shutting down and abandoning module SlateRemote (111)
[2015.06.23-06.17.18:848][608]LogModuleManager: Shutting down and abandoning module SteamVRController (110)
[2015.06.23-06.17.18:848][608]LogModuleManager: Shutting down and abandoning module SteamVR (109)
[2015.06.23-06.17.18:848][608]LogModuleManager: Shutting down and abandoning module ProceduralMeshComponent (108)
[2015.06.23-06.17.18:848][608]LogModuleManager: Shutting down and abandoning module OculusRift (107)
[2015.06.23-06.17.18:848][608]LogModuleManager: Shutting down and abandoning module LeapMotionController (106)
[2015.06.23-06.17.18:854][608]LogModuleManager: Shutting down and abandoning module CustomMeshComponent (105)
[2015.06.23-06.17.18:854][608]LogModuleManager: Shutting down and abandoning module CableComponent (104)
[2015.06.23-06.17.18:854][608]LogModuleManager: Shutting down and abandoning module MessagingDebugger (103)
[2015.06.23-06.17.18:854][608]LogModuleManager: Shutting down and abandoning module MediaPlayerEditor (102)
[2015.06.23-06.17.18:854][608]LogModuleManager: Shutting down and abandoning module SpeedTreeImporter (101)
[2015.06.23-06.17.18:854][608]LogModuleManager: Shutting down and abandoning module PluginBrowser (100)
[2015.06.23-06.17.18:854][608]LogModuleManager: Shutting down and abandoning module EpicSurvey (99)
[2015.06.23-06.17.18:854][608]LogModuleManager: Shutting down and abandoning module DesktopPlatform (98)
[2015.06.23-06.17.18:854][608]LogModuleManager: Shutting down and abandoning module VisualStudioSourceCodeAccess (97)
[2015.06.23-06.17.18:854][608]LogModuleManager: Shutting down and abandoning module UObjectPlugin (96)
[2015.06.23-06.17.18:854][608]LogModuleManager: Shutting down and abandoning module SubversionSourceControl (95)
[2015.06.23-06.17.18:854][608]LogModuleManager: Shutting down and abandoning module PerforceSourceControl (94)
[2015.06.23-06.17.18:855][608]LogModuleManager: Shutting down and abandoning module SourceControl (93)
[2015.06.23-06.17.18:855][608]LogModuleManager: Shutting down and abandoning module GitSourceControl (92)
[2015.06.23-06.17.18:855][608]LogModuleManager: Shutting down and abandoning module BlankPlugin (91)
[2015.06.23-06.17.18:855][608]LogModuleManager: Shutting down and abandoning module PaperTiledImporter (90)
[2015.06.23-06.17.18:855][608]LogModuleManager: Shutting down and abandoning module PaperSpriteSheetImporter (89)
[2015.06.23-06.17.18:855][608]LogModuleManager: Shutting down and abandoning module MeshPaint (88)
[2015.06.23-06.17.18:855][608]LogModuleManager: Shutting down and abandoning module SlateReflector (87)
[2015.06.23-06.17.18:855][608]LogModuleManager: Shutting down and abandoning module DirectoryWatcher (86)
[2015.06.23-06.17.18:855][608]LogModuleManager: Shutting down and abandoning module HotReload (85)
[2015.06.23-06.17.18:855][608]LogModuleManager: Shutting down and abandoning module MainFrame (84)
[2015.06.23-06.17.18:855][608]LogModuleManager: Shutting down and abandoning module LevelEditor (83)
[2015.06.23-06.17.18:856][608]LogModuleManager: Shutting down and abandoning module ContentBrowser (82)
[2015.06.23-06.17.18:856][608]LogModuleManager: Shutting down and abandoning module Paper2DEditor (81)
[2015.06.23-06.17.18:856][608]LogModuleManager: Shutting down and abandoning module UdpMessaging (80)
[2015.06.23-06.17.18:956][608]LogModuleManager: Shutting down and abandoning module Paper2D (79)
[2015.06.23-06.17.18:956][608]LogModuleManager: Shutting down and abandoning module WindowsMoviePlayer (78)
[2015.06.23-06.17.18:962][608]LogModuleManager: Shutting down and abandoning module Media (77)
[2015.06.23-06.17.18:962][608]LogModuleManager: Shutting down and abandoning module WmfMedia (76)
[2015.06.23-06.17.18:962][608]LogModuleManager: Shutting down and abandoning module OnlineBlueprintSupport (75)
[2015.06.23-06.17.18:962][608]LogModuleManager: Shutting down and abandoning module PropertyEditor (74)
[2015.06.23-06.17.18:962][608]LogModuleManager: Shutting down and abandoning module BehaviorTreeEditor (73)
[2015.06.23-06.17.18:962][608]LogModuleManager: Shutting down and abandoning module FunctionalTesting (72)
[2015.06.23-06.17.18:962][608]LogModuleManager: Shutting down and abandoning module CollisionAnalyzer (71)
[2015.06.23-06.17.18:963][608]LogModuleManager: Shutting down and abandoning module WorkspaceMenuStructure (70)
[2015.06.23-06.17.18:963][608]LogModuleManager: Shutting down and abandoning module MessageLog (69)
[2015.06.23-06.17.18:963][608]LogModuleManager: Shutting down and abandoning module Sequencer (68)
[2015.06.23-06.17.18:963][608]LogModuleManager: Shutting down and abandoning module AssetTools (67)
[2015.06.23-06.17.18:963][608]LogModuleManager: Shutting down and abandoning module UMGEditor (66)
[2015.06.23-06.17.18:963][608]LogModuleManager: Shutting down and abandoning module UMG (65)
[2015.06.23-06.17.18:963][608]LogModuleManager: Shutting down and abandoning module Slate (64)
[2015.06.23-06.17.18:963][608]LogModuleManager: Shutting down and abandoning module EditorStyle (63)
[2015.06.23-06.17.18:967][608]LogModuleManager: Shutting down and abandoning module SessionServices (62)
[2015.06.23-06.17.18:967][608]LogModuleManager: Shutting down and abandoning module SourceCodeAccess (61)
[2015.06.23-06.17.18:967][608]LogModuleManager: Shutting down and abandoning module HeadMountedDisplay (60)
[2015.06.23-06.17.18:967][608]LogModuleManager: Shutting down and abandoning module XAudio2 (59)
[2015.06.23-06.17.18:967][608]LogModuleManager: Shutting down and abandoning module Networking (57)
[2015.06.23-06.17.18:967][608]LogModuleManager: Shutting down and abandoning module Core (56)
[2015.06.23-06.17.18:967][608]LogModuleManager: Shutting down and abandoning module KismetCompiler (55)
[2015.06.23-06.17.18:967][608]LogModuleManager: Shutting down and abandoning module PhysXFormats (54)
[2015.06.23-06.17.18:967][608]LogModuleManager: Shutting down and abandoning module MeshUtilities (53)
[2015.06.23-06.17.18:967][608]LogModuleManager: Shutting down and abandoning module DerivedDataCache (52)
[2015.06.23-06.17.19:173][608]LogDerivedDataCache: Shutdown
[2015.06.23-06.17.19:173][608]LogModuleManager: Shutting down and abandoning module ShaderFormatOpenGL (51)
[2015.06.23-06.17.19:173][608]LogModuleManager: Shutting down and abandoning module ShaderFormatD3D (50)
[2015.06.23-06.17.19:173][608]LogModuleManager: Shutting down and abandoning module MetalShaderFormat (49)
[2015.06.23-06.17.19:173][608]LogModuleManager: Shutting down and abandoning module TextureFormatUncompressed (48)
[2015.06.23-06.17.19:173][608]LogModuleManager: Shutting down and abandoning module TextureFormatPVR (47)
[2015.06.23-06.17.19:173][608]LogModuleManager: Shutting down and abandoning module TextureFormatIntelISPCTexComp (46)
[2015.06.23-06.17.19:173][608]LogModuleManager: Shutting down and abandoning module TextureFormatDXT (45)
[2015.06.23-06.17.19:173][608]LogModuleManager: Shutting down and abandoning module ImageWrapper (44)
[2015.06.23-06.17.19:173][608]LogModuleManager: Shutting down and abandoning module TextureFormatASTC (43)
[2015.06.23-06.17.19:173][608]LogModuleManager: Shutting down and abandoning module TextureFormatAndroid (42)
[2015.06.23-06.17.19:173][608]LogModuleManager: Shutting down and abandoning module AudioFormatOpus (41)
[2015.06.23-06.17.19:173][608]LogModuleManager: Shutting down and abandoning module AudioFormatOgg (40)
[2015.06.23-06.17.19:174][608]LogModuleManager: Shutting down and abandoning module AudioFormatADPCM (39)
[2015.06.23-06.17.19:174][608]LogModuleManager: Shutting down and abandoning module LinuxTargetPlatform (38)
[2015.06.23-06.17.19:174][608]LogModuleManager: Shutting down and abandoning module LinuxServerTargetPlatform (37)
[2015.06.23-06.17.19:174][608]LogModuleManager: Shutting down and abandoning module LinuxNoEditorTargetPlatform (36)
[2015.06.23-06.17.19:174][608]LogModuleManager: Shutting down and abandoning module Messaging (35)
[2015.06.23-06.17.19:174][608]LogModuleManager: Shutting down and abandoning module IOSTargetPlatform (34)
[2015.06.23-06.17.19:174][608]LogModuleManager: Shutting down and abandoning module HTML5TargetPlatform (33)
[2015.06.23-06.17.19:174][608]LogModuleManager: Shutting down and abandoning module Android_PVRTCTargetPlatform (32)
[2015.06.23-06.17.19:174][608]LogModuleManager: Shutting down and abandoning module Android_ETC2TargetPlatform (31)
[2015.06.23-06.17.19:174][608]LogModuleManager: Shutting down and abandoning module Android_ETC1TargetPlatform (30)
[2015.06.23-06.17.19:174][608]LogModuleManager: Shutting down and abandoning module Android_DXTTargetPlatform (29)
[2015.06.23-06.17.19:174][608]LogModuleManager: Shutting down and abandoning module Android_ATCTargetPlatform (28)
[2015.06.23-06.17.19:174][608]LogModuleManager: Shutting down and abandoning module Android_ASTCTargetPlatform (27)
[2015.06.23-06.17.19:174][608]LogModuleManager: Shutting down and abandoning module AndroidTargetPlatform (26)
[2015.06.23-06.17.19:174][608]LogModuleManager: Shutting down and abandoning module WindowsTargetPlatform (25)
[2015.06.23-06.17.19:174][608]LogModuleManager: Shutting down and abandoning module WindowsServerTargetPlatform (24)
[2015.06.23-06.17.19:174][608]LogModuleManager: Shutting down and abandoning module WindowsNoEditorTargetPlatform (23)
[2015.06.23-06.17.19:174][608]LogModuleManager: Shutting down and abandoning module WindowsClientTargetPlatform (22)
[2015.06.23-06.17.19:174][608]LogModuleManager: Shutting down and abandoning module DesktopTargetPlatform (21)
[2015.06.23-06.17.19:174][608]LogModuleManager: Shutting down and abandoning module TargetPlatform (20)
[2015.06.23-06.17.19:174][608]LogModuleManager: Shutting down and abandoning module InputCore (19)
[2015.06.23-06.17.19:174][608]LogModuleManager: Shutting down and abandoning module Settings (18)
[2015.06.23-06.17.19:174][608]LogModuleManager: Shutting down and abandoning module OnlineSubsystem (16)
[2015.06.23-06.17.19:174][608]LogModuleManager: Shutting down and abandoning module HTTP (15)
[2015.06.23-06.17.19:174][608]LogModuleManager: Shutting down and abandoning module ExampleDeviceProfileSelector (14)
[2015.06.23-06.17.19:174][608]LogModuleManager: Shutting down and abandoning module TextureCompressor (13)
[2015.06.23-06.17.19:174][608]LogModuleManager: Shutting down and abandoning module ShaderCore (12)
[2015.06.23-06.17.19:174][608]LogModuleManager: Shutting down and abandoning module Landscape (11)
[2015.06.23-06.17.19:174][608]LogModuleManager: Shutting down and abandoning module SlateRHIRenderer (10)
[2015.06.23-06.17.19:175][608]LogModuleManager: Shutting down and abandoning module OpenGLDrv (9)
[2015.06.23-06.17.19:175][608]LogModuleManager: Shutting down and abandoning module D3D11RHI (8)
[2015.06.23-06.17.19:175][608]LogModuleManager: Shutting down and abandoning module Renderer (7)
[2015.06.23-06.17.19:175][608]LogModuleManager: Shutting down and abandoning module Engine (6)
[2015.06.23-06.17.19:175][608]LogModuleManager: Shutting down and abandoning module CoreUObject (5)
[2015.06.23-06.17.19:175][608]LogModuleManager: Shutting down and abandoning module NetworkFile (4)
[2015.06.23-06.17.19:175][608]LogModuleManager: Shutting down and abandoning module StreamingFile (3)
[2015.06.23-06.17.19:175][608]LogModuleManager: Shutting down and abandoning module SandboxFile (2)
[2015.06.23-06.17.19:175][608]LogModuleManager: Shutting down and abandoning module PakFile (1)
[2015.06.23-06.17.19:175][608]LogExit: Exiting.
[2015.06.23-06.17.19:177][608]Log file closed, 06/23/15 09:17:19
