[2015.06.26-06.01.04:380][  0]Log file open, 06/26/15 09:01:04
[2015.06.26-06.01.04:380][  0]LogInit:Display: Running engine for game: MayhemPunch
[2015.06.26-06.01.04:380][  0]LogInit:Display: RandInit(789336733) SRandInit(789336734).
[2015.06.26-06.01.04:380][  0]LogTaskGraph: Started task graph with 4 named threads and 7 total threads.
[2015.06.26-06.01.04:380][  0]LogStats: Stats thread started
[2015.06.26-06.01.04:380][  0]LogInit: Version: 4.8.1-2591939+++depot+UE4-Releases+4.8
[2015.06.26-06.01.04:380][  0]LogInit: API Version: 2579680
[2015.06.26-06.01.04:380][  0]LogInit: Compiled (64-bit): Jun 18 2015 11:02:04
[2015.06.26-06.01.04:380][  0]LogInit: Compiled with Visual C++: 18.00.21005.01
[2015.06.26-06.01.04:380][  0]LogInit: Build Configuration: Development
[2015.06.26-06.01.04:380][  0]LogInit: Branch Name: ++depot+UE4-Releases+4.8
[2015.06.26-06.01.04:380][  0]LogInit: Command line:  
[2015.06.26-06.01.04:380][  0]LogInit: Base directory: C:/Program Files/Unreal Engine/4.8/Engine/Binaries/Win64/
[2015.06.26-06.01.04:380][  0]LogInit: Rocket: 1
[2015.06.26-06.01.04:399][  0]LogInit: Using libcurl 7.41.0
[2015.06.26-06.01.04:399][  0]LogInit:  - built for x86_64-pc-win32
[2015.06.26-06.01.04:399][  0]LogInit:  - supports SSL with WinSSL
[2015.06.26-06.01.04:399][  0]LogInit:  - other features:
[2015.06.26-06.01.04:399][  0]LogInit:      CURL_VERSION_SSL
[2015.06.26-06.01.04:399][  0]LogInit:      CURL_VERSION_IPV6
[2015.06.26-06.01.04:399][  0]LogInit:      CURL_VERSION_ASYNCHDNS
[2015.06.26-06.01.04:399][  0]LogInit:      CURL_VERSION_LARGEFILE
[2015.06.26-06.01.04:399][  0]LogInit:      CURL_VERSION_IDN
[2015.06.26-06.01.04:399][  0]LogInit:  CurlRequestOptions (configurable via config and command line):
[2015.06.26-06.01.04:399][  0]LogInit:  - bVerifyPeer = true  - Libcurl will verify peer certificate
[2015.06.26-06.01.04:399][  0]LogInit:  - bUseHttpProxy = false  - Libcurl will NOT use HTTP proxy
[2015.06.26-06.01.04:399][  0]LogInit:  - bDontReuseConnections = false  - Libcurl will reuse connections
[2015.06.26-06.01.04:399][  0]LogInit:  - CertBundlePath = nullptr  - Libcurl will use whatever was configured at build time.
[2015.06.26-06.01.04:520][  0]LogInit: WinSock: version 1.1 (2.2), MaxSocks=32767, MaxUdp=65467
[2015.06.26-06.01.04:532][  0]LogVoice:Warning: Failed to initialize voice interface
[2015.06.26-06.01.04:544][  0]LogInit: Presizing for 0 objects not considered by GC, pre-allocating 0 bytes.
[2015.06.26-06.01.04:551][  0]LogInit: Object subsystem initialized
[2015.06.26-06.01.04:552][  0]LogConsoleResponse:Warning: Skipping Unknown console variable: 'TranslucentSortAxis = (X=0.000000,Y=-1.000000,Z=0.000000)'
[2015.06.26-06.01.04:552][  0]LogConsoleResponse:Warning:   Found in ini file 'C:/Users/TTV14SVilleK/Documents/GitHub/MayhemPunch/MayhemPunch 4.8/Saved/Config/Windows/Engine.ini', in section '[/Script/Engine.RendererSettings]'
[2015.06.26-06.01.04:552][  0]LogConsoleResponse:Warning: Skipping Unknown console variable: 'UIScaleRule = ShortestSide'
[2015.06.26-06.01.04:552][  0]LogConsoleResponse:Warning:   Found in ini file 'C:/Users/TTV14SVilleK/Documents/GitHub/MayhemPunch/MayhemPunch 4.8/Saved/Config/Windows/Engine.ini', in section '[/Script/Engine.RendererSettings]'
[2015.06.26-06.01.04:552][  0]LogConsoleResponse:Warning: Skipping Unknown console variable: 'UIScaleCurve = (EditorCurveData=(Keys=),ExternalCurve=None)'
[2015.06.26-06.01.04:552][  0]LogConsoleResponse:Warning:   Found in ini file 'C:/Users/TTV14SVilleK/Documents/GitHub/MayhemPunch/MayhemPunch 4.8/Saved/Config/Windows/Engine.ini', in section '[/Script/Engine.RendererSettings]'
[2015.06.26-06.01.04:552][  0]LogInit: Selected Device Profile: [Windows]
[2015.06.26-06.01.04:552][  0]LogInit: Applying CVar settings loaded from the selected device profile: [Windows]
[2015.06.26-06.01.04:559][  0]LogInit: Computer: TA11LDML-29
[2015.06.26-06.01.04:559][  0]LogInit: User: TTV14SVilleK
[2015.06.26-06.01.04:559][  0]LogInit: CPU Page size=4096, Cores=4
[2015.06.26-06.01.04:559][  0]LogInit: High frequency timer resolution =3.316103 MHz
[2015.06.26-06.01.04:559][  0]LogMemory: Memory total: Physical=16.0GB (16GB approx)
[2015.06.26-06.01.04:559][  0]LogMemory: Platform Memory Stats for Windows
[2015.06.26-06.01.04:559][  0]LogMemory: Process Physical Memory: 53.13 MB used, 53.13 MB peak
[2015.06.26-06.01.04:559][  0]LogMemory: Process Virtual Memory: 28.75 MB used, 28.75 MB peak
[2015.06.26-06.01.04:559][  0]LogMemory: Physical Memory: 4451.69 MB used, 16344.95 MB total
[2015.06.26-06.01.04:559][  0]LogMemory: Virtual Memory: 294.88 MB used, 8388608.00 MB total
[2015.06.26-06.01.04:748][  0]LogTextLocalizationManager: The requested culture ('fi_FI') has no localization data; falling back to 'en' for localization and internationalization data.
[2015.06.26-06.01.04:963][  0]LogTextLocalizationManager:Warning: Loaded localization resources contain conflicting entries for (Namespace:ContentBrowser, Key:ImportAssetToolTip):
Localization Resource: (C:/Program Files/Unreal Engine/4.8/Engine/Content/Localization/Editor/en/Editor.locres) Source String Hash: (-630476809) Localized String: (Import to {0}...)
Localization Resource: (C:/Program Files/Unreal Engine/4.8/Engine/Content/Localization/Editor/en/Editor.locres) Source String Hash: (1271782899) Localized String: (Imports an asset from file to this folder.)
[2015.06.26-06.01.05:387][  0]LogD3D11RHI: Found D3D11 adapter 0: NVIDIA GeForce GT 640 (Feature Level 11_0)
[2015.06.26-06.01.05:388][  0]LogD3D11RHI: Adapter has 971MB of dedicated video memory, 0MB of dedicated system memory, and 3072MB of shared system memory, 2 output[s]
[2015.06.26-06.01.05:388][  0]LogD3D11RHI: Chosen D3D11 Adapter Id = 0
[2015.06.26-06.01.05:392][  0]LogRHI: Texture pool is 680 MB (70% of 971 MB)
[2015.06.26-06.01.05:399][  0]LogD3D11RHI: Async texture creation enabled
[2015.06.26-06.01.05:413][  0]LogShaderCompilers:Display: Using Local Shader Compiler.
[2015.06.26-06.01.07:001][  0]LogTemp:Display: Loaded TP DesktopTargetPlatform
[2015.06.26-06.01.07:014][  0]LogTemp:Display: Loaded TP WindowsClientTargetPlatform
[2015.06.26-06.01.07:027][  0]LogTemp:Display: Loaded TP WindowsNoEditorTargetPlatform
[2015.06.26-06.01.07:040][  0]LogTemp:Display: Loaded TP WindowsServerTargetPlatform
[2015.06.26-06.01.07:055][  0]LogTemp:Display: Loaded TP WindowsTargetPlatform
[2015.06.26-06.01.07:069][  0]LogTemp:Display: Loaded TP AndroidTargetPlatform
[2015.06.26-06.01.07:081][  0]LogTemp:Display: Loaded TP Android_ASTCTargetPlatform
[2015.06.26-06.01.07:092][  0]LogTemp:Display: Loaded TP Android_ATCTargetPlatform
[2015.06.26-06.01.07:104][  0]LogTemp:Display: Loaded TP Android_DXTTargetPlatform
[2015.06.26-06.01.07:116][  0]LogTemp:Display: Loaded TP Android_ETC1TargetPlatform
[2015.06.26-06.01.07:128][  0]LogTemp:Display: Loaded TP Android_ETC2TargetPlatform
[2015.06.26-06.01.07:140][  0]LogTemp:Display: Loaded TP Android_PVRTCTargetPlatform
[2015.06.26-06.01.07:189][  0]LogTemp:Display: Loaded TP IOSTargetPlatform
[2015.06.26-06.01.07:201][  0]LogTemp:Display: Loaded TP LinuxNoEditorTargetPlatform
[2015.06.26-06.01.07:212][  0]LogTemp:Display: Loaded TP LinuxServerTargetPlatform
[2015.06.26-06.01.07:229][  0]LogTemp:Display: Loaded TP LinuxTargetPlatform
[2015.06.26-06.01.07:229][  0]LogTargetPlatformManager:Display: Building Assets For Windows
[2015.06.26-06.01.07:557][  0]LogDerivedDataCache:Display: Max Cache Size: 512 MB
[2015.06.26-06.01.07:599][  0]LogDerivedDataCache: Loaded boot cache 0.04s 53MB C:/Users/TTV14SVilleK/AppData/Local/UnrealEngine/4.8/DerivedDataCache/Boot.ddc.
[2015.06.26-06.01.07:599][  0]LogDerivedDataCache:Display: Loaded Boot cache: C:/Users/TTV14SVilleK/AppData/Local/UnrealEngine/4.8/DerivedDataCache/Boot.ddc
[2015.06.26-06.01.07:599][  0]LogDerivedDataCache: FDerivedDataBackendGraph:  Pak pak cache file ../../../../../../Users/TTV14SVilleK/Documents/GitHub/MayhemPunch/MayhemPunch 4.8/DerivedDataCache/DDC.ddp not found, will not use a pak cache.
[2015.06.26-06.01.07:599][  0]LogDerivedDataCache: Unable to find inner node Pak for hierarchical cache Hierarchy.
[2015.06.26-06.01.07:599][  0]LogDerivedDataCache: FDerivedDataBackendGraph:  CompressedPak pak cache file ../../../../../../Users/TTV14SVilleK/Documents/GitHub/MayhemPunch/MayhemPunch 4.8/DerivedDataCache/Compressed.ddp not found, will not use a pak cache.
[2015.06.26-06.01.07:599][  0]LogDerivedDataCache: Unable to find inner node CompressedPak for hierarchical cache Hierarchy.
[2015.06.26-06.01.07:752][  0]LogDerivedDataCache:Display: Pak cache opened for reading ../../../Engine/DerivedDataCache/Compressed.ddp.
[2015.06.26-06.01.07:763][  0]LogDerivedDataCache: Using Local data cache path C:/Users/TTV14SVilleK/AppData/Local/UnrealEngine/Common/DerivedDataCache: Writable
[2015.06.26-06.01.10:034][  0]LogInit: Selected Device Profile: [Windows]
[2015.06.26-06.01.10:042][  0]ImportText (ComponentSweepMultiTests): Missing closing parenthesis: (RootShapeAsset="/Engine/BasicShapes/Cube.Cube",ShapeType="TriggerCapsule",HitResult=(Time=0.50,Location=(X=-100.000015,Y=0.0,Z=100.000015),ImpactPoint=(X=-50.0,Y=0.0,Z=50.0),Normal=(X=-1.0,Y=-0.0,Z=0.0),ImpactNormal=(X=0.0,Y=0.0,Z=1.0),TraceStart=(X=-200.0,Y=0.0,Z=200.0),TraceEnd=(X=0.0,Y=0.0,Z=0.0))
[2015.06.26-06.01.10:042][  0]ImportText (LineTraceSingleByChannelTests): Missing closing parenthesis: (RootShapeAsset="/Engine/BasicShapes/Cube.Cube",HitResult=(Time=0.50,Location=(X=-100.000015,Y=0.0,Z=100.000015),ImpactPoint=(X=-50.0,Y=0.0,Z=50.0),Normal=(X=-1.0,Y=-0.0,Z=0.0),ImpactNormal=(X=0.0,Y=0.0,Z=1.0),TraceStart=(X=-200.0,Y=0.0,Z=200.0),TraceEnd=(X=0.0,Y=0.0,Z=0.0))
[2015.06.26-06.01.10:070][  0]LogMeshUtilities: No automatic mesh reduction module available
[2015.06.26-06.01.10:070][  0]LogMeshUtilities: No automatic mesh merging module available
[2015.06.26-06.01.11:739][  0]UdpMessaging: Initializing bridge on interface 0.0.0.0:0 to multicast group 230.0.0.1:6666.
[2015.06.26-06.01.12:075][  0]SourceControl: Info Source control is disabled
[2015.06.26-06.01.12:090][  0]SourceControl: Info Source control is disabled
[2015.06.26-06.01.12:099][  0]SourceControl: Info Source control is disabled
[2015.06.26-06.01.12:108][  0]SourceControl: Info Source control is disabled
[2015.06.26-06.01.12:373][  0]LogObj: 26273 objects as part of root set at end of initial load.
[2015.06.26-06.01.12:373][  0]LogUObjectAllocator: 5409248 out of 0 bytes used by permanent object pool.
[2015.06.26-06.01.12:440][  0]LogEngine: Initializing Engine...
[2015.06.26-06.01.12:442][  0]LogHMD: Can't find Oculus library dev build: is proper Runtime installed? Version: 0.6.0.0
[2015.06.26-06.01.12:462][  0]LogHMD:Warning: SteamVR failed to initialize.  Error: 110
[2015.06.26-06.01.12:608][  0]LogAIModule: Creating AISystem for world NewWorld
[2015.06.26-06.01.12:612][  0]LogInit: XAudio2 using 'Speakers (High Definition Audio Device)' : 2 channels at 48 kHz using 32 bits per sample (channel mask 0x3)
[2015.06.26-06.01.12:630][  0]LogInit: FAudioDevice initialized.
[2015.06.26-06.01.12:653][  0]LogDerivedDataCache: Saved boot cache 0.02s 53MB C:/Users/TTV14SVilleK/AppData/Local/UnrealEngine/4.8/DerivedDataCache/Boot.ddc.
[2015.06.26-06.01.12:656][  0]LogInit: Texture streaming: Disabled
[2015.06.26-06.01.12:678][  0]LogAnalytics: Creating configured Analytics provider AnalyticsET
[2015.06.26-06.01.12:678][  0]LogAnalytics: [UEEditor.Rocket.Release] APIServer = http://et2.epicgames.com/ET2/. AppVersion = 4.8.1-2591939+++depot+UE4-Releases+4.8
[2015.06.26-06.01.12:678][  0]LogAnalytics: [UEEditor.Rocket.Release] SetUserId d652db00424d2d2668ac20b732403b95|13a6353d6e344fe8a6e53e6676d3b4bf|81e5f6f9-e625-4b87-83f3-869c0c4e9c34
[2015.06.26-06.01.12:678][  0]LogAnalytics: [UEEditor.Rocket.Release] AnalyticsET::StartSession
[2015.06.26-06.01.12:726][  0]LogInit: Transaction tracking system initialized
[2015.06.26-06.01.12:844][  0]BlueprintLog: New page: Editor Load
[2015.06.26-06.01.12:875][  0]LogAssetRegistry: FAssetRegistry took 0.0096 seconds to start up
[2015.06.26-06.01.12:875][  0]LogDirectoryWatcher:Warning: Failed to begin reading directory changes for ../../../Engine/Plugins/Experimental/CharacterAI/Content/. Error: 0
[2015.06.26-06.01.13:573][  0]LogConsoleManager:Warning: Console variable 'r.VSync' wasn't set ('GameSetting' has a lower priority than 'SystemSettingsIni')
[2015.06.26-06.01.13:573][  0]LogConsoleResponse:Display: 
[2015.06.26-06.01.13:667][  0]LogCook:Display: Done creating registry. It took  0.00s.
[2015.06.26-06.01.13:839][  0]SourceControl: Info Source control is disabled
[2015.06.26-06.01.13:839][  0]Cmd: MAP LOAD FILE="../../../../../../Users/TTV14SVilleK/Documents/GitHub/MayhemPunch/MayhemPunch 4.8/Content/Main/Maps/TutorialFirstLevel.umap" TEMPLATE=0 SHOWPROGRESS=1 FEATURELEVEL=3
[2015.06.26-06.01.13:840][  0]LightingResults: New page: Lighting Build
[2015.06.26-06.01.13:851][  0]MapCheck: New page: Map Check
[2015.06.26-06.01.13:851][  0]LightingResults: New page: Lighting Build
[2015.06.26-06.01.13:859][  0]LogParticles: Destroying 0 GPU particle simulations for FXSystem 0x000000001B68EF20
[2015.06.26-06.01.14:168][  0]LogLinker:Warning: Can't find file '/Game/toimiva/Blueprints/FirstPersonCharacter'
[2015.06.26-06.01.14:168][  0]LogLinker:Warning: Can't find file for asset '/Game/toimiva/Blueprints/FirstPersonCharacter' while loading ../../../../../../Users/TTV14SVilleK/Documents/GitHub/MayhemPunch/MayhemPunch 4.8/Content/FirstPersonBP/Animations/OmaFPAnimBlueprint.uasset.
[2015.06.26-06.01.14:168][  0]LoadErrors:Error: Error /Game/FirstPersonBP/Animations/OmaFPAnimBlueprint : Can't find file for asset. /Game/toimiva/Blueprints/FirstPersonCharacter
[2015.06.26-06.01.14:168][  0]LogLinker:Warning: Can't find file '/Game/toimiva/Blueprints/FirstPersonCharacter'
[2015.06.26-06.01.14:168][  0]LogLinker:Warning: Can't find file for asset '/Game/toimiva/Blueprints/FirstPersonCharacter' while loading ../../../../../../Users/TTV14SVilleK/Documents/GitHub/MayhemPunch/MayhemPunch 4.8/Content/FirstPersonBP/Animations/OmaFPAnimBlueprint.uasset.
[2015.06.26-06.01.14:168][  0]LoadErrors:Error: Error /Game/FirstPersonBP/Animations/OmaFPAnimBlueprint : Can't find file for asset. /Game/toimiva/Blueprints/FirstPersonCharacter
[2015.06.26-06.01.14:171][  0]LogLinker:Warning: Can't find file '/Game/toimiva/Blueprints/FirstPersonCharacter'
[2015.06.26-06.01.14:171][  0]LogLinker:Warning: Can't find file for asset '/Game/toimiva/Blueprints/FirstPersonCharacter' while loading ../../../../../../Users/TTV14SVilleK/Documents/GitHub/MayhemPunch/MayhemPunch 4.8/Content/FirstPersonBP/Animations/OmaFPAnimBlueprint.uasset.
[2015.06.26-06.01.14:171][  0]LoadErrors:Error: Error /Game/FirstPersonBP/Animations/OmaFPAnimBlueprint : Can't find file for asset. /Game/toimiva/Blueprints/FirstPersonCharacter
[2015.06.26-06.01.14:178][  0]LogLinker:Warning: Can't find file '/Game/toimiva/Blueprints/FirstPersonCharacter'
[2015.06.26-06.01.14:178][  0]LogLinker:Warning: Can't find file for asset '/Game/toimiva/Blueprints/FirstPersonCharacter' while loading ../../../../../../Users/TTV14SVilleK/Documents/GitHub/MayhemPunch/MayhemPunch 4.8/Content/Main/Blueprints/FirstPersonCharacter.uasset.
[2015.06.26-06.01.14:178][  0]LoadErrors:Error: Error /Game/Main/Blueprints/FirstPersonCharacter : Can't find file for asset. /Game/toimiva/Blueprints/FirstPersonCharacter
[2015.06.26-06.01.14:178][  0]LogLinker:Warning: Can't find file '/Game/toimiva/Blueprints/FirstPersonCharacter'
[2015.06.26-06.01.14:178][  0]LogLinker:Warning: Can't find file for asset '/Game/toimiva/Blueprints/FirstPersonCharacter' while loading ../../../../../../Users/TTV14SVilleK/Documents/GitHub/MayhemPunch/MayhemPunch 4.8/Content/Main/Blueprints/FirstPersonCharacter.uasset.
[2015.06.26-06.01.14:178][  0]LoadErrors:Error: Error /Game/Main/Blueprints/FirstPersonCharacter : Can't find file for asset. /Game/toimiva/Blueprints/FirstPersonCharacter
[2015.06.26-06.01.14:178][  0]LogLinker:Warning: Can't find file '/Game/toimiva/Blueprints/FirstPersonCharacter'
[2015.06.26-06.01.14:178][  0]LogLinker:Warning: Can't find file for asset '/Game/toimiva/Blueprints/FirstPersonCharacter' while loading ../../../../../../Users/TTV14SVilleK/Documents/GitHub/MayhemPunch/MayhemPunch 4.8/Content/Main/Blueprints/FirstPersonCharacter.uasset.
[2015.06.26-06.01.14:178][  0]LoadErrors:Error: Error /Game/Main/Blueprints/FirstPersonCharacter : Can't find file for asset. /Game/toimiva/Blueprints/FirstPersonCharacter
[2015.06.26-06.01.14:178][  0]LogLinker:Warning: Can't find file '/Game/toimiva/Blueprints/FirstPersonCharacter'
[2015.06.26-06.01.14:178][  0]LogLinker:Warning: Can't find file for asset '/Game/toimiva/Blueprints/FirstPersonCharacter' while loading ../../../../../../Users/TTV14SVilleK/Documents/GitHub/MayhemPunch/MayhemPunch 4.8/Content/Main/Blueprints/FirstPersonCharacter.uasset.
[2015.06.26-06.01.14:178][  0]LoadErrors:Error: Error /Game/Main/Blueprints/FirstPersonCharacter : Can't find file for asset. /Game/toimiva/Blueprints/FirstPersonCharacter
[2015.06.26-06.01.14:186][  0]LogLinker:Warning: Can't find file '/Game/toimiva/Blueprints/FirstPersonCharacter'
[2015.06.26-06.01.14:186][  0]LoadErrors: Info Failed to load /Game/toimiva/Blueprints/FirstPersonCharacter.FirstPersonCharacter_C Referenced by K2Node_DynamicCast_1384
[2015.06.26-06.01.14:187][  0]LogLinker:Warning: Can't find file for asset '/Game/toimiva/Blueprints/FirstPersonCharacter' while loading ../../../../../../Users/TTV14SVilleK/Documents/GitHub/MayhemPunch/MayhemPunch 4.8/Content/Main/Blueprints/FirstPersonCharacter.uasset.
[2015.06.26-06.01.14:187][  0]LoadErrors: Info Failed to load /Game/toimiva/Blueprints/FirstPersonCharacter.FirstPersonCharacter_C Referenced by K2Node_DynamicCast_1384
[2015.06.26-06.01.14:187][  0]LoadErrors:Error: Error /Game/Main/Blueprints/FirstPersonCharacter : Can't find file for asset. /Game/toimiva/Blueprints/FirstPersonCharacter
[2015.06.26-06.01.14:187][  0]LogLinker:Warning: Can't find file '/Game/toimiva/Blueprints/FirstPersonCharacter'
[2015.06.26-06.01.14:187][  0]LoadErrors: Info Failed to load /Game/toimiva/Blueprints/FirstPersonCharacter.FirstPersonCharacter_C Referenced by EdGraphPin_17525
[2015.06.26-06.01.14:187][  0]LogLinker:Warning: Can't find file for asset '/Game/toimiva/Blueprints/FirstPersonCharacter' while loading ../../../../../../Users/TTV14SVilleK/Documents/GitHub/MayhemPunch/MayhemPunch 4.8/Content/Main/Blueprints/FirstPersonCharacter.uasset.
[2015.06.26-06.01.14:187][  0]LoadErrors: Info Failed to load /Game/toimiva/Blueprints/FirstPersonCharacter.FirstPersonCharacter_C Referenced by EdGraphPin_17525
[2015.06.26-06.01.14:187][  0]LoadErrors:Error: Error /Game/Main/Blueprints/FirstPersonCharacter : Can't find file for asset. /Game/toimiva/Blueprints/FirstPersonCharacter
[2015.06.26-06.01.14:187][  0]LogLinker:Warning: Can't find file '/Game/toimiva/Blueprints/FirstPersonCharacter'
[2015.06.26-06.01.14:187][  0]LoadErrors: Info Failed to load /Game/toimiva/Blueprints/FirstPersonCharacter.FirstPersonCharacter_C Referenced by K2Node_VariableGet_5020
[2015.06.26-06.01.14:188][  0]LogLinker:Warning: Can't find file for asset '/Game/toimiva/Blueprints/FirstPersonCharacter' while loading ../../../../../../Users/TTV14SVilleK/Documents/GitHub/MayhemPunch/MayhemPunch 4.8/Content/Main/Blueprints/FirstPersonCharacter.uasset.
[2015.06.26-06.01.14:188][  0]LoadErrors: Info Failed to load /Game/toimiva/Blueprints/FirstPersonCharacter.FirstPersonCharacter_C Referenced by K2Node_VariableGet_5020
[2015.06.26-06.01.14:188][  0]LoadErrors:Error: Error /Game/Main/Blueprints/FirstPersonCharacter : Can't find file for asset. /Game/toimiva/Blueprints/FirstPersonCharacter
[2015.06.26-06.01.14:188][  0]LogLinker:Warning: Can't find file '/Game/toimiva/Blueprints/FirstPersonCharacter'
[2015.06.26-06.01.14:188][  0]LoadErrors: Info Failed to load /Game/toimiva/Blueprints/FirstPersonCharacter.FirstPersonCharacter_C Referenced by EdGraphPin_17540
[2015.06.26-06.01.14:188][  0]LogLinker:Warning: Can't find file for asset '/Game/toimiva/Blueprints/FirstPersonCharacter' while loading ../../../../../../Users/TTV14SVilleK/Documents/GitHub/MayhemPunch/MayhemPunch 4.8/Content/Main/Blueprints/FirstPersonCharacter.uasset.
[2015.06.26-06.01.14:188][  0]LoadErrors: Info Failed to load /Game/toimiva/Blueprints/FirstPersonCharacter.FirstPersonCharacter_C Referenced by EdGraphPin_17540
[2015.06.26-06.01.14:188][  0]LoadErrors:Error: Error /Game/Main/Blueprints/FirstPersonCharacter : Can't find file for asset. /Game/toimiva/Blueprints/FirstPersonCharacter
[2015.06.26-06.01.14:242][  0]LogBlueprint:Warning: [OmaFPAnimBlueprint] CreatePinForVariable: 'IsPunching' variable not found. Base class was probably changed.
[2015.06.26-06.01.14:284][  0]LogBlueprint:Warning: [compiler OmaFPAnimBlueprint] Warning Can't connect pins  Return Value  and  Object : This cast has an invalid target type (was the class deleted without a redirect?).
[2015.06.26-06.01.14:284][  0]LogBlueprint:Warning: [compiler OmaFPAnimBlueprint] Warning Could not find a variable named "IsPunching" in 'OmaFPAnimBlueprint'.
Make sure 'OmaFPAnimBlueprint' has been compiled for  Get IsPunching 
[2015.06.26-06.01.14:284][  0]LogBlueprint:Warning: [compiler OmaFPAnimBlueprint] Warning Can't connect pins  Object  and  Return Value : This cast has an invalid target type (was the class deleted without a redirect?).
[2015.06.26-06.01.14:286][  0]LogBlueprint:Error: [compiler OmaFPAnimBlueprint] Error This blueprint (self) is not compatible with ' Target ', therefore that pin must have a connection.
[2015.06.26-06.01.14:287][  0]LogBlueprint:Error: [compiler OmaFPAnimBlueprint] Error The property associated with  Is Punching  could not be found
[2015.06.26-06.01.14:308][  0]LogBlueprint:Warning: [compiler OmaFPAnimBlueprint] Warning [0011.87] Compile of OmaFPAnimBlueprint failed. 2 Fatal Issue(s) 3 Warning(s) [in 61 ms]
[2015.06.26-06.01.14:309][  0]LogBlueprint:Warning: [compiler OmaFPAnimBlueprint] Warning [0011.87] Compile of OmaFPAnimBlueprint failed. 2 Fatal Issue(s) 4 Warning(s) [in 0 ms]
[2015.06.26-06.01.14:309][  0]LogBlueprint:Warning: [compiler OmaFPAnimBlueprint] Warning [0011.87] Compile of OmaFPAnimBlueprint failed. 2 Fatal Issue(s) 5 Warning(s) [in 0 ms]
[2015.06.26-06.01.14:609][  0]LogLinker:Warning: Can't find file '/Game/FirstPersonBP/Meshes/FirstPerson_ProjectileMesh'
[2015.06.26-06.01.14:609][  0]LogLinker:Warning: Can't find file for asset '/Game/FirstPersonBP/Meshes/FirstPerson_ProjectileMesh' while loading ../../../../../../Users/TTV14SVilleK/Documents/GitHub/MayhemPunch/MayhemPunch 4.8/Content/FirstPersonBP/Blueprints/Dynamite.uasset.
[2015.06.26-06.01.14:609][  0]LoadErrors:Error: Error /Game/FirstPersonBP/Blueprints/Dynamite : Can't find file for asset. /Game/FirstPersonBP/Meshes/FirstPerson_ProjectileMesh
[2015.06.26-06.01.14:629][  0]LogLinker:Warning: Can't find file '/Game/FirstPersonBP/Meshes/FirstPerson_ProjectileMesh'
[2015.06.26-06.01.14:629][  0]LogLinker:Warning: Can't find file for asset '/Game/FirstPersonBP/Meshes/FirstPerson_ProjectileMesh' while loading ../../../../../../Users/TTV14SVilleK/Documents/GitHub/MayhemPunch/MayhemPunch 4.8/Content/FirstPersonBP/Blueprints/Dynamite.uasset.
[2015.06.26-06.01.14:629][  0]LoadErrors:Error: Error /Game/FirstPersonBP/Blueprints/Dynamite : Can't find file for asset. /Game/FirstPersonBP/Meshes/FirstPerson_ProjectileMesh
[2015.06.26-06.01.14:634][  0]LogLinker:Warning: Can't find file '/Game/FirstPersonBP/Meshes/FirstPerson_ProjectileMesh'
[2015.06.26-06.01.14:634][  0]LogLinker:Warning: Can't find file for asset '/Game/FirstPersonBP/Meshes/FirstPerson_ProjectileMesh' while loading ../../../../../../Users/TTV14SVilleK/Documents/GitHub/MayhemPunch/MayhemPunch 4.8/Content/Blueprints/Behavior/BTS_botDetectEnemy.uasset.
[2015.06.26-06.01.14:634][  0]LoadErrors:Error: Error /Game/Blueprints/Behavior/BTS_botDetectEnemy : Can't find file for asset. /Game/FirstPersonBP/Meshes/FirstPerson_ProjectileMesh
[2015.06.26-06.01.14:634][  0]LogLinker:Warning: Can't find file '/Game/FirstPersonBP/Meshes/FirstPerson_ProjectileMesh'
[2015.06.26-06.01.14:634][  0]LogLinker:Warning: Can't find file for asset '/Game/FirstPersonBP/Meshes/FirstPerson_ProjectileMesh' while loading ../../../../../../Users/TTV14SVilleK/Documents/GitHub/MayhemPunch/MayhemPunch 4.8/Content/Blueprints/Behavior/BTS_botDetectEnemy.uasset.
[2015.06.26-06.01.14:634][  0]LoadErrors:Error: Error /Game/Blueprints/Behavior/BTS_botDetectEnemy : Can't find file for asset. /Game/FirstPersonBP/Meshes/FirstPerson_ProjectileMesh
[2015.06.26-06.01.14:640][  0]LogLinker:Warning: Can't find file '/Game/FirstPersonBP/Meshes/FirstPerson_ProjectileMesh'
[2015.06.26-06.01.14:640][  0]LoadErrors: Info Failed to load /Game/Blueprints/Behavior/botTree.botTree Referenced by StaticMeshComponent_252__1AD2D010
[2015.06.26-06.01.14:640][  0]LogLinker:Warning: Can't find file for asset '/Game/FirstPersonBP/Meshes/FirstPerson_ProjectileMesh' while loading ../../../../../../Users/TTV14SVilleK/Documents/GitHub/MayhemPunch/MayhemPunch 4.8/Content/Blueprints/Behavior/BTS_botDetectEnemy.uasset.
[2015.06.26-06.01.14:640][  0]LoadErrors: Info Failed to load /Game/Blueprints/Behavior/botTree.botTree Referenced by StaticMeshComponent_252__1AD2D010
[2015.06.26-06.01.14:640][  0]LoadErrors:Error: Error /Game/Blueprints/Behavior/BTS_botDetectEnemy : Can't find file for asset. /Game/FirstPersonBP/Meshes/FirstPerson_ProjectileMesh
[2015.06.26-06.01.14:707][  0]LogLinker:Warning: Can't find file '/Game/FirstPersonBP/Audio/Strong_Punch-Mike_Koenig-574430706'
[2015.06.26-06.01.14:707][  0]LogLinker:Warning: Can't find file for asset '/Game/FirstPersonBP/Audio/Strong_Punch-Mike_Koenig-574430706' while loading ../../../../../../Users/TTV14SVilleK/Documents/GitHub/MayhemPunch/MayhemPunch 4.8/Content/FirstPersonBP/Blueprints/GravityHammerImpact.uasset.
[2015.06.26-06.01.14:707][  0]LoadErrors:Error: Error /Game/FirstPersonBP/Blueprints/GravityHammerImpact : Can't find file for asset. /Game/FirstPersonBP/Audio/Strong_Punch-Mike_Koenig-574430706
[2015.06.26-06.01.14:708][  0]LogLinker:Warning: Can't find file '/Game/FirstPersonBP/Audio/Strong_Punch-Mike_Koenig-574430706'
[2015.06.26-06.01.14:708][  0]LogLinker:Warning: Can't find file for asset '/Game/FirstPersonBP/Audio/Strong_Punch-Mike_Koenig-574430706' while loading ../../../../../../Users/TTV14SVilleK/Documents/GitHub/MayhemPunch/MayhemPunch 4.8/Content/FirstPersonBP/Blueprints/GravityHammerImpact.uasset.
[2015.06.26-06.01.14:708][  0]LoadErrors:Error: Error /Game/FirstPersonBP/Blueprints/GravityHammerImpact : Can't find file for asset. /Game/FirstPersonBP/Audio/Strong_Punch-Mike_Koenig-574430706
[2015.06.26-06.01.14:714][  0]LogLinker:Warning: Can't find file '/Game/FirstPersonBP/Audio/Strong_Punch-Mike_Koenig-574430706'
[2015.06.26-06.01.14:714][  0]LogLinker:Warning: Can't find file for asset '/Game/FirstPersonBP/Audio/Strong_Punch-Mike_Koenig-574430706' while loading ../../../../../../Users/TTV14SVilleK/Documents/GitHub/MayhemPunch/MayhemPunch 4.8/Content/Blueprints/Behavior/BTS_botDetectEnemy.uasset.
[2015.06.26-06.01.14:714][  0]LoadErrors:Error: Error /Game/Blueprints/Behavior/BTS_botDetectEnemy : Can't find file for asset. /Game/FirstPersonBP/Audio/Strong_Punch-Mike_Koenig-574430706
[2015.06.26-06.01.14:714][  0]LogLinker:Warning: Can't find file '/Game/FirstPersonBP/Audio/Strong_Punch-Mike_Koenig-574430706'
[2015.06.26-06.01.14:714][  0]LogLinker:Warning: Can't find file for asset '/Game/FirstPersonBP/Audio/Strong_Punch-Mike_Koenig-574430706' while loading ../../../../../../Users/TTV14SVilleK/Documents/GitHub/MayhemPunch/MayhemPunch 4.8/Content/Blueprints/Behavior/BTS_botDetectEnemy.uasset.
[2015.06.26-06.01.14:714][  0]LoadErrors:Error: Error /Game/Blueprints/Behavior/BTS_botDetectEnemy : Can't find file for asset. /Game/FirstPersonBP/Audio/Strong_Punch-Mike_Koenig-574430706
[2015.06.26-06.01.14:717][  0]LogLinker:Warning: Can't find file '/Game/FirstPersonBP/Audio/Strong_Punch-Mike_Koenig-574430706'
[2015.06.26-06.01.14:717][  0]LoadErrors: Info Failed to load /Game/Blueprints/Behavior/botTree.botTree Referenced by EdGraphPin_15423
[2015.06.26-06.01.14:717][  0]LogLinker:Warning: Can't find file for asset '/Game/FirstPersonBP/Audio/Strong_Punch-Mike_Koenig-574430706' while loading ../../../../../../Users/TTV14SVilleK/Documents/GitHub/MayhemPunch/MayhemPunch 4.8/Content/Blueprints/Behavior/BTS_botDetectEnemy.uasset.
[2015.06.26-06.01.14:717][  0]LoadErrors: Info Failed to load /Game/Blueprints/Behavior/botTree.botTree Referenced by EdGraphPin_15423
[2015.06.26-06.01.14:717][  0]LoadErrors:Error: Error /Game/Blueprints/Behavior/BTS_botDetectEnemy : Can't find file for asset. /Game/FirstPersonBP/Audio/Strong_Punch-Mike_Koenig-574430706
[2015.06.26-06.01.14:769][  0]LogLinker:Warning: Can't find file '/Game/FirstPersonBP/Audio/Strong_Punch-Mike_Koenig-574430706'
[2015.06.26-06.01.14:769][  0]LogLinker:Warning: Can't find file for asset '/Game/FirstPersonBP/Audio/Strong_Punch-Mike_Koenig-574430706' while loading ../../../../../../Users/TTV14SVilleK/Documents/GitHub/MayhemPunch/MayhemPunch 4.8/Content/FirstPersonBP/Blueprints/HitStaticMesh.uasset.
[2015.06.26-06.01.14:769][  0]LoadErrors:Error: Error /Game/FirstPersonBP/Blueprints/HitStaticMesh : Can't find file for asset. /Game/FirstPersonBP/Audio/Strong_Punch-Mike_Koenig-574430706
[2015.06.26-06.01.14:770][  0]LogLinker:Warning: Can't find file '/Game/FirstPersonBP/Audio/Strong_Punch-Mike_Koenig-574430706'
[2015.06.26-06.01.14:770][  0]LogLinker:Warning: Can't find file for asset '/Game/FirstPersonBP/Audio/Strong_Punch-Mike_Koenig-574430706' while loading ../../../../../../Users/TTV14SVilleK/Documents/GitHub/MayhemPunch/MayhemPunch 4.8/Content/FirstPersonBP/Blueprints/HitStaticMesh.uasset.
[2015.06.26-06.01.14:770][  0]LoadErrors:Error: Error /Game/FirstPersonBP/Blueprints/HitStaticMesh : Can't find file for asset. /Game/FirstPersonBP/Audio/Strong_Punch-Mike_Koenig-574430706
[2015.06.26-06.01.14:775][  0]LogLinker:Warning: Can't find file '/Game/FirstPersonBP/Audio/Strong_Punch-Mike_Koenig-574430706'
[2015.06.26-06.01.14:775][  0]LogLinker:Warning: Can't find file for asset '/Game/FirstPersonBP/Audio/Strong_Punch-Mike_Koenig-574430706' while loading ../../../../../../Users/TTV14SVilleK/Documents/GitHub/MayhemPunch/MayhemPunch 4.8/Content/Blueprints/Behavior/BTS_botDetectEnemy.uasset.
[2015.06.26-06.01.14:775][  0]LoadErrors:Error: Error /Game/Blueprints/Behavior/BTS_botDetectEnemy : Can't find file for asset. /Game/FirstPersonBP/Audio/Strong_Punch-Mike_Koenig-574430706
[2015.06.26-06.01.14:775][  0]LogLinker:Warning: Can't find file '/Game/FirstPersonBP/Audio/Strong_Punch-Mike_Koenig-574430706'
[2015.06.26-06.01.14:775][  0]LogLinker:Warning: Can't find file for asset '/Game/FirstPersonBP/Audio/Strong_Punch-Mike_Koenig-574430706' while loading ../../../../../../Users/TTV14SVilleK/Documents/GitHub/MayhemPunch/MayhemPunch 4.8/Content/Blueprints/Behavior/BTS_botDetectEnemy.uasset.
[2015.06.26-06.01.14:775][  0]LoadErrors:Error: Error /Game/Blueprints/Behavior/BTS_botDetectEnemy : Can't find file for asset. /Game/FirstPersonBP/Audio/Strong_Punch-Mike_Koenig-574430706
[2015.06.26-06.01.14:779][  0]LogLinker:Warning: Can't find file '/Game/FirstPersonBP/Audio/Strong_Punch-Mike_Koenig-574430706'
[2015.06.26-06.01.14:779][  0]LoadErrors: Info Failed to load /Game/Blueprints/Behavior/botTree.botTree Referenced by EdGraphPin_15423
[2015.06.26-06.01.14:779][  0]LogLinker:Warning: Can't find file for asset '/Game/FirstPersonBP/Audio/Strong_Punch-Mike_Koenig-574430706' while loading ../../../../../../Users/TTV14SVilleK/Documents/GitHub/MayhemPunch/MayhemPunch 4.8/Content/Blueprints/Behavior/BTS_botDetectEnemy.uasset.
[2015.06.26-06.01.14:779][  0]LoadErrors: Info Failed to load /Game/Blueprints/Behavior/botTree.botTree Referenced by EdGraphPin_15423
[2015.06.26-06.01.14:779][  0]LoadErrors:Error: Error /Game/Blueprints/Behavior/BTS_botDetectEnemy : Can't find file for asset. /Game/FirstPersonBP/Audio/Strong_Punch-Mike_Koenig-574430706
[2015.06.26-06.01.19:824][  0]LogAIModule: Creating AISystem for world TutorialFirstLevel
[2015.06.26-06.01.19:862][  0]LogEditorServer: Finished looking for orphan Actors (0.000 secs)
[2015.06.26-06.01.19:865][  0]Cmd: MAP CHECKDEP NOCLEARLOG
[2015.06.26-06.01.19:947][  0]MapCheck: Info Map check complete: 0 Error(s), 0 Warning(s), took 82.664ms to complete.
[2015.06.26-06.01.19:947][  0]LogFileHelpers: Loading map 'TutorialFirstLevel' took 6.108
[2015.06.26-06.01.20:067][  0]LogCollectionManager: Loaded 0 collections in 0.001788 seconds
[2015.06.26-06.01.20:073][  0]LogContentBrowser: Native class hierarchy populated in 0.0065 seconds. Added 1792 classes and 301 folders.
[2015.06.26-06.01.20:119][  0]LogContentBrowser: Native class hierarchy updated for 'WidgetCarousel' in 0.0003 seconds. Added 0 classes and 0 folders.
[2015.06.26-06.01.20:147][  0]LogContentBrowser: Native class hierarchy updated for 'AddContentDialog' in 0.0003 seconds. Added 0 classes and 0 folders.
[2015.06.26-06.01.20:162][  0]LogContentBrowser: Native class hierarchy updated for 'SceneOutliner' in 0.0003 seconds. Added 1 classes and 2 folders.
[2015.06.26-06.01.20:257][  0]LogCrashTracker: Crashtracker disabled due to settings.
[2015.06.26-06.01.20:261][  0]LogUObjectGlobals:Warning: Failed to find object 'Class None.'
[2015.06.26-06.01.20:281][  0]LogLoad: Full Startup: 17.85 seconds (BP compile: 2.39 seconds)
[2015.06.26-06.01.20:347][  0]LogContentStreaming: Texture pool size is 0.000000MB
[2015.06.26-06.01.20:407][  0]LogContentStreaming: Texture pool size now 1000 MB
[2015.06.26-06.01.20:614][  0]LogRenderer: Reallocating scene render targets to support 1208x632 (Frame:2).
[2015.06.26-06.01.21:620][ 18]LogAssetRegistry: Asset discovery search completed in 8.7550 seconds
[2015.06.26-06.01.55:194][369]Cmd: POLY SELECT ADJACENT ALL
[2015.06.26-06.01.58:806][520]Cmd: POLY TEXSCALE  UU=0.666667 VV=0.666667
[2015.06.26-06.02.05:827][789]Cmd: POLY SELECT ADJACENT ALL
[2015.06.26-06.02.08:923][929]Cmd: POLY TEXSCALE  UU=0.666667 VV=0.666667
[2015.06.26-06.02.41:065][231]LogEditorViewport: Clicking on Actor (LMB): StaticMeshActor (Skeleton)
[2015.06.26-06.04.47:844][ 62]Cmd: EDIT COPY
[2015.06.26-06.04.48:314][ 81]Cmd: EDIT PASTE
[2015.06.26-06.05.11:340][ 19]BlueprintLog: New page: Pre-PIE auto-recompile
[2015.06.26-06.05.11:340][ 19]LogPlayLevel: [PIE] Compiling TutorialFirstLevel before PIE...
[2015.06.26-06.05.11:467][ 19]LogActorComponent: UnregisterComponent: (/Engine/Transient.CharMoveComp) Not registered. Aborting.
[2015.06.26-06.05.11:889][ 19]LogPlayLevel: PIE:  Blueprint regeneration took 548 ms (1 blueprints)
[2015.06.26-06.05.14:124][ 19]PIE: New page: PIE session: TutorialFirstLevel (Jun 26, 2015, 12:05:14 PM)
[2015.06.26-06.05.14:125][ 19]LogPlayLevel: Creating play world package: /Game/Main/Maps/UEDPIE_0_TutorialFirstLevel
[2015.06.26-06.05.14:283][ 19]LogPlayLevel: PIE: StaticDuplicateObject took: (0.158595s)
[2015.06.26-06.05.14:284][ 19]LogAIModule: Creating AISystem for world TutorialFirstLevel
[2015.06.26-06.05.14:284][ 19]LogPlayLevel: PIE: World Init took: (0.001019s)
[2015.06.26-06.05.14:285][ 19]LogPlayLevel: PIE: Created PIE world by copying editor world from /Game/Main/Maps/TutorialFirstLevel.TutorialFirstLevel to /Game/Main/Maps/UEDPIE_0_TutorialFirstLevel.TutorialFirstLevel (0.159824s)
[2015.06.26-06.05.14:310][ 19]LogInit: XAudio2 using 'Speakers (High Definition Audio Device)' : 2 channels at 48 kHz using 32 bits per sample (channel mask 0x3)
[2015.06.26-06.05.14:315][ 19]LogInit: FAudioDevice initialized.
[2015.06.26-06.05.14:360][ 19]LogWorld: Game class is 'FirstPersonGameMode_C'
[2015.06.26-06.05.14:414][ 19]LogWorld:Warning: *** WARNING - PATHS MAY NOT BE VALID ***
[2015.06.26-06.05.14:414][ 19]LogWorld: Bringing World /Game/Main/Maps/UEDPIE_0_TutorialFirstLevel.TutorialFirstLevel up for play (max tick rate 0) at 2015.06.26-09.05.14
[2015.06.26-06.05.14:414][ 19]LogActor:Warning: GameSession /Game/Main/Maps/UEDPIE_0_TutorialFirstLevel.TutorialFirstLevel:PersistentLevel.GameSession_0 has natively added scene component(s), but none of them were set as the actor's RootComponent - picking one arbitrarily
[2015.06.26-06.05.14:414][ 19]LogActor:Warning: GameNetworkManager /Game/Main/Maps/UEDPIE_0_TutorialFirstLevel.TutorialFirstLevel:PersistentLevel.GameNetworkManager_0 has natively added scene component(s), but none of them were set as the actor's RootComponent - picking one arbitrarily
[2015.06.26-06.05.14:430][ 19]LogWorld: Bringing up level for play took: 0.068194
[2015.06.26-06.05.14:440][ 19]LogVoice:Warning: Failed to initialize voice interface
[2015.06.26-06.05.14:441][ 19]LogOnline:Warning: NULL: Can't start an online game for session (Game) that hasn't been created
[2015.06.26-06.05.14:443][ 19]PIE: Info Play in editor start time for /Game/Main/Maps/UEDPIE_0_TutorialFirstLevel 3.26
[2015.06.26-06.05.14:471][ 20]LogStats:Warning: MetaData mismatch. Did you assign a stat to two groups? New //STATGROUP_Threads//OnlineAsyncTaskThreadNull///Thread_1358_0///####STATCAT_Advanced#### old //STATGROUP_Threads//OnlineAsyncTaskThreadNull///Thread_150_0///####STATCAT_Advanced####
[2015.06.26-06.05.45:042][404]LogOnline:Display: NULL: FOnlineSubsystemNull::Shutdown()
[2015.06.26-06.05.45:042][404]LogPlayLevel:Display: Shutting down PIE online subsystems
[2015.06.26-06.05.45:112][405]LogParticles: Destroying 0 GPU particle simulations for FXSystem 0x000000004AB0CD60
[2015.06.26-06.05.45:113][405]LogPlayLevel:Display: Destroying online subsystem :Context_6
[2015.06.26-06.05.45:113][405]LogOnline:Display: NULL: FOnlineSubsystemNull::Shutdown()
[2015.06.26-06.05.52:118][684]Cmd: BRUSH ADD SELECTNEWBRUSH
[2015.06.26-06.10.36:561][815]MapCheck: New page: Map Check
[2015.06.26-06.10.36:607][815]Cmd: MAP REBUILD
[2015.06.26-06.10.36:608][815]LogEditorServer: Rebuildmap Clear paths rebuilt
[2015.06.26-06.10.45:282][815]LogEditorServer: Cleared 7 NULL BSP materials after rebuild.
[2015.06.26-06.10.46:116][815]Cmd: MAP CHECK DONTDISPLAYDIALOG
[2015.06.26-06.10.46:116][815]MapCheck: New page: TutorialFirstLevel - Jun 26, 2015, 12:10:46 PM
[2015.06.26-06.10.46:117][815]MapCheck:Error: Error WorldInfo_0 Maps need lighting rebuilt 
[2015.06.26-06.10.46:193][815]MapCheck: Info Map check complete: 1 Error(s), 0 Warning(s), took 77.15ms to complete.
[2015.06.26-06.10.46:213][815]LogEditorBuildUtils: Build time 0:00:09
[2015.06.26-06.10.55:923][193]LogMaterial: Missing cached shader map for material Rock_JaggedCaveWall, compiling. 
[2015.06.26-06.10.56:112][193]LogMaterial: Missing cached shader map for material Rock_JaggedCaveWall, compiling. 
[2015.06.26-06.10.56:125][193]LogMaterial: 0.000025 seconds spent updating 1 materials, 1 interfaces, 0 instances, 0 with static permutations.
[2015.06.26-06.10.56:149][193]LogMaterial: Missing cached shader map for material FMatExpressionPreview MaterialExpressionMultiply_33, compiling. 
[2015.06.26-06.10.56:151][193]LogMaterial: Missing cached shader map for material FMatExpressionPreview MaterialExpressionAdd_11, compiling. 
[2015.06.26-06.10.56:153][193]LogMaterial: Missing cached shader map for material FMatExpressionPreview MaterialExpressionTextureSample_3, compiling. 
[2015.06.26-06.10.56:155][193]LogMaterial: Missing cached shader map for material FMatExpressionPreview MaterialExpressionMultiply_40, compiling. 
[2015.06.26-06.10.56:157][193]LogMaterial: Missing cached shader map for material FMatExpressionPreview MaterialExpressionTextureSample_2, compiling. 
[2015.06.26-06.10.56:159][193]LogMaterial: Missing cached shader map for material FMatExpressionPreview MaterialExpressionTextureSample_4, compiling. 
[2015.06.26-06.10.56:161][193]LogMaterial: Missing cached shader map for material FMatExpressionPreview MaterialExpressionAdd_1, compiling. 
[2015.06.26-06.10.56:163][193]LogMaterial: Missing cached shader map for material FMatExpressionPreview MaterialExpressionMultiply_4, compiling. 
[2015.06.26-06.10.56:165][193]LogMaterial: Missing cached shader map for material FMatExpressionPreview MaterialExpressionLinearInterpolate_4, compiling. 
[2015.06.26-06.10.56:167][193]LogMaterial: Missing cached shader map for material FMatExpressionPreview MaterialExpressionTextureSample_6, compiling. 
[2015.06.26-06.10.56:169][193]LogMaterial: Missing cached shader map for material FMatExpressionPreview MaterialExpressionBumpOffset_1, compiling. 
[2015.06.26-06.10.56:171][193]LogMaterial: Missing cached shader map for material FMatExpressionPreview MaterialExpressionTextureSample_21, compiling. 
[2015.06.26-06.10.56:173][193]LogMaterial: Missing cached shader map for material FMatExpressionPreview MaterialExpressionAdd_14, compiling. 
[2015.06.26-06.10.56:175][193]LogMaterial: Missing cached shader map for material FMatExpressionPreview MaterialExpressionTextureSample_22, compiling. 
[2015.06.26-06.10.56:177][193]LogMaterial: Missing cached shader map for material FMatExpressionPreview MaterialExpressionTextureSample_23, compiling. 
[2015.06.26-06.10.56:179][193]LogMaterial: Missing cached shader map for material FMatExpressionPreview MaterialExpressionMultiply_37, compiling. 
[2015.06.26-06.10.56:181][193]LogMaterial: Missing cached shader map for material FMatExpressionPreview MaterialExpressionMultiply_38, compiling. 
[2015.06.26-06.10.56:183][193]LogMaterial: Missing cached shader map for material FMatExpressionPreview MaterialExpressionLinearInterpolate_13, compiling. 
[2015.06.26-06.10.56:185][193]LogMaterial: Missing cached shader map for material FMatExpressionPreview MaterialExpressionLinearInterpolate_14, compiling. 
[2015.06.26-06.10.56:187][193]LogMaterial: Missing cached shader map for material FMatExpressionPreview MaterialExpressionConstant3Vector_6, compiling. 
[2015.06.26-06.11.10:752][626]Cmd: POLY SELECT ADJACENT ALL
[2015.06.26-06.11.25:634][131]Cmd: POLY TEXSCALE  UU=1.000000 VV=1.000000
[2015.06.26-06.11.56:731][311]Cmd: POLY SELECT ADJACENT ALL
[2015.06.26-06.12.12:057][810]Cmd: POLY TEXSCALE  UU=0.200000 VV=0.200000
[2015.06.26-06.12.15:164][905]Cmd: POLY TEXSCALE  UU=1.000000 VV=1.000000
[2015.06.26-06.13.44:863][234]LogParticles: Destroying 0 GPU particle simulations for FXSystem 0x000000000C38B9C0
[2015.06.26-06.13.45:833][234]LogSavePackage: Save=918.619263ms
[2015.06.26-06.13.45:833][234]LogSavePackage: Moving '../../../../../../Users/TTV14SVilleK/Documents/GitHub/MayhemPunch/MayhemPunch 4.8/Saved/TutorialFirstLevel_Auto1B0519AB24071F5B6822514B343CEE959.tmp' to '../../../../../../Users/TTV14SVilleK/Documents/GitHub/MayhemPunch/MayhemPunch 4.8/Saved/Autosaves/Game/Main/Maps/TutorialFirstLevel_Auto1.umap'
[2015.06.26-06.13.45:840][234]LogFileHelpers: Editor autosave (incl. sublevels) for '/Game/Main/Maps/TutorialFirstLevel' took 0.994
[2015.06.26-06.13.45:840][234]LogFileHelpers: Editor autosave (incl. sublevels) for all levels took 0.994
[2015.06.26-06.14.33:111][ 50]Cmd: POLY TEXSCALE  UU=0.500000 VV=0.500000
[2015.06.26-06.15.40:051][766]Cmd: POLY SELECT ADJACENT ALL
[2015.06.26-06.15.41:940][824]Cmd: POLY TEXSCALE  UU=0.200000 VV=0.500000
[2015.06.26-06.15.44:689][899]Cmd: POLY TEXSCALE  UU=0.200000 VV=0.200000
[2015.06.26-06.15.47:347][981]Cmd: POLY TEXPAN U=4.000000 V=0.000000
[2015.06.26-06.15.50:235][ 62]Cmd: POLY TEXPAN U=0.000000 V=16.000000
[2015.06.26-06.15.53:267][147]Cmd: POLY TEXPAN U=0.000000 V=16.000000
[2015.06.26-06.15.54:773][188]Cmd: POLY TEXPAN U=0.000000 V=4.000000
[2015.06.26-06.15.56:837][246]Cmd: POLY TEXPAN U=0.000000 V=4.000000
[2015.06.26-06.15.57:642][264]Cmd: POLY TEXPAN U=0.000000 V=4.000000
[2015.06.26-06.15.59:580][309]Cmd: POLY TEXPAN U=0.000000 V=4.000000
[2015.06.26-06.16.02:712][396]Cmd: POLY TEXPAN U=16.000000 V=0.000000
[2015.06.26-06.16.04:045][425]Cmd: POLY TEXPAN U=16.000000 V=0.000000
[2015.06.26-06.16.05:354][450]Cmd: POLY TEXPAN U=16.000000 V=0.000000
[2015.06.26-06.16.10:103][587]Cmd: POLY TEXSCALE  UU=0.250000 VV=0.250000
[2015.06.26-06.16.12:322][643]Cmd: POLY TEXPAN U=4.000000 V=0.000000
[2015.06.26-06.16.14:628][705]Cmd: POLY TEXPAN U=0.000000 V=4.000000
[2015.06.26-06.16.15:732][733]Cmd: POLY TEXPAN U=0.000000 V=4.000000
[2015.06.26-06.16.18:024][799]Cmd: POLY TEXPAN U=0.000000 V=1.000000
[2015.06.26-06.16.20:422][865]Cmd: POLY TEXPAN U=16.000000 V=0.000000
[2015.06.26-06.16.21:815][901]Cmd: POLY TEXPAN U=4.000000 V=0.000000
[2015.06.26-06.16.23:017][927]Cmd: POLY TEXPAN U=4.000000 V=0.000000
[2015.06.26-06.16.23:714][943]Cmd: POLY TEXPAN U=4.000000 V=0.000000
[2015.06.26-06.16.24:673][966]Cmd: POLY TEXPAN U=4.000000 V=0.000000
[2015.06.26-06.17.05:388][368]Cmd: POLY SELECT ADJACENT ALL
[2015.06.26-06.17.38:544][587]BlueprintLog: New page: Pre-PIE auto-recompile
[2015.06.26-06.17.38:544][587]LogPlayLevel: [PIE] Compiling TutorialFirstLevel before PIE...
[2015.06.26-06.17.38:679][587]LogPlayLevel: PIE:  Blueprint regeneration took 134 ms (1 blueprints)
[2015.06.26-06.17.38:679][587]PIE: New page: PIE session: TutorialFirstLevel (Jun 26, 2015, 12:17:38 PM)
[2015.06.26-06.17.38:680][587]LogPlayLevel: Creating play world package: /Game/Main/Maps/UEDPIE_0_TutorialFirstLevel
[2015.06.26-06.17.38:806][587]LogPlayLevel: PIE: StaticDuplicateObject took: (0.126675s)
[2015.06.26-06.17.38:807][587]LogAIModule: Creating AISystem for world TutorialFirstLevel
[2015.06.26-06.17.38:808][587]LogPlayLevel: PIE: World Init took: (0.001176s)
[2015.06.26-06.17.38:808][587]LogPlayLevel: PIE: Created PIE world by copying editor world from /Game/Main/Maps/TutorialFirstLevel.TutorialFirstLevel to /Game/Main/Maps/UEDPIE_0_TutorialFirstLevel.TutorialFirstLevel (0.128067s)
[2015.06.26-06.17.38:835][587]LogInit: XAudio2 using 'Speakers (High Definition Audio Device)' : 2 channels at 48 kHz using 32 bits per sample (channel mask 0x3)
[2015.06.26-06.17.38:840][587]LogInit: FAudioDevice initialized.
[2015.06.26-06.17.38:867][587]LogWorld: Game class is 'FirstPersonGameMode_C'
[2015.06.26-06.17.38:886][587]LogWorld:Warning: *** WARNING - PATHS MAY NOT BE VALID ***
[2015.06.26-06.17.38:886][587]LogWorld: Bringing World /Game/Main/Maps/UEDPIE_0_TutorialFirstLevel.TutorialFirstLevel up for play (max tick rate 0) at 2015.06.26-09.17.38
[2015.06.26-06.17.38:886][587]LogActor:Warning: GameSession /Game/Main/Maps/UEDPIE_0_TutorialFirstLevel.TutorialFirstLevel:PersistentLevel.GameSession_1 has natively added scene component(s), but none of them were set as the actor's RootComponent - picking one arbitrarily
[2015.06.26-06.17.38:887][587]LogActor:Warning: GameNetworkManager /Game/Main/Maps/UEDPIE_0_TutorialFirstLevel.TutorialFirstLevel:PersistentLevel.GameNetworkManager_1 has natively added scene component(s), but none of them were set as the actor's RootComponent - picking one arbitrarily
[2015.06.26-06.17.38:906][587]LogWorld: Bringing up level for play took: 0.036516
[2015.06.26-06.17.38:916][587]LogVoice:Warning: Failed to initialize voice interface
[2015.06.26-06.17.38:917][587]LogOnline:Warning: NULL: Can't start an online game for session (Game) that hasn't been created
[2015.06.26-06.17.38:919][587]PIE: Info Play in editor start time for /Game/Main/Maps/UEDPIE_0_TutorialFirstLevel -0.24
[2015.06.26-06.17.38:934][588]LogStats:Warning: MetaData mismatch. Did you assign a stat to two groups? New //STATGROUP_Threads//OnlineAsyncTaskThreadNull///Thread_5d0_0///####STATCAT_Advanced#### old //STATGROUP_Threads//OnlineAsyncTaskThreadNull///Thread_150_0///####STATCAT_Advanced####
[2015.06.26-06.18.01:151][578]LogOnline:Display: NULL: FOnlineSubsystemNull::Shutdown()
[2015.06.26-06.18.01:151][578]LogPlayLevel:Display: Shutting down PIE online subsystems
[2015.06.26-06.18.01:193][578]LogParticles: Destroying 0 GPU particle simulations for FXSystem 0x000000001E7A2660
[2015.06.26-06.18.01:214][579]LogPlayLevel:Display: Destroying online subsystem :Context_8
[2015.06.26-06.18.01:214][579]LogOnline:Display: NULL: FOnlineSubsystemNull::Shutdown()
[2015.06.26-06.19.35:531][428]Cmd: BRUSH ADD SELECTNEWBRUSH
[2015.06.26-06.19.36:699][428]LogWindows:Error: Windows GetLastError: The operation completed successfully. (0)
[2015.06.26-06.19.36:846][428]LogCrashTracker: 


[2015.06.26-06.20.49:247][428]LogCrashTracker: 


[2015.06.26-06.20.49:247][428]LogWindows: === Critical error: ===
Assertion failed: (Index >= 0) & (Index < ArrayNum) [File:D:\BuildFarm\buildmachine_++depot+UE4-Releases+4.8\Engine\Source\Runtime\Core\Public\Containers\Array.h] [Line: 678] 
Array index out of bounds: 11 from an array of size 6


KERNELBASE.dll {0x000007fefd28aaad} + 0 bytes
UE4Editor-Core.dll!FOutputDeviceWindowsError::Serialize() {0x000007fedecc77df} + 0 bytes [d:\buildfarm\buildmachine_++depot+ue4-releases+4.8\engine\sou
UE4Editor-Core.dll!FOutputDevice::Logf__VA() {0x000007fedeb80cd8} + 159 bytes [d:\buildfarm\buildmachine_++depot+ue4-releases+4.8\engine\sou
UE4Editor-Core.dll!FDebug::AssertFailed() {0x000007fedeb51a92} + 65 bytes [d:\buildfarm\buildmachine_++depot+ue4-releases+4.8\engine\sou
UE4Editor-UnrealEd.dll!UEditorEngine::polyFindMaster() {0x000007fed918e917} + 138 bytes [d:\buildfarm\buildmachine_++depot+ue4-releases+4.8\engine\sou
UE4Editor-UnrealEd.dll!UEditorEngine::bspNodeToFPoly() {0x000007fed9105417} + 24 bytes [d:\buildfarm\buildmachine_++depot+ue4-releases+4.8\engine\sou
UE4Editor-UnrealEd.dll!MakeEdPolys() {0x000007fed90dad80} + 27 bytes [d:\buildfarm\buildmachine_++depot+ue4-releases+4.8\engine\sou
UE4Editor-UnrealEd.dll!MakeEdPolys() {0x000007fed90dadca} + 0 bytes [d:\buildfarm\buildmachine_++depot+ue4-releases+4.8\engine\sou
UE4Editor-UnrealEd.dll!MakeEdPolys() {0x000007fed90dadb7} + 0 bytes [d:\buildfarm\buildmachine_++depot+ue4-releases+4.8\engine\sou
UE4Editor-UnrealEd.dll!MakeEdPolys() {0x000007fed90dadb7} + 0 bytes [d:\buildfarm\buildmachine_++depot+ue4-releases+4.8\engine\sou
UE4Editor-UnrealEd.dll!MakeEdPolys() {0x000007fed90dadb7} + 0 bytes [d:\buildfarm\buildmachine_++depot+ue4-releases+4.8\engine\sou
UE4Editor-UnrealEd.dll!MakeEdPolys() {0x000007fed90dadca} + 0 bytes [d:\buildfarm\buildmachine_++depot+ue4-releases+4.8\engine\sou
UE4Editor-UnrealEd.dll!MakeEdPolys() {0x000007fed90dadca} + 0 bytes [d:\buildfarm\buildmachine_++depot+ue4-releases+4.8\engine\sou
UE4Editor-UnrealEd.dll!MakeEdPolys() {0x000007fed90dadb7} + 0 bytes [d:\buildfarm\buildmachine_++depot+ue4-releases+4.8\engine\sou
UE4Editor-UnrealEd.dll!MakeEdPolys() {0x000007fed90dadb7} + 0 bytes [d:\buildfarm\buildmachine_++depot+ue4-releases+4.8\engine\sou
UE4Editor-UnrealEd.dll!MakeEdPolys() {0x000007fed90dadb7} + 0 bytes [d:\buildfarm\buildmachine_++depot+ue4-releases+4.8\engine\sou
UE4Editor-UnrealEd.dll!MakeEdPolys() {0x000007fed90dadb7} + 0 bytes [d:\buildfarm\buildmachine_++depot+ue4-releases+4.8\engine\sou
UE4Editor-UnrealEd.dll!MakeEdPolys() {0x000007fed90dadb7} + 0 bytes [d:\buildfarm\buildmachine_++depot+ue4-releases+4.8\engine\sou
UE4Editor-UnrealEd.dll!UEditorEngine::bspBuildFPolys() {0x000007fed9103f00} + 0 bytes [d:\buildfarm\buildmachine_++depot+ue4-releases+4.8\engine\sou
UE4Editor-UnrealEd.dll!UEditorEngine::RebuildStaticNavigableGeometry() {0x000007fed917a62f} + 0 bytes [d:\buildfarm\buildmachine_++depot+ue4-releases+4.8\engine\sou
UE4Editor-UnrealEd.dll!UEditorEngine::Exec_Brush() {0x000007fed91d17f0} + 0 bytes [d:\buildfarm\buildmachine_++depot+ue4-releases+4.8\engine\sou
UE4Editor-UnrealEd.dll!UEditorEngine::Exec() {0x000007fed91cff48} + 21 bytes [d:\buildfarm\buildmachine_++depot+ue4-releases+4.8\engine\sou
UE4Editor-UnrealEd.dll!UUnrealEdEngine::Exec() {0x000007fed95e5aa1} + 17 bytes [d:\buildfarm\buildmachine_++depot+ue4-releases+4.8\engine\sou
UE4Editor-BspMode.dll!FBrushBuilderDragDropOp::OnDrop() {0x000007fecb82dd94} + 46 bytes [d:\buildfarm\buildmachine_++depot+ue4-releases+4.8\engine\sou
UE4Editor-Slate.dll!FSlateApplication::ProcessMouseButtonUpEvent() {0x000007fedb3588a2} + 0 bytes [d:\buildfarm\buildmachine_++depot+ue4-releases+4.8\engine\sou
UE4Editor-Slate.dll!FSlateApplication::OnMouseUp() {0x000007fedb345d84} + 16 bytes [d:\buildfarm\buildmachine_++depot+ue4-releases+4.8\engine\sou
UE4Editor-Core.dll!FWindowsApplication::ProcessDeferredMessage() {0x000007fedecbd38d} + 12 bytes [d:\buildfarm\buildmachine_++depot+ue4-releases+4.8\engine\sou
UE4Editor-Core.dll!FWindowsApplication::DeferMessage() {0x000007fedeca45c1} + 74 bytes [d:\buildfarm\buildmachine_++depot+ue4-releases+4.8\engine\sou
UE4Editor-Core.dll!FWindowsApplication::ProcessMessage() {0x000007fedecbe99f} + 44 bytes [d:\buildfarm\buildmachine_++depot+ue4-releases+4.8\engine\sou
UE4Editor-Core.dll!FWindowsApplication::AppWndProc() {0x000007fedec9e1aa} + 0 bytes [d:\buildfarm\buildmachine_++depot+ue4-releases+4.8\engine\sou
USER32.dll {0x0000000077129bd1} + 0 bytes
USER32.dll {0x00000000771298da} + 0 bytes
UE4Editor-Core.dll!FWindowsPlatformMisc::PumpMessages() {0x000007fedecbfd56} + 48 bytes [d:\buildfarm\buildmachine_++depot+ue4-releases+4.8\engine\sou
UE4Editor.exe!FEngineLoop::Tick() {0x000000013fe83c7a} + 8 bytes [d:\buildfarm\buildmachine_++depot+ue4-releases+4.8\engine\sou
UE4Editor.exe!GuardedMain() {0x000000013fe749cc} + 0 bytes [d:\buildfarm\buildmachine_++depot+ue4-releases+4.8\engine\sou
UE4Editor.exe!GuardedMainWrapper() {0x000000013fe74a4a} + 5 bytes [d:\buildfarm\buildmachine_++depot+ue4-releases+4.8\engine\sou
UE4Editor.exe!WinMain() {0x000000013fe865c9} + 17 bytes [d:\buildfarm\buildmachine_++depot+ue4-releases+4.8\engine\sou
UE4Editor.exe!__tmainCRTStartup() {0x000000013fe875d9} + 21 bytes [f:\dd\vctools\crt\crtw32\dllstuff\crtexe.c:618]
kernel32.dll {0x00000000770059cd} + 0 bytes
ntdll.dll {0x000000007723b981} + 0 bytes
ntdll.dll {0x000000007723b981} + 0 bytes

