[2015.06.23-07.51.40:371][  0]Log file open, 06/23/15 10:51:40
[2015.06.23-07.51.40:371][  0]LogInit:Display: Running engine for game: MayhemPunch
[2015.06.23-07.51.40:371][  0]LogInit:Display: RandInit(-802616099) SRandInit(-802616099).
[2015.06.23-07.51.40:371][  0]LogTaskGraph: Started task graph with 4 named threads and 7 total threads.
[2015.06.23-07.51.40:371][  0]LogStats: Stats thread started
[2015.06.23-07.51.40:371][  0]LogInit: Version: 4.8.0-2579680+++depot+UE4-Releases+4.8
[2015.06.23-07.51.40:371][  0]LogInit: API Version: 2579680
[2015.06.23-07.51.40:371][  0]LogInit: Compiled (64-bit): Jun  8 2015 03:34:53
[2015.06.23-07.51.40:371][  0]LogInit: Compiled with Visual C++: 18.00.21005.01
[2015.06.23-07.51.40:371][  0]LogInit: Build Configuration: Development
[2015.06.23-07.51.40:371][  0]LogInit: Branch Name: ++depot+UE4-Releases+4.8
[2015.06.23-07.51.40:371][  0]LogInit: Command line:  /Temp/Autosaves/Game/Main/Maps/UEDPCMainMenu -game -PIEVIACONSOLE -ResX=1280 -ResY=720  -Multiprocess 
[2015.06.23-07.51.40:371][  0]LogInit: Base directory: C:/Program Files/Unreal Engine/4.8/Engine/Binaries/Win64/
[2015.06.23-07.51.40:371][  0]LogInit: Rocket: 1
[2015.06.23-07.51.40:385][  0]LogInit: Using libcurl 7.41.0
[2015.06.23-07.51.40:385][  0]LogInit:  - built for x86_64-pc-win32
[2015.06.23-07.51.40:385][  0]LogInit:  - supports SSL with WinSSL
[2015.06.23-07.51.40:385][  0]LogInit:  - other features:
[2015.06.23-07.51.40:385][  0]LogInit:      CURL_VERSION_SSL
[2015.06.23-07.51.40:385][  0]LogInit:      CURL_VERSION_IPV6
[2015.06.23-07.51.40:385][  0]LogInit:      CURL_VERSION_ASYNCHDNS
[2015.06.23-07.51.40:385][  0]LogInit:      CURL_VERSION_LARGEFILE
[2015.06.23-07.51.40:385][  0]LogInit:      CURL_VERSION_IDN
[2015.06.23-07.51.40:385][  0]LogInit:  CurlRequestOptions (configurable via config and command line):
[2015.06.23-07.51.40:385][  0]LogInit:  - bVerifyPeer = true  - Libcurl will verify peer certificate
[2015.06.23-07.51.40:385][  0]LogInit:  - bUseHttpProxy = false  - Libcurl will NOT use HTTP proxy
[2015.06.23-07.51.40:385][  0]LogInit:  - bDontReuseConnections = false  - Libcurl will reuse connections
[2015.06.23-07.51.40:385][  0]LogInit:  - CertBundlePath = nullptr  - Libcurl will use whatever was configured at build time.
[2015.06.23-07.51.40:398][  0]LogOnline:Warning: No default platform service specified for OnlineSubsystem
[2015.06.23-07.51.40:497][  0]LogInit: Presizing for 0 objects not considered by GC, pre-allocating 0 bytes.
[2015.06.23-07.51.40:504][  0]LogInit: Object subsystem initialized
[2015.06.23-07.51.40:506][  0]LogConsoleResponse:Warning: Skipping Unknown console variable: 'TranslucentSortAxis = (X=0.000000,Y=-1.000000,Z=0.000000)'
[2015.06.23-07.51.40:506][  0]LogConsoleResponse:Warning:   Found in ini file 'C:/Users/TTV14SRasmusB/Documents/Unreal Projects/MayhemPunch 4.8/Saved/Config/Windows/Engine.ini', in section '[/Script/Engine.RendererSettings]'
[2015.06.23-07.51.40:506][  0]LogConsoleResponse:Warning: Skipping Unknown console variable: 'UIScaleRule = ShortestSide'
[2015.06.23-07.51.40:506][  0]LogConsoleResponse:Warning:   Found in ini file 'C:/Users/TTV14SRasmusB/Documents/Unreal Projects/MayhemPunch 4.8/Saved/Config/Windows/Engine.ini', in section '[/Script/Engine.RendererSettings]'
[2015.06.23-07.51.40:506][  0]LogConsoleResponse:Warning: Skipping Unknown console variable: 'UIScaleCurve = (EditorCurveData=(Keys=),ExternalCurve=None)'
[2015.06.23-07.51.40:506][  0]LogConsoleResponse:Warning:   Found in ini file 'C:/Users/TTV14SRasmusB/Documents/Unreal Projects/MayhemPunch 4.8/Saved/Config/Windows/Engine.ini', in section '[/Script/Engine.RendererSettings]'
[2015.06.23-07.51.40:506][  0]LogInit: Selected Device Profile: [Windows]
[2015.06.23-07.51.40:506][  0]LogInit: Applying CVar settings loaded from the selected device profile: [Windows]
[2015.06.23-07.51.40:509][  0]LogInit: Computer: TA11LDML-28
[2015.06.23-07.51.40:509][  0]LogInit: User: TTV14SRasmusB
[2015.06.23-07.51.40:509][  0]LogInit: CPU Page size=4096, Cores=4
[2015.06.23-07.51.40:509][  0]LogInit: High frequency timer resolution =3.316064 MHz
[2015.06.23-07.51.40:510][  0]LogMemory: Memory total: Physical=16.0GB (16GB approx)
[2015.06.23-07.51.40:510][  0]LogMemory: Platform Memory Stats for Windows
[2015.06.23-07.51.40:510][  0]LogMemory: Process Physical Memory: 53.80 MB used, 53.80 MB peak
[2015.06.23-07.51.40:510][  0]LogMemory: Process Virtual Memory: 27.46 MB used, 27.46 MB peak
[2015.06.23-07.51.40:510][  0]LogMemory: Physical Memory: 5610.00 MB used, 16344.95 MB total
[2015.06.23-07.51.40:510][  0]LogMemory: Virtual Memory: 285.72 MB used, 8388608.00 MB total
[2015.06.23-07.51.40:763][  0]LogTextLocalizationManager: The requested culture ('fi_FI') has no localization data; falling back to 'en' for localization and internationalization data.
[2015.06.23-07.51.41:003][  0]LogTextLocalizationManager:Warning: Loaded localization resources contain conflicting entries for (Namespace:ContentBrowser, Key:ImportAssetToolTip):
Localization Resource: (C:/Program Files/Unreal Engine/4.8/Engine/Content/Localization/Editor/en/Editor.locres) Source String Hash: (-630476809) Localized String: (Import to {0}...)
Localization Resource: (C:/Program Files/Unreal Engine/4.8/Engine/Content/Localization/Editor/en/Editor.locres) Source String Hash: (1271782899) Localized String: (Imports an asset from file to this folder.)
[2015.06.23-07.51.41:351][  0]LogD3D11RHI: Found D3D11 adapter 0: NVIDIA GeForce GT 640 (Feature Level 11_0)
[2015.06.23-07.51.41:351][  0]LogD3D11RHI: Adapter has 971MB of dedicated video memory, 0MB of dedicated system memory, and 3072MB of shared system memory, 2 output[s]
[2015.06.23-07.51.41:351][  0]LogD3D11RHI: Chosen D3D11 Adapter Id = 0
[2015.06.23-07.51.41:354][  0]LogRHI: Texture pool is 680 MB (70% of 971 MB)
[2015.06.23-07.51.41:362][  0]LogD3D11RHI: Async texture creation enabled
[2015.06.23-07.51.41:377][  0]LogShaderCompilers:Display: Using Local Shader Compiler.
[2015.06.23-07.51.42:704][  0]LogTemp:Display: Loaded TP DesktopTargetPlatform
[2015.06.23-07.51.42:718][  0]LogTemp:Display: Loaded TP WindowsClientTargetPlatform
[2015.06.23-07.51.42:731][  0]LogTemp:Display: Loaded TP WindowsNoEditorTargetPlatform
[2015.06.23-07.51.42:744][  0]LogTemp:Display: Loaded TP WindowsServerTargetPlatform
[2015.06.23-07.51.42:759][  0]LogTemp:Display: Loaded TP WindowsTargetPlatform
[2015.06.23-07.51.42:774][  0]LogTemp:Display: Loaded TP AndroidTargetPlatform
[2015.06.23-07.51.42:785][  0]LogTemp:Display: Loaded TP Android_ASTCTargetPlatform
[2015.06.23-07.51.42:797][  0]LogTemp:Display: Loaded TP Android_ATCTargetPlatform
[2015.06.23-07.51.42:808][  0]LogTemp:Display: Loaded TP Android_DXTTargetPlatform
[2015.06.23-07.51.42:819][  0]LogTemp:Display: Loaded TP Android_ETC1TargetPlatform
[2015.06.23-07.51.42:830][  0]LogTemp:Display: Loaded TP Android_ETC2TargetPlatform
[2015.06.23-07.51.42:841][  0]LogTemp:Display: Loaded TP Android_PVRTCTargetPlatform
[2015.06.23-07.51.42:889][  0]LogTemp:Display: Loaded TP IOSTargetPlatform
[2015.06.23-07.51.42:900][  0]LogTemp:Display: Loaded TP LinuxNoEditorTargetPlatform
[2015.06.23-07.51.42:911][  0]LogTemp:Display: Loaded TP LinuxServerTargetPlatform
[2015.06.23-07.51.42:928][  0]LogTemp:Display: Loaded TP LinuxTargetPlatform
[2015.06.23-07.51.42:928][  0]LogTargetPlatformManager:Display: Building Assets For Windows
[2015.06.23-07.51.43:124][  0]LogDerivedDataCache:Display: Max Cache Size: 512 MB
[2015.06.23-07.51.43:177][  0]LogDerivedDataCache: Loaded boot cache 0.05s 53MB C:/Users/TTV14SRasmusB/AppData/Local/UnrealEngine/4.8/DerivedDataCache/Boot.ddc.
[2015.06.23-07.51.43:177][  0]LogDerivedDataCache:Display: Loaded Boot cache: C:/Users/TTV14SRasmusB/AppData/Local/UnrealEngine/4.8/DerivedDataCache/Boot.ddc
[2015.06.23-07.51.43:177][  0]LogDerivedDataCache: FDerivedDataBackendGraph:  Pak pak cache file ../../../../../../Users/TTV14SRasmusB/Documents/Unreal Projects/MayhemPunch 4.8/DerivedDataCache/DDC.ddp not found, will not use a pak cache.
[2015.06.23-07.51.43:177][  0]LogDerivedDataCache: Unable to find inner node Pak for hierarchical cache Hierarchy.
[2015.06.23-07.51.43:177][  0]LogDerivedDataCache: FDerivedDataBackendGraph:  CompressedPak pak cache file ../../../../../../Users/TTV14SRasmusB/Documents/Unreal Projects/MayhemPunch 4.8/DerivedDataCache/Compressed.ddp not found, will not use a pak cache.
[2015.06.23-07.51.43:177][  0]LogDerivedDataCache: Unable to find inner node CompressedPak for hierarchical cache Hierarchy.
[2015.06.23-07.51.43:330][  0]LogDerivedDataCache:Display: Pak cache opened for reading ../../../Engine/DerivedDataCache/Compressed.ddp.
[2015.06.23-07.51.43:341][  0]LogDerivedDataCache: Using Local data cache path C:/Users/TTV14SRasmusB/AppData/Local/UnrealEngine/Common/DerivedDataCache: Writable
[2015.06.23-07.51.44:362][  0]ImportText (ComponentSweepMultiTests): Missing closing parenthesis: (RootShapeAsset="/Engine/BasicShapes/Cube.Cube",ShapeType="TriggerCapsule",HitResult=(Time=0.50,Location=(X=-100.000015,Y=0.0,Z=100.000015),ImpactPoint=(X=-50.0,Y=0.0,Z=50.0),Normal=(X=-1.0,Y=-0.0,Z=0.0),ImpactNormal=(X=0.0,Y=0.0,Z=1.0),TraceStart=(X=-200.0,Y=0.0,Z=200.0),TraceEnd=(X=0.0,Y=0.0,Z=0.0))
[2015.06.23-07.51.44:363][  0]ImportText (LineTraceSingleByChannelTests): Missing closing parenthesis: (RootShapeAsset="/Engine/BasicShapes/Cube.Cube",HitResult=(Time=0.50,Location=(X=-100.000015,Y=0.0,Z=100.000015),ImpactPoint=(X=-50.0,Y=0.0,Z=50.0),Normal=(X=-1.0,Y=-0.0,Z=0.0),ImpactNormal=(X=0.0,Y=0.0,Z=1.0),TraceStart=(X=-200.0,Y=0.0,Z=200.0),TraceEnd=(X=0.0,Y=0.0,Z=0.0))
[2015.06.23-07.51.44:371][  0]LogInit: Selected Device Profile: [Windows]
[2015.06.23-07.51.44:393][  0]LogMeshUtilities: No automatic mesh reduction module available
[2015.06.23-07.51.44:393][  0]LogMeshUtilities: No automatic mesh merging module available
[2015.06.23-07.51.44:775][  0]LogInit: WinSock: version 1.1 (2.2), MaxSocks=32767, MaxUdp=65467
[2015.06.23-07.51.45:225][  0]LogWindowsMoviePlayer: Unable to load movie: ../../../../../../Users/TTV14SRasmusB/Documents/Unreal Projects/MayhemPunch 4.8/Content/Movies/Default_Startup.mp4
[2015.06.23-07.51.45:369][  0]SourceControl: Info Source control is disabled
[2015.06.23-07.51.45:369][  0]SourceControl: Info Source control is disabled
[2015.06.23-07.51.45:379][  0]SourceControl: Info Source control is disabled
[2015.06.23-07.51.45:547][  0]LogObj: 25781 objects as part of root set at end of initial load.
[2015.06.23-07.51.45:547][  0]LogUObjectAllocator: 5195968 out of 0 bytes used by permanent object pool.
[2015.06.23-07.51.45:612][  0]LogAutomationTest:Warning: ERR: Transient text cannot be serialized "Testing Transient serialization detection".
[2015.06.23-07.51.45:612][  0]LogEngine: Initializing Engine...
[2015.06.23-07.51.45:614][  0]LogHMD: Can't find Oculus library dev build: is proper Runtime installed? Version: 0.6.0.0
[2015.06.23-07.51.45:615][  0]LogHMD:Warning: SteamVR failed to initialize.  Error: 110
[2015.06.23-07.51.45:698][  0]LogInit: XAudio2 using 'Digital Audio (S/PDIF) (High Definition Audio Device)' : 2 channels at 44.1 kHz using 16 bits per sample (channel mask 0x3)
[2015.06.23-07.51.45:704][  0]LogInit: FAudioDevice initialized.
[2015.06.23-07.51.45:707][  0]LogInit: Texture streaming: Disabled
[2015.06.23-07.51.46:619][  0]LogNet: Browse: /Temp/Autosaves/Game/Main/Maps/UEDPCMainMenu?Name=Player
[2015.06.23-07.51.46:619][  0]LogLoad: LoadMap: /Temp/Autosaves/Game/Main/Maps/UEDPCMainMenu?Name=Player
[2015.06.23-07.51.46:643][  0]LogParticles: Destroying 0 GPU particle simulations for FXSystem 0x000000000C1CEDE0
[2015.06.23-07.51.46:738][  0]LogMemory: Platform Memory Stats for Windows
[2015.06.23-07.51.46:738][  0]LogMemory: Process Physical Memory: 352.72 MB used, 352.72 MB peak
[2015.06.23-07.51.46:738][  0]LogMemory: Process Virtual Memory: 300.68 MB used, 303.45 MB peak
[2015.06.23-07.51.46:738][  0]LogMemory: Physical Memory: 5816.06 MB used, 16344.95 MB total
[2015.06.23-07.51.46:738][  0]LogMemory: Virtual Memory: 797.20 MB used, 8388608.00 MB total
[2015.06.23-07.51.46:738][  0]LogMemory: 
[2015.06.23-07.51.46:738][  0]Allocator Stats for TBB: (not implemented)
[2015.06.23-07.51.46:838][  0]LogAIModule: Creating AISystem for world MainMenu
[2015.06.23-07.51.47:097][  0]LogLinker:Warning: Can't find file '/Game/FirstPersonBP/Audio/Strong_Punch-Mike_Koenig-574430706'
[2015.06.23-07.51.47:097][  0]LogUObjectGlobals:Warning: Failed to load '/Game/FirstPersonBP/Audio/Strong_Punch-Mike_Koenig-574430706': Can't find file '/Game/FirstPersonBP/Audio/Strong_Punch-Mike_Koenig-574430706'
[2015.06.23-07.51.47:097][  0]LogLinker:Warning: Can't find file for asset '/Game/FirstPersonBP/Audio/Strong_Punch-Mike_Koenig-574430706' while loading NULL.
[2015.06.23-07.51.47:097][  0]LogUObjectGlobals:Warning: Failed to load '/Game/FirstPersonBP/Audio/Strong_Punch-Mike_Koenig-574430706': Can't find file for asset '/Game/FirstPersonBP/Audio/Strong_Punch-Mike_Koenig-574430706' while loading NULL.
[2015.06.23-07.51.47:101][  0]LogLinker:Warning: Can't find file '/Game/FirstPersonBP/Audio/Strong_Punch-Mike_Koenig-574430706'
[2015.06.23-07.51.47:101][  0]LoadErrors: Info Failed to load /Game/Main/Blueprints/FirstPersonCharacter.FirstPersonCharacter_C Referenced by EdGraphPin_15423
[2015.06.23-07.51.47:101][  0]LogUObjectGlobals:Warning: Failed to load '/Game/FirstPersonBP/Audio/Strong_Punch-Mike_Koenig-574430706': Can't find file '/Game/FirstPersonBP/Audio/Strong_Punch-Mike_Koenig-574430706'
[2015.06.23-07.51.47:101][  0]LogLinker:Warning: Can't find file for asset '/Game/FirstPersonBP/Audio/Strong_Punch-Mike_Koenig-574430706' while loading NULL.
[2015.06.23-07.51.47:101][  0]LoadErrors: Info Failed to load /Game/Main/Blueprints/FirstPersonCharacter.FirstPersonCharacter_C Referenced by EdGraphPin_15423
[2015.06.23-07.51.47:101][  0]LogUObjectGlobals:Warning: Failed to load '/Game/FirstPersonBP/Audio/Strong_Punch-Mike_Koenig-574430706': Can't find file for asset '/Game/FirstPersonBP/Audio/Strong_Punch-Mike_Koenig-574430706' while loading NULL.
[2015.06.23-07.51.48:949][  0]LogWorld: Game class is 'FirstPersonGameMode_C'
[2015.06.23-07.51.48:951][  0]LogWorld: Bringing World /Temp/Autosaves/Game/Main/Maps/UEDPCMainMenu.MainMenu up for play (max tick rate 0) at 2015.06.23-10.51.48
[2015.06.23-07.51.48:951][  0]LogWorld: Bringing up level for play took: 0.000632
[2015.06.23-07.51.48:956][  0]LogInit:Display: Game Engine Initialized.
[2015.06.23-07.51.49:190][  0]LogAssetRegistry: FAssetRegistry took 0.0001 seconds to start up
[2015.06.23-07.51.49:190][  0]LogLoad: Full Startup: 10.47 seconds (BP compile: 1.44 seconds)
[2015.06.23-07.51.49:211][  0]LogContentStreaming: Texture pool size is 400.000000MB
[2015.06.23-07.51.49:306][  2]LogRenderer: Reallocating scene render targets to support 912x512 (Frame:2).
[2015.06.23-07.51.52:741][208]LogScript:Warning: CreateSession - Invalid or uninitialized OnlineSubsystem
[2015.06.23-07.51.52:741][208]LogScript:Warning: CreateSession - Cannot map local player to unique net ID
[2015.06.23-07.51.52:741][208]LogScript:Warning: DestroySession - Invalid or uninitialized OnlineSubsystem
[2015.06.23-07.51.52:741][208]LogScript:Warning: DestroySession - Cannot map local player to unique net ID
[2015.06.23-07.51.56:650][450]LogScript:Warning: FindSessions - Invalid or uninitialized OnlineSubsystem
[2015.06.23-07.51.56:650][450]LogScript:Warning: FindSessions - Cannot map local player to unique net ID
[2015.06.23-07.51.58:844][586]LogScript:Warning: FindSessions - Invalid or uninitialized OnlineSubsystem
[2015.06.23-07.51.58:844][586]LogScript:Warning: FindSessions - Cannot map local player to unique net ID
[2015.06.23-07.51.59:054][599]LogScript:Warning: FindSessions - Invalid or uninitialized OnlineSubsystem
[2015.06.23-07.51.59:054][599]LogScript:Warning: FindSessions - Cannot map local player to unique net ID
[2015.06.23-07.51.59:183][607]LogScript:Warning: FindSessions - Invalid or uninitialized OnlineSubsystem
[2015.06.23-07.51.59:183][607]LogScript:Warning: FindSessions - Cannot map local player to unique net ID
[2015.06.23-07.52.06:747][ 76]LogScript:Warning: CreateSession - Invalid or uninitialized OnlineSubsystem
[2015.06.23-07.52.06:747][ 76]LogScript:Warning: CreateSession - Cannot map local player to unique net ID
[2015.06.23-07.52.06:747][ 76]LogScript:Warning: DestroySession - Invalid or uninitialized OnlineSubsystem
[2015.06.23-07.52.06:747][ 76]LogScript:Warning: DestroySession - Cannot map local player to unique net ID
[2015.06.23-07.52.09:103][222]Closing by request
[2015.06.23-07.52.09:103][222]LogWindows: FPlatformMisc::RequestExit(0)
[2015.06.23-07.52.09:647][223]LogExit: Preparing to exit.
[2015.06.23-07.52.09:741][223]LogExit: Game engine shut down
[2015.06.23-07.52.09:744][223]LogParticles: Destroying 0 GPU particle simulations for FXSystem 0x000000000C17E3E0
[2015.06.23-07.52.09:862][223]LogExit: Object subsystem successfully closed.
[2015.06.23-07.52.09:975][223]LogModuleManager: Shutting down and abandoning module AndroidDeviceDetection (108)
[2015.06.23-07.52.10:206][223]LogModuleManager: Shutting down and abandoning module AssetRegistry (107)
[2015.06.23-07.52.10:206][223]LogModuleManager: Shutting down and abandoning module AutomationWorker (106)
[2015.06.23-07.52.10:206][223]LogModuleManager: Shutting down and abandoning module CharacterAI (105)
[2015.06.23-07.52.10:206][223]LogModuleManager: Shutting down and abandoning module AITestSuite (104)
[2015.06.23-07.52.10:206][223]LogModuleManager: Shutting down and abandoning module GameplayDebugger (103)
[2015.06.23-07.52.10:206][223]LogModuleManager: Shutting down and abandoning module AIModule (102)
[2015.06.23-07.52.10:206][223]LogModuleManager: Shutting down and abandoning module GameLiveStreaming (101)
[2015.06.23-07.52.10:206][223]LogModuleManager: Shutting down and abandoning module StreamingPauseRendering (100)
[2015.06.23-07.52.10:206][223]LogModuleManager: Shutting down and abandoning module ProfilerService (99)
[2015.06.23-07.52.10:327][223]LogModuleManager: Shutting down and abandoning module TaskGraph (98)
[2015.06.23-07.52.10:327][223]LogModuleManager: Shutting down and abandoning module SlateRemote (97)
[2015.06.23-07.52.10:327][223]LogModuleManager: Shutting down and abandoning module SteamVRController (96)
[2015.06.23-07.52.10:327][223]LogModuleManager: Shutting down and abandoning module SteamVR (95)
[2015.06.23-07.52.10:327][223]LogModuleManager: Shutting down and abandoning module ProceduralMeshComponent (94)
[2015.06.23-07.52.10:327][223]LogModuleManager: Shutting down and abandoning module OculusRift (93)
[2015.06.23-07.52.10:327][223]LogModuleManager: Shutting down and abandoning module LeapMotionController (92)
[2015.06.23-07.52.10:334][223]LogModuleManager: Shutting down and abandoning module CustomMeshComponent (91)
[2015.06.23-07.52.10:334][223]LogModuleManager: Shutting down and abandoning module CableComponent (90)
[2015.06.23-07.52.10:334][223]LogModuleManager: Shutting down and abandoning module DesktopPlatform (89)
[2015.06.23-07.52.10:334][223]LogModuleManager: Shutting down and abandoning module DirectoryWatcher (88)
[2015.06.23-07.52.10:334][223]LogModuleManager: Shutting down and abandoning module HotReload (87)
[2015.06.23-07.52.10:334][223]LogModuleManager: Shutting down and abandoning module VisualStudioSourceCodeAccess (86)
[2015.06.23-07.52.10:334][223]LogModuleManager: Shutting down and abandoning module UObjectPlugin (85)
[2015.06.23-07.52.10:334][223]LogModuleManager: Shutting down and abandoning module SubversionSourceControl (84)
[2015.06.23-07.52.10:334][223]LogModuleManager: Shutting down and abandoning module SourceControl (83)
[2015.06.23-07.52.10:334][223]LogModuleManager: Shutting down and abandoning module PerforceSourceControl (82)
[2015.06.23-07.52.10:334][223]LogModuleManager: Shutting down and abandoning module BlankPlugin (81)
[2015.06.23-07.52.10:334][223]LogModuleManager: Shutting down and abandoning module UdpMessaging (80)
[2015.06.23-07.52.10:334][223]LogModuleManager: Shutting down and abandoning module Paper2D (79)
[2015.06.23-07.52.10:334][223]LogModuleManager: Shutting down and abandoning module WindowsMoviePlayer (78)
[2015.06.23-07.52.10:336][223]LogModuleManager: Shutting down and abandoning module Media (77)
[2015.06.23-07.52.10:336][223]LogModuleManager: Shutting down and abandoning module WmfMedia (76)
[2015.06.23-07.52.10:337][223]LogModuleManager: Shutting down and abandoning module OnlineBlueprintSupport (75)
[2015.06.23-07.52.10:337][223]LogModuleManager: Shutting down and abandoning module PropertyEditor (74)
[2015.06.23-07.52.10:337][223]LogModuleManager: Shutting down and abandoning module BehaviorTreeEditor (73)
[2015.06.23-07.52.10:337][223]LogModuleManager: Shutting down and abandoning module FunctionalTesting (72)
[2015.06.23-07.52.10:337][223]LogModuleManager: Shutting down and abandoning module CollisionAnalyzer (71)
[2015.06.23-07.52.10:337][223]LogModuleManager: Shutting down and abandoning module WorkspaceMenuStructure (70)
[2015.06.23-07.52.10:337][223]LogModuleManager: Shutting down and abandoning module MessageLog (69)
[2015.06.23-07.52.10:337][223]LogModuleManager: Shutting down and abandoning module Sequencer (68)
[2015.06.23-07.52.10:337][223]LogModuleManager: Shutting down and abandoning module AssetTools (67)
[2015.06.23-07.52.10:337][223]LogModuleManager: Shutting down and abandoning module UMGEditor (66)
[2015.06.23-07.52.10:337][223]LogModuleManager: Shutting down and abandoning module UMG (65)
[2015.06.23-07.52.10:337][223]LogModuleManager: Shutting down and abandoning module Slate (64)
[2015.06.23-07.52.10:337][223]LogModuleManager: Shutting down and abandoning module EditorStyle (63)
[2015.06.23-07.52.10:339][223]LogModuleManager: Shutting down and abandoning module SessionServices (62)
[2015.06.23-07.52.10:339][223]LogModuleManager: Shutting down and abandoning module SourceCodeAccess (61)
[2015.06.23-07.52.10:339][223]LogModuleManager: Shutting down and abandoning module HeadMountedDisplay (60)
[2015.06.23-07.52.10:339][223]LogModuleManager: Shutting down and abandoning module XAudio2 (59)
[2015.06.23-07.52.10:339][223]LogModuleManager: Shutting down and abandoning module Networking (57)
[2015.06.23-07.52.10:339][223]LogModuleManager: Shutting down and abandoning module Core (56)
[2015.06.23-07.52.10:339][223]LogModuleManager: Shutting down and abandoning module KismetCompiler (55)
[2015.06.23-07.52.10:339][223]LogModuleManager: Shutting down and abandoning module PhysXFormats (54)
[2015.06.23-07.52.10:339][223]LogModuleManager: Shutting down and abandoning module MeshUtilities (53)
[2015.06.23-07.52.10:339][223]LogModuleManager: Shutting down and abandoning module DerivedDataCache (52)
[2015.06.23-07.52.10:834][223]LogDerivedDataCache: Shutdown
[2015.06.23-07.52.10:834][223]LogModuleManager: Shutting down and abandoning module ShaderFormatOpenGL (51)
[2015.06.23-07.52.10:834][223]LogModuleManager: Shutting down and abandoning module ShaderFormatD3D (50)
[2015.06.23-07.52.10:834][223]LogModuleManager: Shutting down and abandoning module MetalShaderFormat (49)
[2015.06.23-07.52.10:834][223]LogModuleManager: Shutting down and abandoning module TextureFormatUncompressed (48)
[2015.06.23-07.52.10:834][223]LogModuleManager: Shutting down and abandoning module TextureFormatPVR (47)
[2015.06.23-07.52.10:834][223]LogModuleManager: Shutting down and abandoning module TextureFormatIntelISPCTexComp (46)
[2015.06.23-07.52.10:834][223]LogModuleManager: Shutting down and abandoning module TextureFormatDXT (45)
[2015.06.23-07.52.10:834][223]LogModuleManager: Shutting down and abandoning module ImageWrapper (44)
[2015.06.23-07.52.10:834][223]LogModuleManager: Shutting down and abandoning module TextureFormatASTC (43)
[2015.06.23-07.52.10:834][223]LogModuleManager: Shutting down and abandoning module TextureFormatAndroid (42)
[2015.06.23-07.52.10:834][223]LogModuleManager: Shutting down and abandoning module AudioFormatOpus (41)
[2015.06.23-07.52.10:834][223]LogModuleManager: Shutting down and abandoning module AudioFormatOgg (40)
[2015.06.23-07.52.10:834][223]LogModuleManager: Shutting down and abandoning module AudioFormatADPCM (39)
[2015.06.23-07.52.10:834][223]LogModuleManager: Shutting down and abandoning module LinuxTargetPlatform (38)
[2015.06.23-07.52.10:834][223]LogModuleManager: Shutting down and abandoning module LinuxServerTargetPlatform (37)
[2015.06.23-07.52.10:834][223]LogModuleManager: Shutting down and abandoning module LinuxNoEditorTargetPlatform (36)
[2015.06.23-07.52.10:834][223]LogModuleManager: Shutting down and abandoning module Messaging (35)
[2015.06.23-07.52.10:834][223]LogModuleManager: Shutting down and abandoning module IOSTargetPlatform (34)
[2015.06.23-07.52.10:834][223]LogModuleManager: Shutting down and abandoning module HTML5TargetPlatform (33)
[2015.06.23-07.52.10:834][223]LogModuleManager: Shutting down and abandoning module Android_PVRTCTargetPlatform (32)
[2015.06.23-07.52.10:834][223]LogModuleManager: Shutting down and abandoning module Android_ETC2TargetPlatform (31)
[2015.06.23-07.52.10:834][223]LogModuleManager: Shutting down and abandoning module Android_ETC1TargetPlatform (30)
[2015.06.23-07.52.10:834][223]LogModuleManager: Shutting down and abandoning module Android_DXTTargetPlatform (29)
[2015.06.23-07.52.10:834][223]LogModuleManager: Shutting down and abandoning module Android_ATCTargetPlatform (28)
[2015.06.23-07.52.10:834][223]LogModuleManager: Shutting down and abandoning module Android_ASTCTargetPlatform (27)
[2015.06.23-07.52.10:834][223]LogModuleManager: Shutting down and abandoning module AndroidTargetPlatform (26)
[2015.06.23-07.52.10:834][223]LogModuleManager: Shutting down and abandoning module WindowsTargetPlatform (25)
[2015.06.23-07.52.10:834][223]LogModuleManager: Shutting down and abandoning module WindowsServerTargetPlatform (24)
[2015.06.23-07.52.10:834][223]LogModuleManager: Shutting down and abandoning module WindowsNoEditorTargetPlatform (23)
[2015.06.23-07.52.10:834][223]LogModuleManager: Shutting down and abandoning module WindowsClientTargetPlatform (22)
[2015.06.23-07.52.10:834][223]LogModuleManager: Shutting down and abandoning module DesktopTargetPlatform (21)
[2015.06.23-07.52.10:834][223]LogModuleManager: Shutting down and abandoning module TargetPlatform (20)
[2015.06.23-07.52.10:834][223]LogModuleManager: Shutting down and abandoning module InputCore (19)
[2015.06.23-07.52.10:834][223]LogModuleManager: Shutting down and abandoning module Settings (18)
[2015.06.23-07.52.10:834][223]LogModuleManager: Shutting down and abandoning module OnlineSubsystem (16)
[2015.06.23-07.52.10:834][223]LogModuleManager: Shutting down and abandoning module HTTP (15)
[2015.06.23-07.52.10:834][223]LogModuleManager: Shutting down and abandoning module ExampleDeviceProfileSelector (14)
[2015.06.23-07.52.10:834][223]LogModuleManager: Shutting down and abandoning module TextureCompressor (13)
[2015.06.23-07.52.10:834][223]LogModuleManager: Shutting down and abandoning module ShaderCore (12)
[2015.06.23-07.52.10:834][223]LogModuleManager: Shutting down and abandoning module Landscape (11)
[2015.06.23-07.52.10:834][223]LogModuleManager: Shutting down and abandoning module SlateRHIRenderer (10)
[2015.06.23-07.52.10:834][223]LogModuleManager: Shutting down and abandoning module OpenGLDrv (9)
[2015.06.23-07.52.10:834][223]LogModuleManager: Shutting down and abandoning module D3D11RHI (8)
[2015.06.23-07.52.10:834][223]LogModuleManager: Shutting down and abandoning module Renderer (7)
[2015.06.23-07.52.10:834][223]LogModuleManager: Shutting down and abandoning module Engine (6)
[2015.06.23-07.52.10:834][223]LogModuleManager: Shutting down and abandoning module CoreUObject (5)
[2015.06.23-07.52.10:834][223]LogModuleManager: Shutting down and abandoning module NetworkFile (4)
[2015.06.23-07.52.10:834][223]LogModuleManager: Shutting down and abandoning module StreamingFile (3)
[2015.06.23-07.52.10:834][223]LogModuleManager: Shutting down and abandoning module SandboxFile (2)
[2015.06.23-07.52.10:834][223]LogModuleManager: Shutting down and abandoning module PakFile (1)
[2015.06.23-07.52.10:835][223]LogExit: Exiting.
[2015.06.23-07.52.10:836][223]Log file closed, 06/23/15 10:52:10
