[2015.06.25-06.34.42:466][  0]Log file open, 06/25/15 09:34:42
[2015.06.25-06.34.42:467][  0]LogInit:Display: Running engine for game: MayhemPunch
[2015.06.25-06.34.42:467][  0]LogInit:Display: RandInit(-71736747) SRandInit(-71736746).
[2015.06.25-06.34.42:467][  0]LogTaskGraph: Started task graph with 4 named threads and 7 total threads.
[2015.06.25-06.34.42:467][  0]LogStats: Stats thread started
[2015.06.25-06.34.42:467][  0]LogInit: Version: 4.8.1-2591939+++depot+UE4-Releases+4.8
[2015.06.25-06.34.42:467][  0]LogInit: API Version: 2579680
[2015.06.25-06.34.42:467][  0]LogInit: Compiled (64-bit): Jun 18 2015 11:02:04
[2015.06.25-06.34.42:467][  0]LogInit: Compiled with Visual C++: 18.00.21005.01
[2015.06.25-06.34.42:467][  0]LogInit: Build Configuration: Development
[2015.06.25-06.34.42:467][  0]LogInit: Branch Name: ++depot+UE4-Releases+4.8
[2015.06.25-06.34.42:467][  0]LogInit: Command line:  
[2015.06.25-06.34.42:467][  0]LogInit: Base directory: C:/Program Files/Unreal Engine/4.8/Engine/Binaries/Win64/
[2015.06.25-06.34.42:467][  0]LogInit: Rocket: 1
[2015.06.25-06.34.42:510][  0]LogInit: Using libcurl 7.41.0
[2015.06.25-06.34.42:510][  0]LogInit:  - built for x86_64-pc-win32
[2015.06.25-06.34.42:510][  0]LogInit:  - supports SSL with WinSSL
[2015.06.25-06.34.42:510][  0]LogInit:  - other features:
[2015.06.25-06.34.42:510][  0]LogInit:      CURL_VERSION_SSL
[2015.06.25-06.34.42:510][  0]LogInit:      CURL_VERSION_IPV6
[2015.06.25-06.34.42:510][  0]LogInit:      CURL_VERSION_ASYNCHDNS
[2015.06.25-06.34.42:510][  0]LogInit:      CURL_VERSION_LARGEFILE
[2015.06.25-06.34.42:510][  0]LogInit:      CURL_VERSION_IDN
[2015.06.25-06.34.42:511][  0]LogInit:  CurlRequestOptions (configurable via config and command line):
[2015.06.25-06.34.42:511][  0]LogInit:  - bVerifyPeer = true  - Libcurl will verify peer certificate
[2015.06.25-06.34.42:511][  0]LogInit:  - bUseHttpProxy = false  - Libcurl will NOT use HTTP proxy
[2015.06.25-06.34.42:511][  0]LogInit:  - bDontReuseConnections = false  - Libcurl will reuse connections
[2015.06.25-06.34.42:511][  0]LogInit:  - CertBundlePath = nullptr  - Libcurl will use whatever was configured at build time.
[2015.06.25-06.34.42:737][  0]LogInit: WinSock: version 1.1 (2.2), MaxSocks=32767, MaxUdp=65467
[2015.06.25-06.34.42:818][  0]LogVoice:Warning: Failed to initialize voice interface
[2015.06.25-06.34.42:963][  0]LogInit: Presizing for 0 objects not considered by GC, pre-allocating 0 bytes.
[2015.06.25-06.34.43:278][  0]LogInit: Object subsystem initialized
[2015.06.25-06.34.43:392][  0]LogConsoleResponse:Warning: Skipping Unknown console variable: 'TranslucentSortAxis = (X=0.000000,Y=-1.000000,Z=0.000000)'
[2015.06.25-06.34.43:392][  0]LogConsoleResponse:Warning:   Found in ini file 'C:/Users/TTV14SVilleK/Documents/GitHub/MayhemPunch/MayhemPunch 4.8/Saved/Config/Windows/Engine.ini', in section '[/Script/Engine.RendererSettings]'
[2015.06.25-06.34.43:392][  0]LogConsoleResponse:Warning: Skipping Unknown console variable: 'UIScaleRule = ShortestSide'
[2015.06.25-06.34.43:392][  0]LogConsoleResponse:Warning:   Found in ini file 'C:/Users/TTV14SVilleK/Documents/GitHub/MayhemPunch/MayhemPunch 4.8/Saved/Config/Windows/Engine.ini', in section '[/Script/Engine.RendererSettings]'
[2015.06.25-06.34.43:392][  0]LogConsoleResponse:Warning: Skipping Unknown console variable: 'UIScaleCurve = (EditorCurveData=(Keys=),ExternalCurve=None)'
[2015.06.25-06.34.43:392][  0]LogConsoleResponse:Warning:   Found in ini file 'C:/Users/TTV14SVilleK/Documents/GitHub/MayhemPunch/MayhemPunch 4.8/Saved/Config/Windows/Engine.ini', in section '[/Script/Engine.RendererSettings]'
[2015.06.25-06.34.43:451][  0]LogInit: Selected Device Profile: [Windows]
[2015.06.25-06.34.43:452][  0]LogInit: Applying CVar settings loaded from the selected device profile: [Windows]
[2015.06.25-06.34.43:480][  0]LogInit: Computer: TA11LDML-29
[2015.06.25-06.34.43:480][  0]LogInit: User: TTV14SVilleK
[2015.06.25-06.34.43:480][  0]LogInit: CPU Page size=4096, Cores=4
[2015.06.25-06.34.43:480][  0]LogInit: High frequency timer resolution =3.316113 MHz
[2015.06.25-06.34.43:488][  0]LogMemory: Memory total: Physical=16.0GB (16GB approx)
[2015.06.25-06.34.43:502][  0]LogMemory: Platform Memory Stats for Windows
[2015.06.25-06.34.43:502][  0]LogMemory: Process Physical Memory: 52.43 MB used, 52.43 MB peak
[2015.06.25-06.34.43:502][  0]LogMemory: Process Virtual Memory: 24.76 MB used, 24.83 MB peak
[2015.06.25-06.34.43:502][  0]LogMemory: Physical Memory: 5033.73 MB used, 16344.95 MB total
[2015.06.25-06.34.43:502][  0]LogMemory: Virtual Memory: 290.88 MB used, 8388608.00 MB total
[2015.06.25-06.34.43:921][  0]LogTextLocalizationManager: The requested culture ('fi_FI') has no localization data; falling back to 'en' for localization and internationalization data.
[2015.06.25-06.34.44:161][  0]LogTextLocalizationManager:Warning: Loaded localization resources contain conflicting entries for (Namespace:ContentBrowser, Key:ImportAssetToolTip):
Localization Resource: (C:/Program Files/Unreal Engine/4.8/Engine/Content/Localization/Editor/en/Editor.locres) Source String Hash: (-630476809) Localized String: (Import to {0}...)
Localization Resource: (C:/Program Files/Unreal Engine/4.8/Engine/Content/Localization/Editor/en/Editor.locres) Source String Hash: (1271782899) Localized String: (Imports an asset from file to this folder.)
[2015.06.25-06.34.44:947][  0]LogD3D11RHI: Found D3D11 adapter 0: NVIDIA GeForce GT 640 (Feature Level 11_0)
[2015.06.25-06.34.44:947][  0]LogD3D11RHI: Adapter has 971MB of dedicated video memory, 0MB of dedicated system memory, and 3072MB of shared system memory, 2 output[s]
[2015.06.25-06.34.44:947][  0]LogD3D11RHI: Chosen D3D11 Adapter Id = 0
[2015.06.25-06.34.44:986][  0]LogRHI: Texture pool is 680 MB (70% of 971 MB)
[2015.06.25-06.34.45:023][  0]LogD3D11RHI: Async texture creation enabled
[2015.06.25-06.34.45:240][  0]LogShaderCompilers:Display: Using Local Shader Compiler.
[2015.06.25-06.34.48:828][  0]LogTemp:Display: Loaded TP DesktopTargetPlatform
[2015.06.25-06.34.48:853][  0]LogTemp:Display: Loaded TP WindowsClientTargetPlatform
[2015.06.25-06.34.48:871][  0]LogTemp:Display: Loaded TP WindowsNoEditorTargetPlatform
[2015.06.25-06.34.48:885][  0]LogTemp:Display: Loaded TP WindowsServerTargetPlatform
[2015.06.25-06.34.48:899][  0]LogTemp:Display: Loaded TP WindowsTargetPlatform
[2015.06.25-06.34.48:972][  0]LogTemp:Display: Loaded TP AndroidTargetPlatform
[2015.06.25-06.34.49:043][  0]LogTemp:Display: Loaded TP Android_ASTCTargetPlatform
[2015.06.25-06.34.49:066][  0]LogTemp:Display: Loaded TP Android_ATCTargetPlatform
[2015.06.25-06.34.49:083][  0]LogTemp:Display: Loaded TP Android_DXTTargetPlatform
[2015.06.25-06.34.49:159][  0]LogTemp:Display: Loaded TP Android_ETC1TargetPlatform
[2015.06.25-06.34.49:234][  0]LogTemp:Display: Loaded TP Android_ETC2TargetPlatform
[2015.06.25-06.34.49:265][  0]LogTemp:Display: Loaded TP Android_PVRTCTargetPlatform
[2015.06.25-06.34.49:735][  0]LogTemp:Display: Loaded TP IOSTargetPlatform
[2015.06.25-06.34.49:816][  0]LogTemp:Display: Loaded TP LinuxNoEditorTargetPlatform
[2015.06.25-06.34.49:844][  0]LogTemp:Display: Loaded TP LinuxServerTargetPlatform
[2015.06.25-06.34.49:928][  0]LogTemp:Display: Loaded TP LinuxTargetPlatform
[2015.06.25-06.34.49:928][  0]LogTargetPlatformManager:Display: Building Assets For Windows
[2015.06.25-06.34.51:045][  0]LogDerivedDataCache:Display: Max Cache Size: 512 MB
[2015.06.25-06.34.51:381][  0]LogDerivedDataCache: Loaded boot cache 0.34s 53MB C:/Users/TTV14SVilleK/AppData/Local/UnrealEngine/4.8/DerivedDataCache/Boot.ddc.
[2015.06.25-06.34.51:381][  0]LogDerivedDataCache:Display: Loaded Boot cache: C:/Users/TTV14SVilleK/AppData/Local/UnrealEngine/4.8/DerivedDataCache/Boot.ddc
[2015.06.25-06.34.51:381][  0]LogDerivedDataCache: FDerivedDataBackendGraph:  Pak pak cache file ../../../../../../Users/TTV14SVilleK/Documents/GitHub/MayhemPunch/MayhemPunch 4.8/DerivedDataCache/DDC.ddp not found, will not use a pak cache.
[2015.06.25-06.34.51:381][  0]LogDerivedDataCache: Unable to find inner node Pak for hierarchical cache Hierarchy.
[2015.06.25-06.34.51:381][  0]LogDerivedDataCache: FDerivedDataBackendGraph:  CompressedPak pak cache file ../../../../../../Users/TTV14SVilleK/Documents/GitHub/MayhemPunch/MayhemPunch 4.8/DerivedDataCache/Compressed.ddp not found, will not use a pak cache.
[2015.06.25-06.34.51:381][  0]LogDerivedDataCache: Unable to find inner node CompressedPak for hierarchical cache Hierarchy.
[2015.06.25-06.34.51:539][  0]LogDerivedDataCache:Display: Pak cache opened for reading ../../../Engine/DerivedDataCache/Compressed.ddp.
[2015.06.25-06.34.51:550][  0]LogDerivedDataCache: Using Local data cache path C:/Users/TTV14SVilleK/AppData/Local/UnrealEngine/Common/DerivedDataCache: Writable
[2015.06.25-06.34.57:910][  0]LogInit: Selected Device Profile: [Windows]
[2015.06.25-06.34.58:028][  0]ImportText (ComponentSweepMultiTests): Missing closing parenthesis: (RootShapeAsset="/Engine/BasicShapes/Cube.Cube",ShapeType="TriggerCapsule",HitResult=(Time=0.50,Location=(X=-100.000015,Y=0.0,Z=100.000015),ImpactPoint=(X=-50.0,Y=0.0,Z=50.0),Normal=(X=-1.0,Y=-0.0,Z=0.0),ImpactNormal=(X=0.0,Y=0.0,Z=1.0),TraceStart=(X=-200.0,Y=0.0,Z=200.0),TraceEnd=(X=0.0,Y=0.0,Z=0.0))
[2015.06.25-06.34.58:029][  0]ImportText (LineTraceSingleByChannelTests): Missing closing parenthesis: (RootShapeAsset="/Engine/BasicShapes/Cube.Cube",HitResult=(Time=0.50,Location=(X=-100.000015,Y=0.0,Z=100.000015),ImpactPoint=(X=-50.0,Y=0.0,Z=50.0),Normal=(X=-1.0,Y=-0.0,Z=0.0),ImpactNormal=(X=0.0,Y=0.0,Z=1.0),TraceStart=(X=-200.0,Y=0.0,Z=200.0),TraceEnd=(X=0.0,Y=0.0,Z=0.0))
[2015.06.25-06.34.58:272][  0]LogMeshUtilities: No automatic mesh reduction module available
[2015.06.25-06.34.58:272][  0]LogMeshUtilities: No automatic mesh merging module available
[2015.06.25-06.35.03:091][  0]UdpMessaging: Initializing bridge on interface 0.0.0.0:0 to multicast group 230.0.0.1:6666.
[2015.06.25-06.35.04:900][  0]SourceControl: Info Source control is disabled
[2015.06.25-06.35.05:067][  0]SourceControl: Info Source control is disabled
[2015.06.25-06.35.05:076][  0]SourceControl: Info Source control is disabled
[2015.06.25-06.35.05:086][  0]SourceControl: Info Source control is disabled
[2015.06.25-06.35.05:494][  0]LogObj: 26273 objects as part of root set at end of initial load.
[2015.06.25-06.35.05:494][  0]LogUObjectAllocator: 5409256 out of 0 bytes used by permanent object pool.
[2015.06.25-06.35.05:973][  0]LogEngine: Initializing Engine...
[2015.06.25-06.35.05:984][  0]LogHMD: Can't find Oculus library dev build: is proper Runtime installed? Version: 0.6.0.0
[2015.06.25-06.35.06:058][  0]LogHMD:Warning: SteamVR failed to initialize.  Error: 110
[2015.06.25-06.35.06:481][  0]LogAIModule: Creating AISystem for world NewWorld
[2015.06.25-06.35.06:558][  0]LogInit: XAudio2 using 'Speakers (High Definition Audio Device)' : 2 channels at 48 kHz using 32 bits per sample (channel mask 0x3)
[2015.06.25-06.35.06:663][  0]LogInit: FAudioDevice initialized.
[2015.06.25-06.35.06:696][  0]LogDerivedDataCache: Saved boot cache 0.03s 55MB C:/Users/TTV14SVilleK/AppData/Local/UnrealEngine/4.8/DerivedDataCache/Boot.ddc.
[2015.06.25-06.35.06:700][  0]LogInit: Texture streaming: Disabled
[2015.06.25-06.35.06:789][  0]LogAnalytics: Creating configured Analytics provider AnalyticsET
[2015.06.25-06.35.06:805][  0]LogAnalytics: [UEEditor.Rocket.Release] APIServer = http://et2.epicgames.com/ET2/. AppVersion = 4.8.1-2591939+++depot+UE4-Releases+4.8
[2015.06.25-06.35.06:806][  0]LogAnalytics: [UEEditor.Rocket.Release] SetUserId d652db00424d2d2668ac20b732403b95|13a6353d6e344fe8a6e53e6676d3b4bf|81e5f6f9-e625-4b87-83f3-869c0c4e9c34
[2015.06.25-06.35.06:806][  0]LogAnalytics: [UEEditor.Rocket.Release] AnalyticsET::StartSession
[2015.06.25-06.35.07:386][  0]LogInit: Transaction tracking system initialized
[2015.06.25-06.35.08:967][  0]BlueprintLog: New page: Editor Load
[2015.06.25-06.35.10:050][  0]LogAssetRegistry: FAssetRegistry took 0.8022 seconds to start up
[2015.06.25-06.35.11:149][  0]LogDirectoryWatcher:Warning: Failed to begin reading directory changes for ../../../Engine/Plugins/Experimental/CharacterAI/Content/. Error: 0
[2015.06.25-06.35.16:380][  0]LogConsoleManager:Warning: Console variable 'r.VSync' wasn't set ('GameSetting' has a lower priority than 'SystemSettingsIni')
[2015.06.25-06.35.16:380][  0]LogConsoleResponse:Display: 
[2015.06.25-06.35.16:637][  0]LogCook:Display: Done creating registry. It took  0.00s.
[2015.06.25-06.35.17:407][  0]SourceControl: Info Source control is disabled
[2015.06.25-06.35.17:445][  0]Cmd: MAP LOAD FILE="../../../../../../Users/TTV14SVilleK/Documents/GitHub/MayhemPunch/MayhemPunch 4.8/Content/Main/Maps/FirstPersonExampleMap.umap" TEMPLATE=0 SHOWPROGRESS=1 FEATURELEVEL=3
[2015.06.25-06.35.17:448][  0]LightingResults: New page: Lighting Build
[2015.06.25-06.35.17:577][  0]MapCheck: New page: Map Check
[2015.06.25-06.35.17:577][  0]LightingResults: New page: Lighting Build
[2015.06.25-06.35.17:686][  0]LogParticles: Destroying 0 GPU particle simulations for FXSystem 0x000000001337EF20
[2015.06.25-06.35.18:828][  0]LogLinker:Warning: Can't find file '/Game/FirstPersonBP/Meshes/FirstPerson_ProjectileMesh'
[2015.06.25-06.35.18:828][  0]LoadErrors: Info Failed to load /Game/Blueprints/Pawn/botCharacter.botCharacter_C Referenced by SkeletalMesh5EEEA93E4D0A4B6F5D93338CF43C8894
[2015.06.25-06.35.18:828][  0]LogLinker:Warning: Can't find file for asset '/Game/FirstPersonBP/Meshes/FirstPerson_ProjectileMesh' while loading ../../../../../../Users/TTV14SVilleK/Documents/GitHub/MayhemPunch/MayhemPunch 4.8/Content/FirstPersonBP/Blueprints/Dynamite.uasset.
[2015.06.25-06.35.18:828][  0]LoadErrors: Info Failed to load /Game/Blueprints/Pawn/botCharacter.botCharacter_C Referenced by SkeletalMesh5EEEA93E4D0A4B6F5D93338CF43C8894
[2015.06.25-06.35.18:828][  0]LoadErrors:Error: Error /Game/FirstPersonBP/Blueprints/Dynamite : Can't find file for asset. /Game/FirstPersonBP/Meshes/FirstPerson_ProjectileMesh
[2015.06.25-06.35.18:960][  0]LogLinker:Warning: Can't find file '/Game/FirstPersonBP/Meshes/FirstPerson_ProjectileMesh'
[2015.06.25-06.35.18:960][  0]LoadErrors: Info Failed to load /Game/Blueprints/Pawn/botCharacter.botCharacter_C Referenced by SkeletalMesh5EEEA93E4D0A4B6F5D93338CF43C8894
[2015.06.25-06.35.18:960][  0]LogLinker:Warning: Can't find file for asset '/Game/FirstPersonBP/Meshes/FirstPerson_ProjectileMesh' while loading ../../../../../../Users/TTV14SVilleK/Documents/GitHub/MayhemPunch/MayhemPunch 4.8/Content/FirstPersonBP/Blueprints/Dynamite.uasset.
[2015.06.25-06.35.18:960][  0]LoadErrors: Info Failed to load /Game/Blueprints/Pawn/botCharacter.botCharacter_C Referenced by SkeletalMesh5EEEA93E4D0A4B6F5D93338CF43C8894
[2015.06.25-06.35.18:960][  0]LoadErrors:Error: Error /Game/FirstPersonBP/Blueprints/Dynamite : Can't find file for asset. /Game/FirstPersonBP/Meshes/FirstPerson_ProjectileMesh
[2015.06.25-06.35.18:968][  0]LogLinker:Warning: Can't find file '/Game/FirstPersonBP/Meshes/FirstPerson_ProjectileMesh'
[2015.06.25-06.35.18:968][  0]LoadErrors: Info Failed to load /Game/Blueprints/Pawn/botCharacter.botCharacter_C Referenced by SkeletalMesh5EEEA93E4D0A4B6F5D93338CF43C8894
[2015.06.25-06.35.18:968][  0]LogLinker:Warning: Can't find file for asset '/Game/FirstPersonBP/Meshes/FirstPerson_ProjectileMesh' while loading ../../../../../../Users/TTV14SVilleK/Documents/GitHub/MayhemPunch/MayhemPunch 4.8/Content/Blueprints/Behavior/BTS_botDetectEnemy.uasset.
[2015.06.25-06.35.18:968][  0]LoadErrors: Info Failed to load /Game/Blueprints/Pawn/botCharacter.botCharacter_C Referenced by SkeletalMesh5EEEA93E4D0A4B6F5D93338CF43C8894
[2015.06.25-06.35.18:968][  0]LoadErrors:Error: Error /Game/Blueprints/Behavior/BTS_botDetectEnemy : Can't find file for asset. /Game/FirstPersonBP/Meshes/FirstPerson_ProjectileMesh
[2015.06.25-06.35.18:968][  0]LogLinker:Warning: Can't find file '/Game/FirstPersonBP/Meshes/FirstPerson_ProjectileMesh'
[2015.06.25-06.35.18:969][  0]LoadErrors: Info Failed to load /Game/Blueprints/Pawn/botCharacter.botCharacter_C Referenced by SkeletalMesh5EEEA93E4D0A4B6F5D93338CF43C8894
[2015.06.25-06.35.18:969][  0]LogLinker:Warning: Can't find file for asset '/Game/FirstPersonBP/Meshes/FirstPerson_ProjectileMesh' while loading ../../../../../../Users/TTV14SVilleK/Documents/GitHub/MayhemPunch/MayhemPunch 4.8/Content/Blueprints/Behavior/BTS_botDetectEnemy.uasset.
[2015.06.25-06.35.18:969][  0]LoadErrors: Info Failed to load /Game/Blueprints/Pawn/botCharacter.botCharacter_C Referenced by SkeletalMesh5EEEA93E4D0A4B6F5D93338CF43C8894
[2015.06.25-06.35.18:969][  0]LoadErrors:Error: Error /Game/Blueprints/Behavior/BTS_botDetectEnemy : Can't find file for asset. /Game/FirstPersonBP/Meshes/FirstPerson_ProjectileMesh
[2015.06.25-06.35.18:990][  0]LogLinker:Warning: Can't find file '/Game/FirstPersonBP/Meshes/FirstPerson_ProjectileMesh'
[2015.06.25-06.35.18:990][  0]LoadErrors: Info Failed to load /Game/Blueprints/Pawn/botCharacter.botCharacter_C Referenced by StaticMeshComponent_252__1AD2D010
[2015.06.25-06.35.18:990][  0]LogLinker:Warning: Can't find file for asset '/Game/FirstPersonBP/Meshes/FirstPerson_ProjectileMesh' while loading ../../../../../../Users/TTV14SVilleK/Documents/GitHub/MayhemPunch/MayhemPunch 4.8/Content/Blueprints/Behavior/BTS_botDetectEnemy.uasset.
[2015.06.25-06.35.18:990][  0]LoadErrors: Info Failed to load /Game/Blueprints/Pawn/botCharacter.botCharacter_C Referenced by StaticMeshComponent_252__1AD2D010
[2015.06.25-06.35.18:990][  0]LoadErrors:Error: Error /Game/Blueprints/Behavior/BTS_botDetectEnemy : Can't find file for asset. /Game/FirstPersonBP/Meshes/FirstPerson_ProjectileMesh
[2015.06.25-06.35.19:118][  0]LogLinker:Warning: Can't find file '/Game/FirstPersonBP/Audio/Strong_Punch-Mike_Koenig-574430706'
[2015.06.25-06.35.19:118][  0]LoadErrors: Info Failed to load /Game/Blueprints/Pawn/botCharacter.botCharacter_C Referenced by SkeletalMesh5EEEA93E4D0A4B6F5D93338CF43C8894
[2015.06.25-06.35.19:118][  0]LogLinker:Warning: Can't find file for asset '/Game/FirstPersonBP/Audio/Strong_Punch-Mike_Koenig-574430706' while loading ../../../../../../Users/TTV14SVilleK/Documents/GitHub/MayhemPunch/MayhemPunch 4.8/Content/FirstPersonBP/Blueprints/GravityHammerImpact.uasset.
[2015.06.25-06.35.19:119][  0]LoadErrors: Info Failed to load /Game/Blueprints/Pawn/botCharacter.botCharacter_C Referenced by SkeletalMesh5EEEA93E4D0A4B6F5D93338CF43C8894
[2015.06.25-06.35.19:119][  0]LoadErrors:Error: Error /Game/FirstPersonBP/Blueprints/GravityHammerImpact : Can't find file for asset. /Game/FirstPersonBP/Audio/Strong_Punch-Mike_Koenig-574430706
[2015.06.25-06.35.19:119][  0]LogLinker:Warning: Can't find file '/Game/FirstPersonBP/Audio/Strong_Punch-Mike_Koenig-574430706'
[2015.06.25-06.35.19:119][  0]LoadErrors: Info Failed to load /Game/Blueprints/Pawn/botCharacter.botCharacter_C Referenced by SkeletalMesh5EEEA93E4D0A4B6F5D93338CF43C8894
[2015.06.25-06.35.19:120][  0]LogLinker:Warning: Can't find file for asset '/Game/FirstPersonBP/Audio/Strong_Punch-Mike_Koenig-574430706' while loading ../../../../../../Users/TTV14SVilleK/Documents/GitHub/MayhemPunch/MayhemPunch 4.8/Content/FirstPersonBP/Blueprints/GravityHammerImpact.uasset.
[2015.06.25-06.35.19:120][  0]LoadErrors: Info Failed to load /Game/Blueprints/Pawn/botCharacter.botCharacter_C Referenced by SkeletalMesh5EEEA93E4D0A4B6F5D93338CF43C8894
[2015.06.25-06.35.19:120][  0]LoadErrors:Error: Error /Game/FirstPersonBP/Blueprints/GravityHammerImpact : Can't find file for asset. /Game/FirstPersonBP/Audio/Strong_Punch-Mike_Koenig-574430706
[2015.06.25-06.35.19:126][  0]LogLinker:Warning: Can't find file '/Game/FirstPersonBP/Audio/Strong_Punch-Mike_Koenig-574430706'
[2015.06.25-06.35.19:126][  0]LoadErrors: Info Failed to load /Game/Blueprints/Pawn/botCharacter.botCharacter_C Referenced by SkeletalMesh5EEEA93E4D0A4B6F5D93338CF43C8894
[2015.06.25-06.35.19:126][  0]LogLinker:Warning: Can't find file for asset '/Game/FirstPersonBP/Audio/Strong_Punch-Mike_Koenig-574430706' while loading ../../../../../../Users/TTV14SVilleK/Documents/GitHub/MayhemPunch/MayhemPunch 4.8/Content/Blueprints/Behavior/BTS_botDetectEnemy.uasset.
[2015.06.25-06.35.19:126][  0]LoadErrors: Info Failed to load /Game/Blueprints/Pawn/botCharacter.botCharacter_C Referenced by SkeletalMesh5EEEA93E4D0A4B6F5D93338CF43C8894
[2015.06.25-06.35.19:126][  0]LoadErrors:Error: Error /Game/Blueprints/Behavior/BTS_botDetectEnemy : Can't find file for asset. /Game/FirstPersonBP/Audio/Strong_Punch-Mike_Koenig-574430706
[2015.06.25-06.35.19:126][  0]LogLinker:Warning: Can't find file '/Game/FirstPersonBP/Audio/Strong_Punch-Mike_Koenig-574430706'
[2015.06.25-06.35.19:126][  0]LoadErrors: Info Failed to load /Game/Blueprints/Pawn/botCharacter.botCharacter_C Referenced by SkeletalMesh5EEEA93E4D0A4B6F5D93338CF43C8894
[2015.06.25-06.35.19:126][  0]LogLinker:Warning: Can't find file for asset '/Game/FirstPersonBP/Audio/Strong_Punch-Mike_Koenig-574430706' while loading ../../../../../../Users/TTV14SVilleK/Documents/GitHub/MayhemPunch/MayhemPunch 4.8/Content/Blueprints/Behavior/BTS_botDetectEnemy.uasset.
[2015.06.25-06.35.19:127][  0]LoadErrors: Info Failed to load /Game/Blueprints/Pawn/botCharacter.botCharacter_C Referenced by SkeletalMesh5EEEA93E4D0A4B6F5D93338CF43C8894
[2015.06.25-06.35.19:127][  0]LoadErrors:Error: Error /Game/Blueprints/Behavior/BTS_botDetectEnemy : Can't find file for asset. /Game/FirstPersonBP/Audio/Strong_Punch-Mike_Koenig-574430706
[2015.06.25-06.35.19:129][  0]LogLinker:Warning: Can't find file '/Game/FirstPersonBP/Audio/Strong_Punch-Mike_Koenig-574430706'
[2015.06.25-06.35.19:129][  0]LoadErrors: Info Failed to load /Game/Blueprints/Pawn/botCharacter.botCharacter_C Referenced by EdGraphPin_15423
[2015.06.25-06.35.19:130][  0]LogLinker:Warning: Can't find file for asset '/Game/FirstPersonBP/Audio/Strong_Punch-Mike_Koenig-574430706' while loading ../../../../../../Users/TTV14SVilleK/Documents/GitHub/MayhemPunch/MayhemPunch 4.8/Content/Blueprints/Behavior/BTS_botDetectEnemy.uasset.
[2015.06.25-06.35.19:130][  0]LoadErrors: Info Failed to load /Game/Blueprints/Pawn/botCharacter.botCharacter_C Referenced by EdGraphPin_15423
[2015.06.25-06.35.19:130][  0]LoadErrors:Error: Error /Game/Blueprints/Behavior/BTS_botDetectEnemy : Can't find file for asset. /Game/FirstPersonBP/Audio/Strong_Punch-Mike_Koenig-574430706
[2015.06.25-06.35.19:189][  0]LogLinker:Warning: Can't find file '/Game/FirstPersonBP/Audio/Strong_Punch-Mike_Koenig-574430706'
[2015.06.25-06.35.19:189][  0]LoadErrors: Info Failed to load /Game/Blueprints/Pawn/botCharacter.botCharacter_C Referenced by SkeletalMesh5EEEA93E4D0A4B6F5D93338CF43C8894
[2015.06.25-06.35.19:189][  0]LogLinker:Warning: Can't find file for asset '/Game/FirstPersonBP/Audio/Strong_Punch-Mike_Koenig-574430706' while loading ../../../../../../Users/TTV14SVilleK/Documents/GitHub/MayhemPunch/MayhemPunch 4.8/Content/FirstPersonBP/Blueprints/HitStaticMesh.uasset.
[2015.06.25-06.35.19:189][  0]LoadErrors: Info Failed to load /Game/Blueprints/Pawn/botCharacter.botCharacter_C Referenced by SkeletalMesh5EEEA93E4D0A4B6F5D93338CF43C8894
[2015.06.25-06.35.19:189][  0]LoadErrors:Error: Error /Game/FirstPersonBP/Blueprints/HitStaticMesh : Can't find file for asset. /Game/FirstPersonBP/Audio/Strong_Punch-Mike_Koenig-574430706
[2015.06.25-06.35.19:190][  0]LogLinker:Warning: Can't find file '/Game/FirstPersonBP/Audio/Strong_Punch-Mike_Koenig-574430706'
[2015.06.25-06.35.19:190][  0]LoadErrors: Info Failed to load /Game/Blueprints/Pawn/botCharacter.botCharacter_C Referenced by SkeletalMesh5EEEA93E4D0A4B6F5D93338CF43C8894
[2015.06.25-06.35.19:190][  0]LogLinker:Warning: Can't find file for asset '/Game/FirstPersonBP/Audio/Strong_Punch-Mike_Koenig-574430706' while loading ../../../../../../Users/TTV14SVilleK/Documents/GitHub/MayhemPunch/MayhemPunch 4.8/Content/FirstPersonBP/Blueprints/HitStaticMesh.uasset.
[2015.06.25-06.35.19:190][  0]LoadErrors: Info Failed to load /Game/Blueprints/Pawn/botCharacter.botCharacter_C Referenced by SkeletalMesh5EEEA93E4D0A4B6F5D93338CF43C8894
[2015.06.25-06.35.19:190][  0]LoadErrors:Error: Error /Game/FirstPersonBP/Blueprints/HitStaticMesh : Can't find file for asset. /Game/FirstPersonBP/Audio/Strong_Punch-Mike_Koenig-574430706
[2015.06.25-06.35.19:194][  0]LogLinker:Warning: Can't find file '/Game/FirstPersonBP/Audio/Strong_Punch-Mike_Koenig-574430706'
[2015.06.25-06.35.19:195][  0]LoadErrors: Info Failed to load /Game/Blueprints/Pawn/botCharacter.botCharacter_C Referenced by SkeletalMesh5EEEA93E4D0A4B6F5D93338CF43C8894
[2015.06.25-06.35.19:195][  0]LogLinker:Warning: Can't find file for asset '/Game/FirstPersonBP/Audio/Strong_Punch-Mike_Koenig-574430706' while loading ../../../../../../Users/TTV14SVilleK/Documents/GitHub/MayhemPunch/MayhemPunch 4.8/Content/Blueprints/Behavior/BTS_botDetectEnemy.uasset.
[2015.06.25-06.35.19:195][  0]LoadErrors: Info Failed to load /Game/Blueprints/Pawn/botCharacter.botCharacter_C Referenced by SkeletalMesh5EEEA93E4D0A4B6F5D93338CF43C8894
[2015.06.25-06.35.19:195][  0]LoadErrors:Error: Error /Game/Blueprints/Behavior/BTS_botDetectEnemy : Can't find file for asset. /Game/FirstPersonBP/Audio/Strong_Punch-Mike_Koenig-574430706
[2015.06.25-06.35.19:195][  0]LogLinker:Warning: Can't find file '/Game/FirstPersonBP/Audio/Strong_Punch-Mike_Koenig-574430706'
[2015.06.25-06.35.19:195][  0]LoadErrors: Info Failed to load /Game/Blueprints/Pawn/botCharacter.botCharacter_C Referenced by SkeletalMesh5EEEA93E4D0A4B6F5D93338CF43C8894
[2015.06.25-06.35.19:195][  0]LogLinker:Warning: Can't find file for asset '/Game/FirstPersonBP/Audio/Strong_Punch-Mike_Koenig-574430706' while loading ../../../../../../Users/TTV14SVilleK/Documents/GitHub/MayhemPunch/MayhemPunch 4.8/Content/Blueprints/Behavior/BTS_botDetectEnemy.uasset.
[2015.06.25-06.35.19:195][  0]LoadErrors: Info Failed to load /Game/Blueprints/Pawn/botCharacter.botCharacter_C Referenced by SkeletalMesh5EEEA93E4D0A4B6F5D93338CF43C8894
[2015.06.25-06.35.19:195][  0]LoadErrors:Error: Error /Game/Blueprints/Behavior/BTS_botDetectEnemy : Can't find file for asset. /Game/FirstPersonBP/Audio/Strong_Punch-Mike_Koenig-574430706
[2015.06.25-06.35.19:198][  0]LogLinker:Warning: Can't find file '/Game/FirstPersonBP/Audio/Strong_Punch-Mike_Koenig-574430706'
[2015.06.25-06.35.19:199][  0]LoadErrors: Info Failed to load /Game/Blueprints/Pawn/botCharacter.botCharacter_C Referenced by EdGraphPin_15423
[2015.06.25-06.35.19:199][  0]LogLinker:Warning: Can't find file for asset '/Game/FirstPersonBP/Audio/Strong_Punch-Mike_Koenig-574430706' while loading ../../../../../../Users/TTV14SVilleK/Documents/GitHub/MayhemPunch/MayhemPunch 4.8/Content/Blueprints/Behavior/BTS_botDetectEnemy.uasset.
[2015.06.25-06.35.19:199][  0]LoadErrors: Info Failed to load /Game/Blueprints/Pawn/botCharacter.botCharacter_C Referenced by EdGraphPin_15423
[2015.06.25-06.35.19:199][  0]LoadErrors:Error: Error /Game/Blueprints/Behavior/BTS_botDetectEnemy : Can't find file for asset. /Game/FirstPersonBP/Audio/Strong_Punch-Mike_Koenig-574430706
[2015.06.25-06.35.31:056][  0]LogTexture:Display: Building textures: T_ML_Aluminum01_N (BC5)
[2015.06.25-06.35.31:744][  0]LogTexture:Display: Building textures: T_ML_Aluminum01 (AutoDXT)
[2015.06.25-06.35.35:675][  0]LogTexture:Display: Building textures: T_ML_Rubber_Blue_01_N (BC5)
[2015.06.25-06.35.36:414][  0]LogTexture:Display: Building textures: T_ML_Rubber_Blue_01_D (AutoDXT)
[2015.06.25-06.35.46:147][  0]LogAIModule: Creating AISystem for world FirstPersonExampleMap
[2015.06.25-06.35.46:888][  0]LogEditorServer: Finished looking for orphan Actors (0.000 secs)
[2015.06.25-06.35.46:953][  0]Cmd: MAP CHECKDEP NOCLEARLOG
[2015.06.25-06.35.47:137][  0]MapCheck: Info Map check complete: 0 Error(s), 0 Warning(s), took 184.515ms to complete.
[2015.06.25-06.35.47:137][  0]LogFileHelpers: Loading map 'FirstPersonExampleMap' took 29.707
[2015.06.25-06.35.47:986][  0]LogCollectionManager: Loaded 0 collections in 0.001993 seconds
[2015.06.25-06.35.48:006][  0]LogContentBrowser: Native class hierarchy populated in 0.0184 seconds. Added 1792 classes and 301 folders.
[2015.06.25-06.35.48:299][  0]LogContentBrowser: Native class hierarchy updated for 'WidgetCarousel' in 0.0006 seconds. Added 0 classes and 0 folders.
[2015.06.25-06.35.49:430][  0]LogContentBrowser: Native class hierarchy updated for 'AddContentDialog' in 0.0006 seconds. Added 0 classes and 0 folders.
[2015.06.25-06.35.49:527][  0]LogContentBrowser: Native class hierarchy updated for 'SceneOutliner' in 0.0006 seconds. Added 1 classes and 2 folders.
[2015.06.25-06.35.50:586][  0]LogCrashTracker: Crashtracker disabled due to settings.
[2015.06.25-06.35.50:711][  0]LogUObjectGlobals:Warning: Failed to find object 'Class None.'
[2015.06.25-06.35.50:752][  0]LogLoad: Full Startup: 71.94 seconds (BP compile: 3.32 seconds)
[2015.06.25-06.35.50:771][  0]LoadErrors:Error: Error Failed import for AudioComponent /Game/Main/Blueprints/FirstPersonCharacter.FirstPersonCharacter_C:AudioE629F72F425E7894FB7C6E816B2F8AE6
[2015.06.25-06.35.50:771][  0]LoadErrors:Error: Error Failed import for BoxComponent /Game/Main/Blueprints/FirstPersonCharacter.FirstPersonCharacter_C:BoxC53B2949425F6BAEB26F87B4A65D38A9
[2015.06.25-06.35.50:771][  0]LoadErrors:Error: Error Failed import for RadialForceComponent /Game/Main/Blueprints/FirstPersonCharacter.FirstPersonCharacter_C:RadialForceB54A158B46B03AC5F951BA957FE0798B
[2015.06.25-06.35.50:771][  0]LoadErrors:Error: Error Failed import for SkeletalMeshComponent /Game/Main/Blueprints/FirstPersonCharacter.FirstPersonCharacter_C:SkeletalMeshComponent_8__FC42DFE8
[2015.06.25-06.35.50:771][  0]LoadErrors:Error: Error Failed import for SphereComponent /Game/Main/Blueprints/FirstPersonCharacter.FirstPersonCharacter_C:Sphere3744965A4833EF9F0900B493229B79C5
[2015.06.25-06.35.50:772][  0]LoadErrors:Error: Error Failed import for SphereComponent /Game/Main/Blueprints/FirstPersonCharacter.FirstPersonCharacter_C:SphereD3FA5D564A60F21E1A551EA7F8E48A3B
[2015.06.25-06.35.51:071][  0]LogContentStreaming: Texture pool size is 0.000000MB
[2015.06.25-06.35.51:148][  0]LogContentStreaming: Texture pool size now 1000 MB
[2015.06.25-06.35.51:700][  0]LogRenderer: Reallocating scene render targets to support 1208x632 (Frame:2).
[2015.06.25-06.35.53:232][ 17]LogAssetRegistry: Asset discovery search completed in 43.2748 seconds
[2015.06.25-06.36.11:017][133]BlueprintLog: New page: Pre-PIE auto-recompile
[2015.06.25-06.36.11:017][133]LogPlayLevel: [PIE] Compiling FirstPersonExampleMap before PIE...
[2015.06.25-06.36.11:963][133]LogPlayLevel: PIE:  Blueprint regeneration took 975 ms (1 blueprints)
[2015.06.25-06.36.12:000][133]PIE: New page: PIE session: FirstPersonExampleMap (Jun 25, 2015, 12:36:11 PM)
[2015.06.25-06.36.12:001][133]LogPlayLevel: Creating play world package: /Game/Main/Maps/UEDPIE_0_FirstPersonExampleMap
[2015.06.25-06.36.12:184][133]LogPlayLevel: PIE: StaticDuplicateObject took: (0.182642s)
[2015.06.25-06.36.12:184][133]LogAIModule: Creating AISystem for world FirstPersonExampleMap
[2015.06.25-06.36.12:185][133]LogPlayLevel: PIE: World Init took: (0.000998s)
[2015.06.25-06.36.12:185][133]LogPlayLevel: PIE: Created PIE world by copying editor world from /Game/Main/Maps/FirstPersonExampleMap.FirstPersonExampleMap to /Game/Main/Maps/UEDPIE_0_FirstPersonExampleMap.FirstPersonExampleMap (0.184139s)
[2015.06.25-06.36.12:208][133]LogInit: XAudio2 using 'Speakers (High Definition Audio Device)' : 2 channels at 48 kHz using 32 bits per sample (channel mask 0x3)
[2015.06.25-06.36.12:214][133]LogInit: FAudioDevice initialized.
[2015.06.25-06.36.12:284][133]LogWorld: Game class is 'FirstPersonGameMode_C'
[2015.06.25-06.36.12:431][133]LogWorld:Warning: *** WARNING - PATHS MAY NOT BE VALID ***
[2015.06.25-06.36.12:431][133]LogWorld: Bringing World /Game/Main/Maps/UEDPIE_0_FirstPersonExampleMap.FirstPersonExampleMap up for play (max tick rate 0) at 2015.06.25-09.36.12
[2015.06.25-06.36.12:431][133]LogActor:Warning: GameSession /Game/Main/Maps/UEDPIE_0_FirstPersonExampleMap.FirstPersonExampleMap:PersistentLevel.GameSession_0 has natively added scene component(s), but none of them were set as the actor's RootComponent - picking one arbitrarily
[2015.06.25-06.36.12:432][133]LogActor:Warning: GameNetworkManager /Game/Main/Maps/UEDPIE_0_FirstPersonExampleMap.FirstPersonExampleMap:PersistentLevel.GameNetworkManager_0 has natively added scene component(s), but none of them were set as the actor's RootComponent - picking one arbitrarily
[2015.06.25-06.36.12:482][133]LogWorld: Bringing up level for play took: 0.146950
[2015.06.25-06.36.12:492][133]LogVoice:Warning: Failed to initialize voice interface
[2015.06.25-06.36.12:526][133]LogOnline:Warning: NULL: Can't start an online game for session (Game) that hasn't been created
[2015.06.25-06.36.12:532][133]PIE: Info Play in editor start time for /Game/Main/Maps/UEDPIE_0_FirstPersonExampleMap 0.554
[2015.06.25-06.36.12:701][134]LogStats:Warning: MetaData mismatch. Did you assign a stat to two groups? New //STATGROUP_Threads//OnlineAsyncTaskThreadNull///Thread_1378_0///####STATCAT_Advanced#### old //STATGROUP_Threads//OnlineAsyncTaskThreadNull///Thread_133c_0///####STATCAT_Advanced####
[2015.06.25-06.36.23:393][568]LogScript:Warning: Accessed None 'my hud'
	FirstPersonExampleMap_C /Game/Main/Maps/UEDPIE_0_FirstPersonExampleMap.FirstPersonExampleMap:PersistentLevel.FirstPersonExampleMap_C_1
	Function /Game/Main/Maps/FirstPersonExampleMap.FirstPersonExampleMap_C:ExecuteUbergraph_FirstPersonExampleMap:0045
[2015.06.25-06.36.23:393][568]PIE:Error: Error Accessed None 'my hud' from node Set TextVisibility in graph 'EventGraph' in blueprint FirstPersonExampleMap
[2015.06.25-06.36.23:393][568]LogScript:Warning: Attempt to assign variable through None
	FirstPersonExampleMap_C /Game/Main/Maps/UEDPIE_0_FirstPersonExampleMap.FirstPersonExampleMap:PersistentLevel.FirstPersonExampleMap_C_1
	Function /Game/Main/Maps/FirstPersonExampleMap.FirstPersonExampleMap_C:ExecuteUbergraph_FirstPersonExampleMap:005B
[2015.06.25-06.36.23:393][568]PIE:Error: Error Attempt to assign variable through None from node Set TextVisibility in graph 'EventGraph' in blueprint FirstPersonExampleMap
[2015.06.25-06.37.01:974][211]PIE:Warning: Warning Mobility of None : ModelComponent_6555 has to be 'Movable' if you'd like to AddImpulseAtLocation. 
[2015.06.25-06.37.02:874][252]PIE:Warning: Warning Mobility of None : ModelComponent_6555 has to be 'Movable' if you'd like to AddImpulseAtLocation. 
[2015.06.25-06.37.03:529][280]PIE:Warning: Warning Dynamite_C_2.CollisionComponent has to have 'Simulate Physics' enabled if you'd like to AddImpulseAtLocation. 
[2015.06.25-06.37.03:530][280]PIE:Warning: Warning Dynamite_C_3.CollisionComponent has to have 'Simulate Physics' enabled if you'd like to AddImpulseAtLocation. 
[2015.06.25-06.37.04:290][312]PIE:Warning: Warning Mobility of None : ModelComponent_6555 has to be 'Movable' if you'd like to AddImpulseAtLocation. 
[2015.06.25-06.37.05:197][351]PIE:Warning: Warning Mobility of None : ModelComponent_6555 has to be 'Movable' if you'd like to AddImpulseAtLocation. 
[2015.06.25-06.37.06:887][420]PIE:Warning: Warning Mobility of None : ModelComponent_6460 has to be 'Movable' if you'd like to AddImpulseAtLocation. 
[2015.06.25-06.37.07:560][449]PIE:Warning: Warning Mobility of None : ModelComponent_6555 has to be 'Movable' if you'd like to AddImpulseAtLocation. 
[2015.06.25-06.37.07:706][455]PIE:Warning: Warning Dynamite_C_6.CollisionComponent has to have 'Simulate Physics' enabled if you'd like to AddImpulseAtLocation. 
[2015.06.25-06.37.07:706][455]PIE:Warning: Warning Dynamite_C_7.CollisionComponent has to have 'Simulate Physics' enabled if you'd like to AddImpulseAtLocation. 
[2015.06.25-06.37.08:393][485]PIE:Warning: Warning Mobility of None : ModelComponent_6555 has to be 'Movable' if you'd like to AddImpulseAtLocation. 
[2015.06.25-06.37.13:158][699]PIE:Warning: Warning Mobility of None : ModelComponent_6555 has to be 'Movable' if you'd like to AddImpulseAtLocation. 
[2015.06.25-06.37.14:061][737]PIE:Warning: Warning Dynamite_C_10.CollisionComponent has to have 'Simulate Physics' enabled if you'd like to AddImpulseAtLocation. 
[2015.06.25-06.37.14:061][737]PIE:Warning: Warning Dynamite_C_11.CollisionComponent has to have 'Simulate Physics' enabled if you'd like to AddImpulseAtLocation. 
[2015.06.25-06.37.14:923][772]PIE:Warning: Warning Mobility of None : ModelComponent_6459 has to be 'Movable' if you'd like to AddImpulseAtLocation. 
[2015.06.25-06.37.15:730][804]PIE:Warning: Warning Mobility of None : ModelComponent_6437 has to be 'Movable' if you'd like to AddImpulseAtLocation. 
[2015.06.25-06.37.16:127][819]PIE:Warning: Warning Mobility of None : ModelComponent_6510 has to be 'Movable' if you'd like to AddImpulseAtLocation. 
[2015.06.25-06.37.17:988][893]PIE:Warning: Warning Mobility of None : ModelComponent_6438 has to be 'Movable' if you'd like to AddImpulseAtLocation. 
[2015.06.25-06.37.18:522][913]PIE:Warning: Warning Mobility of None : ModelComponent_6438 has to be 'Movable' if you'd like to AddImpulseAtLocation. 
[2015.06.25-06.37.18:687][919]PIE:Warning: Warning Dynamite_C_16.CollisionComponent has to have 'Simulate Physics' enabled if you'd like to AddImpulseAtLocation. 
[2015.06.25-06.37.18:688][919]PIE:Warning: Warning Dynamite_C_17.CollisionComponent has to have 'Simulate Physics' enabled if you'd like to AddImpulseAtLocation. 
[2015.06.25-06.37.18:926][928]PIE:Warning: Warning Mobility of None : ModelComponent_6438 has to be 'Movable' if you'd like to AddImpulseAtLocation. 
[2015.06.25-06.37.21:804][ 44]PIE:Warning: Warning Mobility of None : ModelComponent_6437 has to be 'Movable' if you'd like to AddImpulseAtLocation. 
[2015.06.25-06.37.21:981][ 50]PIE:Warning: Warning Dynamite_C_19.CollisionComponent has to have 'Simulate Physics' enabled if you'd like to AddImpulseAtLocation. 
[2015.06.25-06.37.21:981][ 50]PIE:Warning: Warning Dynamite_C_20.CollisionComponent has to have 'Simulate Physics' enabled if you'd like to AddImpulseAtLocation. 
[2015.06.25-06.37.22:158][ 56]PIE:Warning: Warning Dynamite_C_20.CollisionComponent has to have 'Simulate Physics' enabled if you'd like to AddImpulseAtLocation. 
[2015.06.25-06.37.22:158][ 56]PIE:Warning: Warning Dynamite_C_21.CollisionComponent has to have 'Simulate Physics' enabled if you'd like to AddImpulseAtLocation. 
[2015.06.25-06.37.22:278][ 60]PIE:Warning: Warning Dynamite_C_21.CollisionComponent has to have 'Simulate Physics' enabled if you'd like to AddImpulseAtLocation. 
[2015.06.25-06.37.22:279][ 60]PIE:Warning: Warning Dynamite_C_22.CollisionComponent has to have 'Simulate Physics' enabled if you'd like to AddImpulseAtLocation. 
[2015.06.25-06.37.22:427][ 65]PIE:Warning: Warning Dynamite_C_22.CollisionComponent has to have 'Simulate Physics' enabled if you'd like to AddImpulseAtLocation. 
[2015.06.25-06.37.22:428][ 65]PIE:Warning: Warning Dynamite_C_23.CollisionComponent has to have 'Simulate Physics' enabled if you'd like to AddImpulseAtLocation. 
[2015.06.25-06.37.22:580][ 70]PIE:Warning: Warning Dynamite_C_23.CollisionComponent has to have 'Simulate Physics' enabled if you'd like to AddImpulseAtLocation. 
[2015.06.25-06.37.22:581][ 70]PIE:Warning: Warning Dynamite_C_24.CollisionComponent has to have 'Simulate Physics' enabled if you'd like to AddImpulseAtLocation. 
[2015.06.25-06.37.22:767][ 76]PIE:Warning: Warning Dynamite_C_24.CollisionComponent has to have 'Simulate Physics' enabled if you'd like to AddImpulseAtLocation. 
[2015.06.25-06.37.22:767][ 76]PIE:Warning: Warning Dynamite_C_25.CollisionComponent has to have 'Simulate Physics' enabled if you'd like to AddImpulseAtLocation. 
[2015.06.25-06.37.22:912][ 81]PIE:Warning: Warning Dynamite_C_25.CollisionComponent has to have 'Simulate Physics' enabled if you'd like to AddImpulseAtLocation. 
[2015.06.25-06.37.22:912][ 81]PIE:Warning: Warning Dynamite_C_26.CollisionComponent has to have 'Simulate Physics' enabled if you'd like to AddImpulseAtLocation. 
[2015.06.25-06.37.23:053][ 86]PIE:Warning: Warning Dynamite_C_26.CollisionComponent has to have 'Simulate Physics' enabled if you'd like to AddImpulseAtLocation. 
[2015.06.25-06.37.23:054][ 86]PIE:Warning: Warning Dynamite_C_27.CollisionComponent has to have 'Simulate Physics' enabled if you'd like to AddImpulseAtLocation. 
[2015.06.25-06.37.23:221][ 92]PIE:Warning: Warning Dynamite_C_27.CollisionComponent has to have 'Simulate Physics' enabled if you'd like to AddImpulseAtLocation. 
[2015.06.25-06.37.23:221][ 92]PIE:Warning: Warning Dynamite_C_28.CollisionComponent has to have 'Simulate Physics' enabled if you'd like to AddImpulseAtLocation. 
[2015.06.25-06.37.23:388][ 98]PIE:Warning: Warning Dynamite_C_28.CollisionComponent has to have 'Simulate Physics' enabled if you'd like to AddImpulseAtLocation. 
[2015.06.25-06.37.23:388][ 98]PIE:Warning: Warning Dynamite_C_29.CollisionComponent has to have 'Simulate Physics' enabled if you'd like to AddImpulseAtLocation. 
[2015.06.25-06.37.23:556][104]PIE:Warning: Warning Dynamite_C_29.CollisionComponent has to have 'Simulate Physics' enabled if you'd like to AddImpulseAtLocation. 
[2015.06.25-06.37.23:556][104]PIE:Warning: Warning Dynamite_C_30.CollisionComponent has to have 'Simulate Physics' enabled if you'd like to AddImpulseAtLocation. 
[2015.06.25-06.37.26:246][212]PIE:Warning: Warning Mobility of None : ModelComponent_6460 has to be 'Movable' if you'd like to AddImpulseAtLocation. 
[2015.06.25-06.37.26:682][229]PIE:Warning: Warning Mobility of None : ModelComponent_6460 has to be 'Movable' if you'd like to AddImpulseAtLocation. 
[2015.06.25-06.37.26:912][238]PIE:Warning: Warning Mobility of None : ModelComponent_6460 has to be 'Movable' if you'd like to AddImpulseAtLocation. 
[2015.06.25-06.37.27:409][257]PIE:Warning: Warning Mobility of None : ModelComponent_6438 has to be 'Movable' if you'd like to AddImpulseAtLocation. 
[2015.06.25-06.37.27:619][265]PIE:Warning: Warning Mobility of None : ModelComponent_6438 has to be 'Movable' if you'd like to AddImpulseAtLocation. 
[2015.06.25-06.37.27:883][275]PIE:Warning: Warning Mobility of None : ModelComponent_6438 has to be 'Movable' if you'd like to AddImpulseAtLocation. 
[2015.06.25-06.37.28:118][284]PIE:Warning: Warning Mobility of None : ModelComponent_6438 has to be 'Movable' if you'd like to AddImpulseAtLocation. 
[2015.06.25-06.37.28:352][293]PIE:Warning: Warning Mobility of None : ModelComponent_6438 has to be 'Movable' if you'd like to AddImpulseAtLocation. 
[2015.06.25-06.37.28:533][300]PIE:Warning: Warning Mobility of None : ModelComponent_6438 has to be 'Movable' if you'd like to AddImpulseAtLocation. 
[2015.06.25-06.37.28:761][309]PIE:Warning: Warning Mobility of None : ModelComponent_6510 has to be 'Movable' if you'd like to AddImpulseAtLocation. 
[2015.06.25-06.37.29:013][319]PIE:Warning: Warning Mobility of None : ModelComponent_6510 has to be 'Movable' if you'd like to AddImpulseAtLocation. 
[2015.06.25-06.37.29:290][330]PIE:Warning: Warning Mobility of None : ModelComponent_6510 has to be 'Movable' if you'd like to AddImpulseAtLocation. 
[2015.06.25-06.37.29:542][340]PIE:Warning: Warning Mobility of None : ModelComponent_6510 has to be 'Movable' if you'd like to AddImpulseAtLocation. 
[2015.06.25-06.37.29:821][351]PIE:Warning: Warning Mobility of None : ModelComponent_6510 has to be 'Movable' if you'd like to AddImpulseAtLocation. 
[2015.06.25-06.37.30:126][363]PIE:Warning: Warning Mobility of None : ModelComponent_6510 has to be 'Movable' if you'd like to AddImpulseAtLocation. 
[2015.06.25-06.37.30:512][378]PIE:Warning: Warning Mobility of None : ModelComponent_6510 has to be 'Movable' if you'd like to AddImpulseAtLocation. 
[2015.06.25-06.37.30:885][393]PIE:Warning: Warning Mobility of None : ModelComponent_6488 has to be 'Movable' if you'd like to AddImpulseAtLocation. 
[2015.06.25-06.37.31:129][403]PIE:Warning: Warning Mobility of None : ModelComponent_6488 has to be 'Movable' if you'd like to AddImpulseAtLocation. 
[2015.06.25-06.37.31:399][411]LogOnline:Display: NULL: FOnlineSubsystemNull::Shutdown()
[2015.06.25-06.37.31:405][411]LogPlayLevel:Display: Shutting down PIE online subsystems
[2015.06.25-06.37.31:445][411]LogParticles: Destroying 0 GPU particle simulations for FXSystem 0x0000000034D247C0
[2015.06.25-06.37.31:540][412]LogPlayLevel:Display: Destroying online subsystem :Context_4
[2015.06.25-06.37.31:540][412]LogOnline:Display: NULL: FOnlineSubsystemNull::Shutdown()
[2015.06.25-06.37.32:756][486]BlueprintLog: New page: Pre-PIE auto-recompile
[2015.06.25-06.37.32:756][486]LogPlayLevel: [PIE] Compiling FirstPersonExampleMap before PIE...
[2015.06.25-06.37.32:875][486]LogPlayLevel: PIE:  Blueprint regeneration took 118 ms (1 blueprints)
[2015.06.25-06.37.32:875][486]PIE: New page: PIE session: FirstPersonExampleMap (Jun 25, 2015, 12:37:32 PM)
[2015.06.25-06.37.32:876][486]LogPlayLevel: Creating play world package: /Game/Main/Maps/UEDPIE_0_FirstPersonExampleMap
[2015.06.25-06.37.33:001][486]LogPlayLevel: PIE: StaticDuplicateObject took: (0.124767s)
[2015.06.25-06.37.33:001][486]LogAIModule: Creating AISystem for world FirstPersonExampleMap
[2015.06.25-06.37.33:002][486]LogPlayLevel: PIE: World Init took: (0.001544s)
[2015.06.25-06.37.33:002][486]LogPlayLevel: PIE: Created PIE world by copying editor world from /Game/Main/Maps/FirstPersonExampleMap.FirstPersonExampleMap to /Game/Main/Maps/UEDPIE_0_FirstPersonExampleMap.FirstPersonExampleMap (0.126515s)
[2015.06.25-06.37.33:026][486]LogInit: XAudio2 using 'Speakers (High Definition Audio Device)' : 2 channels at 48 kHz using 32 bits per sample (channel mask 0x3)
[2015.06.25-06.37.33:031][486]LogInit: FAudioDevice initialized.
[2015.06.25-06.37.33:064][486]LogWorld: Game class is 'FirstPersonGameMode_C'
[2015.06.25-06.37.33:081][486]LogWorld:Warning: *** WARNING - PATHS MAY NOT BE VALID ***
[2015.06.25-06.37.33:081][486]LogWorld: Bringing World /Game/Main/Maps/UEDPIE_0_FirstPersonExampleMap.FirstPersonExampleMap up for play (max tick rate 0) at 2015.06.25-09.37.33
[2015.06.25-06.37.33:081][486]LogActor:Warning: GameSession /Game/Main/Maps/UEDPIE_0_FirstPersonExampleMap.FirstPersonExampleMap:PersistentLevel.GameSession_1 has natively added scene component(s), but none of them were set as the actor's RootComponent - picking one arbitrarily
[2015.06.25-06.37.33:081][486]LogActor:Warning: GameNetworkManager /Game/Main/Maps/UEDPIE_0_FirstPersonExampleMap.FirstPersonExampleMap:PersistentLevel.GameNetworkManager_1 has natively added scene component(s), but none of them were set as the actor's RootComponent - picking one arbitrarily
[2015.06.25-06.37.33:096][486]LogWorld: Bringing up level for play took: 0.030936
[2015.06.25-06.37.33:107][486]LogVoice:Warning: Failed to initialize voice interface
[2015.06.25-06.37.33:108][486]LogOnline:Warning: NULL: Can't start an online game for session (Game) that hasn't been created
[2015.06.25-06.37.33:110][486]PIE: Info Play in editor start time for /Game/Main/Maps/UEDPIE_0_FirstPersonExampleMap 1.134
[2015.06.25-06.37.33:126][487]LogStats:Warning: MetaData mismatch. Did you assign a stat to two groups? New //STATGROUP_Threads//OnlineAsyncTaskThreadNull///Thread_1368_0///####STATCAT_Advanced#### old //STATGROUP_Threads//OnlineAsyncTaskThreadNull///Thread_133c_0///####STATCAT_Advanced####
[2015.06.25-06.38.07:472][ 16]PIE:Warning: Warning Mobility of None : ModelComponent_6474 has to be 'Movable' if you'd like to AddImpulseAtLocation. 
[2015.06.25-06.38.10:518][157]PIE:Warning: Warning Mobility of None : ModelComponent_6504 has to be 'Movable' if you'd like to AddImpulseAtLocation. 
[2015.06.25-06.38.13:403][292]PIE:Warning: Warning Mobility of None : ModelComponent_6510 has to be 'Movable' if you'd like to AddImpulseAtLocation. 
[2015.06.25-06.38.15:032][367]PIE:Warning: Warning Mobility of None : ModelComponent_6436 has to be 'Movable' if you'd like to AddImpulseAtLocation. 
[2015.06.25-06.38.18:371][524]PIE:Warning: Warning FirstPersonCharacter_C_11.DamageBox has to have 'Simulate Physics' enabled if you'd like to AddImpulseAtLocation. 
[2015.06.25-06.38.20:389][618]PIE:Warning: Warning FirstPersonCharacter_C_11.CollisionCylinder has to have 'Simulate Physics' enabled if you'd like to AddImpulseAtLocation. 
[2015.06.25-06.38.24:079][782]LogOnline:Display: NULL: FOnlineSubsystemNull::Shutdown()
[2015.06.25-06.38.24:079][782]LogPlayLevel:Display: Shutting down PIE online subsystems
[2015.06.25-06.38.24:112][782]LogParticles: Destroying 0 GPU particle simulations for FXSystem 0x0000000032F73420
[2015.06.25-06.38.24:142][784]LogPlayLevel:Display: Destroying online subsystem :Context_5
[2015.06.25-06.38.24:143][784]LogOnline:Display: NULL: FOnlineSubsystemNull::Shutdown()
[2015.06.25-06.38.31:953][370]BlueprintLog: New page: Pre-PIE auto-recompile
[2015.06.25-06.38.31:953][370]LogPlayLevel: [PIE] Compiling FirstPersonExampleMap before PIE...
[2015.06.25-06.38.32:065][370]LogPlayLevel: PIE:  Blueprint regeneration took 111 ms (1 blueprints)
[2015.06.25-06.38.32:065][370]PIE: New page: PIE session: FirstPersonExampleMap (Jun 25, 2015, 12:38:32 PM)
[2015.06.25-06.38.32:066][370]LogPlayLevel: Creating play world package: /Game/Main/Maps/UEDPIE_0_FirstPersonExampleMap
[2015.06.25-06.38.32:187][370]LogPlayLevel: PIE: StaticDuplicateObject took: (0.120609s)
[2015.06.25-06.38.32:187][370]LogAIModule: Creating AISystem for world FirstPersonExampleMap
[2015.06.25-06.38.32:188][370]LogPlayLevel: PIE: World Init took: (0.001249s)
[2015.06.25-06.38.32:188][370]LogPlayLevel: PIE: Created PIE world by copying editor world from /Game/Main/Maps/FirstPersonExampleMap.FirstPersonExampleMap to /Game/Main/Maps/UEDPIE_0_FirstPersonExampleMap.FirstPersonExampleMap (0.122054s)
[2015.06.25-06.38.32:210][370]LogInit: XAudio2 using 'Speakers (High Definition Audio Device)' : 2 channels at 48 kHz using 32 bits per sample (channel mask 0x3)
[2015.06.25-06.38.32:215][370]LogInit: FAudioDevice initialized.
[2015.06.25-06.38.32:252][370]LogWorld: Game class is 'FirstPersonGameMode_C'
[2015.06.25-06.38.32:282][370]LogWorld:Warning: *** WARNING - PATHS MAY NOT BE VALID ***
[2015.06.25-06.38.32:282][370]LogWorld: Bringing World /Game/Main/Maps/UEDPIE_0_FirstPersonExampleMap.FirstPersonExampleMap up for play (max tick rate 0) at 2015.06.25-09.38.32
[2015.06.25-06.38.32:282][370]LogActor:Warning: GameSession /Game/Main/Maps/UEDPIE_0_FirstPersonExampleMap.FirstPersonExampleMap:PersistentLevel.GameSession_2 has natively added scene component(s), but none of them were set as the actor's RootComponent - picking one arbitrarily
[2015.06.25-06.38.32:283][370]LogActor:Warning: GameNetworkManager /Game/Main/Maps/UEDPIE_0_FirstPersonExampleMap.FirstPersonExampleMap:PersistentLevel.GameNetworkManager_2 has natively added scene component(s), but none of them were set as the actor's RootComponent - picking one arbitrarily
[2015.06.25-06.38.32:301][370]LogWorld: Bringing up level for play took: 0.045463
[2015.06.25-06.38.32:311][370]LogVoice:Warning: Failed to initialize voice interface
[2015.06.25-06.38.32:312][370]LogOnline:Warning: NULL: Can't start an online game for session (Game) that hasn't been created
[2015.06.25-06.38.32:314][370]PIE: Info Play in editor start time for /Game/Main/Maps/UEDPIE_0_FirstPersonExampleMap 0.34
[2015.06.25-06.38.32:329][371]LogStats:Warning: MetaData mismatch. Did you assign a stat to two groups? New //STATGROUP_Threads//OnlineAsyncTaskThreadNull///Thread_194c_0///####STATCAT_Advanced#### old //STATGROUP_Threads//OnlineAsyncTaskThreadNull///Thread_133c_0///####STATCAT_Advanced####
[2015.06.25-06.38.37:133][564]PIE:Warning: Warning GravityHammerImpact_C_56.CollisionComponent has to have 'Simulate Physics' enabled if you'd like to AddImpulseAtLocation. 
[2015.06.25-06.39.38:829][354]PIE:Warning: Warning Mobility of None : ModelComponent_6504 has to be 'Movable' if you'd like to AddImpulseAtLocation. 
[2015.06.25-06.39.39:656][389]PIE:Warning: Warning Mobility of None : ModelComponent_6504 has to be 'Movable' if you'd like to AddImpulseAtLocation. 
[2015.06.25-06.39.40:056][405]PIE:Warning: Warning Mobility of None : ModelComponent_6436 has to be 'Movable' if you'd like to AddImpulseAtLocation. 
[2015.06.25-06.39.40:080][406]PIE:Warning: Warning FirstPersonCharacter_C_12.DamageBox has to have 'Simulate Physics' enabled if you'd like to AddImpulseAtLocation. 
[2015.06.25-06.39.40:252][413]PIE:Warning: Warning FirstPersonCharacter_C_12.DamageBox has to have 'Simulate Physics' enabled if you'd like to AddImpulseAtLocation. 
[2015.06.25-06.39.40:440][420]PIE:Warning: Warning FirstPersonCharacter_C_12.DamageBox has to have 'Simulate Physics' enabled if you'd like to AddImpulseAtLocation. 
[2015.06.25-06.39.40:581][425]PIE:Warning: Warning FirstPersonCharacter_C_12.DamageBox has to have 'Simulate Physics' enabled if you'd like to AddImpulseAtLocation. 
[2015.06.25-06.39.40:753][431]PIE:Warning: Warning Mobility of None : ModelComponent_6484 has to be 'Movable' if you'd like to AddImpulseAtLocation. 
[2015.06.25-06.39.41:343][454]PIE:Warning: Warning FirstPersonCharacter_C_12.DamageBox has to have 'Simulate Physics' enabled if you'd like to AddImpulseAtLocation. 
[2015.06.25-06.39.41:544][462]PIE:Warning: Warning FirstPersonCharacter_C_12.DamageBox has to have 'Simulate Physics' enabled if you'd like to AddImpulseAtLocation. 
[2015.06.25-06.39.42:119][484]PIE:Warning: Warning FirstPersonCharacter_C_12.DamageBox has to have 'Simulate Physics' enabled if you'd like to AddImpulseAtLocation. 
[2015.06.25-06.39.42:737][508]PIE:Warning: Warning FirstPersonCharacter_C_12.CollisionCylinder has to have 'Simulate Physics' enabled if you'd like to AddImpulseAtLocation. 
[2015.06.25-06.39.42:737][508]PIE:Warning: Warning FirstPersonCharacter_C_12.CollisionCylinder has to have 'Simulate Physics' enabled if you'd like to AddImpulseAtLocation. 
[2015.06.25-06.39.42:763][509]PIE:Warning: Warning FirstPersonCharacter_C_12.CollisionCylinder has to have 'Simulate Physics' enabled if you'd like to AddImpulseAtLocation. 
[2015.06.25-06.39.42:763][509]PIE:Warning: Warning FirstPersonCharacter_C_12.CollisionCylinder has to have 'Simulate Physics' enabled if you'd like to AddImpulseAtLocation. 
[2015.06.25-06.39.44:163][566]PIE:Warning: Warning Mobility of None : ModelComponent_6460 has to be 'Movable' if you'd like to AddImpulseAtLocation. 
[2015.06.25-06.39.44:318][572]PIE:Warning: Warning Dynamite_C_68.CollisionComponent has to have 'Simulate Physics' enabled if you'd like to AddImpulseAtLocation. 
[2015.06.25-06.39.44:318][572]PIE:Warning: Warning Dynamite_C_69.CollisionComponent has to have 'Simulate Physics' enabled if you'd like to AddImpulseAtLocation. 
[2015.06.25-06.39.47:971][721]PIE:Warning: Warning Mobility of None : ModelComponent_6460 has to be 'Movable' if you'd like to AddImpulseAtLocation. 
[2015.06.25-06.39.49:634][789]PIE:Warning: Warning Dynamite_C_70.CollisionComponent has to have 'Simulate Physics' enabled if you'd like to AddImpulseAtLocation. 
[2015.06.25-06.39.49:634][789]PIE:Warning: Warning Dynamite_C_71.CollisionComponent has to have 'Simulate Physics' enabled if you'd like to AddImpulseAtLocation. 
[2015.06.25-06.39.55:477][ 35]PIE:Warning: Warning Dynamite_C_71.CollisionComponent has to have 'Simulate Physics' enabled if you'd like to AddImpulseAtLocation. 
[2015.06.25-06.39.55:477][ 35]PIE:Warning: Warning Dynamite_C_72.CollisionComponent has to have 'Simulate Physics' enabled if you'd like to AddImpulseAtLocation. 
[2015.06.25-06.40.05:682][464]PIE:Warning: Warning Mobility of None : ModelComponent_6460 has to be 'Movable' if you'd like to AddImpulseAtLocation. 
[2015.06.25-06.40.09:839][634]PIE:Warning: Warning Mobility of None : ModelComponent_6460 has to be 'Movable' if you'd like to AddImpulseAtLocation. 
[2015.06.25-06.40.10:733][668]LogOnline:Display: NULL: FOnlineSubsystemNull::Shutdown()
[2015.06.25-06.40.10:733][668]LogPlayLevel:Display: Shutting down PIE online subsystems
[2015.06.25-06.40.10:782][668]LogParticles: Destroying 0 GPU particle simulations for FXSystem 0x0000000020D1C5E0
[2015.06.25-06.40.10:796][669]LogPlayLevel:Display: Destroying online subsystem :Context_6
[2015.06.25-06.40.10:796][669]LogOnline:Display: NULL: FOnlineSubsystemNull::Shutdown()
[2015.06.25-06.40.19:376][323]LogEditorViewport: Clicking on Actor (LMB): FirstPersonCharacter_C (FirstPersonCharacter)
[2015.06.25-06.40.26:836][680]Cmd: DELETE
[2015.06.25-06.40.26:836][680]Cmd: ACTOR DELETE
[2015.06.25-06.40.26:894][680]LogEditorActor: Deleted Actor: FirstPersonCharacter_C
[2015.06.25-06.40.26:955][680]LogEditorActor: Deleted 1 Actors (0.083 secs)
[2015.06.25-06.40.28:004][764]BlueprintLog: New page: Pre-PIE auto-recompile
[2015.06.25-06.40.28:004][764]LogPlayLevel: [PIE] Compiling FirstPersonExampleMap before PIE...
[2015.06.25-06.40.28:116][764]LogPlayLevel: PIE:  Blueprint regeneration took 111 ms (1 blueprints)
[2015.06.25-06.40.28:116][764]PIE: New page: PIE session: FirstPersonExampleMap (Jun 25, 2015, 12:40:28 PM)
[2015.06.25-06.40.28:116][764]LogPlayLevel: Creating play world package: /Game/Main/Maps/UEDPIE_0_FirstPersonExampleMap
[2015.06.25-06.40.28:236][764]LogPlayLevel: PIE: StaticDuplicateObject took: (0.119484s)
[2015.06.25-06.40.28:236][764]LogAIModule: Creating AISystem for world FirstPersonExampleMap
[2015.06.25-06.40.28:237][764]LogPlayLevel: PIE: World Init took: (0.000996s)
[2015.06.25-06.40.28:237][764]LogPlayLevel: PIE: Created PIE world by copying editor world from /Game/Main/Maps/FirstPersonExampleMap.FirstPersonExampleMap to /Game/Main/Maps/UEDPIE_0_FirstPersonExampleMap.FirstPersonExampleMap (0.120673s)
[2015.06.25-06.40.28:259][764]LogInit: XAudio2 using 'Speakers (High Definition Audio Device)' : 2 channels at 48 kHz using 32 bits per sample (channel mask 0x3)
[2015.06.25-06.40.28:264][764]LogInit: FAudioDevice initialized.
[2015.06.25-06.40.28:293][764]LogWorld: Game class is 'FirstPersonGameMode_C'
[2015.06.25-06.40.28:309][764]LogWorld:Warning: *** WARNING - PATHS MAY NOT BE VALID ***
[2015.06.25-06.40.28:309][764]LogWorld: Bringing World /Game/Main/Maps/UEDPIE_0_FirstPersonExampleMap.FirstPersonExampleMap up for play (max tick rate 0) at 2015.06.25-09.40.28
[2015.06.25-06.40.28:310][764]LogActor:Warning: GameSession /Game/Main/Maps/UEDPIE_0_FirstPersonExampleMap.FirstPersonExampleMap:PersistentLevel.GameSession_3 has natively added scene component(s), but none of them were set as the actor's RootComponent - picking one arbitrarily
[2015.06.25-06.40.28:310][764]LogActor:Warning: GameNetworkManager /Game/Main/Maps/UEDPIE_0_FirstPersonExampleMap.FirstPersonExampleMap:PersistentLevel.GameNetworkManager_3 has natively added scene component(s), but none of them were set as the actor's RootComponent - picking one arbitrarily
[2015.06.25-06.40.28:324][764]LogWorld: Bringing up level for play took: 0.028498
[2015.06.25-06.40.28:334][764]LogVoice:Warning: Failed to initialize voice interface
[2015.06.25-06.40.28:335][764]LogOnline:Warning: NULL: Can't start an online game for session (Game) that hasn't been created
[2015.06.25-06.40.28:337][764]PIE: Info Play in editor start time for /Game/Main/Maps/UEDPIE_0_FirstPersonExampleMap 0.356
[2015.06.25-06.40.28:354][765]LogStats:Warning: MetaData mismatch. Did you assign a stat to two groups? New //STATGROUP_Threads//OnlineAsyncTaskThreadNull///Thread_47c_0///####STATCAT_Advanced#### old //STATGROUP_Threads//OnlineAsyncTaskThreadNull///Thread_133c_0///####STATCAT_Advanced####
[2015.06.25-06.40.55:280][967]LogOnline:Display: NULL: FOnlineSubsystemNull::Shutdown()
[2015.06.25-06.40.55:280][967]LogPlayLevel:Display: Shutting down PIE online subsystems
[2015.06.25-06.40.55:311][967]LogParticles: Destroying 0 GPU particle simulations for FXSystem 0x00000000277E7420
[2015.06.25-06.40.55:333][969]LogPlayLevel:Display: Destroying online subsystem :Context_7
[2015.06.25-06.40.55:333][969]LogOnline:Display: NULL: FOnlineSubsystemNull::Shutdown()
[2015.06.25-06.41.01:641][464]BlueprintLog: New page: Pre-PIE auto-recompile
[2015.06.25-06.41.01:641][464]LogPlayLevel: [PIE] Compiling FirstPersonExampleMap before PIE...
[2015.06.25-06.41.01:753][464]LogPlayLevel: PIE:  Blueprint regeneration took 111 ms (1 blueprints)
[2015.06.25-06.41.01:753][464]PIE: New page: PIE session: FirstPersonExampleMap (Jun 25, 2015, 12:41:01 PM)
[2015.06.25-06.41.01:754][464]LogPlayLevel: Creating play world package: /Game/Main/Maps/UEDPIE_0_FirstPersonExampleMap
[2015.06.25-06.41.01:878][464]LogPlayLevel: PIE: StaticDuplicateObject took: (0.123744s)
[2015.06.25-06.41.01:878][464]LogAIModule: Creating AISystem for world FirstPersonExampleMap
[2015.06.25-06.41.01:879][464]LogPlayLevel: PIE: World Init took: (0.001276s)
[2015.06.25-06.41.01:879][464]LogPlayLevel: PIE: Created PIE world by copying editor world from /Game/Main/Maps/FirstPersonExampleMap.FirstPersonExampleMap to /Game/Main/Maps/UEDPIE_0_FirstPersonExampleMap.FirstPersonExampleMap (0.125224s)
[2015.06.25-06.41.01:901][464]LogInit: XAudio2 using 'Speakers (High Definition Audio Device)' : 2 channels at 48 kHz using 32 bits per sample (channel mask 0x3)
[2015.06.25-06.41.01:907][464]LogInit: FAudioDevice initialized.
[2015.06.25-06.41.01:939][464]LogWorld: Game class is 'FirstPersonGameMode_C'
[2015.06.25-06.41.01:956][464]LogWorld:Warning: *** WARNING - PATHS MAY NOT BE VALID ***
[2015.06.25-06.41.01:956][464]LogWorld: Bringing World /Game/Main/Maps/UEDPIE_0_FirstPersonExampleMap.FirstPersonExampleMap up for play (max tick rate 0) at 2015.06.25-09.41.01
[2015.06.25-06.41.01:956][464]LogActor:Warning: GameSession /Game/Main/Maps/UEDPIE_0_FirstPersonExampleMap.FirstPersonExampleMap:PersistentLevel.GameSession_4 has natively added scene component(s), but none of them were set as the actor's RootComponent - picking one arbitrarily
[2015.06.25-06.41.01:956][464]LogActor:Warning: GameNetworkManager /Game/Main/Maps/UEDPIE_0_FirstPersonExampleMap.FirstPersonExampleMap:PersistentLevel.GameNetworkManager_4 has natively added scene component(s), but none of them were set as the actor's RootComponent - picking one arbitrarily
[2015.06.25-06.41.01:970][464]LogWorld: Bringing up level for play took: 0.029225
[2015.06.25-06.41.01:981][464]LogVoice:Warning: Failed to initialize voice interface
[2015.06.25-06.41.01:982][464]LogOnline:Warning: NULL: Can't start an online game for session (Game) that hasn't been created
[2015.06.25-06.41.01:984][464]PIE: Info Play in editor start time for /Game/Main/Maps/UEDPIE_0_FirstPersonExampleMap 0.002
[2015.06.25-06.41.02:001][465]LogStats:Warning: MetaData mismatch. Did you assign a stat to two groups? New //STATGROUP_Threads//OnlineAsyncTaskThreadNull///Thread_1874_0///####STATCAT_Advanced#### old //STATGROUP_Threads//OnlineAsyncTaskThreadNull///Thread_133c_0///####STATCAT_Advanced####
[2015.06.25-06.42.53:542][561]LogOnline:Display: NULL: FOnlineSubsystemNull::Shutdown()
[2015.06.25-06.42.53:542][561]LogPlayLevel:Display: Shutting down PIE online subsystems
[2015.06.25-06.42.53:581][561]LogParticles: Destroying 0 GPU particle simulations for FXSystem 0x000000001D44FCE0
[2015.06.25-06.42.53:625][562]LogPlayLevel:Display: Destroying online subsystem :Context_8
[2015.06.25-06.42.53:625][562]LogOnline:Display: NULL: FOnlineSubsystemNull::Shutdown()
[2015.06.25-06.48.06:630][450]BlueprintLog: New page: Pre-PIE auto-recompile
[2015.06.25-06.48.06:630][450]LogPlayLevel: [PIE] Compiling FirstPersonExampleMap before PIE...
[2015.06.25-06.48.06:746][450]LogPlayLevel: PIE:  Blueprint regeneration took 116 ms (1 blueprints)
[2015.06.25-06.48.06:747][450]PIE: New page: PIE session: FirstPersonExampleMap (Jun 25, 2015, 12:48:06 PM)
[2015.06.25-06.48.06:747][450]LogPlayLevel: Creating play world package: /Game/Main/Maps/UEDPIE_0_FirstPersonExampleMap
[2015.06.25-06.48.06:869][450]LogPlayLevel: PIE: StaticDuplicateObject took: (0.121596s)
[2015.06.25-06.48.06:869][450]LogAIModule: Creating AISystem for world FirstPersonExampleMap
[2015.06.25-06.48.06:870][450]LogPlayLevel: PIE: World Init took: (0.001330s)
[2015.06.25-06.48.06:870][450]LogPlayLevel: PIE: Created PIE world by copying editor world from /Game/Main/Maps/FirstPersonExampleMap.FirstPersonExampleMap to /Game/Main/Maps/UEDPIE_0_FirstPersonExampleMap.FirstPersonExampleMap (0.123123s)
[2015.06.25-06.48.06:893][450]LogInit: XAudio2 using 'Speakers (High Definition Audio Device)' : 2 channels at 48 kHz using 32 bits per sample (channel mask 0x3)
[2015.06.25-06.48.06:899][450]LogInit: FAudioDevice initialized.
[2015.06.25-06.48.06:927][450]LogWorld: Game class is 'FirstPersonGameMode_C'
[2015.06.25-06.48.06:944][450]LogWorld:Warning: *** WARNING - PATHS MAY NOT BE VALID ***
[2015.06.25-06.48.06:944][450]LogWorld: Bringing World /Game/Main/Maps/UEDPIE_0_FirstPersonExampleMap.FirstPersonExampleMap up for play (max tick rate 0) at 2015.06.25-09.48.06
[2015.06.25-06.48.06:944][450]LogActor:Warning: GameSession /Game/Main/Maps/UEDPIE_0_FirstPersonExampleMap.FirstPersonExampleMap:PersistentLevel.GameSession_5 has natively added scene component(s), but none of them were set as the actor's RootComponent - picking one arbitrarily
[2015.06.25-06.48.06:944][450]LogActor:Warning: GameNetworkManager /Game/Main/Maps/UEDPIE_0_FirstPersonExampleMap.FirstPersonExampleMap:PersistentLevel.GameNetworkManager_5 has natively added scene component(s), but none of them were set as the actor's RootComponent - picking one arbitrarily
[2015.06.25-06.48.06:958][450]LogWorld: Bringing up level for play took: 0.029111
[2015.06.25-06.48.06:968][450]LogVoice:Warning: Failed to initialize voice interface
[2015.06.25-06.48.06:969][450]LogOnline:Warning: NULL: Can't start an online game for session (Game) that hasn't been created
[2015.06.25-06.48.06:971][450]PIE: Info Play in editor start time for /Game/Main/Maps/UEDPIE_0_FirstPersonExampleMap 0.958
[2015.06.25-06.48.06:987][451]LogStats:Warning: MetaData mismatch. Did you assign a stat to two groups? New //STATGROUP_Threads//OnlineAsyncTaskThreadNull///Thread_1d18_0///####STATCAT_Advanced#### old //STATGROUP_Threads//OnlineAsyncTaskThreadNull///Thread_133c_0///####STATCAT_Advanced####
[2015.06.25-06.48.22:632][130]PIE:Warning: Warning Mobility of None : ModelComponent_6511 has to be 'Movable' if you'd like to AddImpulseAtLocation. 
[2015.06.25-06.49.37:366][625]LogWindowsTextInputMethodSystem:Display: IME system now deactivated.
[2015.06.25-06.49.37:386][625]LogWindowsTextInputMethodSystem:Display: IME system now deactivated.
[2015.06.25-06.49.41:838][831]LogWindowsTextInputMethodSystem:Display: IME system now deactivated.
[2015.06.25-06.49.41:839][831]LogWindowsTextInputMethodSystem:Display: IME system now deactivated.
[2015.06.25-06.49.46:376][ 43]LogWindowsTextInputMethodSystem:Display: IME system now deactivated.
[2015.06.25-06.49.46:376][ 43]LogWindowsTextInputMethodSystem:Display: IME system now deactivated.
[2015.06.25-06.49.50:131][218]LogWindowsTextInputMethodSystem:Display: IME system now deactivated.
[2015.06.25-06.49.50:131][218]LogWindowsTextInputMethodSystem:Display: IME system now deactivated.
[2015.06.25-06.50.00:675][707]LogWindowsTextInputMethodSystem:Display: IME system now deactivated.
[2015.06.25-06.50.00:675][707]LogWindowsTextInputMethodSystem:Display: IME system now deactivated.
[2015.06.25-06.50.11:386][203]LogWindowsTextInputMethodSystem:Display: IME system now deactivated.
[2015.06.25-06.50.11:386][203]LogWindowsTextInputMethodSystem:Display: IME system now deactivated.
[2015.06.25-06.50.49:771][943]LogWindowsTextInputMethodSystem:Display: IME system now deactivated.
[2015.06.25-06.50.49:772][943]LogWindowsTextInputMethodSystem:Display: IME system now deactivated.
[2015.06.25-06.51.03:624][587]LogOnline:Display: NULL: FOnlineSubsystemNull::Shutdown()
[2015.06.25-06.51.03:624][587]LogPlayLevel:Display: Shutting down PIE online subsystems
[2015.06.25-06.51.03:663][587]LogParticles: Destroying 0 GPU particle simulations for FXSystem 0x000000001D3ECFE0
[2015.06.25-06.51.03:685][588]LogPlayLevel:Display: Destroying online subsystem :Context_9
[2015.06.25-06.51.03:685][588]LogOnline:Display: NULL: FOnlineSubsystemNull::Shutdown()
[2015.06.25-06.55.54:017][328]LogSavePackage: Save=1203.973755ms
[2015.06.25-06.55.54:017][328]LogSavePackage: Moving '../../../../../../Users/TTV14SVilleK/Documents/GitHub/MayhemPunch/MayhemPunch 4.8/Saved/FirstPersonExampleMap_Auto17174EEE64BD1663311B4F18B8076600E.tmp' to '../../../../../../Users/TTV14SVilleK/Documents/GitHub/MayhemPunch/MayhemPunch 4.8/Saved/Autosaves/Game/Main/Maps/FirstPersonExampleMap_Auto1.umap'
[2015.06.25-06.55.54:021][328]LogFileHelpers: Editor autosave (incl. sublevels) for '/Game/Main/Maps/FirstPersonExampleMap' took 1.256
[2015.06.25-06.55.54:021][328]LogFileHelpers: Editor autosave (incl. sublevels) for all levels took 1.256
[2015.06.25-06.57.08:596][869]LogEditorViewport: Clicking on Actor (LMB): Emitter (AlienSavu)
[2015.06.25-06.57.09:425][915]LogEditorViewport: Clicking on Actor (LMB): Emitter (AlienSavu)
[2015.06.25-06.57.10:071][951]LogEditorViewport: Clicking on Actor (LMB): Emitter (AlienSavu)
[2015.06.25-06.57.10:723][987]LogEditorViewport: Clicking on Actor (LMB): Emitter (AlienSavu)
[2015.06.25-06.57.11:831][ 47]LogEditorViewport: Clicking on Actor (LMB): Emitter (AlienSavu)
[2015.06.25-06.57.12:410][ 81]LogEditorViewport: Clicking on Actor (LMB): Emitter (AlienSavu)
[2015.06.25-06.57.12:851][107]LogEditorViewport: Clicking on Actor (LMB): Emitter (AlienSavu)
[2015.06.25-06.57.29:361][178]EditorErrors: New page: Actor attachment
[2015.06.25-06.57.55:673][835]MapCheck: New page: Map Check
[2015.06.25-06.57.55:810][835]Cmd: MAP REBUILD ALLVISIBLE
[2015.06.25-06.57.55:811][835]LogEditorServer: Rebuildmap Clear paths rebuilt
[2015.06.25-06.58.02:375][835]LightingResults: New page: Lighting Build - Jun 25, 2015, 12:58:02 PM
[2015.06.25-06.58.16:473][835]LogStaticLightingSystem: Running Lightmass w/ ImmediateImport mode ENABLED
[2015.06.25-06.58.16:473][835]LogStaticLightingSystem: Running Lightmass w/ ImmediateProcess mode ENABLED
[2015.06.25-06.58.16:473][835]LogStaticLightingSystem: Running Lightmass w/ Sorting mode ENABLED
[2015.06.25-06.58.16:473][835]LogStaticLightingSystem: Running Lightmass w/ Mapping paddings ENABLED
[2015.06.25-06.58.16:473][835]LogStaticLightingSystem: Running Lightmass w/ Mapping debug paddings DISABLED
[2015.06.25-06.58.18:821][835]LogEditorBuildUtils: Build time 0:00:23
[2015.06.25-06.58.18:870][835]LogMaterial: Missing cached shader map for material FLightmassMaterialRenderer MaterialInstanceDynamic_31, compiling. 
[2015.06.25-06.58.18:876][835]LogMaterial: Missing cached shader map for material FLightmassMaterialRenderer MaterialInstanceDynamic_31, compiling. 
[2015.06.25-06.58.26:132][851]BlueprintLog: New page: Pre-PIE auto-recompile
[2015.06.25-06.58.26:132][851]LogPlayLevel: [PIE] Compiling FirstPersonExampleMap before PIE...
[2015.06.25-06.58.26:319][851]LogPlayLevel: PIE:  Blueprint regeneration took 187 ms (1 blueprints)
[2015.06.25-06.58.26:319][851]PIE: New page: PIE session: FirstPersonExampleMap (Jun 25, 2015, 12:58:26 PM)
[2015.06.25-06.58.26:320][851]LogPlayLevel: Creating play world package: /Game/Main/Maps/UEDPIE_0_FirstPersonExampleMap
[2015.06.25-06.58.26:547][851]LogPlayLevel: PIE: StaticDuplicateObject took: (0.227737s)
[2015.06.25-06.58.26:548][851]LogAIModule: Creating AISystem for world FirstPersonExampleMap
[2015.06.25-06.58.26:549][851]LogPlayLevel: PIE: World Init took: (0.001327s)
[2015.06.25-06.58.26:549][851]LogPlayLevel: PIE: Created PIE world by copying editor world from /Game/Main/Maps/FirstPersonExampleMap.FirstPersonExampleMap to /Game/Main/Maps/UEDPIE_0_FirstPersonExampleMap.FirstPersonExampleMap (0.229317s)
[2015.06.25-06.58.26:585][851]LogInit: XAudio2 using 'Speakers (High Definition Audio Device)' : 2 channels at 48 kHz using 32 bits per sample (channel mask 0x3)
[2015.06.25-06.58.26:590][851]LogInit: FAudioDevice initialized.
[2015.06.25-06.58.26:623][851]LogWorld: Game class is 'FirstPersonGameMode_C'
[2015.06.25-06.58.26:644][851]LogWorld:Warning: *** WARNING - PATHS MAY NOT BE VALID ***
[2015.06.25-06.58.26:644][851]LogWorld: Bringing World /Game/Main/Maps/UEDPIE_0_FirstPersonExampleMap.FirstPersonExampleMap up for play (max tick rate 0) at 2015.06.25-09.58.26
[2015.06.25-06.58.26:644][851]LogActor:Warning: GameSession /Game/Main/Maps/UEDPIE_0_FirstPersonExampleMap.FirstPersonExampleMap:PersistentLevel.GameSession_6 has natively added scene component(s), but none of them were set as the actor's RootComponent - picking one arbitrarily
[2015.06.25-06.58.26:645][851]LogActor:Warning: GameNetworkManager /Game/Main/Maps/UEDPIE_0_FirstPersonExampleMap.FirstPersonExampleMap:PersistentLevel.GameNetworkManager_6 has natively added scene component(s), but none of them were set as the actor's RootComponent - picking one arbitrarily
[2015.06.25-06.58.26:664][851]LogWorld: Bringing up level for play took: 0.039602
[2015.06.25-06.58.26:674][851]LogVoice:Warning: Failed to initialize voice interface
[2015.06.25-06.58.26:675][851]LogOnline:Warning: NULL: Can't start an online game for session (Game) that hasn't been created
[2015.06.25-06.58.26:678][851]PIE: Info Play in editor start time for /Game/Main/Maps/UEDPIE_0_FirstPersonExampleMap 0.637
[2015.06.25-06.58.26:928][852]LogStats:Warning: MetaData mismatch. Did you assign a stat to two groups? New //STATGROUP_Threads//OnlineAsyncTaskThreadNull///Thread_888_0///####STATCAT_Advanced#### old //STATGROUP_Threads//OnlineAsyncTaskThreadNull///Thread_133c_0///####STATCAT_Advanced####
[2015.06.25-06.58.28:840][929]PIE:Warning: Warning FirstPersonCharacter_C_16.GravityHammer has to have 'Simulate Physics' enabled if you'd like to AddImpulseAtLocation. 
[2015.06.25-06.58.36:383][236]LogOnline:Display: NULL: FOnlineSubsystemNull::Shutdown()
[2015.06.25-06.58.36:383][236]LogPlayLevel:Display: Shutting down PIE online subsystems
[2015.06.25-06.58.36:444][236]LogParticles: Destroying 0 GPU particle simulations for FXSystem 0x0000000021FC3CE0
[2015.06.25-06.58.36:507][237]LogPlayLevel:Display: Destroying online subsystem :Context_10
[2015.06.25-06.58.36:507][237]LogOnline:Display: NULL: FOnlineSubsystemNull::Shutdown()
[2015.06.25-06.58.39:528][352]Job is a success!
[2015.06.25-06.58.41:095][353]LogTexture:Display: Building textures: HQ_Lightmap0_1 (AutoDXT)
[2015.06.25-06.58.41:435][353]LogTexture:Display: Building textures: LQ_Lightmap_0_8 (DXT1)
[2015.06.25-06.58.41:442][353]LogTexture:Display: Building textures: HQ_Lightmap0_8 (AutoDXT)
[2015.06.25-06.58.41:453][353]LogTexture:Display: Building textures: LQ_Lightmap_0_7 (DXT1)
[2015.06.25-06.58.41:457][353]LogTexture:Display: Building textures: HQ_Lightmap0_7 (AutoDXT)
[2015.06.25-06.58.41:467][353]LogTexture:Display: Building textures: LQ_Lightmap_0_6 (DXT1)
[2015.06.25-06.58.41:473][353]LogTexture:Display: Building textures: HQ_Lightmap0_6 (AutoDXT)
[2015.06.25-06.58.41:485][353]LogTexture:Display: Building textures: LQ_Lightmap_0_5 (DXT1)
[2015.06.25-06.58.41:507][353]LogTexture:Display: Building textures: HQ_Lightmap0_5 (AutoDXT)
[2015.06.25-06.58.41:578][353]LogTexture:Display: Building textures: LQ_Lightmap_0_4 (DXT1)
[2015.06.25-06.58.41:656][353]LogTexture:Display: Building textures: HQ_Lightmap0_4 (AutoDXT)
[2015.06.25-06.58.41:948][353]LogTexture:Display: Building textures: LQ_Lightmap_0_3 (DXT1)
[2015.06.25-06.58.42:039][353]LogTexture:Display: Building textures: HQ_Lightmap0_3 (AutoDXT)
[2015.06.25-06.58.42:352][353]LogTexture:Display: Building textures: LQ_Lightmap_0_2 (DXT1)
[2015.06.25-06.58.42:411][353]LogTexture:Display: Building textures: HQ_Lightmap0_2 (AutoDXT)
[2015.06.25-06.58.42:624][353]LogTexture:Display: Building textures: LQ_Lightmap_0_1 (DXT1)
[2015.06.25-06.58.43:252][353]LogTexture:Display: Building textures: ShadowMapTexture2D_0 (BGRA8)
[2015.06.25-06.58.43:823][353]LogTexture:Display: Building textures: ShadowMapTexture2D_1 (BGRA8)
[2015.06.25-06.58.43:953][353]LogTexture:Display: Building textures: ShadowMapTexture2D_2 (BGRA8)
[2015.06.25-06.58.43:959][353]LogTexture:Display: Building textures: ShadowMapTexture2D_3 (BGRA8)
[2015.06.25-06.58.43:960][353]LogTexture:Display: Building textures: ShadowMapTexture2D_4 (BGRA8)
[2015.06.25-06.58.44:303][353]Lightmass on TA11LDML-29: 21.3 sec total, 395 ms importing, 21 ms setup, 3.01 sec photons, 17.8 sec processing, 0 ms extra exporting [2378/2378 mappings]. Threads: 2:04 min total, 1:12 min processing.
[2015.06.25-06.58.46:128][353]LogStaticLightingSystem: Illumination: 43.6 sec (3.15 sec encoding lightmaps)
[2015.06.25-06.58.46:128][353]LogStaticLightingSystem: Lightmap texture memory:  5.7 MB (0.1 MB streaming, 5.7 MB non-streaming), 16 textures
[2015.06.25-06.58.46:128][353]LogStaticLightingSystem: Shadowmap texture memory: 22.1 MB (0.1 MB streaming, 22.0 MB non-streaming), 5 textures
[2015.06.25-06.58.52:505][354]Cmd: MAP CHECK NOTIFYRESULTS
[2015.06.25-06.58.52:505][354]MapCheck: New page: FirstPersonExampleMap - Jun 25, 2015, 12:58:52 PM
[2015.06.25-06.58.52:672][354]MapCheck: Info Map check complete: 0 Error(s), 0 Warning(s), took 167.129ms to complete.
[2015.06.25-06.59.42:908][125]LogSavePackage: Save=1274.962036ms
[2015.06.25-06.59.42:909][125]LogSavePackage: Moving '../../../../../../Users/TTV14SVilleK/Documents/GitHub/MayhemPunch/MayhemPunch 4.8/Saved/FirstPersonExampleMap6447126147F1FC3B250A299A358F1ADF.tmp' to '../../../../../../Users/TTV14SVilleK/Documents/GitHub/MayhemPunch/MayhemPunch 4.8/Content/Main/Maps/FirstPersonExampleMap.umap'
[2015.06.25-06.59.42:963][125]LogFileHelpers: Saving map 'FirstPersonExampleMap' took 1.427
[2015.06.25-07.01.32:291][948]LogMetaData: Removing '/Game/Main/Maps/TutorialFirstLevel.SKEL_TutorialFirstLevel_C' ref from Metadata '/Game/Main/Maps/FirstPersonExampleMap.PackageMetaData'
[2015.06.25-07.01.32:291][948]LogMetaData: Removing '/Game/Main/Maps/TutorialFirstLevel.TutorialFirstLevel_C' ref from Metadata '/Game/Main/Maps/FirstPersonExampleMap.PackageMetaData'
[2015.06.25-07.01.33:852][948]LogSavePackage: Save=1323.666870ms
[2015.06.25-07.01.33:853][948]LogSavePackage: Moving '../../../../../../Users/TTV14SVilleK/Documents/GitHub/MayhemPunch/MayhemPunch 4.8/Saved/TutorialFirstLevel16F4DF494BD64778D7FC6EA96EA7E195.tmp' to '../../../../../../Users/TTV14SVilleK/Documents/GitHub/MayhemPunch/MayhemPunch 4.8/Content/Main/Maps/TutorialFirstLevel.umap'
[2015.06.25-07.01.33:980][948]LogFileHelpers: Saving map 'TutorialFirstLevel' took 1.610
[2015.06.25-07.07.26:515][419]LogLinker:Warning: Asset '../../../Engine/Content/Tutorial/Basics/FeaturePacks.uasset' has been saved with empty engine version. The asset will be loaded but may be incompatible.
[2015.06.25-07.07.26:835][419]LogLinker:Warning: Asset '../../../Engine/Content/Tutorial/Mobile/InstallingiTunesTutorial.uasset' has been saved with empty engine version. The asset will be loaded but may be incompatible.
[2015.06.25-07.07.26:847][419]LogLinker:Warning: Asset '../../../Engine/Content/Tutorial/Mobile/SettingUpAndroidTutorial.uasset' has been saved with empty engine version. The asset will be loaded but may be incompatible.
[2015.06.25-07.08.15:991][339]LogStaticMesh: Building static mesh AreenaAlaLattia...
[2015.06.25-07.08.16:043][339]LogStaticMesh: Built static mesh [0.051835.2s] /Game/Main/Meshes/AreenaMeshes/AreenaAlaLattia.AreenaAlaLattia
[2015.06.25-07.08.16:095][339]LogActorFactory: Actor Factory created AreenaAlaLattia
[2015.06.25-07.08.22:005][339]EditorErrors: New page: Actor Reattachment
[2015.06.25-07.10.01:645][558]LogStaticMesh: Building static mesh Telkkari...
[2015.06.25-07.10.01:650][558]LogStaticMesh: Built static mesh [0.006032.2s] /Game/Main/Meshes/AreenaMeshes/Telkkari.Telkkari
[2015.06.25-07.10.01:683][558]LogActorFactory: Actor Factory created Telkkari
[2015.06.25-07.10.06:820][558]EditorErrors: New page: Actor Reattachment
[2015.06.25-07.10.15:206][154]BlueprintLog: New page: Pre-PIE auto-recompile
[2015.06.25-07.10.15:206][154]LogPlayLevel: [PIE] Compiling TutorialFirstLevel before PIE...
[2015.06.25-07.10.15:344][154]LogPlayLevel: PIE:  Blueprint regeneration took 137 ms (1 blueprints)
[2015.06.25-07.10.15:344][154]PIE: New page: PIE session: TutorialFirstLevel (Jun 25, 2015, 1:10:15 PM)
[2015.06.25-07.10.15:345][154]LogPlayLevel: Creating play world package: /Game/Main/Maps/UEDPIE_0_TutorialFirstLevel
[2015.06.25-07.10.15:526][154]LogPlayLevel: PIE: StaticDuplicateObject took: (0.181330s)
[2015.06.25-07.10.15:527][154]LogAIModule: Creating AISystem for world TutorialFirstLevel
[2015.06.25-07.10.15:527][154]LogPlayLevel: PIE: World Init took: (0.001064s)
[2015.06.25-07.10.15:527][154]LogPlayLevel: PIE: Created PIE world by copying editor world from /Game/Main/Maps/TutorialFirstLevel.TutorialFirstLevel to /Game/Main/Maps/UEDPIE_0_TutorialFirstLevel.TutorialFirstLevel (0.182591s)
[2015.06.25-07.10.15:558][154]LogInit: XAudio2 using 'Speakers (High Definition Audio Device)' : 2 channels at 48 kHz using 32 bits per sample (channel mask 0x3)
[2015.06.25-07.10.15:564][154]LogInit: FAudioDevice initialized.
[2015.06.25-07.10.15:601][154]LogWorld: Game class is 'FirstPersonGameMode_C'
[2015.06.25-07.10.15:626][154]LogWorld:Warning: *** WARNING - PATHS MAY NOT BE VALID ***
[2015.06.25-07.10.15:626][154]LogWorld: Bringing World /Game/Main/Maps/UEDPIE_0_TutorialFirstLevel.TutorialFirstLevel up for play (max tick rate 0) at 2015.06.25-10.10.15
[2015.06.25-07.10.15:626][154]LogActor:Warning: GameSession /Game/Main/Maps/UEDPIE_0_TutorialFirstLevel.TutorialFirstLevel:PersistentLevel.GameSession_7 has natively added scene component(s), but none of them were set as the actor's RootComponent - picking one arbitrarily
[2015.06.25-07.10.15:626][154]LogActor:Warning: GameNetworkManager /Game/Main/Maps/UEDPIE_0_TutorialFirstLevel.TutorialFirstLevel:PersistentLevel.GameNetworkManager_7 has natively added scene component(s), but none of them were set as the actor's RootComponent - picking one arbitrarily
[2015.06.25-07.10.15:643][154]LogWorld: Bringing up level for play took: 0.038440
[2015.06.25-07.10.15:653][154]LogVoice:Warning: Failed to initialize voice interface
[2015.06.25-07.10.15:654][154]LogOnline:Warning: NULL: Can't start an online game for session (Game) that hasn't been created
[2015.06.25-07.10.15:656][154]PIE: Info Play in editor start time for /Game/Main/Maps/UEDPIE_0_TutorialFirstLevel -0.364
[2015.06.25-07.10.15:671][155]LogStats:Warning: MetaData mismatch. Did you assign a stat to two groups? New //STATGROUP_Threads//OnlineAsyncTaskThreadNull///Thread_1dfc_0///####STATCAT_Advanced#### old //STATGROUP_Threads//OnlineAsyncTaskThreadNull///Thread_133c_0///####STATCAT_Advanced####
[2015.06.25-07.10.16:941][196]PIE:Warning: Warning Mobility of None : ModelComponent_755 has to be 'Movable' if you'd like to AddImpulseAtLocation. 
[2015.06.25-07.10.18:605][261]PIE:Warning: Warning FirstPersonCharacter_C_17.CollisionCylinder has to have 'Simulate Physics' enabled if you'd like to AddImpulseAtLocation. 
[2015.06.25-07.10.18:632][262]PIE:Warning: Warning FirstPersonCharacter_C_17.CollisionCylinder has to have 'Simulate Physics' enabled if you'd like to AddImpulseAtLocation. 
[2015.06.25-07.10.26:000][535]LogOnline:Display: NULL: FOnlineSubsystemNull::Shutdown()
[2015.06.25-07.10.26:000][535]LogPlayLevel:Display: Shutting down PIE online subsystems
[2015.06.25-07.10.26:044][535]LogParticles: Destroying 0 GPU particle simulations for FXSystem 0x00000000156E34C0
[2015.06.25-07.10.26:072][536]LogPlayLevel:Display: Destroying online subsystem :Context_12
[2015.06.25-07.10.26:072][536]LogOnline:Display: NULL: FOnlineSubsystemNull::Shutdown()
[2015.06.25-07.10.29:157][776]LogEditorViewport: Clicking on Actor (LMB): StaticMeshActor (AreenaPohjaLattia)
[2015.06.25-07.10.58:177][801]BlueprintLog: New page: Pre-PIE auto-recompile
[2015.06.25-07.10.58:178][801]LogPlayLevel: [PIE] Compiling TutorialFirstLevel before PIE...
[2015.06.25-07.10.58:312][801]LogPlayLevel: PIE:  Blueprint regeneration took 134 ms (1 blueprints)
[2015.06.25-07.10.58:312][801]PIE: New page: PIE session: TutorialFirstLevel (Jun 25, 2015, 1:10:58 PM)
[2015.06.25-07.10.58:313][801]LogPlayLevel: Creating play world package: /Game/Main/Maps/UEDPIE_0_TutorialFirstLevel
[2015.06.25-07.10.58:459][801]LogPlayLevel: PIE: StaticDuplicateObject took: (0.146433s)
[2015.06.25-07.10.58:460][801]LogAIModule: Creating AISystem for world TutorialFirstLevel
[2015.06.25-07.10.58:461][801]LogPlayLevel: PIE: World Init took: (0.001144s)
[2015.06.25-07.10.58:461][801]LogPlayLevel: PIE: Created PIE world by copying editor world from /Game/Main/Maps/TutorialFirstLevel.TutorialFirstLevel to /Game/Main/Maps/UEDPIE_0_TutorialFirstLevel.TutorialFirstLevel (0.147797s)
[2015.06.25-07.10.58:491][801]LogInit: XAudio2 using 'Speakers (High Definition Audio Device)' : 2 channels at 48 kHz using 32 bits per sample (channel mask 0x3)
[2015.06.25-07.10.58:496][801]LogInit: FAudioDevice initialized.
[2015.06.25-07.10.58:524][801]LogWorld: Game class is 'FirstPersonGameMode_C'
[2015.06.25-07.10.58:542][801]LogWorld:Warning: *** WARNING - PATHS MAY NOT BE VALID ***
[2015.06.25-07.10.58:542][801]LogWorld: Bringing World /Game/Main/Maps/UEDPIE_0_TutorialFirstLevel.TutorialFirstLevel up for play (max tick rate 0) at 2015.06.25-10.10.58
[2015.06.25-07.10.58:542][801]LogActor:Warning: GameSession /Game/Main/Maps/UEDPIE_0_TutorialFirstLevel.TutorialFirstLevel:PersistentLevel.GameSession_8 has natively added scene component(s), but none of them were set as the actor's RootComponent - picking one arbitrarily
[2015.06.25-07.10.58:542][801]LogActor:Warning: GameNetworkManager /Game/Main/Maps/UEDPIE_0_TutorialFirstLevel.TutorialFirstLevel:PersistentLevel.GameNetworkManager_8 has natively added scene component(s), but none of them were set as the actor's RootComponent - picking one arbitrarily
[2015.06.25-07.10.58:558][801]LogWorld: Bringing up level for play took: 0.032281
[2015.06.25-07.10.58:569][801]LogVoice:Warning: Failed to initialize voice interface
[2015.06.25-07.10.58:570][801]LogOnline:Warning: NULL: Can't start an online game for session (Game) that hasn't been created
[2015.06.25-07.10.58:572][801]PIE: Info Play in editor start time for /Game/Main/Maps/UEDPIE_0_TutorialFirstLevel 0.551
[2015.06.25-07.10.58:586][802]LogStats:Warning: MetaData mismatch. Did you assign a stat to two groups? New //STATGROUP_Threads//OnlineAsyncTaskThreadNull///Thread_1f20_0///####STA