[2015.06.30-08.54.33:394][  0]Log file open, 06/30/15 11:54:33
[2015.06.30-08.54.33:394][  0]LogInit:Display: Running engine for game: MayhemPunch
[2015.06.30-08.54.33:394][  0]LogInit:Display: RandInit(1306566488) SRandInit(1306566488).
[2015.06.30-08.54.33:394][  0]LogTaskGraph: Started task graph with 4 named threads and 7 total threads.
[2015.06.30-08.54.33:394][  0]LogStats: Stats thread started
[2015.06.30-08.54.33:394][  0]LogInit: Version: 4.8.1-2591939+++depot+UE4-Releases+4.8
[2015.06.30-08.54.33:394][  0]LogInit: API Version: 2579680
[2015.06.30-08.54.33:394][  0]LogInit: Compiled (64-bit): Jun 18 2015 11:02:04
[2015.06.30-08.54.33:394][  0]LogInit: Compiled with Visual C++: 18.00.21005.01
[2015.06.30-08.54.33:394][  0]LogInit: Build Configuration: Development
[2015.06.30-08.54.33:394][  0]LogInit: Branch Name: ++depot+UE4-Releases+4.8
[2015.06.30-08.54.33:394][  0]LogInit: Command line:  
[2015.06.30-08.54.33:394][  0]LogInit: Base directory: C:/Program Files/Unreal Engine/4.8/Engine/Binaries/Win64/
[2015.06.30-08.54.33:394][  0]LogInit: Rocket: 1
[2015.06.30-08.54.33:408][  0]LogInit: Using libcurl 7.41.0
[2015.06.30-08.54.33:408][  0]LogInit:  - built for x86_64-pc-win32
[2015.06.30-08.54.33:408][  0]LogInit:  - supports SSL with WinSSL
[2015.06.30-08.54.33:408][  0]LogInit:  - other features:
[2015.06.30-08.54.33:408][  0]LogInit:      CURL_VERSION_SSL
[2015.06.30-08.54.33:408][  0]LogInit:      CURL_VERSION_IPV6
[2015.06.30-08.54.33:408][  0]LogInit:      CURL_VERSION_ASYNCHDNS
[2015.06.30-08.54.33:408][  0]LogInit:      CURL_VERSION_LARGEFILE
[2015.06.30-08.54.33:408][  0]LogInit:      CURL_VERSION_IDN
[2015.06.30-08.54.33:408][  0]LogInit:  CurlRequestOptions (configurable via config and command line):
[2015.06.30-08.54.33:408][  0]LogInit:  - bVerifyPeer = true  - Libcurl will verify peer certificate
[2015.06.30-08.54.33:408][  0]LogInit:  - bUseHttpProxy = false  - Libcurl will NOT use HTTP proxy
[2015.06.30-08.54.33:408][  0]LogInit:  - bDontReuseConnections = false  - Libcurl will reuse connections
[2015.06.30-08.54.33:408][  0]LogInit:  - CertBundlePath = nullptr  - Libcurl will use whatever was configured at build time.
[2015.06.30-08.54.33:454][  0]LogInit: WinSock: version 1.1 (2.2), MaxSocks=32767, MaxUdp=65467
[2015.06.30-08.54.33:468][  0]LogVoice:Warning: Failed to initialize voice interface
[2015.06.30-08.54.33:480][  0]LogInit: Presizing for 0 objects not considered by GC, pre-allocating 0 bytes.
[2015.06.30-08.54.33:487][  0]LogInit: Object subsystem initialized
[2015.06.30-08.54.33:488][  0]LogConsoleResponse:Warning: Skipping Unknown console variable: 'TranslucentSortAxis = (X=0.000000,Y=-1.000000,Z=0.000000)'
[2015.06.30-08.54.33:488][  0]LogConsoleResponse:Warning:   Found in ini file 'C:/Users/TTV14SVilleK/Documents/GitHub/MayhemPunch/MayhemPunch 4.8/Saved/Config/Windows/Engine.ini', in section '[/Script/Engine.RendererSettings]'
[2015.06.30-08.54.33:488][  0]LogConsoleResponse:Warning: Skipping Unknown console variable: 'UIScaleRule = ShortestSide'
[2015.06.30-08.54.33:488][  0]LogConsoleResponse:Warning:   Found in ini file 'C:/Users/TTV14SVilleK/Documents/GitHub/MayhemPunch/MayhemPunch 4.8/Saved/Config/Windows/Engine.ini', in section '[/Script/Engine.RendererSettings]'
[2015.06.30-08.54.33:488][  0]LogConsoleResponse:Warning: Skipping Unknown console variable: 'UIScaleCurve = (EditorCurveData=(Keys=),ExternalCurve=None)'
[2015.06.30-08.54.33:488][  0]LogConsoleResponse:Warning:   Found in ini file 'C:/Users/TTV14SVilleK/Documents/GitHub/MayhemPunch/MayhemPunch 4.8/Saved/Config/Windows/Engine.ini', in section '[/Script/Engine.RendererSettings]'
[2015.06.30-08.54.33:488][  0]LogInit: Selected Device Profile: [Windows]
[2015.06.30-08.54.33:488][  0]LogInit: Applying CVar settings loaded from the selected device profile: [Windows]
[2015.06.30-08.54.33:495][  0]LogInit: Computer: TA11LDML-29
[2015.06.30-08.54.33:495][  0]LogInit: User: TTV14SVilleK
[2015.06.30-08.54.33:495][  0]LogInit: CPU Page size=4096, Cores=4
[2015.06.30-08.54.33:495][  0]LogInit: High frequency timer resolution =3.316113 MHz
[2015.06.30-08.54.33:495][  0]LogMemory: Memory total: Physical=16.0GB (16GB approx)
[2015.06.30-08.54.33:495][  0]LogMemory: Platform Memory Stats for Windows
[2015.06.30-08.54.33:495][  0]LogMemory: Process Physical Memory: 56.06 MB used, 56.06 MB peak
[2015.06.30-08.54.33:495][  0]LogMemory: Process Virtual Memory: 27.64 MB used, 27.71 MB peak
[2015.06.30-08.54.33:495][  0]LogMemory: Physical Memory: 5057.88 MB used, 16344.95 MB total
[2015.06.30-08.54.33:495][  0]LogMemory: Virtual Memory: 294.57 MB used, 8388608.00 MB total
[2015.06.30-08.54.33:531][  0]LogTextLocalizationManager: The requested culture ('fi_FI') has no localization data; falling back to 'en' for localization and internationalization data.
[2015.06.30-08.54.33:755][  0]LogTextLocalizationManager:Warning: Loaded localization resources contain conflicting entries for (Namespace:ContentBrowser, Key:ImportAssetToolTip):
Localization Resource: (C:/Program Files/Unreal Engine/4.8/Engine/Content/Localization/Editor/en/Editor.locres) Source String Hash: (-630476809) Localized String: (Import to {0}...)
Localization Resource: (C:/Program Files/Unreal Engine/4.8/Engine/Content/Localization/Editor/en/Editor.locres) Source String Hash: (1271782899) Localized String: (Imports an asset from file to this folder.)
[2015.06.30-08.54.34:167][  0]LogD3D11RHI: Found D3D11 adapter 0: NVIDIA GeForce GT 640 (Feature Level 11_0)
[2015.06.30-08.54.34:167][  0]LogD3D11RHI: Adapter has 971MB of dedicated video memory, 0MB of dedicated system memory, and 3072MB of shared system memory, 2 output[s]
[2015.06.30-08.54.34:167][  0]LogD3D11RHI: Chosen D3D11 Adapter Id = 0
[2015.06.30-08.54.34:171][  0]LogRHI: Texture pool is 680 MB (70% of 971 MB)
[2015.06.30-08.54.34:178][  0]LogD3D11RHI: Async texture creation enabled
[2015.06.30-08.54.34:192][  0]LogShaderCompilers:Display: Using Local Shader Compiler.
[2015.06.30-08.54.35:060][  0]LogTemp:Display: Loaded TP DesktopTargetPlatform
[2015.06.30-08.54.35:074][  0]LogTemp:Display: Loaded TP WindowsClientTargetPlatform
[2015.06.30-08.54.35:088][  0]LogTemp:Display: Loaded TP WindowsNoEditorTargetPlatform
[2015.06.30-08.54.35:102][  0]LogTemp:Display: Loaded TP WindowsServerTargetPlatform
[2015.06.30-08.54.35:117][  0]LogTemp:Display: Loaded TP WindowsTargetPlatform
[2015.06.30-08.54.35:130][  0]LogTemp:Display: Loaded TP AndroidTargetPlatform
[2015.06.30-08.54.35:142][  0]LogTemp:Display: Loaded TP Android_ASTCTargetPlatform
[2015.06.30-08.54.35:154][  0]LogTemp:Display: Loaded TP Android_ATCTargetPlatform
[2015.06.30-08.54.35:167][  0]LogTemp:Display: Loaded TP Android_DXTTargetPlatform
[2015.06.30-08.54.35:179][  0]LogTemp:Display: Loaded TP Android_ETC1TargetPlatform
[2015.06.30-08.54.35:191][  0]LogTemp:Display: Loaded TP Android_ETC2TargetPlatform
[2015.06.30-08.54.35:204][  0]LogTemp:Display: Loaded TP Android_PVRTCTargetPlatform
[2015.06.30-08.54.35:250][  0]LogTemp:Display: Loaded TP IOSTargetPlatform
[2015.06.30-08.54.35:262][  0]LogTemp:Display: Loaded TP LinuxNoEditorTargetPlatform
[2015.06.30-08.54.35:274][  0]LogTemp:Display: Loaded TP LinuxServerTargetPlatform
[2015.06.30-08.54.35:289][  0]LogTemp:Display: Loaded TP LinuxTargetPlatform
[2015.06.30-08.54.35:289][  0]LogTargetPlatformManager:Display: Building Assets For Windows
[2015.06.30-08.54.35:490][  0]LogDerivedDataCache:Display: Max Cache Size: 512 MB
[2015.06.30-08.54.35:533][  0]LogDerivedDataCache: Loaded boot cache 0.04s 53MB C:/Users/TTV14SVilleK/AppData/Local/UnrealEngine/4.8/DerivedDataCache/Boot.ddc.
[2015.06.30-08.54.35:533][  0]LogDerivedDataCache:Display: Loaded Boot cache: C:/Users/TTV14SVilleK/AppData/Local/UnrealEngine/4.8/DerivedDataCache/Boot.ddc
[2015.06.30-08.54.35:533][  0]LogDerivedDataCache: FDerivedDataBackendGraph:  Pak pak cache file ../../../../../../Users/TTV14SVilleK/Documents/GitHub/MayhemPunch/MayhemPunch 4.8/DerivedDataCache/DDC.ddp not found, will not use a pak cache.
[2015.06.30-08.54.35:533][  0]LogDerivedDataCache: Unable to find inner node Pak for hierarchical cache Hierarchy.
[2015.06.30-08.54.35:533][  0]LogDerivedDataCache: FDerivedDataBackendGraph:  CompressedPak pak cache file ../../../../../../Users/TTV14SVilleK/Documents/GitHub/MayhemPunch/MayhemPunch 4.8/DerivedDataCache/Compressed.ddp not found, will not use a pak cache.
[2015.06.30-08.54.35:533][  0]LogDerivedDataCache: Unable to find inner node CompressedPak for hierarchical cache Hierarchy.
[2015.06.30-08.54.35:682][  0]LogDerivedDataCache:Display: Pak cache opened for reading ../../../Engine/DerivedDataCache/Compressed.ddp.
[2015.06.30-08.54.35:694][  0]LogDerivedDataCache: Using Local data cache path C:/Users/TTV14SVilleK/AppData/Local/UnrealEngine/Common/DerivedDataCache: Writable
[2015.06.30-08.54.35:905][  0]LogInit: Selected Device Profile: [Windows]
[2015.06.30-08.54.35:913][  0]ImportText (ComponentSweepMultiTests): Missing closing parenthesis: (RootShapeAsset="/Engine/BasicShapes/Cube.Cube",ShapeType="TriggerCapsule",HitResult=(Time=0.50,Location=(X=-100.000015,Y=0.0,Z=100.000015),ImpactPoint=(X=-50.0,Y=0.0,Z=50.0),Normal=(X=-1.0,Y=-0.0,Z=0.0),ImpactNormal=(X=0.0,Y=0.0,Z=1.0),TraceStart=(X=-200.0,Y=0.0,Z=200.0),TraceEnd=(X=0.0,Y=0.0,Z=0.0))
[2015.06.30-08.54.35:913][  0]ImportText (LineTraceSingleByChannelTests): Missing closing parenthesis: (RootShapeAsset="/Engine/BasicShapes/Cube.Cube",HitResult=(Time=0.50,Location=(X=-100.000015,Y=0.0,Z=100.000015),ImpactPoint=(X=-50.0,Y=0.0,Z=50.0),Normal=(X=-1.0,Y=-0.0,Z=0.0),ImpactNormal=(X=0.0,Y=0.0,Z=1.0),TraceStart=(X=-200.0,Y=0.0,Z=200.0),TraceEnd=(X=0.0,Y=0.0,Z=0.0))
[2015.06.30-08.54.35:941][  0]LogMeshUtilities: No automatic mesh reduction module available
[2015.06.30-08.54.35:941][  0]LogMeshUtilities: No automatic mesh merging module available
[2015.06.30-08.54.37:237][  0]UdpMessaging: Initializing bridge on interface 0.0.0.0:0 to multicast group 230.0.0.1:6666.
[2015.06.30-08.54.37:584][  0]SourceControl: Info Source control is disabled
[2015.06.30-08.54.37:607][  0]SourceControl: Info Source control is disabled
[2015.06.30-08.54.37:618][  0]SourceControl: Info Source control is disabled
[2015.06.30-08.54.37:627][  0]SourceControl: Info Source control is disabled
[2015.06.30-08.54.37:856][  0]LogObj: 26273 objects as part of root set at end of initial load.
[2015.06.30-08.54.37:856][  0]LogUObjectAllocator: 5409248 out of 0 bytes used by permanent object pool.
[2015.06.30-08.54.37:923][  0]LogEngine: Initializing Engine...
[2015.06.30-08.54.37:925][  0]LogHMD: Can't find Oculus library dev build: is proper Runtime installed? Version: 0.6.0.0
[2015.06.30-08.54.37:927][  0]LogHMD:Warning: SteamVR failed to initialize.  Error: 110
[2015.06.30-08.54.38:070][  0]LogAIModule: Creating AISystem for world NewWorld
[2015.06.30-08.54.38:075][  0]LogInit: XAudio2 using 'Speakers (High Definition Audio Device)' : 2 channels at 48 kHz using 32 bits per sample (channel mask 0x3)
[2015.06.30-08.54.38:096][  0]LogInit: FAudioDevice initialized.
[2015.06.30-08.54.38:123][  0]LogDerivedDataCache: Saved boot cache 0.03s 53MB C:/Users/TTV14SVilleK/AppData/Local/UnrealEngine/4.8/DerivedDataCache/Boot.ddc.
[2015.06.30-08.54.38:126][  0]LogInit: Texture streaming: Disabled
[2015.06.30-08.54.38:149][  0]LogAnalytics: Creating configured Analytics provider AnalyticsET
[2015.06.30-08.54.38:149][  0]LogAnalytics: [UEEditor.Rocket.Release] APIServer = http://et2.epicgames.com/ET2/. AppVersion = 4.8.1-2591939+++depot+UE4-Releases+4.8
[2015.06.30-08.54.38:150][  0]LogAnalytics: [UEEditor.Rocket.Release] SetUserId d652db00424d2d2668ac20b732403b95|13a6353d6e344fe8a6e53e6676d3b4bf|81e5f6f9-e625-4b87-83f3-869c0c4e9c34
[2015.06.30-08.54.38:150][  0]LogAnalytics: [UEEditor.Rocket.Release] AnalyticsET::StartSession
[2015.06.30-08.54.38:176][  0]LogInit: Transaction tracking system initialized
[2015.06.30-08.54.38:304][  0]BlueprintLog: New page: Editor Load
[2015.06.30-08.54.38:338][  0]LogAssetRegistry: FAssetRegistry took 0.0104 seconds to start up
[2015.06.30-08.54.38:338][  0]LogDirectoryWatcher:Warning: Failed to begin reading directory changes for ../../../Engine/Plugins/Experimental/CharacterAI/Content/. Error: 0
[2015.06.30-08.54.39:058][  0]LogConsoleManager:Warning: Console variable 'r.VSync' wasn't set ('GameSetting' has a lower priority than 'SystemSettingsIni')
[2015.06.30-08.54.39:058][  0]LogConsoleResponse:Display: 
[2015.06.30-08.54.39:154][  0]LogCook:Display: Done creating registry. It took  0.00s.
[2015.06.30-08.54.39:341][  0]SourceControl: Info Source control is disabled
[2015.06.30-08.54.39:341][  0]Cmd: MAP LOAD FILE="../../../../../../Users/TTV14SVilleK/Documents/GitHub/MayhemPunch/MayhemPunch 4.8/Content/Main/Maps/TutorialFirstLevel.umap" TEMPLATE=0 SHOWPROGRESS=1 FEATURELEVEL=3
[2015.06.30-08.54.39:341][  0]LightingResults: New page: Lighting Build
[2015.06.30-08.54.39:354][  0]MapCheck: New page: Map Check
[2015.06.30-08.54.39:354][  0]LightingResults: New page: Lighting Build
[2015.06.30-08.54.39:362][  0]LogParticles: Destroying 0 GPU particle simulations for FXSystem 0x000000001CAAAF20
[2015.06.30-08.54.40:109][  0]LogLinker:Warning: Can't find file '/Game/FirstPersonBP/Audio/Strong_Punch-Mike_Koenig-574430706'
[2015.06.30-08.54.40:109][  0]LoadErrors: Info Failed to load /Game/Blueprints/Pawn/botCharacter.botCharacter_C Referenced by SkeletalMesh5EEEA93E4D0A4B6F5D93338CF43C8894
[2015.06.30-08.54.40:109][  0]LogLinker:Warning: Can't find file for asset '/Game/FirstPersonBP/Audio/Strong_Punch-Mike_Koenig-574430706' while loading ../../../../../../Users/TTV14SVilleK/Documents/GitHub/MayhemPunch/MayhemPunch 4.8/Content/FirstPersonBP/Blueprints/GravityHammerImpact.uasset.
[2015.06.30-08.54.40:109][  0]LoadErrors: Info Failed to load /Game/Blueprints/Pawn/botCharacter.botCharacter_C Referenced by SkeletalMesh5EEEA93E4D0A4B6F5D93338CF43C8894
[2015.06.30-08.54.40:110][  0]LoadErrors:Error: Error /Game/FirstPersonBP/Blueprints/GravityHammerImpact : Can't find file for asset. /Game/FirstPersonBP/Audio/Strong_Punch-Mike_Koenig-574430706
[2015.06.30-08.54.40:127][  0]LogLinker:Warning: Can't find file '/Game/FirstPersonBP/Audio/Strong_Punch-Mike_Koenig-574430706'
[2015.06.30-08.54.40:127][  0]LoadErrors: Info Failed to load /Game/Blueprints/Pawn/botCharacter.botCharacter_C Referenced by SkeletalMesh5EEEA93E4D0A4B6F5D93338CF43C8894
[2015.06.30-08.54.40:127][  0]LogLinker:Warning: Can't find file for asset '/Game/FirstPersonBP/Audio/Strong_Punch-Mike_Koenig-574430706' while loading ../../../../../../Users/TTV14SVilleK/Documents/GitHub/MayhemPunch/MayhemPunch 4.8/Content/FirstPersonBP/Blueprints/GravityHammerImpact.uasset.
[2015.06.30-08.54.40:127][  0]LoadErrors: Info Failed to load /Game/Blueprints/Pawn/botCharacter.botCharacter_C Referenced by SkeletalMesh5EEEA93E4D0A4B6F5D93338CF43C8894
[2015.06.30-08.54.40:127][  0]LoadErrors:Error: Error /Game/FirstPersonBP/Blueprints/GravityHammerImpact : Can't find file for asset. /Game/FirstPersonBP/Audio/Strong_Punch-Mike_Koenig-574430706
[2015.06.30-08.54.40:133][  0]LogLinker:Warning: Can't find file '/Game/FirstPersonBP/Audio/Strong_Punch-Mike_Koenig-574430706'
[2015.06.30-08.54.40:133][  0]LoadErrors: Info Failed to load /Game/Blueprints/Pawn/botCharacter.botCharacter_C Referenced by SkeletalMesh5EEEA93E4D0A4B6F5D93338CF43C8894
[2015.06.30-08.54.40:133][  0]LogLinker:Warning: Can't find file for asset '/Game/FirstPersonBP/Audio/Strong_Punch-Mike_Koenig-574430706' while loading ../../../../../../Users/TTV14SVilleK/Documents/GitHub/MayhemPunch/MayhemPunch 4.8/Content/Blueprints/Behavior/BTS_botDetectEnemy.uasset.
[2015.06.30-08.54.40:133][  0]LoadErrors: Info Failed to load /Game/Blueprints/Pawn/botCharacter.botCharacter_C Referenced by SkeletalMesh5EEEA93E4D0A4B6F5D93338CF43C8894
[2015.06.30-08.54.40:133][  0]LoadErrors:Error: Error /Game/Blueprints/Behavior/BTS_botDetectEnemy : Can't find file for asset. /Game/FirstPersonBP/Audio/Strong_Punch-Mike_Koenig-574430706
[2015.06.30-08.54.40:133][  0]LogLinker:Warning: Can't find file '/Game/FirstPersonBP/Audio/Strong_Punch-Mike_Koenig-574430706'
[2015.06.30-08.54.40:133][  0]LoadErrors: Info Failed to load /Game/Blueprints/Pawn/botCharacter.botCharacter_C Referenced by SkeletalMesh5EEEA93E4D0A4B6F5D93338CF43C8894
[2015.06.30-08.54.40:133][  0]LogLinker:Warning: Can't find file for asset '/Game/FirstPersonBP/Audio/Strong_Punch-Mike_Koenig-574430706' while loading ../../../../../../Users/TTV14SVilleK/Documents/GitHub/MayhemPunch/MayhemPunch 4.8/Content/Blueprints/Behavior/BTS_botDetectEnemy.uasset.
[2015.06.30-08.54.40:133][  0]LoadErrors: Info Failed to load /Game/Blueprints/Pawn/botCharacter.botCharacter_C Referenced by SkeletalMesh5EEEA93E4D0A4B6F5D93338CF43C8894
[2015.06.30-08.54.40:133][  0]LoadErrors:Error: Error /Game/Blueprints/Behavior/BTS_botDetectEnemy : Can't find file for asset. /Game/FirstPersonBP/Audio/Strong_Punch-Mike_Koenig-574430706
[2015.06.30-08.54.40:136][  0]LogLinker:Warning: Can't find file '/Game/FirstPersonBP/Audio/Strong_Punch-Mike_Koenig-574430706'
[2015.06.30-08.54.40:136][  0]LoadErrors: Info Failed to load /Game/Blueprints/Pawn/botCharacter.botCharacter_C Referenced by EdGraphPin_15423
[2015.06.30-08.54.40:136][  0]LogLinker:Warning: Can't find file for asset '/Game/FirstPersonBP/Audio/Strong_Punch-Mike_Koenig-574430706' while loading ../../../../../../Users/TTV14SVilleK/Documents/GitHub/MayhemPunch/MayhemPunch 4.8/Content/Blueprints/Behavior/BTS_botDetectEnemy.uasset.
[2015.06.30-08.54.40:136][  0]LoadErrors: Info Failed to load /Game/Blueprints/Pawn/botCharacter.botCharacter_C Referenced by EdGraphPin_15423
[2015.06.30-08.54.40:136][  0]LoadErrors:Error: Error /Game/Blueprints/Behavior/BTS_botDetectEnemy : Can't find file for asset. /Game/FirstPersonBP/Audio/Strong_Punch-Mike_Koenig-574430706
[2015.06.30-08.54.40:189][  0]LogLinker:Warning: Can't find file '/Game/FirstPersonBP/Audio/Strong_Punch-Mike_Koenig-574430706'
[2015.06.30-08.54.40:189][  0]LoadErrors: Info Failed to load /Game/Blueprints/Pawn/botCharacter.botCharacter_C Referenced by SkeletalMesh5EEEA93E4D0A4B6F5D93338CF43C8894
[2015.06.30-08.54.40:190][  0]LogLinker:Warning: Can't find file for asset '/Game/FirstPersonBP/Audio/Strong_Punch-Mike_Koenig-574430706' while loading ../../../../../../Users/TTV14SVilleK/Documents/GitHub/MayhemPunch/MayhemPunch 4.8/Content/FirstPersonBP/Blueprints/HitStaticMesh.uasset.
[2015.06.30-08.54.40:190][  0]LoadErrors: Info Failed to load /Game/Blueprints/Pawn/botCharacter.botCharacter_C Referenced by SkeletalMesh5EEEA93E4D0A4B6F5D93338CF43C8894
[2015.06.30-08.54.40:190][  0]LoadErrors:Error: Error /Game/FirstPersonBP/Blueprints/HitStaticMesh : Can't find file for asset. /Game/FirstPersonBP/Audio/Strong_Punch-Mike_Koenig-574430706
[2015.06.30-08.54.40:190][  0]LogLinker:Warning: Can't find file '/Game/FirstPersonBP/Audio/Strong_Punch-Mike_Koenig-574430706'
[2015.06.30-08.54.40:190][  0]LoadErrors: Info Failed to load /Game/Blueprints/Pawn/botCharacter.botCharacter_C Referenced by SkeletalMesh5EEEA93E4D0A4B6F5D93338CF43C8894
[2015.06.30-08.54.40:190][  0]LogLinker:Warning: Can't find file for asset '/Game/FirstPersonBP/Audio/Strong_Punch-Mike_Koenig-574430706' while loading ../../../../../../Users/TTV14SVilleK/Documents/GitHub/MayhemPunch/MayhemPunch 4.8/Content/FirstPersonBP/Blueprints/HitStaticMesh.uasset.
[2015.06.30-08.54.40:190][  0]LoadErrors: Info Failed to load /Game/Blueprints/Pawn/botCharacter.botCharacter_C Referenced by SkeletalMesh5EEEA93E4D0A4B6F5D93338CF43C8894
[2015.06.30-08.54.40:190][  0]LoadErrors:Error: Error /Game/FirstPersonBP/Blueprints/HitStaticMesh : Can't find file for asset. /Game/FirstPersonBP/Audio/Strong_Punch-Mike_Koenig-574430706
[2015.06.30-08.54.40:195][  0]LogLinker:Warning: Can't find file '/Game/FirstPersonBP/Audio/Strong_Punch-Mike_Koenig-574430706'
[2015.06.30-08.54.40:195][  0]LoadErrors: Info Failed to load /Game/Blueprints/Pawn/botCharacter.botCharacter_C Referenced by SkeletalMesh5EEEA93E4D0A4B6F5D93338CF43C8894
[2015.06.30-08.54.40:195][  0]LogLinker:Warning: Can't find file for asset '/Game/FirstPersonBP/Audio/Strong_Punch-Mike_Koenig-574430706' while loading ../../../../../../Users/TTV14SVilleK/Documents/GitHub/MayhemPunch/MayhemPunch 4.8/Content/Blueprints/Behavior/BTS_botDetectEnemy.uasset.
[2015.06.30-08.54.40:195][  0]LoadErrors: Info Failed to load /Game/Blueprints/Pawn/botCharacter.botCharacter_C Referenced by SkeletalMesh5EEEA93E4D0A4B6F5D93338CF43C8894
[2015.06.30-08.54.40:195][  0]LoadErrors:Error: Error /Game/Blueprints/Behavior/BTS_botDetectEnemy : Can't find file for asset. /Game/FirstPersonBP/Audio/Strong_Punch-Mike_Koenig-574430706
[2015.06.30-08.54.40:196][  0]LogLinker:Warning: Can't find file '/Game/FirstPersonBP/Audio/Strong_Punch-Mike_Koenig-574430706'
[2015.06.30-08.54.40:196][  0]LoadErrors: Info Failed to load /Game/Blueprints/Pawn/botCharacter.botCharacter_C Referenced by SkeletalMesh5EEEA93E4D0A4B6F5D93338CF43C8894
[2015.06.30-08.54.40:196][  0]LogLinker:Warning: Can't find file for asset '/Game/FirstPersonBP/Audio/Strong_Punch-Mike_Koenig-574430706' while loading ../../../../../../Users/TTV14SVilleK/Documents/GitHub/MayhemPunch/MayhemPunch 4.8/Content/Blueprints/Behavior/BTS_botDetectEnemy.uasset.
[2015.06.30-08.54.40:196][  0]LoadErrors: Info Failed to load /Game/Blueprints/Pawn/botCharacter.botCharacter_C Referenced by SkeletalMesh5EEEA93E4D0A4B6F5D93338CF43C8894
[2015.06.30-08.54.40:196][  0]LoadErrors:Error: Error /Game/Blueprints/Behavior/BTS_botDetectEnemy : Can't find file for asset. /Game/FirstPersonBP/Audio/Strong_Punch-Mike_Koenig-574430706
[2015.06.30-08.54.40:201][  0]LogLinker:Warning: Can't find file '/Game/FirstPersonBP/Audio/Strong_Punch-Mike_Koenig-574430706'
[2015.06.30-08.54.40:201][  0]LoadErrors: Info Failed to load /Game/Blueprints/Pawn/botCharacter.botCharacter_C Referenced by EdGraphPin_15423
[2015.06.30-08.54.40:201][  0]LogLinker:Warning: Can't find file for asset '/Game/FirstPersonBP/Audio/Strong_Punch-Mike_Koenig-574430706' while loading ../../../../../../Users/TTV14SVilleK/Documents/GitHub/MayhemPunch/MayhemPunch 4.8/Content/Blueprints/Behavior/BTS_botDetectEnemy.uasset.
[2015.06.30-08.54.40:201][  0]LoadErrors: Info Failed to load /Game/Blueprints/Pawn/botCharacter.botCharacter_C Referenced by EdGraphPin_15423
[2015.06.30-08.54.40:202][  0]LoadErrors:Error: Error /Game/Blueprints/Behavior/BTS_botDetectEnemy : Can't find file for asset. /Game/FirstPersonBP/Audio/Strong_Punch-Mike_Koenig-574430706
[2015.06.30-08.54.46:144][  0]LogAIModule: Creating AISystem for world TutorialFirstLevel
[2015.06.30-08.54.46:203][  0]LogEditorServer: Finished looking for orphan Actors (0.000 secs)
[2015.06.30-08.54.46:206][  0]Cmd: MAP CHECKDEP NOCLEARLOG
[2015.06.30-08.54.46:302][  0]MapCheck: Info Map check complete: 0 Error(s), 0 Warning(s), took 95.581ms to complete.
[2015.06.30-08.54.46:302][  0]LogFileHelpers: Loading map 'TutorialFirstLevel' took 6.961
[2015.06.30-08.54.46:439][  0]LogCollectionManager: Loaded 0 collections in 0.001576 seconds
[2015.06.30-08.54.46:446][  0]LogContentBrowser: Native class hierarchy populated in 0.0062 seconds. Added 1792 classes and 301 folders.
[2015.06.30-08.54.46:489][  0]LogContentBrowser: Native class hierarchy updated for 'WidgetCarousel' in 0.0003 seconds. Added 0 classes and 0 folders.
[2015.06.30-08.54.46:515][  0]LogContentBrowser: Native class hierarchy updated for 'AddContentDialog' in 0.0003 seconds. Added 0 classes and 0 folders.
[2015.06.30-08.54.46:530][  0]LogContentBrowser: Native class hierarchy updated for 'SceneOutliner' in 0.0003 seconds. Added 1 classes and 2 folders.
[2015.06.30-08.54.46:629][  0]LogCrashTracker: Crashtracker disabled due to settings.
[2015.06.30-08.54.46:634][  0]LogUObjectGlobals:Warning: Failed to find object 'Class None.'
[2015.06.30-08.54.46:654][  0]LogLoad: Full Startup: 14.82 seconds (BP compile: 2.96 seconds)
[2015.06.30-08.54.46:725][  0]LogContentStreaming: Texture pool size is 0.000000MB
[2015.06.30-08.54.46:791][  0]LogContentStreaming: Texture pool size now 1000 MB
[2015.06.30-08.54.46:938][  0]LogRenderer: Reallocating scene render targets to support 1208x632 (Frame:2).
[2015.06.30-08.54.47:878][ 17]LogAssetRegistry: Asset discovery search completed in 9.5514 seconds
[2015.06.30-08.55.48:680][528]LogSavePack