[2015.06.30-08.58.48:028][  0]Log file open, 06/30/15 11:58:48
[2015.06.30-08.58.48:028][  0]LogInit:Display: Running engine for game: MayhemPunch
[2015.06.30-08.58.48:028][  0]LogInit:Display: RandInit(-2144188190) SRandInit(-2144188190).
[2015.06.30-08.58.48:028][  0]LogTaskGraph: Started task graph with 4 named threads and 7 total threads.
[2015.06.30-08.58.48:028][  0]LogStats: Stats thread started
[2015.06.30-08.58.48:028][  0]LogInit: Version: 4.8.1-2591939+++depot+UE4-Releases+4.8
[2015.06.30-08.58.48:028][  0]LogInit: API Version: 2579680
[2015.06.30-08.58.48:028][  0]LogInit: Compiled (64-bit): Jun 18 2015 11:02:04
[2015.06.30-08.58.48:028][  0]LogInit: Compiled with Visual C++: 18.00.21005.01
[2015.06.30-08.58.48:029][  0]LogInit: Build Configuration: Development
[2015.06.30-08.58.48:029][  0]LogInit: Branch Name: ++depot+UE4-Releases+4.8
[2015.06.30-08.58.48:029][  0]LogInit: Command line:  
[2015.06.30-08.58.48:029][  0]LogInit: Base directory: C:/Program Files/Unreal Engine/4.8/Engine/Binaries/Win64/
[2015.06.30-08.58.48:029][  0]LogInit: Rocket: 1
[2015.06.30-08.58.48:043][  0]LogInit: Using libcurl 7.41.0
[2015.06.30-08.58.48:043][  0]LogInit:  - built for x86_64-pc-win32
[2015.06.30-08.58.48:043][  0]LogInit:  - supports SSL with WinSSL
[2015.06.30-08.58.48:043][  0]LogInit:  - other features:
[2015.06.30-08.58.48:043][  0]LogInit:      CURL_VERSION_SSL
[2015.06.30-08.58.48:043][  0]LogInit:      CURL_VERSION_IPV6
[2015.06.30-08.58.48:043][  0]LogInit:      CURL_VERSION_ASYNCHDNS
[2015.06.30-08.58.48:043][  0]LogInit:      CURL_VERSION_LARGEFILE
[2015.06.30-08.58.48:043][  0]LogInit:      CURL_VERSION_IDN
[2015.06.30-08.58.48:043][  0]LogInit:  CurlRequestOptions (configurable via config and command line):
[2015.06.30-08.58.48:043][  0]LogInit:  - bVerifyPeer = true  - Libcurl will verify peer certificate
[2015.06.30-08.58.48:043][  0]LogInit:  - bUseHttpProxy = false  - Libcurl will NOT use HTTP proxy
[2015.06.30-08.58.48:043][  0]LogInit:  - bDontReuseConnections = false  - Libcurl will reuse connections
[2015.06.30-08.58.48:043][  0]LogInit:  - CertBundlePath = nullptr  - Libcurl will use whatever was configured at build time.
[2015.06.30-08.58.48:090][  0]LogInit: WinSock: version 1.1 (2.2), MaxSocks=32767, MaxUdp=65467
[2015.06.30-08.58.48:104][  0]LogVoice:Warning: Failed to initialize voice interface
[2015.06.30-08.58.48:117][  0]LogInit: Presizing for 0 objects not considered by GC, pre-allocating 0 bytes.
[2015.06.30-08.58.48:124][  0]LogInit: Object subsystem initialized
[2015.06.30-08.58.48:125][  0]LogConsoleResponse:Warning: Skipping Unknown console variable: 'TranslucentSortAxis = (X=0.000000,Y=-1.000000,Z=0.000000)'
[2015.06.30-08.58.48:125][  0]LogConsoleResponse:Warning:   Found in ini file 'C:/Users/TTV14SVilleK/Documents/GitHub/MayhemPunch/MayhemPunch 4.8/Saved/Config/Windows/Engine.ini', in section '[/Script/Engine.RendererSettings]'
[2015.06.30-08.58.48:125][  0]LogConsoleResponse:Warning: Skipping Unknown console variable: 'UIScaleRule = ShortestSide'
[2015.06.30-08.58.48:125][  0]LogConsoleResponse:Warning:   Found in ini file 'C:/Users/TTV14SVilleK/Documents/GitHub/MayhemPunch/MayhemPunch 4.8/Saved/Config/Windows/Engine.ini', in section '[/Script/Engine.RendererSettings]'
[2015.06.30-08.58.48:125][  0]LogConsoleResponse:Warning: Skipping Unknown console variable: 'UIScaleCurve = (EditorCurveData=(Keys=),ExternalCurve=None)'
[2015.06.30-08.58.48:125][  0]LogConsoleResponse:Warning:   Found in ini file 'C:/Users/TTV14SVilleK/Documents/GitHub/MayhemPunch/MayhemPunch 4.8/Saved/Config/Windows/Engine.ini', in section '[/Script/Engine.RendererSettings]'
[2015.06.30-08.58.48:126][  0]LogInit: Selected Device Profile: [Windows]
[2015.06.30-08.58.48:126][  0]LogInit: Applying CVar settings loaded from the selected device profile: [Windows]
[2015.06.30-08.58.48:135][  0]LogInit: Computer: TA11LDML-29
[2015.06.30-08.58.48:135][  0]LogInit: User: TTV14SVilleK
[2015.06.30-08.58.48:135][  0]LogInit: CPU Page size=4096, Cores=4
[2015.06.30-08.58.48:135][  0]LogInit: High frequency timer resolution =3.316113 MHz
[2015.06.30-08.58.48:135][  0]LogMemory: Memory total: Physical=16.0GB (16GB approx)
[2015.06.30-08.58.48:135][  0]LogMemory: Platform Memory Stats for Windows
[2015.06.30-08.58.48:135][  0]LogMemory: Process Physical Memory: 54.43 MB used, 54.43 MB peak
[2015.06.30-08.58.48:135][  0]LogMemory: Process Virtual Memory: 29.58 MB used, 29.58 MB peak
[2015.06.30-08.58.48:135][  0]LogMemory: Physical Memory: 5140.76 MB used, 16344.95 MB total
[2015.06.30-08.58.48:135][  0]LogMemory: Virtual Memory: 296.51 MB used, 8388608.00 MB total
[2015.06.30-08.58.48:170][  0]LogTextLocalizationManager: The requested culture ('fi_FI') has no localization data; falling back to 'en' for localization and internationalization data.
[2015.06.30-08.58.48:409][  0]LogTextLocalizationManager:Warning: Loaded localization resources contain conflicting entries for (Namespace:ContentBrowser, Key:ImportAssetToolTip):
Localization Resource: (C:/Program Files/Unreal Engine/4.8/Engine/Content/Localization/Editor/en/Editor.locres) Source String Hash: (-630476809) Localized String: (Import to {0}...)
Localization Resource: (C:/Program Files/Unreal Engine/4.8/Engine/Content/Localization/Editor/en/Editor.locres) Source String Hash: (1271782899) Localized String: (Imports an asset from file to this folder.)
[2015.06.30-08.58.48:843][  0]LogD3D11RHI: Found D3D11 adapter 0: NVIDIA GeForce GT 640 (Feature Level 11_0)
[2015.06.30-08.58.48:843][  0]LogD3D11RHI: Adapter has 971MB of dedicated video memory, 0MB of dedicated system memory, and 3072MB of shared system memory, 2 output[s]
[2015.06.30-08.58.48:843][  0]LogD3D11RHI: Chosen D3D11 Adapter Id = 0
[2015.06.30-08.58.48:847][  0]LogRHI: Texture pool is 680 MB (70% of 971 MB)
[2015.06.30-08.58.48:854][  0]LogD3D11RHI: Async texture creation enabled
[2015.06.30-08.58.48:868][  0]LogShaderCompilers:Display: Using Local Shader Compiler.
[2015.06.30-08.58.49:717][  0]LogTemp:Display: Loaded TP DesktopTargetPlatform
[2015.06.30-08.58.49:732][  0]LogTemp:Display: Loaded TP WindowsClientTargetPlatform
[2015.06.30-08.58.49:746][  0]LogTemp:Display: Loaded TP WindowsNoEditorTargetPlatform
[2015.06.30-08.58.49:761][  0]LogTemp:Display: Loaded TP WindowsServerTargetPlatform
[2015.06.30-08.58.49:777][  0]LogTemp:Display: Loaded TP WindowsTargetPlatform
[2015.06.30-08.58.49:790][  0]LogTemp:Display: Loaded TP AndroidTargetPlatform
[2015.06.30-08.58.49:803][  0]LogTemp:Display: Loaded TP Android_ASTCTargetPlatform
[2015.06.30-08.58.49:815][  0]LogTemp:Display: Loaded TP Android_ATCTargetPlatform
[2015.06.30-08.58.49:828][  0]LogTemp:Display: Loaded TP Android_DXTTargetPlatform
[2015.06.30-08.58.49:841][  0]LogTemp:Display: Loaded TP Android_ETC1TargetPlatform
[2015.06.30-08.58.49:854][  0]LogTemp:Display: Loaded TP Android_ETC2TargetPlatform
[2015.06.30-08.58.49:866][  0]LogTemp:Display: Loaded TP Android_PVRTCTargetPlatform
[2015.06.30-08.58.49:914][  0]LogTemp:Display: Loaded TP IOSTargetPlatform
[2015.06.30-08.58.49:927][  0]LogTemp:Display: Loaded TP LinuxNoEditorTargetPlatform
[2015.06.30-08.58.49:940][  0]LogTemp:Display: Loaded TP LinuxServerTargetPlatform
[2015.06.30-08.58.49:956][  0]LogTemp:Display: Loaded TP LinuxTargetPlatform
[2015.06.30-08.58.49:956][  0]LogTargetPlatformManager:Display: Building Assets For Windows
[2015.06.30-08.58.50:165][  0]LogDerivedDataCache:Display: Max Cache Size: 512 MB
[2015.06.30-08.58.50:212][  0]LogDerivedDataCache: Loaded boot cache 0.05s 53MB C:/Users/TTV14SVilleK/AppData/Local/UnrealEngine/4.8/DerivedDataCache/Boot.ddc.
[2015.06.30-08.58.50:212][  0]LogDerivedDataCache:Display: Loaded Boot cache: C:/Users/TTV14SVilleK/AppData/Local/UnrealEngine/4.8/DerivedDataCache/Boot.ddc
[2015.06.30-08.58.50:212][  0]LogDerivedDataCache: FDerivedDataBackendGraph:  Pak pak cache file ../../../../../../Users/TTV14SVilleK/Documents/GitHub/MayhemPunch/MayhemPunch 4.8/DerivedDataCache/DDC.ddp not found, will not use a pak cache.
[2015.06.30-08.58.50:212][  0]LogDerivedDataCache: Unable to find inner node Pak for hierarchical cache Hierarchy.
[2015.06.30-08.58.50:212][  0]LogDerivedDataCache: FDerivedDataBackendGraph:  CompressedPak pak cache file ../../../../../../Users/TTV14SVilleK/Documents/GitHub/MayhemPunch/MayhemPunch 4.8/DerivedDataCache/Compressed.ddp not found, will not use a pak cache.
[2015.06.30-08.58.50:212][  0]LogDerivedDataCache: Unable to find inner node CompressedPak for hierarchical cache Hierarchy.
[2015.06.30-08.58.50:365][  0]LogDerivedDataCache:Display: Pak cache opened for reading ../../../Engine/DerivedDataCache/Compressed.ddp.
[2015.06.30-08.58.50:376][  0]LogDerivedDataCache: Using Local data cache path C:/Users/TTV14SVilleK/AppData/Local/UnrealEngine/Common/DerivedDataCache: Writable
[2015.06.30-08.58.50:597][  0]LogInit: Selected Device Profile: [Windows]
[2015.06.30-08.58.50:605][  0]ImportText (ComponentSweepMultiTests): Missing closing parenthesis: (RootShapeAsset="/Engine/BasicShapes/Cube.Cube",ShapeType="TriggerCapsule",HitResult=(Time=0.50,Location=(X=-100.000015,Y=0.0,Z=100.000015),ImpactPoint=(X=-50.0,Y=0.0,Z=50.0),Normal=(X=-1.0,Y=-0.0,Z=0.0),ImpactNormal=(X=0.0,Y=0.0,Z=1.0),TraceStart=(X=-200.0,Y=0.0,Z=200.0),TraceEnd=(X=0.0,Y=0.0,Z=0.0))
[2015.06.30-08.58.50:605][  0]ImportText (LineTraceSingleByChannelTests): Missing closing parenthesis: (RootShapeAsset="/Engine/BasicShapes/Cube.Cube",HitResult=(Time=0.50,Location=(X=-100.000015,Y=0.0,Z=100.000015),ImpactPoint=(X=-50.0,Y=0.0,Z=50.0),Normal=(X=-1.0,Y=-0.0,Z=0.0),ImpactNormal=(X=0.0,Y=0.0,Z=1.0),TraceStart=(X=-200.0,Y=0.0,Z=200.0),TraceEnd=(X=0.0,Y=0.0,Z=0.0))
[2015.06.30-08.58.50:634][  0]LogMeshUtilities: No automatic mesh reduction module available
[2015.06.30-08.58.50:634][  0]LogMeshUtilities: No automatic mesh merging module available
[2015.06.30-08.58.51:977][  0]UdpMessaging: Initializing bridge on interface 0.0.0.0:0 to multicast group 230.0.0.1:6666.
[2015.06.30-08.58.52:332][  0]SourceControl: Info Source control is disabled
[2015.06.30-08.58.52:355][  0]SourceControl: Info Source control is disabled
[2015.06.30-08.58.52:366][  0]SourceControl: Info Source control is disabled
[2015.06.30-08.58.52:376][  0]SourceControl: Info Source control is disabled
[2015.06.30-08.58.52:611][  0]LogObj: 26273 objects as part of root set at end of initial load.
[2015.06.30-08.58.52:611][  0]LogUObjectAllocator: 5409248 out of 0 bytes used by permanent object pool.
[2015.06.30-08.58.52:680][  0]LogEngine: Initializing Engine...
[2015.06.30-08.58.52:683][  0]LogHMD: Can't find Oculus library dev build: is proper Runtime installed? Version: 0.6.0.0
[2015.06.30-08.58.52:685][  0]LogHMD:Warning: SteamVR failed to initialize.  Error: 110
[2015.06.30-08.58.52:833][  0]LogAIModule: Creating AISystem for world NewWorld
[2015.06.30-08.58.52:839][  0]LogInit: XAudio2 using 'Speakers (High Definition Audio Device)' : 2 channels at 48 kHz using 32 bits per sample (channel mask 0x3)
[2015.06.30-08.58.52:846][  0]LogInit: FAudioDevice initialized.
[2015.06.30-08.58.52:879][  0]LogDerivedDataCache: Saved boot cache 0.03s 53MB C:/Users/TTV14SVilleK/AppData/Local/UnrealEngine/4.8/DerivedDataCache/Boot.ddc.
[2015.06.30-08.58.52:882][  0]LogInit: Texture streaming: Disabled
[2015.06.30-08.58.52:906][  0]LogAnalytics: Creating configured Analytics provider AnalyticsET
[2015.06.30-08.58.52:906][  0]LogAnalytics: [UEEditor.Rocket.Release] APIServer = http://et2.epicgames.com/ET2/. AppVersion = 4.8.1-2591939+++depot+UE4-Releases+4.8
[2015.06.30-08.58.52:906][  0]LogAnalytics: [UEEditor.Rocket.Release] SetUserId d652db00424d2d2668ac20b732403b95|13a6353d6e344fe8a6e53e6676d3b4bf|81e5f6f9-e625-4b87-83f3-869c0c4e9c34
[2015.06.30-08.58.52:906][  0]LogAnalytics: [UEEditor.Rocket.Release] AnalyticsET::StartSession
[2015.06.30-08.58.52:935][  0]LogInit: Transaction tracking system initialized
[2015.06.30-08.58.53:067][  0]BlueprintLog: New page: Editor Load
[2015.06.30-08.58.53:103][  0]LogAssetRegistry: FAssetRegistry took 0.0099 seconds to start up
[2015.06.30-08.58.53:103][  0]LogDirectoryWatcher:Warning: Failed to begin reading directory changes for ../../../Engine/Plugins/Experimental/CharacterAI/Content/. Error: 0
[2015.06.30-08.58.53:866][  0]LogConsoleManager:Warning: Console variable 'r.VSync' wasn't set ('GameSetting' has a lower priority than 'SystemSettingsIni')
[2015.06.30-08.58.53:866][  0]LogConsoleResponse:Display: 
[2015.06.30-08.58.53:975][  0]LogCook:Display: Done creating registry. It took  0.00s.
[2015.06.30-08.58.54:168][  0]SourceControl: Info Source control is disabled
[2015.06.30-08.58.54:168][  0]Cmd: MAP LOAD FILE="../../../../../../Users/TTV14SVilleK/Documents/GitHub/MayhemPunch/MayhemPunch 4.8/Content/Main/Maps/TutorialFirstLevel.umap" TEMPLATE=0 SHOWPROGRESS=1 FEATURELEVEL=3
[2015.06.30-08.58.54:169][  0]LightingResults: New page: Lighting Build
[2015.06.30-08.58.54:187][  0]MapCheck: New page: Map Check
[2015.06.30-08.58.54:187][  0]LightingResults: New page: Lighting Build
[2015.06.30-08.58.54:198][  0]LogParticles: Destroying 0 GPU particle simulations for FXSystem 0x000000001BF26F20
[2015.06.30-08.58.54:977][  0]LogLinker:Warning: Can't find file '/Game/FirstPersonBP/Audio/Strong_Punch-Mike_Koenig-574430706'
[2015.06.30-08.58.54:978][  0]LoadErrors: Info Failed to load /Game/Blueprints/Pawn/botCharacter.botCharacter_C Referenced by SkeletalMesh5EEEA93E4D0A4B6F5D93338CF43C8894
[2015.06.30-08.58.54:978][  0]LogLinker:Warning: Can't find file for asset '/Game/FirstPersonBP/Audio/Strong_Punch-Mike_Koenig-574430706' while loading ../../../../../../Users/TTV14SVilleK/Documents/GitHub/MayhemPunch/MayhemPunch 4.8/Content/FirstPersonBP/Blueprints/GravityHammerImpact.uasset.
[2015.06.30-08.58.54:978][  0]LoadErrors: Info Failed to load /Game/Blueprints/Pawn/botCharacter.botCharacter_C Referenced by SkeletalMesh5EEEA93E4D0A4B6F5D93338CF43C8894
[2015.06.30-08.58.54:978][  0]LoadErrors:Error: Error /Game/FirstPersonBP/Blueprints/GravityHammerImpact : Can't find file for asset. /Game/FirstPersonBP/Audio/Strong_Punch-Mike_Koenig-574430706
[2015.06.30-08.58.54:996][  0]LogLinker:Warning: Can't find file '/Game/FirstPersonBP/Audio/Strong_Punch-Mike_Koenig-574430706'
[2015.06.30-08.58.54:996][  0]LoadErrors: Info Failed to load /Game/Blueprints/Pawn/botCharacter.botCharacter_C Referenced by SkeletalMesh5EEEA93E4D0A4B6F5D93338CF43C8894
[2015.06.30-08.58.54:996][  0]LogLinker:Warning: Can't find file for asset '/Game/FirstPersonBP/Audio/Strong_Punch-Mike_Koenig-574430706' while loading ../../../../../../Users/TTV14SVilleK/Documents/GitHub/MayhemPunch/MayhemPunch 4.8/Content/FirstPersonBP/Blueprints/GravityHammerImpact.uasset.
[2015.06.30-08.58.54:996][  0]LoadErrors: Info Failed to load /Game/Blueprints/Pawn/botCharacter.botCharacter_C Referenced by SkeletalMesh5EEEA93E4D0A4B6F5D93338CF43C8894
[2015.06.30-08.58.54:996][  0]LoadErrors:Error: Error /Game/FirstPersonBP/Blueprints/GravityHammerImpact : Can't find file for asset. /Game/FirstPersonBP/Audio/Strong_Punch-Mike_Koenig-574430706
[2015.06.30-08.58.55:003][  0]LogLinker:Warning: Can't find file '/Game/FirstPersonBP/Audio/Strong_Punch-Mike_Koenig-574430706'
[2015.06.30-08.58.55:003][  0]LoadErrors: Info Failed to load /Game/Blueprints/Pawn/botCharacter.botCharacter_C Referenced by SkeletalMesh5EEEA93E4D0A4B6F5D93338CF43C8894
[2015.06.30-08.58.55:004][  0]LogLinker:Warning: Can't find file for asset '/Game/FirstPersonBP/Audio/Strong_Punch-Mike_Koenig-574430706' while loading ../../../../../../Users/TTV14SVilleK/Documents/GitHub/MayhemPunch/MayhemPunch 4.8/Content/Blueprints/Behavior/BTS_botDetectEnemy.uasset.
[2015.06.30-08.58.55:004][  0]LoadErrors: Info Failed to load /Game/Blueprints/Pawn/botCharacter.botCharacter_C Referenced by SkeletalMesh5EEEA93E4D0A4B6F5D93338CF43C8894
[2015.06.30-08.58.55:004][  0]LoadErrors:Error: Error /Game/Blueprints/Behavior/BTS_botDetectEnemy : Can't find file for asset. /Game/FirstPersonBP/Audio/Strong_Punch-Mike_Koenig-574430706
[2015.06.30-08.58.55:004][  0]LogLinker:Warning: Can't find file '/Game/FirstPersonBP/Audio/Strong_Punch-Mike_Koenig-574430706'
[2015.06.30-08.58.55:004][  0]LoadErrors: Info Failed to load /Game/Blueprints/Pawn/botCharacter.botCharacter_C Referenced by SkeletalMesh5EEEA93E4D0A4B6F5D93338CF43C8894
[2015.06.30-08.58.55:004][  0]LogLinker:Warning: Can't find file for asset '/Game/FirstPersonBP/Audio/Strong_Punch-Mike_Koenig-574430706' while loading ../../../../../../Users/TTV14SVilleK/Documents/GitHub/MayhemPunch/MayhemPunch 4.8/Content/Blueprints/Behavior/BTS_botDetectEnemy.uasset.
[2015.06.30-08.58.55:004][  0]LoadErrors: Info Failed to load /Game/Blueprints/Pawn/botCharacter.botCharacter_C Referenced by SkeletalMesh5EEEA93E4D0A4B6F5D93338CF43C8894
[2015.06.30-08.58.55:004][  0]LoadErrors:Error: Error /Game/Blueprints/Behavior/BTS_botDetectEnemy : Can't find file for asset. /Game/FirstPersonBP/Audio/Strong_Punch-Mike_Koenig-574430706
[2015.06.30-08.58.55:007][  0]LogLinker:Warning: Can't find file '/Game/FirstPersonBP/Audio/Strong_Punch-Mike_Koenig-574430706'
[2015.06.30-08.58.55:007][  0]LoadErrors: Info Failed to load /Game/Blueprints/Pawn/botCharacter.botCharacter_C Referenced by EdGraphPin_15423
[2015.06.30-08.58.55:007][  0]LogLinker:Warning: Can't find file for asset '/Game/FirstPersonBP/Audio/Strong_Punch-Mike_Koenig-574430706' while loading ../../../../../../Users/TTV14SVilleK/Documents/GitHub/MayhemPunch/MayhemPunch 4.8/Content/Blueprints/Behavior/BTS_botDetectEnemy.uasset.
[2015.06.30-08.58.55:007][  0]LoadErrors: Info Failed to load /Game/Blueprints/Pawn/botCharacter.botCharacter_C Referenced by EdGraphPin_15423
[2015.06.30-08.58.55:007][  0]LoadErrors:Error: Error /Game/Blueprints/Behavior/BTS_botDetectEnemy : Can't find file for asset. /Game/FirstPersonBP/Audio/Strong_Punch-Mike_Koenig-574430706
[2015.06.30-08.58.55:063][  0]LogLinker:Warning: Can't find file '/Game/FirstPersonBP/Audio/Strong_Punch-Mike_Koenig-574430706'
[2015.06.30-08.58.55:063][  0]LoadErrors: Info Failed to load /Game/Blueprints/Pawn/botCharacter.botCharacter_C Referenced by SkeletalMesh5EEEA93E4D0A4B6F5D93338CF43C8894
[2015.06.30-08.58.55:063][  0]LogLinker:Warning: Can't find file for asset '/Game/FirstPersonBP/Audio/Strong_Punch-Mike_Koenig-574430706' while loading ../../../../../../Users/TTV14SVilleK/Documents/GitHub/MayhemPunch/MayhemPunch 4.8/Content/FirstPersonBP/Blueprints/HitStaticMesh.uasset.
[2015.06.30-08.58.55:063][  0]LoadErrors: Info Failed to load /Game/Blueprints/Pawn/botCharacter.botCharacter_C Referenced by SkeletalMesh5EEEA93E4D0A4B6F5D93338CF43C8894
[2015.06.30-08.58.55:063][  0]LoadErrors:Error: Error /Game/FirstPersonBP/Blueprints/HitStaticMesh : Can't find file for asset. /Game/FirstPersonBP/Audio/Strong_Punch-Mike_Koenig-574430706
[2015.06.30-08.58.55:064][  0]LogLinker:Warning: Can't find file '/Game/FirstPersonBP/Audio/Strong_Punch-Mike_Koenig-574430706'
[2015.06.30-08.58.55:064][  0]LoadErrors: Info Failed to load /Game/Blueprints/Pawn/botCharacter.botCharacter_C Referenced by SkeletalMesh5EEEA93E4D0A4B6F5D93338CF43C8894
[2015.06.30-08.58.55:064][  0]LogLinker:Warning: Can't find file for asset '/Game/FirstPersonBP/Audio/Strong_Punch-Mike_Koenig-574430706' while loading ../../../../../../Users/TTV14SVilleK/Documents/GitHub/MayhemPunch/MayhemPunch 4.8/Content/FirstPersonBP/Blueprints/HitStaticMesh.uasset.
[2015.06.30-08.58.55:064][  0]LoadErrors: Info Failed to load /Game/Blueprints/Pawn/botCharacter.botCharacter_C Referenced by SkeletalMesh5EEEA93E4D0A4B6F5D93338CF43C8894
[2015.06.30-08.58.55:064][  0]LoadErrors:Error: Error /Game/FirstPersonBP/Blueprints/HitStaticMesh : Can't find file for asset. /Game/FirstPersonBP/Audio/Strong_Punch-Mike_Koenig-574430706
[2015.06.30-08.58.55:069][  0]LogLinker:Warning: Can't find file '/Game/FirstPersonBP/Audio/Strong_Punch-Mike_Koenig-574430706'
[2015.06.30-08.58.55:069][  0]LoadErrors: Info Failed to load /Game/Blueprints/Pawn/botCharacter.botCharacter_C Referenced by SkeletalMesh5EEEA93E4D0A4B6F5D93338CF43C8894
[2015.06.30-08.58.55:069][  0]LogLinker:Warning: Can't find file for asset '/Game/FirstPersonBP/Audio/Strong_Punch-Mike_Koenig-574430706' while loading ../../../../../../Users/TTV14SVilleK/Documents/GitHub/MayhemPunch/MayhemPunch 4.8/Content/Blueprints/Behavior/BTS_botDetectEnemy.uasset.
[2015.06.30-08.58.55:069][  0]LoadErrors: Info Failed to load /Game/Blueprints/Pawn/botCharacter.botCharacter_C Referenced by SkeletalMesh5EEEA93E4D0A4B6F5D93338CF43C8894
[2015.06.30-08.58.55:069][  0]LoadErrors:Error: Error /Game/Blueprints/Behavior/BTS_botDetectEnemy : Can't find file for asset. /Game/FirstPersonBP/Audio/Strong_Punch-Mike_Koenig-574430706
[2015.06.30-08.58.55:069][  0]LogLinker:Warning: Can't find file '/Game/FirstPersonBP/Audio/Strong_Punch-Mike_Koenig-574430706'
[2015.06.30-08.58.55:069][  0]LoadErrors: Info Failed to load /Game/Blueprints/Pawn/botCharacter.botCharacter_C Referenced by SkeletalMesh5EEEA93E4D0A4B6F5D93338CF43C8894
[2015.06.30-08.58.55:070][  0]LogLinker:Warning: Can't find file for asset '/Game/FirstPersonBP/Audio/Strong_Punch-Mike_Koenig-574430706' while loading ../../../../../../Users/TTV14SVilleK/Documents/GitHub/MayhemPunch/MayhemPunch 4.8/Content/Blueprints/Behavior/BTS_botDetectEnemy.uasset.
[2015.06.30-08.58.55:070][  0]LoadErrors: Info Failed to load /Game/Blueprints/Pawn/botCharacter.botCharacter_C Referenced by SkeletalMesh5EEEA93E4D0A4B6F5D93338CF43C8894
[2015.06.30-08.58.55:070][  0]LoadErrors:Error: Error /Game/Blueprints/Behavior/BTS_botDetectEnemy : Can't find file for asset. /Game/FirstPersonBP/Audio/Strong_Punch-Mike_Koenig-574430706
[2015.06.30-08.58.55:074][  0]LogLinker:Warning: Can't find file '/Game/FirstPersonBP/Audio/Strong_Punch-Mike_Koenig-574430706'
[2015.06.30-08.58.55:074][  0]LoadErrors: Info Failed to load /Game/Blueprints/Pawn/botCharacter.botCharacter_C Referenced by EdGraphPin_15423
[2015.06.30-08.58.55:074][  0]LogLinker:Warning: Can't find file for asset '/Game/FirstPersonBP/Audio/Strong_Punch-Mike_Koenig-574430706' while loading ../../../../../../Users/TTV14SVilleK/Documents/GitHub/MayhemPunch/MayhemPunch 4.8/Content/Blueprints/Behavior/BTS_botDetectEnemy.uasset.
[2015.06.30-08.58.55:074][  0]LoadErrors: Info Failed to load /Game/Blueprints/Pawn/botCharacter.botCharacter_C Referenced by EdGraphPin_15423
[2015.06.30-08.58.55:074][  0]LoadErrors:Error: Error /Game/Blueprints/Behavior/BTS_botDetectEnemy : Can't find file for asset. /Game/FirstPersonBP/Audio/Strong_Punch-Mike_Koenig-574430706
[2015.06.30-08.59.01:458][  0]LogAIModule: Creating AISystem for world TutorialFirstLevel
[2015.06.30-08.59.01:519][  0]LogEditorServer: Finished looking for orphan Actors (0.000 secs)
[2015.06.30-08.59.01:523][  0]Cmd: MAP CHECKDEP NOCLEARLOG
[2015.06.30-08.59.01:620][  0]MapCheck: Info Map check complete: 0 Error(s), 0 Warning(s), took 96.965ms to complete.
[2015.06.30-08.59.01:620][  0]LogFileHelpers: Loading map 'TutorialFirstLevel' took 7.452
[2015.06.30-08.59.01:734][  0]LogCollectionManager: Loaded 0 collections in 0.001920 seconds
[2015.06.30-08.59.01:741][  0]LogContentBrowser: Native class hierarchy populated in 0.0067 seconds. Added 1792 classes and 301 folders.
[2015.06.30-08.59.01:785][  0]LogContentBrowser: Native class hierarchy updated for 'WidgetCarousel' in 0.0003 seconds. Added 0 classes and 0 folders.
[2015.06.30-08.59.01:811][  0]LogContentBrowser: Native class hierarchy updated for 'AddContentDialog' in 0.0003 seconds. Added 0 classes and 0 folders.
[2015.06.30-08.59.01:828][  0]LogContentBrowser: Native class hierarchy updated for 'SceneOutliner' in 0.0003 seconds. Added 1 classes and 2 folders.
[2015.06.30-08.59.01:928][  0]LogCrashTracker: Crashtracker disabled due to settings.
[2015.06.30-08.59.01:932][  0]LogUObjectGlobals:Warning: Failed to find object 'Class None.'
[2015.06.30-08.59.01:953][  0]LogLoad: Full Startup: 15.54 seconds (BP compile: 3.15 seconds)
[2015.06.30-08.59.02:021][  0]LogContentStreaming: Texture pool size is 0.000000MB
[2015.06.30-08.59.02:103][  0]LogContentStreaming: Texture pool size now 1000 MB
[2015.06.30-08.59.02:246][  0]LogRenderer: Reallocating scene render targets to support 1208x632 (Frame:2).
[2015.06.30-08.59.03:252][ 19]LogAssetRegistry: Asset discovery search completed in 10.1590 seconds
[2015.06.30-09.00.22:181][ 20]LogCrash