[2015.06.30-12.37.12:429][  0]Log file open, 06/30/15 15:37:12
[2015.06.30-12.37.12:429][  0]LogInit:Display: Running engine for game: MayhemPunch
[2015.06.30-12.37.12:429][  0]LogInit:Display: RandInit(-747909762) SRandInit(-747909762).
[2015.06.30-12.37.12:429][  0]LogTaskGraph: Started task graph with 4 named threads and 7 total threads.
[2015.06.30-12.37.12:429][  0]LogStats: Stats thread started
[2015.06.30-12.37.12:429][  0]LogInit: Version: 4.8.1-2591939+++depot+UE4-Releases+4.8
[2015.06.30-12.37.12:429][  0]LogInit: API Version: 2579680
[2015.06.30-12.37.12:429][  0]LogInit: Compiled (64-bit): Jun 18 2015 11:02:04
[2015.06.30-12.37.12:429][  0]LogInit: Compiled with Visual C++: 18.00.21005.01
[2015.06.30-12.37.12:429][  0]LogInit: Build Configuration: Development
[2015.06.30-12.37.12:429][  0]LogInit: Branch Name: ++depot+UE4-Releases+4.8
[2015.06.30-12.37.12:429][  0]LogInit: Command line:  
[2015.06.30-12.37.12:429][  0]LogInit: Base directory: C:/Program Files/Unreal Engine/4.8/Engine/Binaries/Win64/
[2015.06.30-12.37.12:429][  0]LogInit: Rocket: 1
[2015.06.30-12.37.12:446][  0]LogInit: Using libcurl 7.41.0
[2015.06.30-12.37.12:446][  0]LogInit:  - built for x86_64-pc-win32
[2015.06.30-12.37.12:446][  0]LogInit:  - supports SSL with WinSSL
[2015.06.30-12.37.12:446][  0]LogInit:  - other features:
[2015.06.30-12.37.12:446][  0]LogInit:      CURL_VERSION_SSL
[2015.06.30-12.37.12:446][  0]LogInit:      CURL_VERSION_IPV6
[2015.06.30-12.37.12:446][  0]LogInit:      CURL_VERSION_ASYNCHDNS
[2015.06.30-12.37.12:446][  0]LogInit:      CURL_VERSION_LARGEFILE
[2015.06.30-12.37.12:446][  0]LogInit:      CURL_VERSION_IDN
[2015.06.30-12.37.12:446][  0]LogInit:  CurlRequestOptions (configurable via config and command line):
[2015.06.30-12.37.12:446][  0]LogInit:  - bVerifyPeer = true  - Libcurl will verify peer certificate
[2015.06.30-12.37.12:446][  0]LogInit:  - bUseHttpProxy = false  - Libcurl will NOT use HTTP proxy
[2015.06.30-12.37.12:446][  0]LogInit:  - bDontReuseConnections = false  - Libcurl will reuse connections
[2015.06.30-12.37.12:446][  0]LogInit:  - CertBundlePath = nullptr  - Libcurl will use whatever was configured at build time.
[2015.06.30-12.37.12:493][  0]LogInit: WinSock: version 1.1 (2.2), MaxSocks=32767, MaxUdp=65467
[2015.06.30-12.37.12:507][  0]LogVoice:Warning: Failed to initialize voice interface
[2015.06.30-12.37.12:519][  0]LogInit: Presizing for 0 objects not considered by GC, pre-allocating 0 bytes.
[2015.06.30-12.37.12:526][  0]LogInit: Object subsystem initialized
[2015.06.30-12.37.12:527][  0]LogConsoleResponse:Warning: Skipping Unknown console variable: 'TranslucentSortAxis = (X=0.000000,Y=-1.000000,Z=0.000000)'
[2015.06.30-12.37.12:527][  0]LogConsoleResponse:Warning:   Found in ini file 'C:/Users/ttv14svillel/Documents/GitHub/MayhemPunch/MayhemPunch 4.8/Saved/Config/Windows/Engine.ini', in section '[/Script/Engine.RendererSettings]'
[2015.06.30-12.37.12:527][  0]LogConsoleResponse:Warning: Skipping Unknown console variable: 'UIScaleRule = ShortestSide'
[2015.06.30-12.37.12:527][  0]LogConsoleResponse:Warning:   Found in ini file 'C:/Users/ttv14svillel/Documents/GitHub/MayhemPunch/MayhemPunch 4.8/Saved/Config/Windows/Engine.ini', in section '[/Script/Engine.RendererSettings]'
[2015.06.30-12.37.12:527][  0]LogConsoleResponse:Warning: Skipping Unknown console variable: 'UIScaleCurve = (EditorCurveData=(Keys=),ExternalCurve=None)'
[2015.06.30-12.37.12:527][  0]LogConsoleResponse:Warning:   Found in ini file 'C:/Users/ttv14svillel/Documents/GitHub/MayhemPunch/MayhemPunch 4.8/Saved/Config/Windows/Engine.ini', in section '[/Script/Engine.RendererSettings]'
[2015.06.30-12.37.12:527][  0]LogInit: Selected Device Profile: [Windows]
[2015.06.30-12.37.12:527][  0]LogInit: Applying CVar settings loaded from the selected device profile: [Windows]
[2015.06.30-12.37.12:534][  0]LogInit: Computer: TA11LDML-30
[2015.06.30-12.37.12:534][  0]LogInit: User: TTV14SVilleL
[2015.06.30-12.37.12:534][  0]LogInit: CPU Page size=4096, Cores=4
[2015.06.30-12.37.12:534][  0]LogInit: High frequency timer resolution =3.316113 MHz
[2015.06.30-12.37.12:534][  0]LogMemory: Memory total: Physical=16.0GB (16GB approx)
[2015.06.30-12.37.12:535][  0]LogMemory: Platform Memory Stats for Windows
[2015.06.30-12.37.12:535][  0]LogMemory: Process Physical Memory: 54.87 MB used, 54.87 MB peak
[2015.06.30-12.37.12:535][  0]LogMemory: Process Virtual Memory: 28.72 MB used, 28.72 MB peak
[2015.06.30-12.37.12:535][  0]LogMemory: Physical Memory: 6150.50 MB used, 16344.95 MB total
[2015.06.30-12.37.12:535][  0]LogMemory: Virtual Memory: 295.57 MB used, 8388608.00 MB total
[2015.06.30-12.37.12:570][  0]LogTextLocalizationManager: The requested culture ('fi_FI') has no localization data; falling back to 'en' for localization and internationalization data.
[2015.06.30-12.37.12:788][  0]LogTextLocalizationManager:Warning: Loaded localization resources contain conflicting entries for (Namespace:ContentBrowser, Key:ImportAssetToolTip):
Localization Resource: (C:/Program Files/Unreal Engine/4.8/Engine/Content/Localization/Editor/en/Editor.locres) Source String Hash: (-630476809) Localized String: (Import to {0}...)
Localization Resource: (C:/Program Files/Unreal Engine/4.8/Engine/Content/Localization/Editor/en/Editor.locres) Source String Hash: (1271782899) Localized String: (Imports an asset from file to this folder.)
[2015.06.30-12.37.13:205][  0]LogD3D11RHI: Found D3D11 adapter 0: NVIDIA GeForce GT 640 (Feature Level 11_0)
[2015.06.30-12.37.13:205][  0]LogD3D11RHI: Adapter has 971MB of dedicated video memory, 0MB of dedicated system memory, and 3072MB of shared system memory, 2 output[s]
[2015.06.30-12.37.13:205][  0]LogD3D11RHI: Chosen D3D11 Adapter Id = 0
[2015.06.30-12.37.13:209][  0]LogRHI: Texture pool is 680 MB (70% of 971 MB)
[2015.06.30-12.37.13:217][  0]LogD3D11RHI: Async texture creation enabled
[2015.06.30-12.37.13:231][  0]LogShaderCompilers:Display: Using Local Shader Compiler.
[2015.06.30-12.37.14:083][  0]LogTemp:Display: Loaded TP DesktopTargetPlatform
[2015.06.30-12.37.14:098][  0]LogTemp:Display: Loaded TP WindowsClientTargetPlatform
[2015.06.30-12.37.14:112][  0]LogTemp:Display: Loaded TP WindowsNoEditorTargetPlatform
[2015.06.30-12.37.14:126][  0]LogTemp:Display: Loaded TP WindowsServerTargetPlatform
[2015.06.30-12.37.14:142][  0]LogTemp:Display: Loaded TP WindowsTargetPlatform
[2015.06.30-12.37.14:154][  0]LogTemp:Display: Loaded TP AndroidTargetPlatform
[2015.06.30-12.37.14:167][  0]LogTemp:Display: Loaded TP Android_ASTCTargetPlatform
[2015.06.30-12.37.14:180][  0]LogTemp:Display: Loaded TP Android_ATCTargetPlatform
[2015.06.30-12.37.14:192][  0]LogTemp:Display: Loaded TP Android_DXTTargetPlatform
[2015.06.30-12.37.14:205][  0]LogTemp:Display: Loaded TP Android_ETC1TargetPlatform
[2015.06.30-12.37.14:218][  0]LogTemp:Display: Loaded TP Android_ETC2TargetPlatform
[2015.06.30-12.37.14:230][  0]LogTemp:Display: Loaded TP Android_PVRTCTargetPlatform
[2015.06.30-12.37.14:277][  0]LogTemp:Display: Loaded TP IOSTargetPlatform
[2015.06.30-12.37.14:289][  0]LogTemp:Display: Loaded TP LinuxNoEditorTargetPlatform
[2015.06.30-12.37.14:302][  0]LogTemp:Display: Loaded TP LinuxServerTargetPlatform
[2015.06.30-12.37.14:316][  0]LogTemp:Display: Loaded TP LinuxTargetPlatform
[2015.06.30-12.37.14:316][  0]LogTargetPlatformManager:Display: Building Assets For Windows
[2015.06.30-12.37.14:517][  0]LogDerivedDataCache:Display: Max Cache Size: 512 MB
[2015.06.30-12.37.14:862][  0]LogDerivedDataCache: Loaded boot cache 0.35s 53MB C:/Users/ttv14svillel/AppData/Local/UnrealEngine/4.8/DerivedDataCache/Boot.ddc.
[2015.06.30-12.37.14:862][  0]LogDerivedDataCache:Display: Loaded Boot cache: C:/Users/ttv14svillel/AppData/Local/UnrealEngine/4.8/DerivedDataCache/Boot.ddc
[2015.06.30-12.37.14:862][  0]LogDerivedDataCache: FDerivedDataBackendGraph:  Pak pak cache file ../../../../../../Users/ttv14svillel/Documents/GitHub/MayhemPunch/MayhemPunch 4.8/DerivedDataCache/DDC.ddp not found, will not use a pak cache.
[2015.06.30-12.37.14:862][  0]LogDerivedDataCache: Unable to find inner node Pak for hierarchical cache Hierarchy.
[2015.06.30-12.37.14:862][  0]LogDerivedDataCache: FDerivedDataBackendGraph:  CompressedPak pak cache file ../../../../../../Users/ttv14svillel/Documents/GitHub/MayhemPunch/MayhemPunch 4.8/DerivedDataCache/Compressed.ddp not found, will not use a pak cache.
[2015.06.30-12.37.14:862][  0]LogDerivedDataCache: Unable to find inner node CompressedPak for hierarchical cache Hierarchy.
[2015.06.30-12.37.15:013][  0]LogDerivedDataCache:Display: Pak cache opened for reading ../../../Engine/DerivedDataCache/Compressed.ddp.
[2015.06.30-12.37.15:025][  0]LogDerivedDataCache: Using Local data cache path C:/Users/ttv14svillel/AppData/Local/UnrealEngine/Common/DerivedDataCache: Writable
[2015.06.30-12.37.15:239][  0]LogInit: Selected Device Profile: [Windows]
[2015.06.30-12.37.15:247][  0]ImportText (ComponentSweepMultiTests): Missing closing parenthesis: (RootShapeAsset="/Engine/BasicShapes/Cube.Cube",ShapeType="TriggerCapsule",HitResult=(Time=0.50,Location=(X=-100.000015,Y=0.0,Z=100.000015),ImpactPoint=(X=-50.0,Y=0.0,Z=50.0),Normal=(X=-1.0,Y=-0.0,Z=0.0),ImpactNormal=(X=0.0,Y=0.0,Z=1.0),TraceStart=(X=-200.0,Y=0.0,Z=200.0),TraceEnd=(X=0.0,Y=0.0,Z=0.0))
[2015.06.30-12.37.15:247][  0]ImportText (LineTraceSingleByChannelTests): Missing closing parenthesis: (RootShapeAsset="/Engine/BasicShapes/Cube.Cube",HitResult=(Time=0.50,Location=(X=-100.000015,Y=0.0,Z=100.000015),ImpactPoint=(X=-50.0,Y=0.0,Z=50.0),Normal=(X=-1.0,Y=-0.0,Z=0.0),ImpactNormal=(X=0.0,Y=0.0,Z=1.0),TraceStart=(X=-200.0,Y=0.0,Z=200.0),TraceEnd=(X=0.0,Y=0.0,Z=0.0))
[2015.06.30-12.37.15:275][  0]LogMeshUtilities: No automatic mesh reduction module available
[2015.06.30-12.37.15:275][  0]LogMeshUtilities: No automatic mesh merging module available
[2015.06.30-12.37.16:560][  0]UdpMessaging: Initializing bridge on interface 0.0.0.0:0 to multicast group 230.0.0.1:6666.
[2015.06.30-12.37.16:905][  0]SourceControl: Info Source control is disabled
[2015.06.30-12.37.16:961][  0]SourceControl: Info Source control is disabled
[2015.06.30-12.37.16:971][  0]SourceControl: Info Source control is disabled
[2015.06.30-12.37.16:981][  0]SourceControl: Info Source control is disabled
[2015.06.30-12.37.17:216][  0]LogObj: 26273 objects as part of root set at end of initial load.
[2015.06.30-12.37.17:216][  0]LogUObjectAllocator: 5409248 out of 0 bytes used by permanent object pool.
[2015.06.30-12.37.17:284][  0]LogEngine: Initializing Engine...
[2015.06.30-12.37.17:286][  0]LogHMD: Can't find Oculus library dev build: is proper Runtime installed? Version: 0.6.0.0
[2015.06.30-12.37.17:288][  0]LogHMD:Warning: SteamVR failed to initialize.  Error: 110
[2015.06.30-12.37.17:432][  0]LogAIModule: Creating AISystem for world NewWorld
[2015.06.30-12.37.17:439][  0]LogInit: XAudio2 using 'Speakers (High Definition Audio Device)' : 2 channels at 44.1 kHz using 16 bits per sample (channel mask 0x3)
[2015.06.30-12.37.17:459][  0]LogInit: FAudioDevice initialized.
[2015.06.30-12.37.17:484][  0]LogDerivedDataCache: Saved boot cache 0.03s 53MB C:/Users/ttv14svillel/AppData/Local/UnrealEngine/4.8/DerivedDataCache/Boot.ddc.
[2015.06.30-12.37.17:487][  0]LogInit: Texture streaming: Disabled
[2015.06.30-12.37.17:511][  0]LogAnalytics: Creating configured Analytics provider AnalyticsET
[2015.06.30-12.37.17:511][  0]LogAnalytics: [UEEditor.Rocket.Release] APIServer = http://et2.epicgames.com/ET2/. AppVersion = 4.8.1-2591939+++depot+UE4-Releases+4.8
[2015.06.30-12.37.17:511][  0]LogAnalytics: [UEEditor.Rocket.Release] SetUserId f3637bea4a5cc155f17954871e28de69|ef2595cfbfc1490fbe3b4a42d916bad2|e88cf9aa-9c64-46b2-9dba-7cdad2d0343b
[2015.06.30-12.37.17:511][  0]LogAnalytics: [UEEditor.Rocket.Release] AnalyticsET::StartSession
[2015.06.30-12.37.17:538][  0]LogInit: Transaction tracking system initialized
[2015.06.30-12.37.17:663][  0]BlueprintLog: New page: Editor Load
[2015.06.30-12.37.17:697][  0]LogAssetRegistry: FAssetRegistry took 0.0100 seconds to start up
[2015.06.30-12.37.17:697][  0]LogDirectoryWatcher:Warning: Failed to begin reading directory changes for ../../../Engine/Plugins/Experimental/CharacterAI/Content/. Error: 0
[2015.06.30-12.37.18:331][  0]LogLinker:Warning: Can't find file '/Game/FirstPersonBP/FirstPersonOverview'
[2015.06.30-12.37.18:331][  0]LogLinker:Warning: Can't find file '/Game/FirstPersonBP/FirstPersonOverview'
[2015.06.30-12.37.18:331][  0]LogLinker:Warning: Can't find file '/Game/FirstPersonBP/FirstPersonOverview'
[2015.06.30-12.37.18:331][  0]LogUObjectGlobals:Warning: Failed to find object 'Class /Game/FirstPersonBP/FirstPersonOverview.FirstPersonOverview_C'
[2015.06.30-12.37.18:426][  0]LogConsoleManager:Warning: Console variable 'r.VSync' wasn't set ('GameSetting' has a lower priority than 'SystemSettingsIni')
[2015.06.30-12.37.18:426][  0]LogConsoleResponse:Display: 
[2015.06.30-12.37.18:542][  0]LogCook:Display: Done creating registry. It took  0.00s.
[2015.06.30-12.37.18:722][  0]SourceControl: Info Source control is disabled
[2015.06.30-12.37.18:722][  0]Cmd: MAP LOAD FILE="../../../../../../Users/ttv14svillel/Documents/GitHub/MayhemPunch/MayhemPunch 4.8/Content/Main/Maps/TutorialFirstLevel.umap" TEMPLATE=0 SHOWPROGRESS=1 FEATURELEVEL=3
[2015.06.30-12.37.18:723][  0]LightingResults: New page: Lighting Build
[2015.06.30-12.37.18:735][  0]MapCheck: New page: Map Check
[2015.06.30-12.37.18:735][  0]LightingResults: New page: Lighting Build
[2015.06.30-12.37.18:744][  0]LogParticles: Destroying 0 GPU particle simulations for FXSystem 0x00000000165C6F20
[2015.06.30-12.37.19:479][  0]LogLinker:Warning: Can't find file '/Game/FirstPersonBP/Audio/Strong_Punch-Mike_Koenig-574430706'
[2015.06.30-12.37.19:479][  0]LoadErrors: Info Failed to load /Game/Blueprints/Pawn/botCharacter.botCharacter_C Referenced by SkeletalMesh5EEEA93E4D0A4B6F5D93338CF43C8894
[2015.06.30-12.37.19:479][  0]LogLinker:Warning: Can't find file for asset '/Game/FirstPersonBP/Audio/Strong_Punch-Mike_Koenig-574430706' while loading ../../../../../../Users/ttv14svillel/Documents/GitHub/MayhemPunch/MayhemPunch 4.8/Content/FirstPersonBP/Blueprints/GravityHammerImpact.uasset.
[2015.06.30-12.37.19:479][  0]LoadErrors: Info Failed to load /Game/Blueprints/Pawn/botCharacter.botCharacter_C Referenced by SkeletalMesh5EEEA93E4D0A4B6F5D93338CF43C8894
[2015.06.30-12.37.19:479][  0]LoadErrors:Error: Error /Game/FirstPersonBP/Blueprints/GravityHammerImpact : Can't find file for asset. /Game/FirstPersonBP/Audio/Strong_Punch-Mike_Koenig-574430706
[2015.06.30-12.37.19:505][  0]LogLinker:Warning: Can't find file '/Game/FirstPersonBP/Audio/Strong_Punch-Mike_Koenig-574430706'
[2015.06.30-12.37.19:505][  0]LoadErrors: Info Failed to load /Game/Blueprints/Pawn/botCharacter.botCharacter_C Referenced by SkeletalMesh5EEEA93E4D0A4B6F5D93338CF43C8894
[2015.06.30-12.37.19:505][  0]LogLinker:Warning: Can't find file for asset '/Game/FirstPersonBP/Audio/Strong_Punch-Mike_Koenig-574430706' while loading ../../../../../../Users/ttv14svillel/Documents/GitHub/MayhemPunch/MayhemPunch 4.8/Content/FirstPersonBP/Blueprints/GravityHammerImpact.uasset.
[2015.06.30-12.37.19:506][  0]LoadErrors: Info Failed to load /Game/Blueprints/Pawn/botCharacter.botCharacter_C Referenced by SkeletalMesh5EEEA93E4D0A4B6F5D93338CF43C8894
[2015.06.30-12.37.19:506][  0]LoadErrors:Error: Error /Game/FirstPersonBP/Blueprints/GravityHammerImpact : Can't find file for asset. /Game/FirstPersonBP/Audio/Strong_Punch-Mike_Koenig-574430706
[2015.06.30-12.37.19:513][  0]LogLinker:Warning: Can't find file '/Game/FirstPersonBP/Audio/Strong_Punch-Mike_Koenig-574430706'
[2015.06.30-12.37.19:513][  0]LoadErrors: Info Failed to load /Game/Blueprints/Pawn/botCharacter.botCharacter_C Referenced by SkeletalMesh5EEEA93E4D0A4B6F5D93338CF43C8894
[2015.06.30-12.37.19:513][  0]LogLinker:Warning: Can't find file for asset '/Game/FirstPersonBP/Audio/Strong_Punch-Mike_Koenig-574430706' while loading ../../../../../../Users/ttv14svillel/Documents/GitHub/MayhemPunch/MayhemPunch 4.8/Content/Blueprints/Behavior/BTS_botDetectEnemy.uasset.
[2015.06.30-12.37.19:513][  0]LoadErrors: Info Failed to load /Game/Blueprints/Pawn/botCharacter.botCharacter_C Referenced by SkeletalMesh5EEEA93E4D0A4B6F5D93338CF43C8894
[2015.06.30-12.37.19:513][  0]LoadErrors:Error: Error /Game/Blueprints/Behavior/BTS_botDetectEnemy : Can't find file for asset. /Game/FirstPersonBP/Audio/Strong_Punch-Mike_Koenig-574430706
[2015.06.30-12.37.19:514][  0]LogLinker:Warning: Can't find file '/Game/FirstPersonBP/Audio/Strong_Punch-Mike_Koenig-574430706'
[2015.06.30-12.37.19:514][  0]LoadErrors: Info Failed to load /Game/Blueprints/Pawn/botCharacter.botCharacter_C Referenced by SkeletalMesh5EEEA93E4D0A4B6F5D93338CF43C8894
[2015.06.30-12.37.19:514][  0]LogLinker:Warning: Can't find file for asset '/Game/FirstPersonBP/Audio/Strong_Punch-Mike_Koenig-574430706' while loading ../../../../../../Users/ttv14svillel/Documents/GitHub/MayhemPunch/MayhemPunch 4.8/Content/Blueprints/Behavior/BTS_botDetectEnemy.uasset.
[2015.06.30-12.37.19:514][  0]LoadErrors: Info Failed to load /Game/Blueprints/Pawn/botCharacter.botCharacter_C Referenced by SkeletalMesh5EEEA93E4D0A4B6F5D93338CF43C8894
[2015.06.30-12.37.19:514][  0]LoadErrors:Error: Error /Game/Blueprints/Behavior/BTS_botDetectEnemy : Can't find file for asset. /Game/FirstPersonBP/Audio/Strong_Punch-Mike_Koenig-574430706
[2015.06.30-12.37.19:518][  0]LogLinker:Warning: Can't find file '/Game/FirstPersonBP/Audio/Strong_Punch-Mike_Koenig-574430706'
[2015.06.30-12.37.19:518][  0]LoadErrors: Info Failed to load /Game/Blueprints/Pawn/botCharacter.botCharacter_C Referenced by EdGraphPin_15423
[2015.06.30-12.37.19:518][  0]LogLinker:Warning: Can't find file for asset '/Game/FirstPersonBP/Audio/Strong_Punch-Mike_Koenig-574430706' while loading ../../../../../../Users/ttv14svillel/Documents/GitHub/MayhemPunch/MayhemPunch 4.8/Content/Blueprints/Behavior/BTS_botDetectEnemy.uasset.
[2015.06.30-12.37.19:518][  0]LoadErrors: Info Failed to load /Game/Blueprints/Pawn/botCharacter.botCharacter_C Referenced by EdGraphPin_15423
[2015.06.30-12.37.19:518][  0]LoadErrors:Error: Error /Game/Blueprints/Behavior/BTS_botDetectEnemy : Can't find file for asset. /Game/FirstPersonBP/Audio/Strong_Punch-Mike_Koenig-574430706
[2015.06.30-12.37.19:583][  0]LogLinker:Warning: Can't find file '/Game/FirstPersonBP/Audio/Strong_Punch-Mike_Koenig-574430706'
[2015.06.30-12.37.19:584][  0]LoadErrors: Info Failed to load /Game/Blueprints/Pawn/botCharacter.botCharacter_C Referenced by SkeletalMesh5EEEA93E4D0A4B6F5D93338CF43C8894
[2015.06.30-12.37.19:584][  0]LogLinker:Warning: Can't find file for asset '/Game/FirstPersonBP/Audio/Strong_Punch-Mike_Koenig-574430706' while loading ../../../../../../Users/ttv14svillel/Documents/GitHub/MayhemPunch/MayhemPunch 4.8/Content/FirstPersonBP/Blueprints/HitStaticMesh.uasset.
[2015.06.30-12.37.19:584][  0]LoadErrors: Info Failed to load /Game/Blueprints/Pawn/botCharacter.botCharacter_C Referenced by SkeletalMesh5EEEA93E4D0A4B6F5D93338CF43C8894
[2015.06.30-12.37.19:584][  0]LoadErrors:Error: Error /Game/FirstPersonBP/Blueprints/HitStaticMesh : Can't find file for asset. /Game/FirstPersonBP/Audio/Strong_Punch-Mike_Koenig-574430706
[2015.06.30-12.37.19:584][  0]LogLinker:Warning: Can't find file '/Game/FirstPersonBP/Audio/Strong_Punch-Mike_Koenig-574430706'
[2015.06.30-12.37.19:584][  0]LoadErrors: Info Failed to load /Game/Blueprints/Pawn/botCharacter.botCharacter_C Referenced by SkeletalMesh5EEEA93E4D0A4B6F5D93338CF43C8894
[2015.06.30-12.37.19:585][  0]LogLinker:Warning: Can't find file for asset '/Game/FirstPersonBP/Audio/Strong_Punch-Mike_Koenig-574430706' while loading ../../../../../../Users/ttv14svillel/Documents/GitHub/MayhemPunch/MayhemPunch 4.8/Content/FirstPersonBP/Blueprints/HitStaticMesh.uasset.
[2015.06.30-12.37.19:585][  0]LoadErrors: Info Failed to load /Game/Blueprints/Pawn/botCharacter.botCharacter_C Referenced by SkeletalMesh5EEEA93E4D0A4B6F5D93338CF43C8894
[2015.06.30-12.37.19:585][  0]LoadErrors:Error: Error /Game/FirstPersonBP/Blueprints/HitStaticMesh : Can't find file for asset. /Game/FirstPersonBP/Audio/Strong_Punch-Mike_Koenig-574430706
[2015.06.30-12.37.19:590][  0]LogLinker:Warning: Can't find file '/Game/FirstPersonBP/Audio/Strong_Punch-Mike_Koenig-574430706'
[2015.06.30-12.37.19:590][  0]LoadErrors: Info Failed to load /Game/Blueprints/Pawn/botCharacter.botCharacter_C Referenced by SkeletalMesh5EEEA93E4D0A4B6F5D93338CF43C8894
[2015.06.30-12.37.19:590][  0]LogLinker:Warning: Can't find file for asset '/Game/FirstPersonBP/Audio/Strong_Punch-Mike_Koenig-574430706' while loading ../../../../../../Users/ttv14svillel/Documents/GitHub/MayhemPunch/MayhemPunch 4.8/Content/Blueprints/Behavior/BTS_botDetectEnemy.uasset.
[2015.06.30-12.37.19:590][  0]LoadErrors: Info Failed to load /Game/Blueprints/Pawn/botCharacter.botCharacter_C Referenced by SkeletalMesh5EEEA93E4D0A4B6F5D93338CF43C8894
[2015.06.30-12.37.19:590][  0]LoadErrors:Error: Error /Game/Blueprints/Behavior/BTS_botDetectEnemy : Can't find file for asset. /Game/FirstPersonBP/Audio/Strong_Punch-Mike_Koenig-574430706
[2015.06.30-12.37.19:590][  0]LogLinker:Warning: Can't find file '/Game/FirstPersonBP/Audio/Strong_Punch-Mike_Koenig-574430706'
[2015.06.30-12.37.19:590][  0]LoadErrors: Info Failed to load /Game/Blueprints/Pawn/botCharacter.botCharacter_C Referenced by SkeletalMesh5EEEA93E4D0A4B6F5D93338CF43C8894
[2015.06.30-12.37.19:590][  0]LogLinker:Warning: Can't find file for asset '/Game/FirstPersonBP/Audio/Strong_Punch-Mike_Koenig-574430706' while loading ../../../../../../Users/ttv14svillel/Documents/GitHub/MayhemPunch/MayhemPunch 4.8/Content/Blueprints/Behavior/BTS_botDetectEnemy.uasset.
[2015.06.30-12.37.19:591][  0]LoadErrors: Info Failed to load /Game/Blueprints/Pawn/botCharacter.botCharacter_C Referenced by SkeletalMesh5EEEA93E4D0A4B6F5D93338CF43C8894
[2015.06.30-12.37.19:591][  0]LoadErrors:Error: Error /Game/Blueprints/Behavior/BTS_botDetectEnemy : Can't find file for asset. /Game/FirstPersonBP/Audio/Strong_Punch-Mike_Koenig-574430706
[2015.06.30-12.37.19:596][  0]LogLinker:Warning: Can't find file '/Game/FirstPersonBP/Audio/Strong_Punch-Mike_Koenig-574430706'
[2015.06.30-12.37.19:596][  0]LoadErrors: Info Failed to load /Game/Blueprints/Pawn/botCharacter.botCharacter_C Referenced by EdGraphPin_15423
[2015.06.30-12.37.19:596][  0]LogLinker:Warning: Can't find file for asset '/Game/FirstPersonBP/Audio/Strong_Punch-Mike_Koenig-574430706' while loading ../../../../../../Users/ttv14svillel/Documents/GitHub/MayhemPunch/MayhemPunch 4.8/Content/Blueprints/Behavior/BTS_botDetectEnemy.uasset.
[2015.06.30-12.37.19:596][  0]LoadErrors: Info Failed to load /Game/Blueprints/Pawn/botCharacter.botCharacter_C Referenced by EdGraphPin_15423
[2015.06.30-12.37.19:596][  0]LoadErrors:Error: Error /Game/Blueprints/Behavior/BTS_botDetectEnemy : Can't find file for asset. /Game/FirstPersonBP/Audio/Strong_Punch-Mike_Koenig-574430706
[2015.06.30-12.37.24:696][  0]LogTexture:Display: Building textures: HQ_Lightmap0_1 (AutoDXT)
[2015.06.30-12.37.24:920][  0]LogTexture:Display: Building textures: HQ_Lightmap0_10 (AutoDXT)
[2015.06.30-12.37.24:929][  0]LogTexture:Display: Building textures: HQ_Lightmap0_11 (AutoDXT)
[2015.06.30-12.37.24:933][  0]LogTexture:Display: Building textures: HQ_Lightmap0_12 (AutoDXT)
[2015.06.30-12.37.24:945][  0]LogTexture:Display: Building textures: HQ_Lightmap0_13 (AutoDXT)
[2015.06.30-12.37.24:969][  0]LogTexture:Display: Building textures: HQ_Lightmap0_14 (AutoDXT)
[2015.06.30-12.37.24:986][  0]LogTexture:Display: Building textures: HQ_Lightmap0_2 (AutoDXT)
[2015.06.30-12.37.25:548][  0]LogTexture:Display: Building textures: HQ_Lightmap0_3 (AutoDXT)
[2015.06.30-12.37.26:338][  0]LogTexture:Display: Building textures: HQ_Lightmap0_4 (AutoDXT)
[2015.06.30-12.37.26:715][  0]LogTexture:Display: Building textures: HQ_Lightmap0_5 (AutoDXT)
[2015.06.30-12.37.26:988][  0]LogTexture:Display: Building textures: HQ_Lightmap0_6 (AutoDXT)
[2015.06.30-12.37.27:072][  0]LogTexture:Display: Building textures: HQ_Lightmap1_7 (AutoDXT)
[2015.06.30-12.37.27:096][  0]LogTexture:Display: Building textures: HQ_Lightmap1_8 (AutoDXT)
[2015.06.30-12.37.27:136][  0]LogTexture:Display: Building textures: HQ_Lightmap1_9 (AutoDXT)
[2015.06.30-12.37.27:149][  0]LogTexture:Display: Building textures: LQ_Lightmap_0_1 (DXT1)
[2015.06.30-12.37.27:227][  0]LogTexture:Display: Building textures: LQ_Lightmap_0_10 (DXT1)
[2015.06.30-12.37.27:231][  0]LogTexture:Display: Building textures: LQ_Lightmap_0_11 (DXT1)
[2015.06.30-12.37.27:234][  0]LogTexture:Display: Building textures: LQ_Lightmap_0_12 (DXT1)
[2015.06.30-12.37.27:240][  0]LogTexture:Display: Building textures: LQ_Lightmap_0_13 (DXT1)
[2015.06.30-12.37.27:254][  0]LogTexture:Display: Building textures: LQ_Lightmap_0_14 (DXT1)
[2015.06.30-12.37.27:269][  0]LogTexture:Display: Building textures: LQ_Lightmap_0_2 (DXT1)
[2015.06.30-12.37.27:383][  0]LogTexture:Display: Building textures: LQ_Lightmap_0_3 (DXT1)
[2015.06.30-12.37.27:548][  0]LogTexture:Display: Building textures: LQ_Lightmap_0_4 (DXT1)
[2015.06.30-12.37.27:695][  0]LogTexture:Display: Building textures: LQ_Lightmap_0_5 (DXT1)
[2015.06.30-12.37.27:811][  0]LogTexture:Display: Building textures: LQ_Lightmap_0_6 (DXT1)
[2015.06.30-12.37.27:868][  0]LogTexture:Display: Building textures: LQ_Lightmap_1_7 (DXT1)
[2015.06.30-12.37.27:882][  0]LogTexture:Display: Building textures: LQ_Lightmap_1_8 (DXT1)
[2015.06.30-12.37.27:903][  0]LogTexture:Display: Building textures: LQ_Lightmap_1_9 (DXT1)
[2015.06.30-12.37.27:911][  0]LogTexture:Display: Building textures: SkyOcclusion0_1 (AutoDXT)
[2015.06.30-12.37.28:098][  0]LogTexture:Display: Building textures: SkyOcclusion0_10 (AutoDXT)
[2015.06.30-12.37.28:104][  0]LogTexture:Display: Building textures: SkyOcclusion0_11 (AutoDXT)
[2015.06.30-12.37.28:105][  0]LogTexture:Display: Building textures: SkyOcclusion0_12 (AutoDXT)
[2015.06.30-12.37.28:108][  0]LogTexture:Display: Building textures: SkyOcclusion0_13 (AutoDXT)
[2015.06.30-12.37.28:109][  0]LogTexture:Display: Building textures: SkyOcclusion0_14 (AutoDXT)
[2015.06.30-12.37.28:118][  0]LogTexture:Display: Building textures: SkyOcclusion0_2 (AutoDXT)
[2015.06.30-12.37.28:344][  0]LogTexture:Display: Building textures: SkyOcclusion0_3 (AutoDXT)
[2015.06.30-12.37.28:535][  0]LogTexture:Display: Building textures: SkyOcclusion0_4 (AutoDXT)
[2015.06.30-12.37.28:716][  0]LogTexture:Display: Building textures: SkyOcclusion0_5 (AutoDXT)
[2015.06.30-12.37.28:922][  0]LogTexture:Display: Building textures: SkyOcclusion0_6 (AutoDXT)
[2015.06.30-12.37.28:970][  0]LogTexture:Display: Building textures: SkyOcclusion1_7 (AutoDXT)
[2015.06.30-12.37.28:976][  0]LogTexture:Display: Building textures: SkyOcclusion1_8 (AutoDXT)
[2015.06.30-12.37.28:980][  0]LogTexture:Display: Building textures: SkyOcclusion1_9 (AutoDXT)
[2015.06.30-12.37.29:022][  0]LogTexture:Display: Building textures: ShadowMapTexture2D_0 (BGRA8)
[2015.06.30-12.37.29:162][  0]LogTexture:Display: Building textures: ShadowMapTexture2D_1 (BGRA8)
[2015.06.30-12.37.29:308][  0]LogTexture:Display: Building textures: ShadowMapTexture2D_2 (BGRA8)
[2015.06.30-12.37.29:413][  0]LogTexture:Display: Building textures: ShadowMapTexture2D_3 (BGRA8)
[2015.06.30-12.37.29:415][  0]LogTexture:Display: Building textures: ShadowMapTexture2D_4 (BGRA8)
[2015.06.30-12.37.29:704][  0]LogAudioDerivedData:Display: Building compressed audio format OGG wave Teleport...
[2015.06.30-12.37.29:814][  0]LogAudioDerivedData:Display: Building compressed audio format OGG wave CRUMBLE_tausta...
[2015.06.30-12.37.30:007][  0]LogMaterial: Missing cached shader map for material RedButton, compiling. 
[2015.06.30-12.37.31:139][  0]LogAIModule: Creating AISystem for world TutorialFirstLevel
[2015.06.30-12.37.31:235][  0]LogEditorServer: Finished looking for orphan Actors (0.000 secs)
[2015.06.30-12.37.31:240][  0]Cmd: MAP CHECKDEP NOCLEARLOG
[2015.06.30-12.37.31:378][  0]MapCheck: Info Map check complete: 0 Error(s), 0 Warning(s), took 137.854ms to complete.
[2015.06.30-12.37.31:378][  0]LogFileHelpers: Loading map 'TutorialFirstLevel' took 12.656
[2015.06.30-12.37.31:545][  0]LogCollectionManager: Loaded 0 collections in 0.003210 seconds
[2015.06.30-12.37.31:557][  0]LogContentBrowser: Native class hierarchy populated in 0.0117 seconds. Added 1792 classes and 301 folders.
[2015.06.30-12.37.31:630][  0]LogContentBrowser: Native class hierarchy updated for 'WidgetCarousel' in 0.0005 seconds. Added 0 classes and 0 folders.
[2015.06.30-12.37.31:672][  0]LogContentBrowser: Native class hierarchy updated for 'AddContentDialog' in 0.0005 seconds. Added 0 classes and 0 folders.
[2015.06.30-12.37.31:698][  0]LogContentBrowser: Native class hierarchy updated for 'SceneOutliner' in 0.0005 seconds. Added 1 classes and 2 folders.
[2015.06.30-12.37.31:742][  0]LogCrashTracker: Crashtracker disabled due to settings.
[2015.06.30-12.37.31:746][  0]LogUObjectGlobals:Warning: Failed to find object 'Class None.'
[2015.06.30-12.37.31:767][  0]LogLoad: Full Startup: 20.89 seconds (BP compile: 3.03 seconds)
[2015.06.30-12.37.31:858][  0]LogContentStreaming: Texture pool size is 0.000000MB
[2015.06.30-12.37.31:939][  0]LogContentStreaming: Texture pool size now 1000 MB
[2015.06.30-12.37.32:102][  0]LogRenderer: Reallocating scene render targets to support 1208x712 (Frame:2).
[2015.06.30-12.37.33:172][ 19]LogAssetRegistry: Asset discovery search completed in 15.4854 seconds
[2015.06.30-12.37.55:468][699]LogActorComponent: UnregisterComponent: (/Engine/Transient.CharMoveComp) Not registered. Aborting.
[2015.06.30-12.37.55:468][699]LogActorComponent: UnregisterComponent: (/Engine/Transient.ProjectileMovementComponent_40__A6522401) Not registered. Aborting.
[2015.06.30-12.37.58:922][901]Cmd: QUIT_EDITOR
[2015.06.30-12.37.59:145][901]LogExit: Preparing to exit.
[2015.06.30-12.37.59:670][901]LogExit: Editor shut down
[2015.06.30-12.37.59:670][901]LogExit: Transaction tracking system shut down
[2015.06.30-12.37.59:674][901]LogParticles: Destroying 0 GPU particle simulations for FXSystem 0x0000000026449800
[2015.06.30-12.37.59:806][901]LogParticles: Destroying 0 GPU particle simulations for FXSystem 0x000000003A80F9C0
[2015.06.30-12.37.59:806][901]LogParticles: Destroying 0 GPU particle simulations for FXSystem 0x000000003C1E59E0
[2015.06.30-12.37.59:806][901]LogParticles: Destroying 0 GPU particle simulations for FXSystem 0x000000002C8E8360
[2015.06.30-12.37.59:806][901]LogParticles: Destroying 0 GPU particle simulations for FXSystem 0x0000000029D4F740
[2015.06.30-12.37.59:806][901]LogParticles: Destroying 0 GPU particle simulations for FXSystem 0x0000000033DDC7C0
[2015.06.30-12.37.59:806][901]LogParticles: Destroying 0 GPU particle simulations for FXSystem 0x0000000033DDDD00
[2015.06.30-12.37.59:806][901]LogExit: Object subsystem successfully closed.
[2015.06.30-12.37.59:905][901]LogModuleManager: Shutting down and abandoning module CrashTracker (190)
[2015.06.30-12.37.59:905][901]LogModuleManager: Shutting down and abandoning module SceneOutliner (189)
[2015.06.30-12.37.59:905][901]LogModuleManager: Shutting down and abandoning module SuperSearch (188)
[2015.06.30-12.37.59:905][901]LogModuleManager: Shutting down and abandoning module WidgetCarousel (187)
[2015.06.30-12.37.59:905][901]LogModuleManager: Shutting down and abandoning module AddContentDialog (186)
[2015.06.30-12.37.59:906][901]LogModuleManager: Shutting down and abandoning module EditorWidgets (185)
[2015.06.30-12.37.59:906][901]LogModuleManager: Shutting down and abandoning module CollectionManager (184)
[2015.06.30-12.37.59:906][901]LogModuleManager: Shutting down and abandoning module StatsViewer (183)
[2015.06.30-12.37.59:906][901]LogModuleManager: Shutting down and abandoning module FoliageEdit (182)
[2015.06.30-12.37.59:906][901]LogModuleManager: Shutting down and abandoning module LandscapeEditor (181)
[2015.06.30-12.37.59:906][901]LogModuleManager: Shutting down and abandoning module ActorPickerMode (180)
[2015.06.30-12.37.59:906][901]LogModuleManager: Shutting down and abandoning module GeometryMode (179)
[2015.06.30-12.37.59:906][901]LogModuleManager: Shutting down and abandoning module TextureAlignMode (178)
[2015.06.30-12.37.59:906][901]LogModuleManager: Shutting down and abandoning module BspMode (177)
[2015.06.30-12.37.59:906][901]LogModuleManager: Shutting down and abandoning module PlacementMode (176)
[2015.06.30-12.37.59:906][901]LogModuleManager: Shutting down and abandoning module AutomationWorker (175)
[2015.06.30-12.37.59:906][901]LogModuleManager: Shutting down and abandoning module CharacterAI (174)
[2015.06.30-12.37.59:906][901]LogModuleManager: Shutting down and abandoning module SmartSnapping (173)
[2015.06.30-12.37.59:906][901]LogModuleManager: Shutting down and abandoning module ViewportSnapping (172)
[2015.06.30-12.37.59:906][901]LogModuleManager: Shutting down and abandoning module LogVisualizer (171)
[2015.06.30-12.37.59:906][901]LogModuleManager: Shutting down and abandoning module GameProjectGeneration (170)
[2015.06.30-12.37.59:906][901]LogModuleManager: Shutting down and abandoning module IntroTutorials (169)
[2015.06.30-12.37.59:906][901]LogModuleManager: Shutting down and abandoning module EditorLiveStreaming (168)
[2015.06.30-12.37.59:906][901]LogModuleManager: Shutting down and abandoning module IOSPlatformEditor (167)
[2015.06.30-12.37.59:906][901]LogModuleManager: Shutting down and abandoning module HTML5PlatformEditor (166)
[2015.06.30-12.37.59:906][901]LogModuleManager: Shutting down and abandoning module AndroidDeviceDetection (165)
[2015.06.30-12.38.00:177][901]LogModuleManager: Shutting down and abandoning module AndroidPlatformEditor (164)
[2015.06.30-12.38.00:177][901]LogModuleManager: Shutting down and abandoning module IOSRuntimeSettings (163)
[2015.06.30-12.38.00:177][901]LogModuleManager: Shutting down and abandoning module AndroidRuntimeSettings (162)
[2015.06.30-12.38.00:177][901]LogModuleManager: Shutting down and abandoning module MergeActors (161)
[2015.06.30-12.38.00:177][901]LogModuleManager: Shutting down and abandoning module SizeMap (160)
[2015.06.30-12.38.00:177][901]LogModuleManager: Shutting down and abandoning module TreeMap (159)
[2015.06.30-12.38.00:177][901]LogModuleManager: Shutting down and abandoning module ReferenceViewer (158)
[2015.06.30-12.38.00:177][901]LogModuleManager: Shutting down and abandoning module LocalizationDashboard (157)
[2015.06.30-12.38.00:177][901]LogModuleManager: Shutting down and abandoning module HardwareTargeting (156)
[2015.06.30-12.38.00:177][901]LogModuleManager: Shutting down and abandoning module DeviceProfileEditor (155)
[2015.06.30-12.38.00:177][901]LogModuleManager: Shutting down and abandoning module UndoHistory (154)
[2015.06.30-12.38.00:177][901]LogModuleManager: Shutting down and abandoning module GameplayTagsEditor (153)
[2015.06.30-12.38.00:177][901]LogModuleManager: Shutting down and abandoning module UserFeedback (152)
[2015.06.30-12.38.00:177][901]LogModuleManager: Shutting down and abandoning module XmlParser (151)
[2015.06.30-12.38.00:177][901]LogModuleManager: Shutting down and abandoning module Blutility (150)
[2015.06.30-12.38.00:177][901]LogModuleManager: Shutting down and abandoning module ProjectTargetPlatformEditor (149)
[2015.06.30-12.38.00:177][901]LogModuleManager: Shutting down and abandoning module ProjectSettingsViewer (148)
[2015.06.30-12.38.00:177][901]LogModuleManager: Shutting down and abandoning module InputBindingEditor (147)
[2015.06.30-12.38.00:177][901]LogModuleManager: Shutting down and abandoning module EditorSettingsViewer (146)
[2015.06.30-12.38.00:177][901]LogModuleManager: Shutting down and abandoning module SettingsEditor (145)
[2015.06.30-12.38.00:177][901]LogModuleManager: Shutting down and abandoning module ProjectLauncher (144)
[2015.06.30-12.38.00:177][901]LogModuleManager: Shutting down and abandoning module SessionFrontend (143)
[2015.06.30-12.38.00:177][901]LogModuleManager: Shutting down and abandoning module ProfilerClient (142)
[2015.06.30-12.38.00:177][901]LogModuleManager: Shutting down and abandoning module TargetDeviceServices (141)
[2015.06.30-12.38.00:177][901]LogModuleManager: Shutting down and abandoning module DeviceManager (140)
[2015.06.30-12.38.00:177][901]LogModuleManager: Shutting down and abandoning module AutomationController (139)
[2015.06.30-12.38.00:177][901]LogModuleManager: Shutting down and abandoning module AutomationWindow (138)
[2015.06.30-12.38.00:177][901]LogModuleManager: Shutting down and abandoning module Layers (137)
[2015.06.30-12.38.00:177][901]LogModuleManager: Shutting down and abandoning module ComponentVisualizers (136)
[2015.06.30-12.38.00:177][901]LogModuleManager: Shutting down and abandoning module DetailCustomizations (135)
[2015.06.30-12.38.00:178][901]LogModuleManager: Shutting down and abandoning module PackagesDialog (134)
[2015.06.30-12.38.00:178][901]LogModuleManager: Shutting down and abandoning module AssetRegistry (133)
[2015.06.30-12.38.00:317][901]LogModuleManager: Shutting down and abandoning module Persona (132)
[2015.06.30-12.38.00:317][901]LogModuleManager: Shutting down and abandoning module Kismet (131)
[2015.06.30-12.38.00:317][901]LogModuleManager: Shutting down and abandoning module GraphEditor (130)
[2015.06.30-12.38.00:317][901]LogModuleManager: Shutting down and abandoning module ClassViewer (129)
[2015.06.30-12.38.00:317][901]LogModuleManager: Shutting down and abandoning module Toolbox (128)
[2015.06.30-12.38.00:317][901]LogModuleManager: Shutting down and abandoning module ModuleUI (127)
[2015.06.30-12.38.00:317][901]LogModuleManager: Shutting down and abandoning module MovieSceneTools (126)
[2015.06.30-12.38.00:317][901]LogModuleManager: Shutting down and abandoning module OutputLog (125)
[2015.06.30-12.38.00:317][901]LogModuleManager: Shutting down and abandoning module GammaUI (124)
[2015.06.30-12.38.00:317][901]LogModuleManager: Shutting down and abandoning module Documentation (123)
[2015.06.30-12.38.00:317][901]LogModuleManager: Shutting down and abandoning module GameLiveStreaming (122)
[2015.06.30-12.38.00:317][901]LogModuleManager: Shutting down and abandoning module StreamingPauseRendering (121)
[2015.06.30-12.38.00:317][901]LogModuleManager: Shutting down and abandoning module AnalyticsET (120)
[2015.06.30-12.38.00:317][901]LogModuleManager: Shutting down and abandoning module Analytics (119)
[2015.06.30-12.38.00:317][901]LogModuleManager: Shutting down and abandoning module AITestSuite (118)
[2015.06.30-12.38.00:317][901]LogModuleManager: Shutting down and abandoning module GameplayDebugger (117)
[2015.06.30-12.38.00:317][901]LogModuleManager: Shutting down and abandoning module AIModule (116)
[2015.06.30-12.38.00:317][901]LogModuleManager: Shutting down and abandoning module ProfilerService (115)
[2015.06.30-12.38.00:496][901]LogModuleManager: Shutting down and abandoning module TaskGraph (114)
[2015.06.30-12.38.00:496][901]LogModuleManager: Shutting down and abandoning module SlateRemote (113)
[2015.06.30-12.38.00:496][901]LogModuleManager: Shutting down and abandoning module SteamVRController (112)
[2015.06.30-12.38.00:496][901]LogModuleManager: Shutting down and abandoning module SteamVR (111)
[2015.06.30-12.38.00:496][901]LogModuleManager: Shutting down and abandoning module ProceduralMeshComponent (110)
[2015.06.30-12.38.00:496][901]LogModuleManager: Shutting down and abandoning module OculusRift (109)
[2015.06.30-12.38.00:496][901]LogModuleManager: Shutting down and abandoning module LeapMotionController (108)
[2015.06.30-12.38.00:502][901]LogModuleManager: Shutting down and abandoning module CustomMeshComponent (107)
[2015.06.30-12.38.00:502][901]LogModuleManager: Shutting down and abandoning module CableComponent (106)
[2015.06.30-12.38.00:502][901]LogModuleManager: Shutting down and abandoning module MessagingDebugger (105)
[2015.06.30-12.38.00:503][901]LogModuleManager: Shutting down and abandoning module MediaPlayerEditor (104)
[2015.06.30-12.38.00:503][901]LogModuleManager: Shutting down and abandoning module SpeedTreeImporter (103)
[2015.06.30-12.38.00:503][901]LogModuleManager: Shutting down and abandoning module PluginBrowser (102)
[2015.06.30-12.38.00:503][901]LogModuleManager: Shutting down and abandoning module EpicSurvey (101)
[2015.06.30-12.38.00:503][901]LogModuleManager: Shutting down and abandoning module DesktopPlatform (100)
[2015.06.30-12.38.00:503][901]LogModuleManager: Shutting down and abandoning module VisualStudioSourceCodeAccess (99)
[2015.06.30-12.38.00:503][901]LogModuleManager: Shutting down and abandoning module UObjectPlugin (98)
[2015.06.30-12.38.00:503][901]LogModuleManager: Shutting down and abandoning module SubversionSourceControl (97)
[2015.06.30-12.38.00:503][901]LogModuleManager: Shutting down and abandoning module PerforceSourceControl (96)
[2015.06.30-12.38.00:503][901]LogModuleManager: Shutting down and abandoning module SourceControl (95)
[2015.06.30-12.38.00:503][901]LogModuleManager: Shutting down and abandoning module GitSourceControl (94)
[2015.06.30-12.38.00:503][901]LogModuleManager: Shutting down and abandoning module BlankPlugin (93)
[2015.06.30-12.38.00:503][901]LogModuleManager: Shutting down and abandoning module PaperTiledImporter (92)
[2015.06.30-12.38.00:503][901]LogModuleManager: Shutting down and abandoning module PaperSpriteSheetImporter (91)
[2015.06.30-12.38.00:503][901]LogModuleManager: Shutting down and abandoning module MeshPaint (90)
[2015.06.30-12.38.00:503][901]LogModuleManager: Shutting down and abandoning module SlateReflector (89)
[2015.06.30-12.38.00:503][901]LogModuleManager: Shutting down and abandoning module DirectoryWatcher (88)
[2015.06.30-12.38.00:503][901]LogModuleManager: Shutting down and abandoning module HotReload (87)
[2015.06.30-12.38.00:503][901]LogModuleManager: Shutting down and abandoning module MainFrame (86)
[2015.06.30-12.38.00:503][901]LogModuleManager: Shutting down and abandoning module LevelEditor (85)
[2015.06.30-12.38.00:504][901]LogModuleManager: Shutting down and abandoning module ContentBrowser (84)
[2015.06.30-12.38.00:505][901]LogModuleManager: Shutting down and abandoning module Paper2DEditor (83)
[2015.06.30-12.38.00:505][901]LogModuleManager: Shutting down and abandoning module UdpMessaging (82)
[2015.06.30-12.38.00:605][901]LogModuleManager: Shutting down and abandoning module Paper2D (81)
[2015.06.30-12.38.00:605][901]LogModuleManager: Shutting down and abandoning module WindowsMoviePlayer (80)
[2015.06.30-12.38.00:616][901]LogModuleManager: Shutting down and abandoning module Media (79)
[2015.06.30-12.38.00:616][901]LogModuleManager: Shutting down and abandoning module WmfMedia (78)
[2015.06.30-12.38.00:616][901]LogModuleManager: Shutting down and abandoning module OnlineBlueprintSupport (77)
[2015.06.30-12.38.00:616][901]LogModuleManager: Shutting down and abandoning module PropertyEditor (76)
[2015.06.30-12.38.00:616][901]LogModuleManager: Shutting down and abandoning module BehaviorTreeEditor (75)
[2015.06.30-12.38.00:616][901]LogModuleManager: Shutting down and abandoning module FunctionalTesting (74)
[2015.06.30-12.38.00:616][901]LogModuleManager: Shutting down and abandoning module CollisionAnalyzer (73)
[2015.06.30-12.38.00:616][901]LogModuleManager: Shutting down and abandoning module WorkspaceMenuStructure (72)
[2015.06.30-12.38.00:616][901]LogModuleManager: Shutting down and abandoning module MessageLog (71)
[2015.06.30-12.38.00:616][901]LogModuleManager: Shutting down and abandoning module Sequencer (70)
[2015.06.30-12.38.00:616][901]LogModuleManager: Shutting down and abandoning module AssetTools (69)
[2015.06.30-12.38.00:616][901]LogModuleManager: Shutting down and abandoning module UMGEditor (68)
[2015.06.30-12.38.00:616][901]LogModuleManager: Shutting down and abandoning module UMG (67)
[2015.06.30-12.38.00:616][901]LogModuleManager: Shutting down and abandoning module Slate (66)
[2015.06.30-12.38.00:616][901]LogModuleManager: Shutting down and abandoning module EditorStyle (65)
[2015.06.30-12.38.00:620][901]LogModuleManager: Shutting down and abandoning module SessionServices (64)
[2015.06.30-12.38.00:620][901]LogModuleManager: Shutting down and abandoning module SourceCodeAccess (63)
[2015.06.30-12.38.00:620][901]LogModuleManager: Shutting down and abandoning module HeadMountedDisplay (62)
[2015.06.30-12.38.00:620][901]LogModuleManager: Shutting down and abandoning module XAudio2 (61)
[2015.06.30-12.38.00:620][901]LogModuleManager: Shutting down and abandoning module Networking (60)
[2015.06.30-12.38.00:620][901]LogModuleManager: Shutting down and abandoning module Core (59)
[2015.06.30-12.38.00:620][901]LogModuleManager: Shutting down and abandoning module KismetCompiler (58)
[2015.06.30-12.38.00:620][901]LogModuleManager: Shutting down and abandoning module PhysXFormats (57)
[2015.06.30-12.38.00:620][901]LogModuleManager: Shutting down and abandoning module MeshUtilities (56)
[2015.06.30-12.38.00:620][901]LogModuleManager: Shutting down and abandoning module DerivedDataCache (55)
[2015.06.30-12.38.01:018][901]LogDerivedDataCache: Shutdown
[2015.06.30-12.38.01:018][901]LogModuleManager: Shutting down and abandoning module ShaderFormatOpenGL (54)
[2015.06.30-12.38.01:018][901]LogModuleManager: Shutting down and abandoning module ShaderFormatD3D (53)
[2015.06.30-12.38.01:018][901]LogModuleManager: Shutting down and abandoning module MetalShaderFormat (52)
[2015.06.30-12.38.01:018][901]LogModuleManager: Shutting down and abandoning module TextureFormatUncompressed (51)
[2015.06.30-12.38.01:018][901]LogModuleManager: Shutting down and abandoning module TextureFormatPVR (50)
[2015.06.30-12.38.01:018][901]LogModuleManager: Shutting down and abandoning module TextureFormatIntelISPCTexComp (49)
[2015.06.30-12.38.01:018][901]LogModuleManager: Shutting down and abandoning module TextureFormatDXT (48)
[2015.06.30-12.38.01:018][901]LogModuleManager: Shutting down and abandoning module ImageWrapper (47)
[2015.06.30-12.38.01:018][901]LogModuleManager: Shutting down and abandoning module TextureFormatASTC (46)
[2015.06.30-12.38.01:018][901]LogModuleManager: Shutting down and abandoning module TextureFormatAndroid (45)
[2015.06.30-12.38.01:018][901]LogModuleManager: Shutting down and abandoning module AudioFormatOpus (44)
[2015.06.30-12.38.01:018][901]LogModuleManager: Shutting down and abandoning module AudioFormatOgg (43)
[2015.06.30-12.38.01:018][901]LogModuleManager: Shutting down and abandoning module AudioFormatADPCM (42)
[2015.06.30-12.38.01:018][901]LogModuleManager: Shutting down and abandoning module LinuxTargetPlatform (41)
[2015.06.30-12.38.01:018][901]LogModuleManager: Shutting down and abandoning module LinuxServerTargetPlatform (40)
[2015.06.30-12.38.01:018][901]LogModuleManager: Shutting down and abandoning module LinuxNoEditorTargetPlatform (39)
[2015.06.30-12.38.01:019][901]LogModuleManager: Shutting down and abandoning module Messaging (38)
[2015.06.30-12.38.01:019][901]LogModuleManager: Shutting down and abandoning module IOSTargetPlatform (37)
[2015.06.30-12.38.01:019][901]LogModuleManager: Shutting down and abandoning module HTML5TargetPlatform (36)
[2015.06.30-12.38.01:019][901]LogModuleManager: Shutting down and abandoning module Android_PVRTCTargetPlatform (35)
[2015.06.30-12.38.01:019][901]LogModuleManager: Shutting down and abandoning module Android_ETC2TargetPlatform (34)
[2015.06.30-12.38.01:019][901]LogModuleManager: Shutting down and abandoning module Android_ETC1TargetPlatform (33)
[2015.06.30-12.38.01:019][901]LogModuleManager: Shutting down and abandoning module Android_DXTTargetPlatform (32)
[2015.06.30-12.38.01:019][901]LogModuleManager: Shutting down and abandoning module Android_ATCTargetPlatform (31)
[2015.06.30-12.38.01:019][901]LogModuleManager: Shutting down and abandoning module Android_ASTCTargetPlatform (30)
[2015.06.30-12.38.01:019][901]LogModuleManager: Shutting down and abandoning module AndroidTargetPlatform (29)
[2015.06.30-12.38.01:019][901]LogModuleManager: Shutting down and abandoning module WindowsTargetPlatform (28)
[2015.06.30-12.38.01:019][901]LogModuleManager: Shutting down and abandoning module WindowsServerTargetPlatform (27)
[2015.06.30-12.38.01:019][901]LogModuleManager: Shutting down and abandoning module WindowsNoEditorTargetPlatform (26)
[2015.06.30-12.38.01:019][901]LogModuleManager: Shutting down and abandoning module WindowsClientTargetPlatform (25)
[2015.06.30-12.38.01:019][901]LogModuleManager: Shutting down and abandoning module DesktopTargetPlatform (24)
[2015.06.30-12.38.01:019][901]LogModuleManager: Shutting down and abandoning module TargetPlatform (23)
[2015.06.30-12.38.01:019][901]LogModuleManager: Shutting down and abandoning module InputCore (22)
[2015.06.30-12.38.01:019][901]LogModuleManager: Shutting down and abandoning module Settings (21)
[2015.06.30-12.38.01:019][901]LogModuleManager: Shutting down and abandoning module Voice (19)
[2015.06.30-12.38.01:019][901]LogModuleManager: Shutting down and abandoning module OnlineSubsystem (16)
[2015.06.30-12.38.01:019][901]LogOnline:Display: NULL: FOnlineSubsystemNull::Shutdown()
[2015.06.30-12.38.01:019][901]LogOnline:Display: Unloading online subsystem: Null
[2015.06.30-12.38.01:019][901]LogModuleManager: Shutting down and abandoning module HTTP (15)
[2015.06.30-12.38.01:019][901]LogModuleManager: Shutting down and abandoning module ExampleDeviceProfileSelector (14)
[2015.06.30-12.38.01:019][901]LogModuleManager: Shutting down and abandoning module TextureCompressor (13)
[2015.06.30-12.38.01:019][901]LogModuleManager: Shutting down and abandoning module ShaderCore (12)
[2015.06.30-12.38.01:019][901]LogModuleManager: Shutting down and abandoning module Landscape (11)
[2015.06.30-12.38.01:019][901]LogModuleManager: Shutting down and abandoning module SlateRHIRenderer (10)
[2015.06.30-12.38.01:020][901]LogModuleManager: Shutting down and abandoning module OpenGLDrv (9)
[2015.06.30-12.38.01:020][901]LogModuleManager: Shutting down and abandoning module D3D11RHI (8)
[2015.06.30-12.38.01:020][901]LogModuleManager: Shutting down and abandoning module Renderer (7)
[2015.06.30-12.38.01:020][901]LogModuleManager: Shutting down and abandoning module Engine (6)
[2015.06.30-12.38.01:020][901]LogModuleManager: Shutting down and abandoning module CoreUObject (5)
[2015.06.30-12.38.01:020][901]LogModuleManager: Shutting down and abandoning module NetworkFile (4)
[2015.06.30-12.38.01:020][901]LogModuleManager: Shutting down and abandoning module StreamingFile (3)
[2015.06.30-12.38.01:020][901]LogModuleManager: Shutting down and abandoning module SandboxFile (2)
[2015.06.30-12.38.01:020][901]LogModuleManager: Shutting down and abandoning module PakFile (1)
[2015.06.30-12.38.01:021][901]LogExit: Exiting.
[2015.06.30-12.38.01:023][901]Log file closed, 06/30/15 15:38:01
