[2015.06.23-05.47.41:669][  0]Log file open, 06/23/15 08:47:41
[2015.06.23-05.47.41:669][  0]LogInit:Display: Running engine for game: MayhemPunch
[2015.06.23-05.47.41:669][  0]LogInit:Display: RandInit(1712319929) SRandInit(1712319930).
[2015.06.23-05.47.41:669][  0]LogTaskGraph: Started task graph with 4 named threads and 7 total threads.
[2015.06.23-05.47.41:669][  0]LogStats: Stats thread started
[2015.06.23-05.47.41:669][  0]LogInit: Version: 4.8.0-2579680+++depot+UE4-Releases+4.8
[2015.06.23-05.47.41:669][  0]LogInit: API Version: 2579680
[2015.06.23-05.47.41:669][  0]LogInit: Compiled (64-bit): Jun  8 2015 03:34:53
[2015.06.23-05.47.41:669][  0]LogInit: Compiled with Visual C++: 18.00.21005.01
[2015.06.23-05.47.41:669][  0]LogInit: Build Configuration: Development
[2015.06.23-05.47.41:669][  0]LogInit: Branch Name: ++depot+UE4-Releases+4.8
[2015.06.23-05.47.41:669][  0]LogInit: Command line:  
[2015.06.23-05.47.41:669][  0]LogInit: Base directory: C:/Program Files/Unreal Engine/4.8/Engine/Binaries/Win64/
[2015.06.23-05.47.41:669][  0]LogInit: Rocket: 1
[2015.06.23-05.47.41:687][  0]LogInit: Using libcurl 7.41.0
[2015.06.23-05.47.41:687][  0]LogInit:  - built for x86_64-pc-win32
[2015.06.23-05.47.41:687][  0]LogInit:  - supports SSL with WinSSL
[2015.06.23-05.47.41:687][  0]LogInit:  - other features:
[2015.06.23-05.47.41:687][  0]LogInit:      CURL_VERSION_SSL
[2015.06.23-05.47.41:687][  0]LogInit:      CURL_VERSION_IPV6
[2015.06.23-05.47.41:687][  0]LogInit:      CURL_VERSION_ASYNCHDNS
[2015.06.23-05.47.41:687][  0]LogInit:      CURL_VERSION_LARGEFILE
[2015.06.23-05.47.41:687][  0]LogInit:      CURL_VERSION_IDN
[2015.06.23-05.47.41:687][  0]LogInit:  CurlRequestOptions (configurable via config and command line):
[2015.06.23-05.47.41:687][  0]LogInit:  - bVerifyPeer = true  - Libcurl will verify peer certificate
[2015.06.23-05.47.41:687][  0]LogInit:  - bUseHttpProxy = false  - Libcurl will NOT use HTTP proxy
[2015.06.23-05.47.41:687][  0]LogInit:  - bDontReuseConnections = false  - Libcurl will reuse connections
[2015.06.23-05.47.41:687][  0]LogInit:  - CertBundlePath = nullptr  - Libcurl will use whatever was configured at build time.
[2015.06.23-05.47.41:697][  0]LogOnline:Warning: No default platform service specified for OnlineSubsystem
[2015.06.23-05.47.41:781][  0]LogInit: Presizing for 0 objects not considered by GC, pre-allocating 0 bytes.
[2015.06.23-05.47.41:788][  0]LogInit: Object subsystem initialized
[2015.06.23-05.47.41:789][  0]LogConsoleResponse:Warning: Skipping Unknown console variable: 'TranslucentSortAxis = (X=0.000000,Y=-1.000000,Z=0.000000)'
[2015.06.23-05.47.41:789][  0]LogConsoleResponse:Warning:   Found in ini file 'C:/Users/TTV14SVilleK/Documents/Unreal Projects/MayhemPunch 4.8/Saved/Config/Windows/Engine.ini', in section '[/Script/Engine.RendererSettings]'
[2015.06.23-05.47.41:789][  0]LogConsoleResponse:Warning: Skipping Unknown console variable: 'UIScaleRule = ShortestSide'
[2015.06.23-05.47.41:789][  0]LogConsoleResponse:Warning:   Found in ini file 'C:/Users/TTV14SVilleK/Documents/Unreal Projects/MayhemPunch 4.8/Saved/Config/Windows/Engine.ini', in section '[/Script/Engine.RendererSettings]'
[2015.06.23-05.47.41:789][  0]LogConsoleResponse:Warning: Skipping Unknown console variable: 'UIScaleCurve = (EditorCurveData=(Keys=),ExternalCurve=None)'
[2015.06.23-05.47.41:789][  0]LogConsoleResponse:Warning:   Found in ini file 'C:/Users/TTV14SVilleK/Documents/Unreal Projects/MayhemPunch 4.8/Saved/Config/Windows/Engine.ini', in section '[/Script/Engine.RendererSettings]'
[2015.06.23-05.47.41:789][  0]LogInit: Selected Device Profile: [Windows]
[2015.06.23-05.47.41:789][  0]LogInit: Applying CVar settings loaded from the selected device profile: [Windows]
[2015.06.23-05.47.41:796][  0]LogInit: Computer: TA11LDML-29
[2015.06.23-05.47.41:796][  0]LogInit: User: TTV14SVilleK
[2015.06.23-05.47.41:796][  0]LogInit: CPU Page size=4096, Cores=4
[2015.06.23-05.47.41:796][  0]LogInit: High frequency timer resolution =3.316113 MHz
[2015.06.23-05.47.41:796][  0]LogMemory: Memory total: Physical=16.0GB (16GB approx)
[2015.06.23-05.47.41:796][  0]LogMemory: Platform Memory Stats for Windows
[2015.06.23-05.47.41:796][  0]LogMemory: Process Physical Memory: 52.18 MB used, 52.18 MB peak
[2015.06.23-05.47.41:796][  0]LogMemory: Process Virtual Memory: 24.49 MB used, 24.49 MB peak
[2015.06.23-05.47.41:796][  0]LogMemory: Physical Memory: 5993.54 MB used, 16344.95 MB total
[2015.06.23-05.47.41:796][  0]LogMemory: Virtual Memory: 282.79 MB used, 8388608.00 MB total
[2015.06.23-05.47.41:982][  0]LogTextLocalizationManager: The requested culture ('fi_FI') has no localization data; falling back to 'en' for localization and internationalization data.
[2015.06.23-05.47.42:191][  0]LogTextLocalizationManager:Warning: Loaded localization resources contain conflicting entries for (Namespace:ContentBrowser, Key:ImportAssetToolTip):
Localization Resource: (C:/Program Files/Unreal Engine/4.8/Engine/Content/Localization/Editor/en/Editor.locres) Source String Hash: (-630476809) Localized String: (Import to {0}...)
Localization Resource: (C:/Program Files/Unreal Engine/4.8/Engine/Content/Localization/Editor/en/Editor.locres) Source String Hash: (1271782899) Localized String: (Imports an asset from file to this folder.)
[2015.06.23-05.47.42:598][  0]LogD3D11RHI: Found D3D11 adapter 0: NVIDIA GeForce GT 640 (Feature Level 11_0)
[2015.06.23-05.47.42:598][  0]LogD3D11RHI: Adapter has 971MB of dedicated video memory, 0MB of dedicated system memory, and 3072MB of shared system memory, 2 output[s]
[2015.06.23-05.47.42:598][  0]LogD3D11RHI: Chosen D3D11 Adapter Id = 0
[2015.06.23-05.47.42:602][  0]LogRHI: Texture pool is 680 MB (70% of 971 MB)
[2015.06.23-05.47.42:609][  0]LogD3D11RHI: Async texture creation enabled
[2015.06.23-05.47.42:623][  0]LogShaderCompilers:Display: Using Local Shader Compiler.
[2015.06.23-05.47.44:308][  0]LogTemp:Display: Loaded TP DesktopTargetPlatform
[2015.06.23-05.47.44:321][  0]LogTemp:Display: Loaded TP WindowsClientTargetPlatform
[2015.06.23-05.47.44:334][  0]LogTemp:Display: Loaded TP WindowsNoEditorTargetPlatform
[2015.06.23-05.47.44:346][  0]LogTemp:Display: Loaded TP WindowsServerTargetPlatform
[2015.06.23-05.47.44:360][  0]LogTemp:Display: Loaded TP WindowsTargetPlatform
[2015.06.23-05.47.44:374][  0]LogTemp:Display: Loaded TP AndroidTargetPlatform
[2015.06.23-05.47.44:385][  0]LogTemp:Display: Loaded TP Android_ASTCTargetPlatform
[2015.06.23-05.47.44:396][  0]LogTemp:Display: Loaded TP Android_ATCTargetPlatform
[2015.06.23-05.47.44:407][  0]LogTemp:Display: Loaded TP Android_DXTTargetPlatform
[2015.06.23-05.47.44:418][  0]LogTemp:Display: Loaded TP Android_ETC1TargetPlatform
[2015.06.23-05.47.44:429][  0]LogTemp:Display: Loaded TP Android_ETC2TargetPlatform
[2015.06.23-05.47.44:440][  0]LogTemp:Display: Loaded TP Android_PVRTCTargetPlatform
[2015.06.23-05.47.44:485][  0]LogTemp:Display: Loaded TP IOSTargetPlatform
[2015.06.23-05.47.44:495][  0]LogTemp:Display: Loaded TP LinuxNoEditorTargetPlatform
[2015.06.23-05.47.44:506][  0]LogTemp:Display: Loaded TP LinuxServerTargetPlatform
[2015.06.23-05.47.44:522][  0]LogTemp:Display: Loaded TP LinuxTargetPlatform
[2015.06.23-05.47.44:522][  0]LogTargetPlatformManager:Display: Building Assets For Windows
[2015.06.23-05.47.44:780][  0]LogDerivedDataCache:Display: Max Cache Size: 512 MB
[2015.06.23-05.47.44:822][  0]LogDerivedDataCache: Loaded boot cache 0.04s 53MB C:/Users/TTV14SVilleK/AppData/Local/UnrealEngine/4.8/DerivedDataCache/Boot.ddc.
[2015.06.23-05.47.44:822][  0]LogDerivedDataCache:Display: Loaded Boot cache: C:/Users/TTV14SVilleK/AppData/Local/UnrealEngine/4.8/DerivedDataCache/Boot.ddc
[2015.06.23-05.47.44:822][  0]LogDerivedDataCache: FDerivedDataBackendGraph:  Pak pak cache file ../../../../../../Users/TTV14SVilleK/Documents/Unreal Projects/MayhemPunch 4.8/DerivedDataCache/DDC.ddp not found, will not use a pak cache.
[2015.06.23-05.47.44:822][  0]LogDerivedDataCache: Unable to find inner node Pak for hierarchical cache Hierarchy.
[2015.06.23-05.47.44:822][  0]LogDerivedDataCache: FDerivedDataBackendGraph:  CompressedPak pak cache file ../../../../../../Users/TTV14SVilleK/Documents/Unreal Projects/MayhemPunch 4.8/DerivedDataCache/Compressed.ddp not found, will not use a pak cache.
[2015.06.23-05.47.44:822][  0]LogDerivedDataCache: Unable to find inner node CompressedPak for hierarchical cache Hierarchy.
[2015.06.23-05.47.44:968][  0]LogDerivedDataCache:Display: Pak cache opened for reading ../../../Engine/DerivedDataCache/Compressed.ddp.
[2015.06.23-05.47.44:979][  0]LogDerivedDataCache: Using Local data cache path C:/Users/TTV14SVilleK/AppData/Local/UnrealEngine/Common/DerivedDataCache: Writable
[2015.06.23-05.47.46:993][  0]LogInit: Selected Device Profile: [Windows]
[2015.06.23-05.47.47:002][  0]ImportText (ComponentSweepMultiTests): Missing closing parenthesis: (RootShapeAsset="/Engine/BasicShapes/Cube.Cube",ShapeType="TriggerCapsule",HitResult=(Time=0.50,Location=(X=-100.000015,Y=0.0,Z=100.000015),ImpactPoint=(X=-50.0,Y=0.0,Z=50.0),Normal=(X=-1.0,Y=-0.0,Z=0.0),ImpactNormal=(X=0.0,Y=0.0,Z=1.0),TraceStart=(X=-200.0,Y=0.0,Z=200.0),TraceEnd=(X=0.0,Y=0.0,Z=0.0))
[2015.06.23-05.47.47:002][  0]ImportText (LineTraceSingleByChannelTests): Missing closing parenthesis: (RootShapeAsset="/Engine/BasicShapes/Cube.Cube",HitResult=(Time=0.50,Location=(X=-100.000015,Y=0.0,Z=100.000015),ImpactPoint=(X=-50.0,Y=0.0,Z=50.0),Normal=(X=-1.0,Y=-0.0,Z=0.0),ImpactNormal=(X=0.0,Y=0.0,Z=1.0),TraceStart=(X=-200.0,Y=0.0,Z=200.0),TraceEnd=(X=0.0,Y=0.0,Z=0.0))
[2015.06.23-05.47.47:027][  0]LogMeshUtilities: No automatic mesh reduction module available
[2015.06.23-05.47.47:027][  0]LogMeshUtilities: No automatic mesh merging module available
[2015.06.23-05.47.47:420][  0]LogInit: WinSock: version 1.1 (2.2), MaxSocks=32767, MaxUdp=65467
[2015.06.23-05.47.48:628][  0]UdpMessaging: Initializing bridge on interface 0.0.0.0:0 to multicast group 230.0.0.1:6666.
[2015.06.23-05.47.48:964][  0]SourceControl: Info Source control is disabled
[2015.06.23-05.47.48:964][  0]SourceControl: Info Source control is disabled
[2015.06.23-05.47.48:972][  0]SourceControl: Info Source control is disabled
[2015.06.23-05.47.48:981][  0]SourceControl: Info Source control is disabled
[2015.06.23-05.47.49:230][  0]LogObj: 26273 objects as part of root set at end of initial load.
[2015.06.23-05.47.49:230][  0]LogUObjectAllocator: 5409248 out of 0 bytes used by permanent object pool.
[2015.06.23-05.47.49:296][  0]LogEngine: Initializing Engine...
[2015.06.23-05.47.49:298][  0]LogHMD: Can't find Oculus library dev build: is proper Runtime installed? Version: 0.6.0.0
[2015.06.23-05.47.49:319][  0]LogHMD:Warning: SteamVR failed to initialize.  Error: 110
[2015.06.23-05.47.49:457][  0]LogAIModule: Creating AISystem for world NewWorld
[2015.06.23-05.47.49:460][  0]LogInit: No audio devices found!
[2015.06.23-05.47.49:484][  0]LogDerivedDataCache: Saved boot cache 0.02s 53MB C:/Users/TTV14SVilleK/AppData/Local/UnrealEngine/4.8/DerivedDataCache/Boot.ddc.
[2015.06.23-05.47.49:487][  0]LogInit: Texture streaming: Disabled
[2015.06.23-05.47.49:507][  0]LogAnalytics: Creating configured Analytics provider AnalyticsET
[2015.06.23-05.47.49:507][  0]LogAnalytics: [UEEditor.Rocket.Release] APIServer = http://et2.epicgames.com/ET2/. AppVersion = 4.8.0-2579680+++depot+UE4-Releases+4.8
[2015.06.23-05.47.49:507][  0]LogAnalytics: [UEEditor.Rocket.Release] SetUserId d652db00424d2d2668ac20b732403b95|13a6353d6e344fe8a6e53e6676d3b4bf|81e5f6f9-e625-4b87-83f3-869c0c4e9c34
[2015.06.23-05.47.49:507][  0]LogAnalytics: [UEEditor.Rocket.Release] AnalyticsET::StartSession
[2015.06.23-05.47.49:553][  0]LogInit: Transaction tracking system initialized
[2015.06.23-05.47.49:665][  0]BlueprintLog: New page: Editor Load
[2015.06.23-05.47.49:697][  0]LogAssetRegistry: FAssetRegistry took 0.0101 seconds to start up
[2015.06.23-05.47.49:697][  0]LogDirectoryWatcher:Warning: Failed to begin reading directory changes for ../../../Engine/Plugins/Experimental/CharacterAI/Content/. Error: 0
[2015.06.23-05.47.50:243][  0]LogLinker:Warning: Can't find file '/Game/FirstPersonBP/FirstPersonOverview'
[2015.06.23-05.47.50:243][  0]LogLinker:Warning: Can't find file '/Game/FirstPersonBP/FirstPersonOverview'
[2015.06.23-05.47.50:243][  0]LogLinker:Warning: Can't find file '/Game/FirstPersonBP/FirstPersonOverview'
[2015.06.23-05.47.50:243][  0]LogUObjectGlobals:Warning: Failed to find object 'Class /Game/FirstPersonBP/FirstPersonOverview.FirstPersonOverview_C'
[2015.06.23-05.47.50:348][  0]LogConsoleManager:Warning: Console variable 'r.VSync' wasn't set ('GameSetting' has a lower priority than 'SystemSettingsIni')
[2015.06.23-05.47.50:348][  0]LogConsoleResponse:Display: 
[2015.06.23-05.47.50:438][  0]LogCook:Display: Done creating registry. It took  0.00s.
[2015.06.23-05.47.50:598][  0]SourceControl: Info Source control is disabled
[2015.06.23-05.47.50:598][  0]Cmd: MAP LOAD FILE="../../../../../../Users/TTV14SVilleK/Documents/Unreal Projects/MayhemPunch 4.8/Content/Main/Maps/FirstPersonExampleMap.umap" TEMPLATE=0 SHOWPROGRESS=1 FEATURELEVEL=3
[2015.06.23-05.47.50:599][  0]LightingResults: New page: Lighting Build
[2015.06.23-05.47.50:609][  0]MapCheck: New page: Map Check
[2015.06.23-05.47.50:609][  0]LightingResults: New page: Lighting Build
[2015.06.23-05.47.50:617][  0]LogParticles: Destroying 0 GPU particle simulations for FXSystem 0x0000000017366F20
[2015.06.23-05.47.53:025][  0]LogAIModule: Creating AISystem for world FirstPersonExampleMap
[2015.06.23-05.47.53:064][  0]LogEditorServer: Finished looking for orphan Actors (0.000 secs)
[2015.06.23-05.47.53:066][  0]Cmd: MAP CHECKDEP NOCLEARLOG
[2015.06.23-05.47.53:127][  0]MapCheck: Info Map check complete: 0 Error(s), 0 Warning(s), took 60.756ms to complete.
[2015.06.23-05.47.53:127][  0]LogFileHelpers: Loading map 'FirstPersonExampleMap' took 2.534
[2015.06.23-05.47.53:260][  0]LogCollectionManager: Loaded 0 collections in 0.001595 seconds
[2015.06.23-05.47.53:266][  0]LogContentBrowser: Native class hierarchy populated in 0.0063 seconds. Added 1792 classes and 301 folders.
[2015.06.23-05.47.53:309][  0]LogContentBrowser: Native class hierarchy updated for 'WidgetCarousel' in 0.0003 seconds. Added 0 classes and 0 folders.
[2015.06.23-05.47.53:334][  0]LogContentBrowser: Native class hierarchy updated for 'AddContentDialog' in 0.0003 seconds. Added 0 classes and 0 folders.
[2015.06.23-05.47.53:348][  0]LogContentBrowser: Native class hierarchy updated for 'SceneOutliner' in 0.0002 seconds. Added 1 classes and 2 folders.
[2015.06.23-05.47.53:421][  0]LogCrashTracker: Crashtracker disabled due to settings.
[2015.06.23-05.47.53:424][  0]LogUObjectGlobals:Warning: Failed to find object 'Class None.'
[2015.06.23-05.47.53:445][  0]LogLoad: Full Startup: 13.68 seconds (BP compile: 0.64 seconds)
[2015.06.23-05.47.53:514][  0]LogContentStreaming: Texture pool size is 0.000000MB
[2015.06.23-05.47.53:577][  0]LogContentStreaming: Texture pool size now 1000 MB
[2015.06.23-05.47.53:714][  0]LogRenderer: Reallocating scene render targets to support 1208x632 (Frame:2).
[2015.06.23-05.47.54:214][ 11]LogAssetRegistry: Asset discovery search completed in 4.5362 seconds
[2015.06.23-05.50.36:608][701]Cmd: POLY SELECT ADJACENT ALL
[2015.06.23-05.50.52:702][506]Cmd: POLY SELECT ADJACENT ALL
[2015.06.23-05.52.24:921][244]Cmd: POLY SELECT ADJACENT ALL
[2015.06.23-05.52.38:932][ 38]Cmd: POLY TEXSCALE  UU=0.500000 VV=0.500000
[2015.06.23-05.52.47:916][624]Cmd: POLY SELECT ADJACENT ALL
[2015.06.23-05.52.52:131][847]Cmd: POLY TEXSCALE  UU=0.500000 VV=0.500000
[2015.06.23-05.52.54:212][950]Cmd: POLY TEXMULT UU=0.707107 VV=0.707107 UV=-0.707107 VU=0.707107
[2015.06.23-05.52.55:104][985]Cmd: POLY TEXMULT UU=0.707107 VV=0.707107 UV=-0.707107 VU=0.707107
[2015.06.23-05.52.58:184][147]Cmd: POLY SELECT ADJACENT ALL
[2015.06.23-05.53.07:814][762]Cmd: POLY TEXSCALE  UU=0.500000 VV=0.500000
[2015.06.23-05.53.09:375][829]Cmd: POLY TEXMULT UU=-0.000000 VV=-0.000000 UV=-1.000000 VU=1.000000
[2015.06.23-05.53.11:721][951]Cmd: POLY TEXPAN U=16.000000 V=0.000000
[2015.06.23-05.53.12:804][997]Cmd: POLY TEXPAN U=0.000000 V=16.000000
[2015.06.23-05.53.14:616][ 77]Cmd: POLY TEXPAN U=64.000000 V=0.000000
[2015.06.23-05.53.15:604][118]Cmd: POLY TEXPAN U=0.000000 V=64.000000
[2015.06.23-05.53.18:932][299]Cmd: POLY SELECT ADJACENT ALL
[2015.06.23-05.53.29:759][985]Cmd: POLY TEXMULT UU=-0.000000 VV=-0.000000 UV=-1.000000 VU=1.000000
[2015.06.23-05.53.32:403][155]Cmd: POLY TEXSCALE  UU=0.500000 VV=0.500000
[2015.06.23-05.53.34:182][233]Cmd: POLY TEXPAN U=0.000000 V=16.000000
[2015.06.23-05.53.44:033][915]Cmd: POLY SELECT ADJACENT ALL
[2015.06.23-05.54.02:651][184]Cmd: POLY TEXSCALE  UU=1.000000 VV=1.000000
[2015.06.23-05.54.07:179][439]Cmd: POLY SELECT ADJACENT ALL
[2015.06.23-05.54.10:502][622]Cmd: POLY TEXSCALE  UU=1.000000 VV=1.000000
[2015.06.23-05.54.13:769][807]Cmd: POLY SELECT ADJACENT ALL
[2015.06.23-05.54.18:617][132]Cmd: POLY SELECT ADJACENT ALL
[2015.06.23-05.54.22:002][320]Cmd: POLY TEXSCALE  UU=1.000000 VV=1.000000
[2015.06.23-05.54.26:187][585]Cmd: POLY SELECT ADJACENT ALL
[2015.06.23-05.54.29:727][780]Cmd: POLY TEXSCALE  UU=1.000000 VV=1.000000
[2015.06.23-05.54.39:922][476]Cmd: POLY SELECT ADJACENT ALL
[2015.06.23-05.55.41:546][835]Cmd: POLY TEXSCALE  UU=0.250000 VV=0.250000
[2015.06.23-05.55.50:617][446]Cmd: POLY TEXMULT UU=0.707107 VV=0.707107 UV=-0.707107 VU=0.707107
[2015.06.23-05.55.53:003][556]Cmd: POLY TEXMULT UU=0.707107 VV=0.707107 UV=-0.707107 VU=0.707107
[2015.06.23-05.55.58:020][793]Cmd: POLY TEXMULT UU=-0.000000 VV=-0.000000 UV=-1.000000 VU=1.000000
[2015.06.23-05.56.02:130][988]Cmd: POLY TEXPAN U=1.000000 V=0.000000
[2015.06.23-05.56.03:148][ 32]Cmd: POLY TEXPAN U=1.000000 V=0.000000
[2015.06.23-05.56.04:400][ 86]Cmd: POLY TEXPAN U=4.000000 V=0.000000
[2015.06.23-05.56.05:134][114]Cmd: POLY TEXPAN U=4.000000 V=0.000000
[2015.06.23-05.56.08:758][286]Cmd: POLY TEXPAN U=1.000000 V=0.000000
[2015.06.23-05.56.09:704][326]Cmd: POLY TEXPAN U=1.000000 V=0.000000
[2015.06.23-05.56.10:465][357]Cmd: POLY TEXPAN U=1.000000 V=0.000000
[2015.06.23-05.56.11:092][382]Cmd: POLY TEXPAN U=1.000000 V=0.000000
[2015.06.23-05.56.11:522][392]Cmd: POLY TEXPAN U=1.000000 V=0.000000
[2015.06.23-05.56.11:825][395]Cmd: POLY TEXPAN U=1.000000 V=0.000000
[2015.06.23-05.56.15:169][557]Cmd: POLY TEXPAN U=-1.000000 V=-0.000000
[2015.06.23-05.56.15:446][558]Cmd: POLY TEXPAN U=-1.000000 V=-0.000000
[2015.06.23-05.56.15:734][559]Cmd: POLY TEXPAN U=-1.000000 V=-0.000000
[2015.06.23-05.56.18:728][706]Cmd: POLY TEXPAN U=1.000000 V=0.000000
[2015.06.23-05.56.24:386][988]Cmd: POLY TEXSCALE  UU=0.500000 VV=0.500000
[2015.06.23-05.56.28:147][187]Cmd: POLY TEXSCALE  UU=0.500000 VV=1.000000
[2015.06.23-05.56.40:055][957]Cmd: POLY SELECT ADJACENT ALL
[2015.06.23-05.57.21:060][403]Cmd: POLY TEXMULT UU=0.707107 VV=0.707107 UV=-0.707107 VU=0.707107
[2015.06.23-05.57.22:322][453]Cmd: POLY TEXMULT UU=-0.000000 VV=-0.000000 UV=-1.000000 VU=1.000000
[2015.06.23-05.57.24:506][546]Cmd: POLY TEXMULT UU=0.707107 VV=0.707107 UV=-0.707107 VU=0.707107
[2015.06.23-05.57.33:967][148]Cmd: POLY TEXMULT UU=0.996195 VV=0.996195 UV=-0.087156 VU=0.087156
[2015.06.23-05.57.41:095][622]Cmd: POLY TEXMULT UU=0.999848 VV=0.999848 UV=-0.017452 VU=0.017452
[2015.06.23-05.57.43:675][803]Cmd: POLY TEXMULT UU=0.999848 VV=0.999848 UV=-0.017452 VU=0.017452
[2015.06.23-05.57.47:410][  2]Cmd: POLY TEXMULT UU=0.999848 VV=0.999848 UV=-0.017452 VU=0.017452
[2015.06.23-05.57.56:146][495]Cmd: POLY TEXSCALE  UU=0.500000 VV=0.500000
[2015.06.23-05.58.26:654][451]Cmd: POLY TEXMULT UU=-0.000000 VV=-0.000000 UV=-1.000000 VU=1.000000
[2015.06.23-05.58.35:751][ 16]Cmd: POLY TEXSCALE  UU=0.500000 VV=0.500000
[2015.06.23-05.58.40:976][278]Cmd: POLY TEXSCALE  UU=0.666667 VV=0.666667
[2015.06.23-05.58.44:445][481]LogEditorViewport: Clicking on Actor (LMB): BP_Sky_Sphere_C (SkySphereBlueprint)
[2015.06.23-05.59.21:933][964]LogSavePackage: Save=674.136841ms
[2015.06.23-05.59.21:933][964]LogSavePackage: Moving '../../../../../../Users/TTV14SVilleK/Documents/Unreal Projects/MayhemPunch 4.8/Saved/FirstPersonExampleMap_Auto170D80DD34F327B2738B06786512B0FEB.tmp' to '../../../../../../Users/TTV14SVilleK/Documents/Unreal Projects/MayhemPunch 4.8/Saved/Autosaves/Game/Main/Maps/FirstPersonExampleMap_Auto1.umap'
[2015.06.23-05.59.21:950][964]LogFileHelpers: Editor autosave (incl. sublevels) for '/Game/Main/Maps/FirstPersonExampleMap' took 0.869
[2015.06.23-05.59.21:950][964]LogFileHelpers: Editor autosave (incl. sublevels) for all levels took 0.869
[2015.06.23-06.01.11:641][701]LogSavePackage: Save=674.977905ms
[2015.06.23-06.01.11:641][701]LogSavePackage: Moving '../../../../../../Users/TTV14SVilleK/Documents/Unreal Projects/MayhemPunch 4.8/Saved/FirstPersonExampleMap14A8CE324812A825381B05855B2AFF05.tmp' to '../../../../../../Users/TTV14SVilleK/Documents/Unreal Projects/MayhemPunch 4.8/Content/Main/Maps/FirstPersonExampleMap.umap'
[2015.06.23-06.01.11:690][701]LogFileHelpers: Saving map 'FirstPersonExampleMap' took 0.875
[2015.06.23-06.01.14:509][879]Cmd: QUIT_EDITOR
[2015.06.23-06.01.14:723][879]LogExit: Preparing to exit.
[2015.06.23-06.01.15:743][879]LogExit: Editor shut down
[2015.06.23-06.01.15:744][879]LogExit: Transaction tracking system shut down
[2015.06.23-06.01.15:746][879]LogParticles: Destroying 0 GPU particle simulations for FXSystem 0x00000000156EED40
[2015.06.23-06.01.15:746][879]LogParticles: Destroying 0 GPU particle simulations for FXSystem 0x000000001EF6B9C0
[2015.06.23-06.01.15:746][879]LogParticles: Destroying 0 GPU particle simulations for FXSystem 0x0000000027E7C900
[2015.06.23-06.01.15:746][879]LogParticles: Destroying 0 GPU particle simulations for FXSystem 0x0000000027E7C720
[2015.06.23-06.01.15:746][879]LogParticles: Destroying 0 GPU particle simulations for FXSystem 0x0000000027E7C5E0
[2015.06.23-06.01.15:853][879]LogExit: Object subsystem successfully closed.
[2015.06.23-06.01.16:219][879]LogModuleManager: Shutting down and abandoning module CrashTracker (188)
[2015.06.23-06.01.16:219][879]LogModuleManager: Shutting down and abandoning module SceneOutliner (187)
[2015.06.23-06.01.16:219][879]LogModuleManager: Shutting down and abandoning module SuperSearch (186)
[2015.06.23-06.01.16:219][879]LogModuleManager: Shutting down and abandoning module WidgetCarousel (185)
[2015.06.23-06.01.16:219][879]LogModuleManager: Shutting down and abandoning module AddContentDialog (184)
[2015.06.23-06.01.16:220][879]LogModuleManager: Shutting down and abandoning module EditorWidgets (183)
[2015.06.23-06.01.16:220][879]LogModuleManager: Shutting down and abandoning module CollectionManager (182)
[2015.06.23-06.01.16:220][879]LogModuleManager: Shutting down and abandoning module StatsViewer (181)
[2015.06.23-06.01.16:220][879]LogModuleManager: Shutting down and abandoning module FoliageEdit (180)
[2015.06.23-06.01.16:220][879]LogModuleManager: Shutting down and abandoning module LandscapeEditor (179)
[2015.06.23-06.01.16:220][879]LogModuleManager: Shutting down and abandoning module ActorPickerMode (178)
[2015.06.23-06.01.16:220][879]LogModuleManager: Shutting down and abandoning module GeometryMode (177)
[2015.06.23-06.01.16:220][879]LogModuleManager: Shutting down and abandoning module TextureAlignMode (176)
[2015.06.23-06.01.16:220][879]LogModuleManager: Shutting down and abandoning module BspMode (175)
[2015.06.23-06.01.16:220][879]LogModuleManager: Shutting down and abandoning module PlacementMode (174)
[2015.06.23-06.01.16:220][879]LogModuleManager: Shutting down and abandoning module AutomationWorker (173)
[2015.06.23-06.01.16:220][879]LogModuleManager: Shutting down and abandoning module CharacterAI (172)
[2015.06.23-06.01.16:220][879]LogModuleManager: Shutting down and abandoning module SmartSnapping (171)
[2015.06.23-06.01.16:220][879]LogModuleManager: Shutting down and abandoning module ViewportSnapping (170)
[2015.06.23-06.01.16:220][879]LogModuleManager: Shutting down and abandoning module LogVisualizer (169)
[2015.06.23-06.01.16:220][879]LogModuleManager: Shutting down and abandoning module GameProjectGeneration (168)
[2015.06.23-06.01.16:220][879]LogModuleManager: Shutting down and abandoning module IntroTutorials (167)
[2015.06.23-06.01.16:220][879]LogModuleManager: Shutting down and abandoning module EditorLiveStreaming (166)
[2015.06.23-06.01.16:220][879]LogModuleManager: Shutting down and abandoning module IOSPlatformEditor (165)
[2015.06.23-06.01.16:220][879]LogModuleManager: Shutting down and abandoning module HTML5PlatformEditor (164)
[2015.06.23-06.01.16:220][879]LogModuleManager: Shutting down and abandoning module AndroidDeviceDetection (163)
[2015.06.23-06.01.16:689][879]LogModuleManager: Shutting down and abandoning module AndroidPlatformEditor (162)
[2015.06.23-06.01.16:689][879]LogModuleManager: Shutting down and abandoning module IOSRuntimeSettings (161)
[2015.06.23-06.01.16:689][879]LogModuleManager: Shutting down and abandoning module AndroidRuntimeSettings (160)
[2015.06.23-06.01.16:689][879]LogModuleManager: Shutting down and abandoning module MergeActors (159)
[2015.06.23-06.01.16:689][879]LogModuleManager: Shutting down and abandoning module SizeMap (158)
[2015.06.23-06.01.16:689][879]LogModuleManager: Shutting down and abandoning module TreeMap (157)
[2015.06.23-06.01.16:689][879]LogModuleManager: Shutting down and abandoning module ReferenceViewer (156)
[2015.06.23-06.01.16:689][879]LogModuleManager: Shutting down and abandoning module LocalizationDashboard (155)
[2015.06.23-06.01.16:689][879]LogModuleManager: Shutting down and abandoning module HardwareTargeting (154)
[2015.06.23-06.01.16:689][879]LogModuleManager: Shutting down and abandoning module DeviceProfileEditor (153)
[2015.06.23-06.01.16:689][879]LogModuleManager: Shutting down and abandoning module UndoHistory (152)
[2015.06.23-06.01.16:689][879]LogModuleManager: Shutting down and abandoning module GameplayTagsEditor (151)
[2015.06.23-06.01.16:689][879]LogModuleManager: Shutting down and abandoning module UserFeedback (150)
[2015.06.23-06.01.16:689][879]LogModuleManager: Shutting down and abandoning module XmlParser (149)
[2015.06.23-06.01.16:689][879]LogModuleManager: Shutting down and abandoning module Blutility (148)
[2015.06.23-06.01.16:689][879]LogModuleManager: Shutting down and abandoning module ProjectTargetPlatformEditor (147)
[2015.06.23-06.01.16:689][879]LogModuleManager: Shutting down and abandoning module ProjectSettingsViewer (146)
[2015.06.23-06.01.16:689][879]LogModuleManager: Shutting down and abandoning module InputBindingEditor (145)
[2015.06.23-06.01.16:690][879]LogModuleManager: Shutting down and abandoning module EditorSettingsViewer (144)
[2015.06.23-06.01.16:690][879]LogModuleManager: Shutting down and abandoning module SettingsEditor (143)
[2015.06.23-06.01.16:690][879]LogModuleManager: Shutting down and abandoning module ProjectLauncher (142)
[2015.06.23-06.01.16:690][879]LogModuleManager: Shutting down and abandoning module SessionFrontend (141)
[2015.06.23-06.01.16:690][879]LogModuleManager: Shutting down and abandoning module ProfilerClient (140)
[2015.06.23-06.01.16:690][879]LogModuleManager: Shutting down and abandoning module TargetDeviceServices (139)
[2015.06.23-06.01.16:690][879]LogModuleManager: Shutting down and abandoning module DeviceManager (138)
[2015.06.23-06.01.16:690][879]LogModuleManager: Shutting down and abandoning module AutomationController (137)
[2015.06.23-06.01.16:690][879]LogModuleManager: Shutting down and abandoning module AutomationWindow (136)
[2015.06.23-06.01.16:690][879]LogModuleManager: Shutting down and abandoning module Layers (135)
[2015.06.23-06.01.16:690][879]LogModuleManager: Shutting down and abandoning module ComponentVisualizers (134)
[2015.06.23-06.01.16:690][879]LogModuleManager: Shutting down and abandoning module DetailCustomizations (133)
[2015.06.23-06.01.16:690][879]LogModuleManager: Shutting down and abandoning module PackagesDialog (132)
[2015.06.23-06.01.16:691][879]LogModuleManager: Shutting down and abandoning module AssetRegistry (131)
[2015.06.23-06.01.16:824][879]LogModuleManager: Shutting down and abandoning module Persona (130)
[2015.06.23-06.01.16:824][879]LogModuleManager: Shutting down and abandoning module Kismet (129)
[2015.06.23-06.01.16:824][879]LogModuleManager: Shutting down and abandoning module GraphEditor (128)
[2015.06.23-06.01.16:824][879]LogModuleManager: Shutting down and abandoning module ClassViewer (127)
[2015.06.23-06.01.16:824][879]LogModuleManager: Shutting down and abandoning module Toolbox (126)
[2015.06.23-06.01.16:824][879]LogModuleManager: Shutting down and abandoning module ModuleUI (125)
[2015.06.23-06.01.16:824][879]LogModuleManager: Shutting down and abandoning module MovieSceneTools (124)
[2015.06.23-06.01.16:824][879]LogModuleManager: Shutting down and abandoning module OutputLog (123)
[2015.06.23-06.01.16:824][879]LogModuleManager: Shutting down and abandoning module GammaUI (122)
[2015.06.23-06.01.16:824][879]LogModuleManager: Shutting down and abandoning module Documentation (121)
[2015.06.23-06.01.16:824][879]LogModuleManager: Shutting down and abandoning module GameLiveStreaming (120)
[2015.06.23-06.01.16:824][879]LogModuleManager: Shutting down and abandoning module StreamingPauseRendering (119)
[2015.06.23-06.01.16:825][879]LogModuleManager: Shutting down and abandoning module AnalyticsET (118)
[2015.06.23-06.01.16:825][879]LogModuleManager: Shutting down and abandoning module Analytics (117)
[2015.06.23-06.01.16:825][879]LogModuleManager: Shutting down and abandoning module AITestSuite (116)
[2015.06.23-06.01.16:825][879]LogModuleManager: Shutting down and abandoning module GameplayDebugger (115)
[2015.06.23-06.01.16:825][879]LogModuleManager: Shutting down and abandoning module AIModule (114)
[2015.06.23-06.01.16:825][879]LogModuleManager: Shutting down and abandoning module ProfilerService (113)
[2015.06.23-06.01.16:859][879]LogModuleManager: Shutting down and abandoning module TaskGraph (112)
[2015.06.23-06.01.16:859][879]LogModuleManager: Shutting down and abandoning module SlateRemote (111)
[2015.06.23-06.01.16:859][879]LogModuleManager: Shutting down and abandoning module SteamVRController (110)
[2015.06.23-06.01.16:859][879]LogModuleManager: Shutting down and abandoning module SteamVR (109)
[2015.06.23-06.01.16:859][879]LogModuleManager: Shutting down and abandoning module ProceduralMeshComponent (108)
[2015.06.23-06.01.16:859][879]LogModuleManager: Shutting down and abandoning module OculusRift (107)
[2015.06.23-06.01.16:859][879]LogModuleManager: Shutting down and abandoning module LeapMotionController (106)
[2015.06.23-06.01.16:864][879]LogModuleManager: Shutting down and abandoning module CustomMeshComponent (105)
[2015.06.23-06.01.16:864][879]LogModuleManager: Shutting down and abandoning module CableComponent (104)
[2015.06.23-06.01.16:864][879]LogModuleManager: Shutting down and abandoning module MessagingDebugger (103)
[2015.06.23-06.01.16:864][879]LogModuleManager: Shutting down and abandoning module MediaPlayerEditor (102)
[2015.06.23-06.01.16:864][879]LogModuleManager: Shutting down and abandoning module SpeedTreeImporter (101)
[2015.06.23-06.01.16:864][879]LogModuleManager: Shutting down and abandoning module PluginBrowser (100)
[2015.06.23-06.01.16:864][879]LogModuleManager: Shutting down and abandoning module EpicSurvey (99)
[2015.06.23-06.01.16:864][879]LogModuleManager: Shutting down and abandoning module DesktopPlatform (98)
[2015.06.23-06.01.16:864][879]LogModuleManager: Shutting down and abandoning module VisualStudioSourceCodeAccess (97)
[2015.06.23-06.01.16:864][879]LogModuleManager: Shutting down and abandoning module UObjectPlugin (96)
[2015.06.23-06.01.16:864][879]LogModuleManager: Shutting down and abandoning module SubversionSourceControl (95)
[2015.06.23-06.01.16:864][879]LogModuleManager: Shutting down and abandoning module PerforceSourceControl (94)
[2015.06.23-06.01.16:865][879]LogModuleManager: Shutting down and abandoning module SourceControl (93)
[2015.06.23-06.01.16:865][879]LogModuleManager: Shutting down and abandoning module GitSourceControl (92)
[2015.06.23-06.01.16:865][879]LogModuleManager: Shutting down and abandoning module BlankPlugin (91)
[2015.06.23-06.01.16:865][879]LogModuleManager: Shutting down and abandoning module PaperTiledImporter (90)
[2015.06.23-06.01.16:865][879]LogModuleManager: Shutting down and abandoning module PaperSpriteSheetImporter (89)
[2015.06.23-06.01.16:865][879]LogModuleManager: Shutting down and abandoning module MeshPaint (88)
[2015.06.23-06.01.16:865][879]LogModuleManager: Shutting down and abandoning module SlateReflector (87)
[2015.06.23-06.01.16:865][879]LogModuleManager: Shutting down and abandoning module DirectoryWatcher (86)
[2015.06.23-06.01.16:865][879]LogModuleManager: Shutting down and abandoning module HotReload (85)
[2015.06.23-06.01.16:865][879]LogModuleManager: Shutting down and abandoning module MainFrame (84)
[2015.06.23-06.01.16:865][879]LogModuleManager: Shutting down and abandoning module LevelEditor (83)
[2015.06.23-06.01.16:866][879]LogModuleManager: Shutting down and abandoning module ContentBrowser (82)
[2015.06.23-06.01.16:866][879]LogModuleManager: Shutting down and abandoning module Paper2DEditor (81)
[2015.06.23-06.01.16:866][879]LogModuleManager: Shutting down and abandoning module UdpMessaging (80)
[2015.06.23-06.01.16:966][879]LogModuleManager: Shutting down and abandoning module Paper2D (79)
[2015.06.23-06.01.16:966][879]LogModuleManager: Shutting down and abandoning module WindowsMoviePlayer (78)
[2015.06.23-06.01.16:972][879]LogModuleManager: Shutting down and abandoning module Media (77)
[2015.06.23-06.01.16:972][879]LogModuleManager: Shutting down and abandoning module WmfMedia (76)
[2015.06.23-06.01.16:973][879]LogModuleManager: Shutting down and abandoning module OnlineBlueprintSupport (75)
[2015.06.23-06.01.16:973][879]LogModuleManager: Shutting down and abandoning module PropertyEditor (74)
[2015.06.23-06.01.16:973][879]LogModuleManager: Shutting down and abandoning module BehaviorTreeEditor (73)
[2015.06.23-06.01.16:973][879]LogModuleManager: Shutting down and abandoning module FunctionalTesting (72)
[2015.06.23-06.01.16:974][879]LogModuleManager: Shutting down and abandoning module CollisionAnalyzer (71)
[2015.06.23-06.01.16:974][879]LogModuleManager: Shutting down and abandoning module WorkspaceMenuStructure (70)
[2015.06.23-06.01.16:974][879]LogModuleManager: Shutting down and abandoning module MessageLog (69)
[2015.06.23-06.01.16:974][879]LogModuleManager: Shutting down and abandoning module Sequencer (68)
[2015.06.23-06.01.16:974][879]LogModuleManager: Shutting down and abandoning module AssetTools (67)
[2015.06.23-06.01.16:974][879]LogModuleManager: Shutting down and abandoning module UMGEditor (66)
[2015.06.23-06.01.16:974][879]LogModuleManager: Shutting down and abandoning module UMG (65)
[2015.06.23-06.01.16:974][879]LogModuleManager: Shutting down and abandoning module Slate (64)
[2015.06.23-06.01.16:974][879]LogModuleManager: Shutting down and abandoning module EditorStyle (63)
[2015.06.23-06.01.16:978][879]LogModuleManager: Shutting down and abandoning module SessionServices (62)
[2015.06.23-06.01.16:978][879]LogModuleManager: Shutting down and abandoning module SourceCodeAccess (61)
[2015.06.23-06.01.16:978][879]LogModuleManager: Shutting down and abandoning module HeadMountedDisplay (60)
[2015.06.23-06.01.16:978][879]LogModuleManager: Shutting down and abandoning module XAudio2 (59)
[2015.06.23-06.01.16:978][879]LogModuleManager: Shutting down and abandoning module Networking (57)
[2015.06.23-06.01.16:978][879]LogModuleManager: Shutting down and abandoning module Core (56)
[2015.06.23-06.01.16:978][879]LogModuleManager: Shutting down and abandoning module KismetCompiler (55)
[2015.06.23-06.01.16:978][879]LogModuleManager: Shutting down and abandoning module PhysXFormats (54)
[2015.06.23-06.01.16:978][879]LogModuleManager: Shutting down and abandoning module MeshUtilities (53)
[2015.06.23-06.01.16:978][879]LogModuleManager: Shutting down and abandoning module DerivedDataCache (52)
[2015.06.23-06.01.17:018][879]LogDerivedDataCache: Shutdown
[2015.06.23-06.01.17:018][879]LogModuleManager: Shutting down and abandoning module ShaderFormatOpenGL (51)
[2015.06.23-06.01.17:018][879]LogModuleManager: Shutting down and abandoning module ShaderFormatD3D (50)
[2015.06.23-06.01.17:018][879]LogModuleManager: Shutting down and abandoning module MetalShaderFormat (49)
[2015.06.23-06.01.17:018][879]LogModuleManager: Shutting down and abandoning module TextureFormatUncompressed (48)
[2015.06.23-06.01.17:018][879]LogModuleManager: Shutting down and abandoning module TextureFormatPVR (47)
[2015.06.23-06.01.17:018][879]LogModuleManager: Shutting down and abandoning module TextureFormatIntelISPCTexComp (46)
[2015.06.23-06.01.17:018][879]LogModuleManager: Shutting down and abandoning module TextureFormatDXT (45)
[2015.06.23-06.01.17:018][879]LogModuleManager: Shutting down and abandoning module ImageWrapper (44)
[2015.06.23-06.01.17:018][879]LogModuleManager: Shutting down and abandoning module TextureFormatASTC (43)
[2015.06.23-06.01.17:018][879]LogModuleManager: Shutting down and abandoning module TextureFormatAndroid (42)
[2015.06.23-06.01.17:018][879]LogModuleManager: Shutting down and abandoning module AudioFormatOpus (41)
[2015.06.23-06.01.17:018][879]LogModuleManager: Shutting down and abandoning module AudioFormatOgg (40)
[2015.06.23-06.01.17:018][879]LogModuleManager: Shutting down and abandoning module AudioFormatADPCM (39)
[2015.06.23-06.01.17:018][879]LogModuleManager: Shutting down and abandoning module LinuxTargetPlatform (38)
[2015.06.23-06.01.17:018][879]LogModuleManager: Shutting down and abandoning module LinuxServerTargetPlatform (37)
[2015.06.23-06.01.17:018][879]LogModuleManager: Shutting down and abandoning module LinuxNoEditorTargetPlatform (36)
[2015.06.23-06.01.17:018][879]LogModuleManager: Shutting down and abandoning module Messaging (35)
[2015.06.23-06.01.17:018][879]LogModuleManager: Shutting down and abandoning module IOSTargetPlatform (34)
[2015.06.23-06.01.17:018][879]LogModuleManager: Shutting down and abandoning module HTML5TargetPlatform (33)
[2015.06.23-06.01.17:018][879]LogModuleManager: Shutting down and abandoning module Android_PVRTCTargetPlatform (32)
[2015.06.23-06.01.17:018][879]LogModuleManager: Shutting down and abandoning module Android_ETC2TargetPlatform (31)
[2015.06.23-06.01.17:018][879]LogModuleManager: Shutting down and abandoning module Android_ETC1TargetPlatform (30)
[2015.06.23-06.01.17:018][879]LogModuleManager: Shutting down and abandoning module Android_DXTTargetPlatform (29)
[2015.06.23-06.01.17:019][879]LogModuleManager: Shutting down and abandoning module Android_ATCTargetPlatform (28)
[2015.06.23-06.01.17:019][879]LogModuleManager: Shutting down and abandoning module Android_ASTCTargetPlatform (27)
[2015.06.23-06.01.17:019][879]LogModuleManager: Shutting down and abandoning module AndroidTargetPlatform (26)
[2015.06.23-06.01.17:019][879]LogModuleManager: Shutting down and abandoning module WindowsTargetPlatform (25)
[2015.06.23-06.01.17:019][879]LogModuleManager: Shutting down and abandoning module WindowsServerTargetPlatform (24)
[2015.06.23-06.01.17:019][879]LogModuleManager: Shutting down and abandoning module WindowsNoEditorTargetPlatform (23)
[2015.06.23-06.01.17:019][879]LogModuleManager: Shutting down and abandoning module WindowsClientTargetPlatform (22)
[2015.06.23-06.01.17:019][879]LogModuleManager: Shutting down and abandoning module DesktopTargetPlatform (21)
[2015.06.23-06.01.17:019][879]LogModuleManager: Shutting down and abandoning module TargetPlatform (20)
[2015.06.23-06.01.17:019][879]LogModuleManager: Shutting down and abandoning module InputCore (19)
[2015.06.23-06.01.17:019][879]LogModuleManager: Shutting down and abandoning module Settings (18)
[2015.06.23-06.01.17:019][879]LogModuleManager: Shutting down and abandoning module OnlineSubsystem (16)
[2015.06.23-06.01.17:019][879]LogModuleManager: Shutting down and abandoning module HTTP (15)
[2015.06.23-06.01.17:019][879]LogModuleManager: Shutting down and abandoning module ExampleDeviceProfileSelector (14)
[2015.06.23-06.01.17:019][879]LogModuleManager: Shutting down and abandoning module TextureCompressor (13)
[2015.06.23-06.01.17:019][879]LogModuleManager: Shutting down and abandoning module ShaderCore (12)
[2015.06.23-06.01.17:019][879]LogModuleManager: Shutting down and abandoning module Landscape (11)
[2015.06.23-06.01.17:019][879]LogModuleManager: Shutting down and abandoning module SlateRHIRenderer (10)
[2015.06.23-06.01.17:021][879]LogModuleManager: Shutting down and abandoning module OpenGLDrv (9)
[2015.06.23-06.01.17:021][879]LogModuleManager: Shutting down and abandoning module D3D11RHI (8)
[2015.06.23-06.01.17:021][879]LogModuleManager: Shutting down and abandoning module Renderer (7)
[2015.06.23-06.01.17:021][879]LogModuleManager: Shutting down and abandoning module Engine (6)
[2015.06.23-06.01.17:021][879]LogModuleManager: Shutting down and abandoning module CoreUObject (5)
[2015.06.23-06.01.17:021][879]LogModuleManager: Shutting down and abandoning module NetworkFile (4)
[2015.06.23-06.01.17:021][879]LogModuleManager: Shutting down and abandoning module StreamingFile (3)
[2015.06.23-06.01.17:021][879]LogModuleManager: Shutting down and abandoning module SandboxFile (2)
[2015.06.23-06.01.17:021][879]LogModuleManager: Shutting down and abandoning module PakFile (1)
[2015.06.23-06.01.17:022][879]LogExit: Exiting.
[2015.06.23-06.01.17:025][879]Log file closed, 06/23/15 09:01:17
