[2015.06.30-12.38.17:115][  0]Log file open, 06/30/15 15:38:17
[2015.06.30-12.38.17:115][  0]LogInit:Display: Running engine for game: MayhemPunch
[2015.06.30-12.38.17:115][  0]LogInit:Display: RandInit(-533429463) SRandInit(-533429462).
[2015.06.30-12.38.17:115][  0]LogTaskGraph: Started task graph with 4 named threads and 7 total threads.
[2015.06.30-12.38.17:115][  0]LogStats: Stats thread started
[2015.06.30-12.38.17:115][  0]LogInit: Version: 4.8.1-2591939+++depot+UE4-Releases+4.8
[2015.06.30-12.38.17:115][  0]LogInit: API Version: 2579680
[2015.06.30-12.38.17:115][  0]LogInit: Compiled (64-bit): Jun 18 2015 11:02:04
[2015.06.30-12.38.17:115][  0]LogInit: Compiled with Visual C++: 18.00.21005.01
[2015.06.30-12.38.17:115][  0]LogInit: Build Configuration: Development
[2015.06.30-12.38.17:115][  0]LogInit: Branch Name: ++depot+UE4-Releases+4.8
[2015.06.30-12.38.17:115][  0]LogInit: Command line:  
[2015.06.30-12.38.17:115][  0]LogInit: Base directory: C:/Program Files/Unreal Engine/4.8/Engine/Binaries/Win64/
[2015.06.30-12.38.17:115][  0]LogInit: Rocket: 1
[2015.06.30-12.38.17:130][  0]LogInit: Using libcurl 7.41.0
[2015.06.30-12.38.17:130][  0]LogInit:  - built for x86_64-pc-win32
[2015.06.30-12.38.17:130][  0]LogInit:  - supports SSL with WinSSL
[2015.06.30-12.38.17:130][  0]LogInit:  - other features:
[2015.06.30-12.38.17:130][  0]LogInit:      CURL_VERSION_SSL
[2015.06.30-12.38.17:130][  0]LogInit:      CURL_VERSION_IPV6
[2015.06.30-12.38.17:130][  0]LogInit:      CURL_VERSION_ASYNCHDNS
[2015.06.30-12.38.17:130][  0]LogInit:      CURL_VERSION_LARGEFILE
[2015.06.30-12.38.17:130][  0]LogInit:      CURL_VERSION_IDN
[2015.06.30-12.38.17:130][  0]LogInit:  CurlRequestOptions (configurable via config and command line):
[2015.06.30-12.38.17:130][  0]LogInit:  - bVerifyPeer = true  - Libcurl will verify peer certificate
[2015.06.30-12.38.17:130][  0]LogInit:  - bUseHttpProxy = false  - Libcurl will NOT use HTTP proxy
[2015.06.30-12.38.17:130][  0]LogInit:  - bDontReuseConnections = false  - Libcurl will reuse connections
[2015.06.30-12.38.17:130][  0]LogInit:  - CertBundlePath = nullptr  - Libcurl will use whatever was configured at build time.
[2015.06.30-12.38.17:175][  0]LogInit: WinSock: version 1.1 (2.2), MaxSocks=32767, MaxUdp=65467
[2015.06.30-12.38.17:188][  0]LogVoice:Warning: Failed to initialize voice interface
[2015.06.30-12.38.17:201][  0]LogInit: Presizing for 0 objects not considered by GC, pre-allocating 0 bytes.
[2015.06.30-12.38.17:208][  0]LogInit: Object subsystem initialized
[2015.06.30-12.38.17:209][  0]LogConsoleResponse:Warning: Skipping Unknown console variable: 'TranslucentSortAxis = (X=0.000000,Y=-1.000000,Z=0.000000)'
[2015.06.30-12.38.17:209][  0]LogConsoleResponse:Warning:   Found in ini file 'C:/Users/ttv14svillel/Documents/GitHub/MayhemPunch/MayhemPunch 4.8/Saved/Config/Windows/Engine.ini', in section '[/Script/Engine.RendererSettings]'
[2015.06.30-12.38.17:209][  0]LogConsoleResponse:Warning: Skipping Unknown console variable: 'UIScaleRule = ShortestSide'
[2015.06.30-12.38.17:209][  0]LogConsoleResponse:Warning:   Found in ini file 'C:/Users/ttv14svillel/Documents/GitHub/MayhemPunch/MayhemPunch 4.8/Saved/Config/Windows/Engine.ini', in section '[/Script/Engine.RendererSettings]'
[2015.06.30-12.38.17:209][  0]LogConsoleResponse:Warning: Skipping Unknown console variable: 'UIScaleCurve = (EditorCurveData=(Keys=),ExternalCurve=None)'
[2015.06.30-12.38.17:209][  0]LogConsoleResponse:Warning:   Found in ini file 'C:/Users/ttv14svillel/Documents/GitHub/MayhemPunch/MayhemPunch 4.8/Saved/Config/Windows/Engine.ini', in section '[/Script/Engine.RendererSettings]'
[2015.06.30-12.38.17:209][  0]LogInit: Selected Device Profile: [Windows]
[2015.06.30-12.38.17:210][  0]LogInit: Applying CVar settings loaded from the selected device profile: [Windows]
[2015.06.30-12.38.17:216][  0]LogInit: Computer: TA11LDML-30
[2015.06.30-12.38.17:216][  0]LogInit: User: TTV14SVilleL
[2015.06.30-12.38.17:216][  0]LogInit: CPU Page size=4096, Cores=4
[2015.06.30-12.38.17:216][  0]LogInit: High frequency timer resolution =3.316113 MHz
[2015.06.30-12.38.17:216][  0]LogMemory: Memory total: Physical=16.0GB (16GB approx)
[2015.06.30-12.38.17:216][  0]LogMemory: Platform Memory Stats for Windows
[2015.06.30-12.38.17:216][  0]LogMemory: Process Physical Memory: 54.90 MB used, 54.90 MB peak
[2015.06.30-12.38.17:216][  0]LogMemory: Process Virtual Memory: 28.71 MB used, 28.71 MB peak
[2015.06.30-12.38.17:216][  0]LogMemory: Physical Memory: 6304.91 MB used, 16344.95 MB total
[2015.06.30-12.38.17:216][  0]LogMemory: Virtual Memory: 295.57 MB used, 8388608.00 MB total
[2015.06.30-12.38.17:254][  0]LogTextLocalizationManager: The requested culture ('fi_FI') has no localization data; falling back to 'en' for localization and internationalization data.
[2015.06.30-12.38.17:474][  0]LogTextLocalizationManager:Warning: Loaded localization resources contain conflicting entries for (Namespace:ContentBrowser, Key:ImportAssetToolTip):
Localization Resource: (C:/Program Files/Unreal Engine/4.8/Engine/Content/Localization/Editor/en/Editor.locres) Source String Hash: (-630476809) Localized String: (Import to {0}...)
Localization Resource: (C:/Program Files/Unreal Engine/4.8/Engine/Content/Localization/Editor/en/Editor.locres) Source String Hash: (1271782899) Localized String: (Imports an asset from file to this folder.)
[2015.06.30-12.38.17:895][  0]LogD3D11RHI: Found D3D11 adapter 0: NVIDIA GeForce GT 640 (Feature Level 11_0)
[2015.06.30-12.38.17:895][  0]LogD3D11RHI: Adapter has 971MB of dedicated video memory, 0MB of dedicated system memory, and 3072MB of shared system memory, 2 output[s]
[2015.06.30-12.38.17:895][  0]LogD3D11RHI: Chosen D3D11 Adapter Id = 0
[2015.06.30-12.38.17:899][  0]LogRHI: Texture pool is 680 MB (70% of 971 MB)
[2015.06.30-12.38.17:906][  0]LogD3D11RHI: Async texture creation enabled
[2015.06.30-12.38.17:921][  0]LogShaderCompilers:Display: Using Local Shader Compiler.
[2015.06.30-12.38.18:772][  0]LogTemp:Display: Loaded TP DesktopTargetPlatform
[2015.06.30-12.38.18:786][  0]LogTemp:Display: Loaded TP WindowsClientTargetPlatform
[2015.06.30-12.38.18:801][  0]LogTemp:Display: Loaded TP WindowsNoEditorTargetPlatform
[2015.06.30-12.38.18:815][  0]LogTemp:Display: Loaded TP WindowsServerTargetPlatform
[2015.06.30-12.38.18:831][  0]LogTemp:Display: Loaded TP WindowsTargetPlatform
[2015.06.30-12.38.18:845][  0]LogTemp:Display: Loaded TP AndroidTargetPlatform
[2015.06.30-12.38.18:857][  0]LogTemp:Display: Loaded TP Android_ASTCTargetPlatform
[2015.06.30-12.38.18:870][  0]LogTemp:Display: Loaded TP Android_ATCTargetPlatform
[2015.06.30-12.38.18:883][  0]LogTemp:Display: Loaded TP Android_DXTTargetPlatform
[2015.06.30-12.38.18:896][  0]LogTemp:Display: Loaded TP Android_ETC1TargetPlatform
[2015.06.30-12.38.18:909][  0]LogTemp:Display: Loaded TP Android_ETC2TargetPlatform
[2015.06.30-12.38.18:923][  0]LogTemp:Display: Loaded TP Android_PVRTCTargetPlatform
[2015.06.30-12.38.18:978][  0]LogTemp:Display: Loaded TP IOSTargetPlatform
[2015.06.30-12.38.18:992][  0]LogTemp:Display: Loaded TP LinuxNoEditorTargetPlatform
[2015.06.30-12.38.19:005][  0]LogTemp:Display: Loaded TP LinuxServerTargetPlatform
[2015.06.30-12.38.19:020][  0]LogTemp:Display: Loaded TP LinuxTargetPlatform
[2015.06.30-12.38.19:020][  0]LogTargetPlatformManager:Display: Building Assets For Windows
[2015.06.30-12.38.19:239][  0]LogDerivedDataCache:Display: Max Cache Size: 512 MB
[2015.06.30-12.38.19:282][  0]LogDerivedDataCache: Loaded boot cache 0.04s 53MB C:/Users/ttv14svillel/AppData/Local/UnrealEngine/4.8/DerivedDataCache/Boot.ddc.
[2015.06.30-12.38.19:282][  0]LogDerivedDataCache:Display: Loaded Boot cache: C:/Users/ttv14svillel/AppData/Local/UnrealEngine/4.8/DerivedDataCache/Boot.ddc
[2015.06.30-12.38.19:282][  0]LogDerivedDataCache: FDerivedDataBackendGraph:  Pak pak cache file ../../../../../../Users/ttv14svillel/Documents/GitHub/MayhemPunch/MayhemPunch 4.8/DerivedDataCache/DDC.ddp not found, will not use a pak cache.
[2015.06.30-12.38.19:282][  0]LogDerivedDataCache: Unable to find inner node Pak for hierarchical cache Hierarchy.
[2015.06.30-12.38.19:283][  0]LogDerivedDataCache: FDerivedDataBackendGraph:  CompressedPak pak cache file ../../../../../../Users/ttv14svillel/Documents/GitHub/MayhemPunch/MayhemPunch 4.8/DerivedDataCache/Compressed.ddp not found, will not use a pak cache.
[2015.06.30-12.38.19:283][  0]LogDerivedDataCache: Unable to find inner node CompressedPak for hierarchical cache Hierarchy.
[2015.06.30-12.38.19:434][  0]LogDerivedDataCache:Display: Pak cache opened for reading ../../../Engine/DerivedDataCache/Compressed.ddp.
[2015.06.30-12.38.19:446][  0]LogDerivedDataCache: Using Local data cache path C:/Users/ttv14svillel/AppData/Local/UnrealEngine/Common/DerivedDataCache: Writable
[2015.06.30-12.38.19:662][  0]LogInit: Selected Device Profile: [Windows]
[2015.06.30-12.38.19:669][  0]ImportText (ComponentSweepMultiTests): Missing closing parenthesis: (RootShapeAsset="/Engine/BasicShapes/Cube.Cube",ShapeType="TriggerCapsule",HitResult=(Time=0.50,Location=(X=-100.000015,Y=0.0,Z=100.000015),ImpactPoint=(X=-50.0,Y=0.0,Z=50.0),Normal=(X=-1.0,Y=-0.0,Z=0.0),ImpactNormal=(X=0.0,Y=0.0,Z=1.0),TraceStart=(X=-200.0,Y=0.0,Z=200.0),TraceEnd=(X=0.0,Y=0.0,Z=0.0))
[2015.06.30-12.38.19:670][  0]ImportText (LineTraceSingleByChannelTests): Missing closing parenthesis: (RootShapeAsset="/Engine/BasicShapes/Cube.Cube",HitResult=(Time=0.50,Location=(X=-100.000015,Y=0.0,Z=100.000015),ImpactPoint=(X=-50.0,Y=0.0,Z=50.0),Normal=(X=-1.0,Y=-0.0,Z=0.0),ImpactNormal=(X=0.0,Y=0.0,Z=1.0),TraceStart=(X=-200.0,Y=0.0,Z=200.0),TraceEnd=(X=0.0,Y=0.0,Z=0.0))
[2015.06.30-12.38.19:698][  0]LogMeshUtilities: No automatic mesh reduction module available
[2015.06.30-12.38.19:698][  0]LogMeshUtilities: No automatic mesh merging module available
[2015.06.30-12.38.20:988][  0]UdpMessaging: Initializing bridge on interface 0.0.0.0:0 to multicast group 230.0.0.1:6666.
[2015.06.30-12.38.21:330][  0]SourceControl: Info Source control is disabled
[2015.06.30-12.38.21:349][  0]SourceControl: Info Source control is disabled
[2015.06.30-12.38.21:359][  0]SourceControl: Info Source control is disabled
[2015.06.30-12.38.21:368][  0]SourceControl: Info Source control is disabled
[2015.06.30-12.38.21:590][  0]LogObj: 26273 objects as part of root set at end of initial load.
[2015.06.30-12.38.21:590][  0]LogUObjectAllocator: 5409248 out of 0 bytes used by permanent object pool.
[2015.06.30-12.38.21:656][  0]LogEngine: Initializing Engine...
[2015.06.30-12.38.21:659][  0]LogHMD: Can't find Oculus library dev build: is proper Runtime installed? Version: 0.6.0.0
[2015.06.30-12.38.21:660][  0]LogHMD:Warning: SteamVR failed to initialize.  Error: 110
[2015.06.30-12.38.21:802][  0]LogAIModule: Creating AISystem for world NewWorld
[2015.06.30-12.38.21:809][  0]LogInit: XAudio2 using 'Speakers (High Definition Audio Device)' : 2 channels at 44.1 kHz using 16 bits per sample (channel mask 0x3)
[2015.06.30-12.38.21:831][  0]LogInit: FAudioDevice initialized.
[2015.06.30-12.38.21:858][  0]LogDerivedDataCache: Saved boot cache 0.03s 53MB C:/Users/ttv14svillel/AppData/Local/UnrealEngine/4.8/DerivedDataCache/Boot.ddc.
[2015.06.30-12.38.21:861][  0]LogInit: Texture streaming: Disabled
[2015.06.30-12.38.21:884][  0]LogAnalytics: Creating configured Analytics provider AnalyticsET
[2015.06.30-12.38.21:884][  0]LogAnalytics: [UEEditor.Rocket.Release] APIServer = http://et2.epicgames.com/ET2/. AppVersion = 4.8.1-2591939+++depot+UE4-Releases+4.8
[2015.06.30-12.38.21:884][  0]LogAnalytics: [UEEditor.Rocket.Release] SetUserId f3637bea4a5cc155f17954871e28de69|ef2595cfbfc1490fbe3b4a42d916bad2|e88cf9aa-9c64-46b2-9dba-7cdad2d0343b
[2015.06.30-12.38.21:884][  0]LogAnalytics: [UEEditor.Rocket.Release] AnalyticsET::StartSession
[2015.06.30-12.38.21:910][  0]LogInit: Transaction tracking system initialized
[2015.06.30-12.38.22:038][  0]BlueprintLog: New page: Editor Load
[2015.06.30-12.38.22:071][  0]LogAssetRegistry: FAssetRegistry took 0.0100 seconds to start up
[2015.06.30-12.38.22:071][  0]LogDirectoryWatcher:Warning: Failed to begin reading directory changes for ../../../Engine/Plugins/Experimental/CharacterAI/Content/. Error: 0
[2015.06.30-12.38.22:737][  0]LogLinker:Warning: Can't find file '/Game/FirstPersonBP/FirstPersonOverview'
[2015.06.30-12.38.22:737][  0]LogLinker:Warning: Can't find file '/Game/FirstPersonBP/FirstPersonOverview'
[2015.06.30-12.38.22:737][  0]LogLinker:Warning: Can't find file '/Game/FirstPersonBP/FirstPersonOverview'
[2015.06.30-12.38.22:737][  0]LogUObjectGlobals:Warning: Failed to find object 'Class /Game/FirstPersonBP/FirstPersonOverview.FirstPersonOverview_C'
[2015.06.30-12.38.22:835][  0]LogConsoleManager:Warning: Console variable 'r.VSync' wasn't set ('GameSetting' has a lower priority than 'SystemSettingsIni')
[2015.06.30-12.38.22:835][  0]LogConsoleResponse:Display: 
[2015.06.30-12.38.22:931][  0]LogCook:Display: Done creating registry. It took  0.00s.
[2015.06.30-12.38.23:125][  0]SourceControl: Info Source control is disabled
[2015.06.30-12.38.23:125][  0]Cmd: MAP LOAD FILE="../../../../../../Users/ttv14svillel/Documents/GitHub/MayhemPunch/MayhemPunch 4.8/Content/Main/Maps/TutorialFirstLevel.umap" TEMPLATE=0 SHOWPROGRESS=1 FEATURELEVEL=3
[2015.06.30-12.38.23:125][  0]LightingResults: New page: Lighting Build
[2015.06.30-12.38.23:137][  0]MapCheck: New page: Map Check
[2015.06.30-12.38.23:137][  0]LightingResults: New page: Lighting Build
[2015.06.30-12.38.23:145][  0]LogParticles: Destroying 0 GPU particle simulations for FXSystem 0x000000001B41AF20
[2015.06.30-12.38.23:889][  0]LogLinker:Warning: Can't find file '/Game/FirstPersonBP/Audio/Strong_Punch-Mike_Koenig-574430706'
[2015.06.30-12.38.23:889][  0]LoadErrors: Info Failed to load /Game/Blueprints/Pawn/botCharacter.botCharacter_C Referenced by SkeletalMesh5EEEA93E4D0A4B6F5D93338CF43C8894
[2015.06.30-12.38.23:890][  0]LogLinker:Warning: Can't find file for asset '/Game/FirstPersonBP/Audio/Strong_Punch-Mike_Koenig-574430706' while loading ../../../../../../Users/ttv14svillel/Documents/GitHub/MayhemPunch/MayhemPunch 4.8/Content/FirstPersonBP/Blueprints/GravityHammerImpact.uasset.
[2015.06.30-12.38.23:890][  0]LoadErrors: Info Failed to load /Game/Blueprints/Pawn/botCharacter.botCharacter_C Referenced by SkeletalMesh5EEEA93E4D0A4B6F5D93338CF43C8894
[2015.06.30-12.38.23:890][  0]LoadErrors:Error: Error /Game/FirstPersonBP/Blueprints/GravityHammerImpact : Can't find file for asset. /Game/FirstPersonBP/Audio/Strong_Punch-Mike_Koenig-574430706
[2015.06.30-12.38.23:907][  0]LogLinker:Warning: Can't find file '/Game/FirstPersonBP/Audio/Strong_Punch-Mike_Koenig-574430706'
[2015.06.30-12.38.23:907][  0]LoadErrors: Info Failed to load /Game/Blueprints/Pawn/botCharacter.botCharacter_C Referenced by SkeletalMesh5EEEA93E4D0A4B6F5D93338CF43C8894
[2015.06.30-12.38.23:907][  0]LogLinker:Warning: Can't find file for asset '/Game/FirstPersonBP/Audio/Strong_Punch-Mike_Koenig-574430706' while loading ../../../../../../Users/ttv14svillel/Documents/GitHub/MayhemPunch/MayhemPunch 4.8/Content/FirstPersonBP/Blueprints/GravityHammerImpact.uasset.
[2015.06.30-12.38.23:907][  0]LoadErrors: Info Failed to load /Game/Blueprints/Pawn/botCharacter.botCharacter_C Referenced by SkeletalMesh5EEEA93E4D0A4B6F5D93338CF43C8894
[2015.06.30-12.38.23:907][  0]LoadErrors:Error: Error /Game/FirstPersonBP/Blueprints/GravityHammerImpact : Can't find file for asset. /Game/FirstPersonBP/Audio/Strong_Punch-Mike_Koenig-574430706
[2015.06.30-12.38.23:913][  0]LogLinker:Warning: Can't find file '/Game/FirstPersonBP/Audio/Strong_Punch-Mike_Koenig-574430706'
[2015.06.30-12.38.23:913][  0]LoadErrors: Info Failed to load /Game/Blueprints/Pawn/botCharacter.botCharacter_C Referenced by SkeletalMesh5EEEA93E4D0A4B6F5D93338CF43C8894
[2015.06.30-12.38.23:913][  0]LogLinker:Warning: Can't find file for asset '/Game/FirstPersonBP/Audio/Strong_Punch-Mike_Koenig-574430706' while loading ../../../../../../Users/ttv14svillel/Documents/GitHub/MayhemPunch/MayhemPunch 4.8/Content/Blueprints/Behavior/BTS_botDetectEnemy.uasset.
[2015.06.30-12.38.23:913][  0]LoadErrors: Info Failed to load /Game/Blueprints/Pawn/botCharacter.botCharacter_C Referenced by SkeletalMesh5EEEA93E4D0A4B6F5D93338CF43C8894
[2015.06.30-12.38.23:913][  0]LoadErrors:Error: Error /Game/Blueprints/Behavior/BTS_botDetectEnemy : Can't find file for asset. /Game/FirstPersonBP/Audio/Strong_Punch-Mike_Koenig-574430706
[2015.06.30-12.38.23:913][  0]LogLinker:Warning: Can't find file '/Game/FirstPersonBP/Audio/Strong_Punch-Mike_Koenig-574430706'
[2015.06.30-12.38.23:913][  0]LoadErrors: Info Failed to load /Game/Blueprints/Pawn/botCharacter.botCharacter_C Referenced by SkeletalMesh5EEEA93E4D0A4B6F5D93338CF43C8894
[2015.06.30-12.38.23:913][  0]LogLinker:Warning: Can't find file for asset '/Game/FirstPersonBP/Audio/Strong_Punch-Mike_Koenig-574430706' while loading ../../../../../../Users/ttv14svillel/Documents/GitHub/MayhemPunch/MayhemPunch 4.8/Content/Blueprints/Behavior/BTS_botDetectEnemy.uasset.
[2015.06.30-12.38.23:913][  0]LoadErrors: Info Failed to load /Game/Blueprints/Pawn/botCharacter.botCharacter_C Referenced by SkeletalMesh5EEEA93E4D0A4B6F5D93338CF43C8894
[2015.06.30-12.38.23:913][  0]LoadErrors:Error: Error /Game/Blueprints/Behavior/BTS_botDetectEnemy : Can't find file for asset. /Game/FirstPersonBP/Audio/Strong_Punch-Mike_Koenig-574430706
[2015.06.30-12.38.23:916][  0]LogLinker:Warning: Can't find file '/Game/FirstPersonBP/Audio/Strong_Punch-Mike_Koenig-574430706'
[2015.06.30-12.38.23:916][  0]LoadErrors: Info Failed to load /Game/Blueprints/Pawn/botCharacter.botCharacter_C Referenced by EdGraphPin_15423
[2015.06.30-12.38.23:916][  0]LogLinker:Warning: Can't find file for asset '/Game/FirstPersonBP/Audio/Strong_Punch-Mike_Koenig-574430706' while loading ../../../../../../Users/ttv14svillel/Documents/GitHub/MayhemPunch/MayhemPunch 4.8/Content/Blueprints/Behavior/BTS_botDetectEnemy.uasset.
[2015.06.30-12.38.23:916][  0]LoadErrors: Info Failed to load /Game/Blueprints/Pawn/botCharacter.botCharacter_C Referenced by EdGraphPin_15423
[2015.06.30-12.38.23:916][  0]LoadErrors:Error: Error /Game/Blueprints/Behavior/BTS_botDetectEnemy : Can't find file for asset. /Game/FirstPersonBP/Audio/Strong_Punch-Mike_Koenig-574430706
[2015.06.30-12.38.23:978][  0]LogLinker:Warning: Can't find file '/Game/FirstPersonBP/Audio/Strong_Punch-Mike_Koenig-574430706'
[2015.06.30-12.38.23:978][  0]LoadErrors: Info Failed to load /Game/Blueprints/Pawn/botCharacter.botCharacter_C Referenced by SkeletalMesh5EEEA93E4D0A4B6F5D93338CF43C8894
[2015.06.30-12.38.23:978][  0]LogLinker:Warning: Can't find file for asset '/Game/FirstPersonBP/Audio/Strong_Punch-Mike_Koenig-574430706' while loading ../../../../../../Users/ttv14svillel/Documents/GitHub/MayhemPunch/MayhemPunch 4.8/Content/FirstPersonBP/Blueprints/HitStaticMesh.uasset.
[2015.06.30-12.38.23:978][  0]LoadErrors: Info Failed to load /Game/Blueprints/Pawn/botCharacter.botCharacter_C Referenced by SkeletalMesh5EEEA93E4D0A4B6F5D93338CF43C8894
[2015.06.30-12.38.23:978][  0]LoadErrors:Error: Error /Game/FirstPersonBP/Blueprints/HitStaticMesh : Can't find file for asset. /Game/FirstPersonBP/Audio/Strong_Punch-Mike_Koenig-574430706
[2015.06.30-12.38.23:979][  0]LogLinker:Warning: Can't find file '/Game/FirstPersonBP/Audio/Strong_Punch-Mike_Koenig-574430706'
[2015.06.30-12.38.23:979][  0]LoadErrors: Info Failed to load /Game/Blueprints/Pawn/botCharacter.botCharacter_C Referenced by SkeletalMesh5EEEA93E4D0A4B6F5D93338CF43C8894
[2015.06.30-12.38.23:979][  0]LogLinker:Warning: Can't find file for asset '/Game/FirstPersonBP/Audio/Strong_Punch-Mike_Koenig-574430706' while loading ../../../../../../Users/ttv14svillel/Documents/GitHub/MayhemPunch/MayhemPunch 4.8/Content/FirstPersonBP/Blueprints/HitStaticMesh.uasset.
[2015.06.30-12.38.23:979][  0]LoadErrors: Info Failed to load /Game/Blueprints/Pawn/botCharacter.botCharacter_C Referenced by SkeletalMesh5EEEA93E4D0A4B6F5D93338CF43C8894
[2015.06.30-12.38.23:979][  0]LoadErrors:Error: Error /Game/FirstPersonBP/Blueprints/HitStaticMesh : Can't find file for asset. /Game/FirstPersonBP/Audio/Strong_Punch-Mike_Koenig-574430706
[2015.06.30-12.38.23:984][  0]LogLinker:Warning: Can't find file '/Game/FirstPersonBP/Audio/Strong_Punch-Mike_Koenig-574430706'
[2015.06.30-12.38.23:984][  0]LoadErrors: Info Failed to load /Game/Blueprints/Pawn/botCharacter.botCharacter_C Referenced by SkeletalMesh5EEEA93E4D0A4B6F5D93338CF43C8894
[2015.06.30-12.38.23:984][  0]LogLinker:Warning: Can't find file for asset '/Game/FirstPersonBP/Audio/Strong_Punch-Mike_Koenig-574430706' while loading ../../../../../../Users/ttv14svillel/Documents/GitHub/MayhemPunch/MayhemPunch 4.8/Content/Blueprints/Behavior/BTS_botDetectEnemy.uasset.
[2015.06.30-12.38.23:984][  0]LoadErrors: Info Failed to load /Game/Blueprints/Pawn/botCharacter.botCharacter_C Referenced by SkeletalMesh5EEEA93E4D0A4B6F5D93338CF43C8894
[2015.06.30-12.38.23:984][  0]LoadErrors:Error: Error /Game/Blueprints/Behavior/BTS_botDetectEnemy : Can't find file for asset. /Game/FirstPersonBP/Audio/Strong_Punch-Mike_Koenig-574430706
[2015.06.30-12.38.23:984][  0]LogLinker:Warning: Can't find file '/Game/FirstPersonBP/Audio/Strong_Punch-Mike_Koenig-574430706'
[2015.06.30-12.38.23:984][  0]LoadErrors: Info Failed to load /Game/Blueprints/Pawn/botCharacter.botCharacter_C Referenced by SkeletalMesh5EEEA93E4D0A4B6F5D93338CF43C8894
[2015.06.30-12.38.23:985][  0]LogLinker:Warning: Can't find file for asset '/Game/FirstPersonBP/Audio/Strong_Punch-Mike_Koenig-574430706' while loading ../../../../../../Users/ttv14svillel/Documents/GitHub/MayhemPunch/MayhemPunch 4.8/Content/Blueprints/Behavior/BTS_botDetectEnemy.uasset.
[2015.06.30-12.38.23:985][  0]LoadErrors: Info Failed to load /Game/Blueprints/Pawn/botCharacter.botCharacter_C Referenced by SkeletalMesh5EEEA93E4D0A4B6F5D93338CF43C8894
[2015.06.30-12.38.23:985][  0]LoadErrors:Error: Error /Game/Blueprints/Behavior/BTS_botDetectEnemy : Can't find file for asset. /Game/FirstPersonBP/Audio/Strong_Punch-Mike_Koenig-574430706
[2015.06.30-12.38.23:989][  0]LogLinker:Warning: Can't find file '/Game/FirstPersonBP/Audio/Strong_Punch-Mike_Koenig-574430706'
[2015.06.30-12.38.23:989][  0]LoadErrors: Info Failed to load /Game/Blueprints/Pawn/botCharacter.botCharacter_C Referenced by EdGraphPin_15423
[2015.06.30-12.38.23:989][  0]LogLinker:Warning: Can't find file for asset '/Game/FirstPersonBP/Audio/Strong_Punch-Mike_Koenig-574430706' while loading ../../../../../../Users/ttv14svillel/Documents/GitHub/MayhemPunch/MayhemPunch 4.8/Content/Blueprints/Behavior/BTS_botDetectEnemy.uasset.
[2015.06.30-12.38.23:989][  0]LoadErrors: Info Failed to load /Game/Blueprints/Pawn/botCharacter.botCharacter_C Referenced by EdGraphPin_15423
[2015.06.30-12.38.23:989][  0]LoadErrors:Error: Error /Game/Blueprints/Behavior/BTS_botDetectEnemy : Can't find file for asset. /Game/FirstPersonBP/Audio/Strong_Punch-Mike_Koenig-574430706
[2015.06.30-12.38.30:219][  0]LogAIModule: Creating AISystem for world TutorialFirstLevel
[2015.06.30-12.38.30:282][  0]LogEditorServer: Finished looking for orphan Actors (0.000 secs)
[2015.06.30-12.38.30:286][  0]Cmd: MAP CHECKDEP NOCLEARLOG
[2015.06.30-12.38.30:381][  0]MapCheck: Info Map check complete: 0 Error(s), 0 Warning(s), took 95.1ms to complete.
[2015.06.30-12.38.30:381][  0]LogFileHelpers: Loading map 'TutorialFirstLevel' took 7.256
[2015.06.30-12.38.30:498][  0]LogCollectionManager: Loaded 0 collections in 0.001679 seconds
[2015.06.30-12.38.30:505][  0]LogContentBrowser: Native class hierarchy populated in 0.0066 seconds. Added 1792 classes and 301 folders.
[2015.06.30-12.38.30:556][  0]LogContentBrowser: Native class hierarchy updated for 'WidgetCarousel' in 0.0003 seconds. Added 0 classes and 0 folders.
[2015.06.30-12.38.30:582][  0]LogContentBrowser: Native class hierarchy updated for 'AddContentDialog' in 0.0003 seconds. Added 0 classes and 0 folders.
[2015.06.30-12.38.30:599][  0]LogContentBrowser: Native class hierarchy updated for 'SceneOutliner' in 0.0004 seconds. Added 1 classes and 2 folders.
[2015.06.30-12.38.30:629][  0]LogCrashTracker: Crashtracker disabled due to settings.
[2015.06.30-12.38.30:633][  0]LogUObjectGlobals:Warning: Failed to find object 'Class None.'
[2015.06.30-12.38.30:654][  0]LogLoad